<?xml version="1.0" encoding="UTF-8"?>
<testsuite xmlns:xsi="http://www.w3.org/2001/XMLSchema-instance" xsi:noNamespaceSchemaLocation="https://maven.apache.org/surefire/maven-surefire-plugin/xsd/surefire-test-report-3.0.xsd" version="3.0" name="org.jgrapht.GraphTestsTest" time="0" tests="27" errors="0" skipped="0" failures="0">
  <properties>
    <property name="java.specification.version" value="17"/>
    <property name="sun.cpu.isalist" value="amd64"/>
    <property name="sun.jnu.encoding" value="Cp1252"/>
    <property name="java.class.path" value="C:\Users\diogo\.m2\repository\org\apache\maven\surefire\surefire-booter\3.0.0-M5\surefire-booter-3.0.0-M5.jar;C:\Users\diogo\.m2\repository\org\apache\maven\surefire\surefire-api\3.0.0-M5\surefire-api-3.0.0-M5.jar;C:\Users\diogo\.m2\repository\org\apache\maven\surefire\surefire-logger-api\3.0.0-M5\surefire-logger-api-3.0.0-M5.jar;C:\Users\diogo\.m2\repository\org\apache\maven\surefire\surefire-shared-utils\3.0.0-M4\surefire-shared-utils-3.0.0-M4.jar;C:\Users\diogo\.m2\repository\org\apache\maven\surefire\surefire-extensions-spi\3.0.0-M5\surefire-extensions-spi-3.0.0-M5.jar;C:\Users\diogo\Documents\ISCTE\ES\ES-LEIPL-2Sem-2022-Grupo-12\jgrapht-master\jgrapht-core\target\test-classes;C:\Users\diogo\.m2\repository\com\googlecode\junit-toolbox\junit-toolbox\2.4\junit-toolbox-2.4.jar;C:\Users\diogo\.m2\repository\commons-io\commons-io\2.4\commons-io-2.4.jar;C:\Users\diogo\.m2\repository\junit\junit\4.13.2\junit-4.13.2.jar;C:\Users\diogo\.m2\repository\org\hamcrest\hamcrest-library\1.3\hamcrest-library-1.3.jar;C:\Users\diogo\.m2\repository\org\hamcrest\hamcrest-core\1.3\hamcrest-core-1.3.jar;C:\Users\diogo\.m2\repository\org\mockito\mockito-core\1.9.5\mockito-core-1.9.5.jar;C:\Users\diogo\.m2\repository\org\objenesis\objenesis\1.0\objenesis-1.0.jar;C:\Users\diogo\.m2\repository\org\openjdk\jmh\jmh-core\1.28\jmh-core-1.28.jar;C:\Users\diogo\.m2\repository\net\sf\jopt-simple\jopt-simple\4.6\jopt-simple-4.6.jar;C:\Users\diogo\.m2\repository\org\apache\commons\commons-math3\3.2\commons-math3-3.2.jar;C:\Users\diogo\.m2\repository\org\openjdk\jmh\jmh-generator-annprocess\1.28\jmh-generator-annprocess-1.28.jar;C:\Users\diogo\.m2\repository\org\junit\jupiter\junit-jupiter-engine\5.8.1\junit-jupiter-engine-5.8.1.jar;C:\Users\diogo\.m2\repository\org\junit\platform\junit-platform-engine\1.8.1\junit-platform-engine-1.8.1.jar;C:\Users\diogo\.m2\repository\org\opentest4j\opentest4j\1.2.0\opentest4j-1.2.0.jar;C:\Users\diogo\.m2\repository\org\junit\platform\junit-platform-commons\1.8.1\junit-platform-commons-1.8.1.jar;C:\Users\diogo\.m2\repository\org\junit\jupiter\junit-jupiter-api\5.8.1\junit-jupiter-api-5.8.1.jar;C:\Users\diogo\.m2\repository\org\apiguardian\apiguardian-api\1.1.2\apiguardian-api-1.1.2.jar;C:\Users\diogo\.m2\repository\org\junit\vintage\junit-vintage-engine\5.8.1\junit-vintage-engine-5.8.1.jar;C:\Users\diogo\.m2\repository\org\junit\platform\junit-platform-runner\1.8.1\junit-platform-runner-1.8.1.jar;C:\Users\diogo\.m2\repository\org\junit\platform\junit-platform-launcher\1.8.1\junit-platform-launcher-1.8.1.jar;C:\Users\diogo\.m2\repository\org\junit\platform\junit-platform-suite-api\1.8.1\junit-platform-suite-api-1.8.1.jar;C:\Users\diogo\.m2\repository\org\junit\platform\junit-platform-suite-commons\1.8.1\junit-platform-suite-commons-1.8.1.jar;C:\Users\diogo\.m2\repository\org\apache\maven\surefire\surefire-junit47\3.0.0-M5\surefire-junit47-3.0.0-M5.jar;C:\Users\diogo\.m2\repository\org\apache\maven\surefire\common-java5\3.0.0-M5\common-java5-3.0.0-M5.jar;C:\Users\diogo\.m2\repository\org\apache\maven\surefire\common-junit3\3.0.0-M5\common-junit3-3.0.0-M5.jar;C:\Users\diogo\.m2\repository\org\apache\maven\surefire\common-junit4\3.0.0-M5\common-junit4-3.0.0-M5.jar;C:\Users\diogo\.m2\repository\org\apache\maven\surefire\common-junit48\3.0.0-M5\common-junit48-3.0.0-M5.jar;C:\Users\diogo\.m2\repository\org\apache\maven\surefire\surefire-grouper\3.0.0-M5\surefire-grouper-3.0.0-M5.jar"/>
    <property name="java.vm.vendor" value="Oracle Corporation"/>
    <property name="sun.arch.data.model" value="64"/>
    <property name="user.variant" value=""/>
    <property name="java.vendor.url" value="https://java.oracle.com/"/>
    <property name="user.timezone" value="Europe/Lisbon"/>
    <property name="os.name" value="Windows 11"/>
    <property name="java.vm.specification.version" value="17"/>
    <property name="sun.java.launcher" value="SUN_STANDARD"/>
    <property name="user.country" value="PT"/>
    <property name="sun.boot.library.path" value="C:\Users\diogo\.jdks\openjdk-17.0.2\bin"/>
    <property name="sun.java.command" value="org.apache.maven.surefire.booter.ForkedBooter C:\Users\diogo\AppData\Local\Temp\surefire9777407000805904276 2022-03-26T17-54-02_346-jvmRun1 surefire16859937523869325549tmp surefire_01257974014065860134tmp"/>
    <property name="jdk.debug" value="release"/>
    <property name="surefire.test.class.path" value="C:\Users\diogo\Documents\ISCTE\ES\ES-LEIPL-2Sem-2022-Grupo-12\jgrapht-master\jgrapht-core\target\test-classes;C:\Users\diogo\.m2\repository\com\googlecode\junit-toolbox\junit-toolbox\2.4\junit-toolbox-2.4.jar;C:\Users\diogo\.m2\repository\commons-io\commons-io\2.4\commons-io-2.4.jar;C:\Users\diogo\.m2\repository\junit\junit\4.13.2\junit-4.13.2.jar;C:\Users\diogo\.m2\repository\org\hamcrest\hamcrest-library\1.3\hamcrest-library-1.3.jar;C:\Users\diogo\.m2\repository\org\hamcrest\hamcrest-core\1.3\hamcrest-core-1.3.jar;C:\Users\diogo\.m2\repository\org\mockito\mockito-core\1.9.5\mockito-core-1.9.5.jar;C:\Users\diogo\.m2\repository\org\objenesis\objenesis\1.0\objenesis-1.0.jar;C:\Users\diogo\.m2\repository\org\openjdk\jmh\jmh-core\1.28\jmh-core-1.28.jar;C:\Users\diogo\.m2\repository\net\sf\jopt-simple\jopt-simple\4.6\jopt-simple-4.6.jar;C:\Users\diogo\.m2\repository\org\apache\commons\commons-math3\3.2\commons-math3-3.2.jar;C:\Users\diogo\.m2\repository\org\openjdk\jmh\jmh-generator-annprocess\1.28\jmh-generator-annprocess-1.28.jar;C:\Users\diogo\.m2\repository\org\junit\jupiter\junit-jupiter-engine\5.8.1\junit-jupiter-engine-5.8.1.jar;C:\Users\diogo\.m2\repository\org\junit\platform\junit-platform-engine\1.8.1\junit-platform-engine-1.8.1.jar;C:\Users\diogo\.m2\repository\org\opentest4j\opentest4j\1.2.0\opentest4j-1.2.0.jar;C:\Users\diogo\.m2\repository\org\junit\platform\junit-platform-commons\1.8.1\junit-platform-commons-1.8.1.jar;C:\Users\diogo\.m2\repository\org\junit\jupiter\junit-jupiter-api\5.8.1\junit-jupiter-api-5.8.1.jar;C:\Users\diogo\.m2\repository\org\apiguardian\apiguardian-api\1.1.2\apiguardian-api-1.1.2.jar;C:\Users\diogo\.m2\repository\org\junit\vintage\junit-vintage-engine\5.8.1\junit-vintage-engine-5.8.1.jar;C:\Users\diogo\.m2\repository\org\junit\platform\junit-platform-runner\1.8.1\junit-platform-runner-1.8.1.jar;C:\Users\diogo\.m2\repository\org\junit\platform\junit-platform-launcher\1.8.1\junit-platform-launcher-1.8.1.jar;C:\Users\diogo\.m2\repository\org\junit\platform\junit-platform-suite-api\1.8.1\junit-platform-suite-api-1.8.1.jar;C:\Users\diogo\.m2\repository\org\junit\platform\junit-platform-suite-commons\1.8.1\junit-platform-suite-commons-1.8.1.jar;"/>
    <property name="sun.cpu.endian" value="little"/>
    <property name="user.home" value="C:\Users\diogo"/>
    <property name="user.language" value="pt"/>
    <property name="java.specification.vendor" value="Oracle Corporation"/>
    <property name="jdk.module.path" value="C:\Users\diogo\Documents\ISCTE\ES\ES-LEIPL-2Sem-2022-Grupo-12\jgrapht-master\jgrapht-core\target\classes;C:\Users\diogo\.m2\repository\org\jheaps\jheaps\0.14\jheaps-0.14.jar;C:\Users\diogo\.m2\repository\org\apfloat\apfloat\1.10.1\apfloat-1.10.1.jar"/>
    <property name="java.version.date" value="2022-01-18"/>
    <property name="java.home" value="C:\Users\diogo\.jdks\openjdk-17.0.2"/>
    <property name="file.separator" value="\"/>
    <property name="basedir" value="C:\Users\diogo\Documents\ISCTE\ES\ES-LEIPL-2Sem-2022-Grupo-12\jgrapht-master\jgrapht-core"/>
    <property name="java.vm.compressedOopsMode" value="Zero based"/>
    <property name="line.separator" value="&#10;"/>
    <property name="java.vm.specification.vendor" value="Oracle Corporation"/>
    <property name="java.specification.name" value="Java Platform API Specification"/>
    <property name="user.script" value=""/>
    <property name="sun.management.compiler" value="HotSpot 64-Bit Tiered Compilers"/>
    <property name="java.runtime.version" value="17.0.2+8-86"/>
    <property name="user.name" value="diogo"/>
    <property name="path.separator" value=";"/>
    <property name="os.version" value="10.0"/>
    <property name="java.runtime.name" value="OpenJDK Runtime Environment"/>
    <property name="file.encoding" value="Cp1252"/>
    <property name="java.vm.name" value="OpenJDK 64-Bit Server VM"/>
    <property name="localRepository" value="C:\Users\diogo\.m2\repository"/>
    <property name="java.vendor.url.bug" value="https://bugreport.java.com/bugreport/"/>
    <property name="java.io.tmpdir" value="C:\Users\diogo\AppData\Local\Temp\"/>
    <property name="idea.version" value="2021.3.3"/>
    <property name="java.version" value="17.0.2"/>
    <property name="user.dir" value="C:\Users\diogo\Documents\ISCTE\ES\ES-LEIPL-2Sem-2022-Grupo-12\jgrapht-master\jgrapht-core"/>
    <property name="os.arch" value="amd64"/>
    <property name="java.vm.specification.name" value="Java Virtual Machine Specification"/>
    <property name="sun.os.patch.level" value=""/>
    <property name="native.encoding" value="Cp1252"/>
    <property name="java.library.path" value="C:\Users\diogo\.jdks\openjdk-17.0.2\bin;C:\Windows\Sun\Java\bin;C:\Windows\system32;C:\Windows;C:\Program Files (x86)\Common Files\Oracle\Java\javapath;C:\Program Files (x86)\VMware\VMware Player\bin\;C:\Windows\system32;C:\Windows;C:\Windows\System32\Wbem;C:\Windows\System32\WindowsPowerShell\v1.0\;C:\Windows\System32\OpenSSH\;C:\Program Files (x86)\NVIDIA Corporation\PhysX\Common;C:\Program Files\NVIDIA Corporation\NVIDIA NvDLISR;C:\Program Files\Git\cmd;C:\Program Files\nodejs\;C:\ProgramData\chocolatey\bin;C:\Users\diogo\AppData\Local\Programs\Python\Python310\Scripts\;C:\Users\diogo\AppData\Local\Programs\Python\Python310\;C:\Users\diogo\AppData\Local\Microsoft\WindowsApps;C:\Program Files\MongoDB\Server\5.0\bin;C:\Users\diogo\AppData\Roaming\npm;C:\Program Files\MongoDB\Tools\100\bin;C:\Program Files\Java\jdk-17.0.2\bin;;."/>
    <property name="java.vm.info" value="mixed mode"/>
    <property name="java.vendor" value="Oracle Corporation"/>
    <property name="java.vm.version" value="17.0.2+8-86"/>
    <property name="sun.io.unicode.encoding" value="UnicodeLittle"/>
    <property name="java.class.version" value="61.0"/>
  </properties>
  <testcase name="testHasSelfLoops" classname="org.jgrapht.GraphTestsTest" time="0"/>
  <testcase name="testIsConnectedDirected" classname="org.jgrapht.GraphTestsTest" time="0"/>
  <testcase name="testIsOverfull" classname="org.jgrapht.GraphTestsTest" time="0"/>
  <testcase name="failRequireIsWeightedOnUnweightedGraph" classname="org.jgrapht.GraphTestsTest" time="0"/>
  <testcase name="testIsConnectedUndirected" classname="org.jgrapht.GraphTestsTest" time="0"/>
  <testcase name="testIsForest1" classname="org.jgrapht.GraphTestsTest" time="0"/>
  <testcase name="testIsForest2" classname="org.jgrapht.GraphTestsTest" time="0"/>
  <testcase name="testIsK5Subdivision1" classname="org.jgrapht.GraphTestsTest" time="0"/>
  <testcase name="testIsK5Subdivision2" classname="org.jgrapht.GraphTestsTest" time="0"/>
  <testcase name="testIsPlanar1" classname="org.jgrapht.GraphTestsTest" time="0"/>
  <testcase name="testIsPlanar2" classname="org.jgrapht.GraphTestsTest" time="0"/>
  <testcase name="testIsPlanar3" classname="org.jgrapht.GraphTestsTest" time="0"/>
  <testcase name="testHasMultipleEdges" classname="org.jgrapht.GraphTestsTest" time="0"/>
  <testcase name="isSplit1" classname="org.jgrapht.GraphTestsTest" time="0"/>
  <testcase name="isSplit2" classname="org.jgrapht.GraphTestsTest" time="0"/>
  <testcase name="testIsWeaklyChordal" classname="org.jgrapht.GraphTestsTest" time="0"/>
  <testcase name="testIsSimple" classname="org.jgrapht.GraphTestsTest" time="0"/>
  <testcase name="testIsChordal" classname="org.jgrapht.GraphTestsTest" time="0"/>
  <testcase name="testIsCompleteDirected" classname="org.jgrapht.GraphTestsTest" time="0"/>
  <testcase name="failRequireIsWeightedOnNull" classname="org.jgrapht.GraphTestsTest" time="0"/>
  <testcase name="testIsCompleteUndirected" classname="org.jgrapht.GraphTestsTest" time="0"/>
  <testcase name="testIsTree" classname="org.jgrapht.GraphTestsTest" time="0"/>
  <testcase name="testIsCubic" classname="org.jgrapht.GraphTestsTest" time="0"/>
  <testcase name="testIsEmpty" classname="org.jgrapht.GraphTestsTest" time="0"/>
  <testcase name="testIsK33Subdivision1" classname="org.jgrapht.GraphTestsTest" time="0"/>
  <testcase name="testIsK33Subdivision2" classname="org.jgrapht.GraphTestsTest" time="0"/>
  <testcase name="testRequireIsWeighted" classname="org.jgrapht.GraphTestsTest" time="0"/>
</testsuite>