<?xml version="1.0" encoding="UTF-8"?>
<testsuite xmlns:xsi="http://www.w3.org/2001/XMLSchema-instance" xsi:noNamespaceSchemaLocation="https://maven.apache.org/surefire/maven-surefire-plugin/xsd/surefire-test-report-3.0.xsd" version="3.0" name="org.jgrapht.alg.matching.blossom.v5.KolmogorovWeightedPerfectMatchingTest" time="2.779" tests="2496" errors="0" skipped="0" failures="0">
  <properties>
    <property name="java.specification.version" value="17"/>
    <property name="sun.cpu.isalist" value="amd64"/>
    <property name="sun.jnu.encoding" value="Cp1252"/>
    <property name="java.class.path" value="C:\Users\diogo\.m2\repository\org\apache\maven\surefire\surefire-booter\3.0.0-M5\surefire-booter-3.0.0-M5.jar;C:\Users\diogo\.m2\repository\org\apache\maven\surefire\surefire-api\3.0.0-M5\surefire-api-3.0.0-M5.jar;C:\Users\diogo\.m2\repository\org\apache\maven\surefire\surefire-logger-api\3.0.0-M5\surefire-logger-api-3.0.0-M5.jar;C:\Users\diogo\.m2\repository\org\apache\maven\surefire\surefire-shared-utils\3.0.0-M4\surefire-shared-utils-3.0.0-M4.jar;C:\Users\diogo\.m2\repository\org\apache\maven\surefire\surefire-extensions-spi\3.0.0-M5\surefire-extensions-spi-3.0.0-M5.jar;C:\Users\diogo\Documents\ISCTE\ES\ES-LEIPL-2Sem-2022-Grupo-12\jgrapht-master\jgrapht-core\target\test-classes;C:\Users\diogo\.m2\repository\com\googlecode\junit-toolbox\junit-toolbox\2.4\junit-toolbox-2.4.jar;C:\Users\diogo\.m2\repository\commons-io\commons-io\2.4\commons-io-2.4.jar;C:\Users\diogo\.m2\repository\junit\junit\4.13.2\junit-4.13.2.jar;C:\Users\diogo\.m2\repository\org\hamcrest\hamcrest-library\1.3\hamcrest-library-1.3.jar;C:\Users\diogo\.m2\repository\org\hamcrest\hamcrest-core\1.3\hamcrest-core-1.3.jar;C:\Users\diogo\.m2\repository\org\mockito\mockito-core\1.9.5\mockito-core-1.9.5.jar;C:\Users\diogo\.m2\repository\org\objenesis\objenesis\1.0\objenesis-1.0.jar;C:\Users\diogo\.m2\repository\org\openjdk\jmh\jmh-core\1.28\jmh-core-1.28.jar;C:\Users\diogo\.m2\repository\net\sf\jopt-simple\jopt-simple\4.6\jopt-simple-4.6.jar;C:\Users\diogo\.m2\repository\org\apache\commons\commons-math3\3.2\commons-math3-3.2.jar;C:\Users\diogo\.m2\repository\org\openjdk\jmh\jmh-generator-annprocess\1.28\jmh-generator-annprocess-1.28.jar;C:\Users\diogo\.m2\repository\org\junit\jupiter\junit-jupiter-engine\5.8.1\junit-jupiter-engine-5.8.1.jar;C:\Users\diogo\.m2\repository\org\junit\platform\junit-platform-engine\1.8.1\junit-platform-engine-1.8.1.jar;C:\Users\diogo\.m2\repository\org\opentest4j\opentest4j\1.2.0\opentest4j-1.2.0.jar;C:\Users\diogo\.m2\repository\org\junit\platform\junit-platform-commons\1.8.1\junit-platform-commons-1.8.1.jar;C:\Users\diogo\.m2\repository\org\junit\jupiter\junit-jupiter-api\5.8.1\junit-jupiter-api-5.8.1.jar;C:\Users\diogo\.m2\repository\org\apiguardian\apiguardian-api\1.1.2\apiguardian-api-1.1.2.jar;C:\Users\diogo\.m2\repository\org\junit\vintage\junit-vintage-engine\5.8.1\junit-vintage-engine-5.8.1.jar;C:\Users\diogo\.m2\repository\org\junit\platform\junit-platform-runner\1.8.1\junit-platform-runner-1.8.1.jar;C:\Users\diogo\.m2\repository\org\junit\platform\junit-platform-launcher\1.8.1\junit-platform-launcher-1.8.1.jar;C:\Users\diogo\.m2\repository\org\junit\platform\junit-platform-suite-api\1.8.1\junit-platform-suite-api-1.8.1.jar;C:\Users\diogo\.m2\repository\org\junit\platform\junit-platform-suite-commons\1.8.1\junit-platform-suite-commons-1.8.1.jar;C:\Users\diogo\.m2\repository\org\apache\maven\surefire\surefire-junit47\3.0.0-M5\surefire-junit47-3.0.0-M5.jar;C:\Users\diogo\.m2\repository\org\apache\maven\surefire\common-java5\3.0.0-M5\common-java5-3.0.0-M5.jar;C:\Users\diogo\.m2\repository\org\apache\maven\surefire\common-junit3\3.0.0-M5\common-junit3-3.0.0-M5.jar;C:\Users\diogo\.m2\repository\org\apache\maven\surefire\common-junit4\3.0.0-M5\common-junit4-3.0.0-M5.jar;C:\Users\diogo\.m2\repository\org\apache\maven\surefire\common-junit48\3.0.0-M5\common-junit48-3.0.0-M5.jar;C:\Users\diogo\.m2\repository\org\apache\maven\surefire\surefire-grouper\3.0.0-M5\surefire-grouper-3.0.0-M5.jar"/>
    <property name="java.vm.vendor" value="Oracle Corporation"/>
    <property name="sun.arch.data.model" value="64"/>
    <property name="user.variant" value=""/>
    <property name="java.vendor.url" value="https://java.oracle.com/"/>
    <property name="user.timezone" value="Europe/Lisbon"/>
    <property name="os.name" value="Windows 11"/>
    <property name="java.vm.specification.version" value="17"/>
    <property name="sun.java.launcher" value="SUN_STANDARD"/>
    <property name="user.country" value="PT"/>
    <property name="sun.boot.library.path" value="C:\Users\diogo\.jdks\openjdk-17.0.2\bin"/>
    <property name="sun.java.command" value="org.apache.maven.surefire.booter.ForkedBooter C:\Users\diogo\AppData\Local\Temp\surefire9777407000805904276 2022-03-26T17-54-02_346-jvmRun1 surefire16859937523869325549tmp surefire_01257974014065860134tmp"/>
    <property name="jdk.debug" value="release"/>
    <property name="surefire.test.class.path" value="C:\Users\diogo\Documents\ISCTE\ES\ES-LEIPL-2Sem-2022-Grupo-12\jgrapht-master\jgrapht-core\target\test-classes;C:\Users\diogo\.m2\repository\com\googlecode\junit-toolbox\junit-toolbox\2.4\junit-toolbox-2.4.jar;C:\Users\diogo\.m2\repository\commons-io\commons-io\2.4\commons-io-2.4.jar;C:\Users\diogo\.m2\repository\junit\junit\4.13.2\junit-4.13.2.jar;C:\Users\diogo\.m2\repository\org\hamcrest\hamcrest-library\1.3\hamcrest-library-1.3.jar;C:\Users\diogo\.m2\repository\org\hamcrest\hamcrest-core\1.3\hamcrest-core-1.3.jar;C:\Users\diogo\.m2\repository\org\mockito\mockito-core\1.9.5\mockito-core-1.9.5.jar;C:\Users\diogo\.m2\repository\org\objenesis\objenesis\1.0\objenesis-1.0.jar;C:\Users\diogo\.m2\repository\org\openjdk\jmh\jmh-core\1.28\jmh-core-1.28.jar;C:\Users\diogo\.m2\repository\net\sf\jopt-simple\jopt-simple\4.6\jopt-simple-4.6.jar;C:\Users\diogo\.m2\repository\org\apache\commons\commons-math3\3.2\commons-math3-3.2.jar;C:\Users\diogo\.m2\repository\org\openjdk\jmh\jmh-generator-annprocess\1.28\jmh-generator-annprocess-1.28.jar;C:\Users\diogo\.m2\repository\org\junit\jupiter\junit-jupiter-engine\5.8.1\junit-jupiter-engine-5.8.1.jar;C:\Users\diogo\.m2\repository\org\junit\platform\junit-platform-engine\1.8.1\junit-platform-engine-1.8.1.jar;C:\Users\diogo\.m2\repository\org\opentest4j\opentest4j\1.2.0\opentest4j-1.2.0.jar;C:\Users\diogo\.m2\repository\org\junit\platform\junit-platform-commons\1.8.1\junit-platform-commons-1.8.1.jar;C:\Users\diogo\.m2\repository\org\junit\jupiter\junit-jupiter-api\5.8.1\junit-jupiter-api-5.8.1.jar;C:\Users\diogo\.m2\repository\org\apiguardian\apiguardian-api\1.1.2\apiguardian-api-1.1.2.jar;C:\Users\diogo\.m2\repository\org\junit\vintage\junit-vintage-engine\5.8.1\junit-vintage-engine-5.8.1.jar;C:\Users\diogo\.m2\repository\org\junit\platform\junit-platform-runner\1.8.1\junit-platform-runner-1.8.1.jar;C:\Users\diogo\.m2\repository\org\junit\platform\junit-platform-launcher\1.8.1\junit-platform-launcher-1.8.1.jar;C:\Users\diogo\.m2\repository\org\junit\platform\junit-platform-suite-api\1.8.1\junit-platform-suite-api-1.8.1.jar;C:\Users\diogo\.m2\repository\org\junit\platform\junit-platform-suite-commons\1.8.1\junit-platform-suite-commons-1.8.1.jar;"/>
    <property name="sun.cpu.endian" value="little"/>
    <property name="user.home" value="C:\Users\diogo"/>
    <property name="user.language" value="pt"/>
    <property name="java.specification.vendor" value="Oracle Corporation"/>
    <property name="jdk.module.path" value="C:\Users\diogo\Documents\ISCTE\ES\ES-LEIPL-2Sem-2022-Grupo-12\jgrapht-master\jgrapht-core\target\classes;C:\Users\diogo\.m2\repository\org\jheaps\jheaps\0.14\jheaps-0.14.jar;C:\Users\diogo\.m2\repository\org\apfloat\apfloat\1.10.1\apfloat-1.10.1.jar"/>
    <property name="java.version.date" value="2022-01-18"/>
    <property name="java.home" value="C:\Users\diogo\.jdks\openjdk-17.0.2"/>
    <property name="file.separator" value="\"/>
    <property name="basedir" value="C:\Users\diogo\Documents\ISCTE\ES\ES-LEIPL-2Sem-2022-Grupo-12\jgrapht-master\jgrapht-core"/>
    <property name="java.vm.compressedOopsMode" value="Zero based"/>
    <property name="line.separator" value="&#10;"/>
    <property name="java.vm.specification.vendor" value="Oracle Corporation"/>
    <property name="java.specification.name" value="Java Platform API Specification"/>
    <property name="user.script" value=""/>
    <property name="sun.management.compiler" value="HotSpot 64-Bit Tiered Compilers"/>
    <property name="java.runtime.version" value="17.0.2+8-86"/>
    <property name="user.name" value="diogo"/>
    <property name="path.separator" value=";"/>
    <property name="os.version" value="10.0"/>
    <property name="java.runtime.name" value="OpenJDK Runtime Environment"/>
    <property name="file.encoding" value="Cp1252"/>
    <property name="java.vm.name" value="OpenJDK 64-Bit Server VM"/>
    <property name="localRepository" value="C:\Users\diogo\.m2\repository"/>
    <property name="java.vendor.url.bug" value="https://bugreport.java.com/bugreport/"/>
    <property name="java.io.tmpdir" value="C:\Users\diogo\AppData\Local\Temp\"/>
    <property name="idea.version" value="2021.3.3"/>
    <property name="java.version" value="17.0.2"/>
    <property name="user.dir" value="C:\Users\diogo\Documents\ISCTE\ES\ES-LEIPL-2Sem-2022-Grupo-12\jgrapht-master\jgrapht-core"/>
    <property name="os.arch" value="amd64"/>
    <property name="java.vm.specification.name" value="Java Virtual Machine Specification"/>
    <property name="sun.os.patch.level" value=""/>
    <property name="native.encoding" value="Cp1252"/>
    <property name="java.library.path" value="C:\Users\diogo\.jdks\openjdk-17.0.2\bin;C:\Windows\Sun\Java\bin;C:\Windows\system32;C:\Windows;C:\Program Files (x86)\Common Files\Oracle\Java\javapath;C:\Program Files (x86)\VMware\VMware Player\bin\;C:\Windows\system32;C:\Windows;C:\Windows\System32\Wbem;C:\Windows\System32\WindowsPowerShell\v1.0\;C:\Windows\System32\OpenSSH\;C:\Program Files (x86)\NVIDIA Corporation\PhysX\Common;C:\Program Files\NVIDIA Corporation\NVIDIA NvDLISR;C:\Program Files\Git\cmd;C:\Program Files\nodejs\;C:\ProgramData\chocolatey\bin;C:\Users\diogo\AppData\Local\Programs\Python\Python310\Scripts\;C:\Users\diogo\AppData\Local\Programs\Python\Python310\;C:\Users\diogo\AppData\Local\Microsoft\WindowsApps;C:\Program Files\MongoDB\Server\5.0\bin;C:\Users\diogo\AppData\Roaming\npm;C:\Program Files\MongoDB\Tools\100\bin;C:\Program Files\Java\jdk-17.0.2\bin;;."/>
    <property name="java.vm.info" value="mixed mode"/>
    <property name="java.vendor" value="Oracle Corporation"/>
    <property name="java.vm.version" value="17.0.2+8-86"/>
    <property name="sun.io.unicode.encoding" value="UnicodeLittle"/>
    <property name="java.class.version" value="61.0"/>
  </properties>
  <testcase name="testGetMatching10[0]" classname="org.jgrapht.alg.matching.blossom.v5.KolmogorovWeightedPerfectMatchingTest" time="0"/>
  <testcase name="testGetMatching11[0]" classname="org.jgrapht.alg.matching.blossom.v5.KolmogorovWeightedPerfectMatchingTest" time="0"/>
  <testcase name="testGetMatching12[0]" classname="org.jgrapht.alg.matching.blossom.v5.KolmogorovWeightedPerfectMatchingTest" time="0"/>
  <testcase name="testGetMatching13[0]" classname="org.jgrapht.alg.matching.blossom.v5.KolmogorovWeightedPerfectMatchingTest" time="0"/>
  <testcase name="testGetMatching14[0]" classname="org.jgrapht.alg.matching.blossom.v5.KolmogorovWeightedPerfectMatchingTest" time="0"/>
  <testcase name="testGetMatching15[0]" classname="org.jgrapht.alg.matching.blossom.v5.KolmogorovWeightedPerfectMatchingTest" time="0"/>
  <testcase name="testGetMatching16[0]" classname="org.jgrapht.alg.matching.blossom.v5.KolmogorovWeightedPerfectMatchingTest" time="0"/>
  <testcase name="testGetMatching17[0]" classname="org.jgrapht.alg.matching.blossom.v5.KolmogorovWeightedPerfectMatchingTest" time="0"/>
  <testcase name="testGetMatching18[0]" classname="org.jgrapht.alg.matching.blossom.v5.KolmogorovWeightedPerfectMatchingTest" time="0"/>
  <testcase name="testGetMatching19[0]" classname="org.jgrapht.alg.matching.blossom.v5.KolmogorovWeightedPerfectMatchingTest" time="0"/>
  <testcase name="testGetMatching20[0]" classname="org.jgrapht.alg.matching.blossom.v5.KolmogorovWeightedPerfectMatchingTest" time="0"/>
  <testcase name="testGetMatching21[0]" classname="org.jgrapht.alg.matching.blossom.v5.KolmogorovWeightedPerfectMatchingTest" time="0"/>
  <testcase name="testGetMatching22[0]" classname="org.jgrapht.alg.matching.blossom.v5.KolmogorovWeightedPerfectMatchingTest" time="0"/>
  <testcase name="testGetMatching23[0]" classname="org.jgrapht.alg.matching.blossom.v5.KolmogorovWeightedPerfectMatchingTest" time="0"/>
  <testcase name="testGetMatching24[0]" classname="org.jgrapht.alg.matching.blossom.v5.KolmogorovWeightedPerfectMatchingTest" time="0"/>
  <testcase name="testGetMatching25[0]" classname="org.jgrapht.alg.matching.blossom.v5.KolmogorovWeightedPerfectMatchingTest" time="0"/>
  <testcase name="testGetMatching26[0]" classname="org.jgrapht.alg.matching.blossom.v5.KolmogorovWeightedPerfectMatchingTest" time="0"/>
  <testcase name="testGetMatching27[0]" classname="org.jgrapht.alg.matching.blossom.v5.KolmogorovWeightedPerfectMatchingTest" time="0"/>
  <testcase name="testGetMatching28[0]" classname="org.jgrapht.alg.matching.blossom.v5.KolmogorovWeightedPerfectMatchingTest" time="0"/>
  <testcase name="testGetMatching29[0]" classname="org.jgrapht.alg.matching.blossom.v5.KolmogorovWeightedPerfectMatchingTest" time="0"/>
  <testcase name="testGetMatching30[0]" classname="org.jgrapht.alg.matching.blossom.v5.KolmogorovWeightedPerfectMatchingTest" time="0"/>
  <testcase name="testGetMatching31[0]" classname="org.jgrapht.alg.matching.blossom.v5.KolmogorovWeightedPerfectMatchingTest" time="0.006"/>
  <testcase name="testGetMatching32[0]" classname="org.jgrapht.alg.matching.blossom.v5.KolmogorovWeightedPerfectMatchingTest" time="0.007"/>
  <testcase name="testGetMatching33[0]" classname="org.jgrapht.alg.matching.blossom.v5.KolmogorovWeightedPerfectMatchingTest" time="0.025"/>
  <testcase name="testGetMatching34[0]" classname="org.jgrapht.alg.matching.blossom.v5.KolmogorovWeightedPerfectMatchingTest" time="0.045"/>
  <testcase name="testGetMatching35[0]" classname="org.jgrapht.alg.matching.blossom.v5.KolmogorovWeightedPerfectMatchingTest" time="0.08"/>
  <testcase name="testGetMatching36[0]" classname="org.jgrapht.alg.matching.blossom.v5.KolmogorovWeightedPerfectMatchingTest" time="0.121"/>
  <testcase name="testGetMatching37[0]" classname="org.jgrapht.alg.matching.blossom.v5.KolmogorovWeightedPerfectMatchingTest" time="0.001"/>
  <testcase name="testGetMatching38[0]" classname="org.jgrapht.alg.matching.blossom.v5.KolmogorovWeightedPerfectMatchingTest" time="0.004"/>
  <testcase name="testGetMatching39[0]" classname="org.jgrapht.alg.matching.blossom.v5.KolmogorovWeightedPerfectMatchingTest" time="0"/>
  <testcase name="testGetMatching40[0]" classname="org.jgrapht.alg.matching.blossom.v5.KolmogorovWeightedPerfectMatchingTest" time="0.001"/>
  <testcase name="testGetMatching41[0]" classname="org.jgrapht.alg.matching.blossom.v5.KolmogorovWeightedPerfectMatchingTest" time="0"/>
  <testcase name="testGetMatching42[0]" classname="org.jgrapht.alg.matching.blossom.v5.KolmogorovWeightedPerfectMatchingTest" time="0"/>
  <testcase name="testGetMatching43[0]" classname="org.jgrapht.alg.matching.blossom.v5.KolmogorovWeightedPerfectMatchingTest" time="0"/>
  <testcase name="testGetMatching44[0]" classname="org.jgrapht.alg.matching.blossom.v5.KolmogorovWeightedPerfectMatchingTest" time="0"/>
  <testcase name="testGetMatching45[0]" classname="org.jgrapht.alg.matching.blossom.v5.KolmogorovWeightedPerfectMatchingTest" time="0"/>
  <testcase name="testGetMatching46[0]" classname="org.jgrapht.alg.matching.blossom.v5.KolmogorovWeightedPerfectMatchingTest" time="0.001"/>
  <testcase name="testGetMatching47[0]" classname="org.jgrapht.alg.matching.blossom.v5.KolmogorovWeightedPerfectMatchingTest" time="0.001"/>
  <testcase name="testGetMatching48[0]" classname="org.jgrapht.alg.matching.blossom.v5.KolmogorovWeightedPerfectMatchingTest" time="0"/>
  <testcase name="testGetMatching49[0]" classname="org.jgrapht.alg.matching.blossom.v5.KolmogorovWeightedPerfectMatchingTest" time="0.001"/>
  <testcase name="testGetMatching50[0]" classname="org.jgrapht.alg.matching.blossom.v5.KolmogorovWeightedPerfectMatchingTest" time="0.002"/>
  <testcase name="testInvalidDualSolution[0]" classname="org.jgrapht.alg.matching.blossom.v5.KolmogorovWeightedPerfectMatchingTest" time="0"/>
  <testcase name="testGetMatching0[0]" classname="org.jgrapht.alg.matching.blossom.v5.KolmogorovWeightedPerfectMatchingTest" time="0"/>
  <testcase name="testGetMatching1[0]" classname="org.jgrapht.alg.matching.blossom.v5.KolmogorovWeightedPerfectMatchingTest" time="0"/>
  <testcase name="testGetMatching2[0]" classname="org.jgrapht.alg.matching.blossom.v5.KolmogorovWeightedPerfectMatchingTest" time="0"/>
  <testcase name="testGetMatching3[0]" classname="org.jgrapht.alg.matching.blossom.v5.KolmogorovWeightedPerfectMatchingTest" time="0"/>
  <testcase name="testGetMatching4[0]" classname="org.jgrapht.alg.matching.blossom.v5.KolmogorovWeightedPerfectMatchingTest" time="0"/>
  <testcase name="testGetMatching5[0]" classname="org.jgrapht.alg.matching.blossom.v5.KolmogorovWeightedPerfectMatchingTest" time="0.001"/>
  <testcase name="testGetMatching6[0]" classname="org.jgrapht.alg.matching.blossom.v5.KolmogorovWeightedPerfectMatchingTest" time="0"/>
  <testcase name="testGetMatching7[0]" classname="org.jgrapht.alg.matching.blossom.v5.KolmogorovWeightedPerfectMatchingTest" time="0"/>
  <testcase name="testGetMatching8[0]" classname="org.jgrapht.alg.matching.blossom.v5.KolmogorovWeightedPerfectMatchingTest" time="0"/>
  <testcase name="testGetMatching9[0]" classname="org.jgrapht.alg.matching.blossom.v5.KolmogorovWeightedPerfectMatchingTest" time="0"/>
  <testcase name="testGetMatching10[1]" classname="org.jgrapht.alg.matching.blossom.v5.KolmogorovWeightedPerfectMatchingTest" time="0"/>
  <testcase name="testGetMatching11[1]" classname="org.jgrapht.alg.matching.blossom.v5.KolmogorovWeightedPerfectMatchingTest" time="0.001"/>
  <testcase name="testGetMatching12[1]" classname="org.jgrapht.alg.matching.blossom.v5.KolmogorovWeightedPerfectMatchingTest" time="0"/>
  <testcase name="testGetMatching13[1]" classname="org.jgrapht.alg.matching.blossom.v5.KolmogorovWeightedPerfectMatchingTest" time="0"/>
  <testcase name="testGetMatching14[1]" classname="org.jgrapht.alg.matching.blossom.v5.KolmogorovWeightedPerfectMatchingTest" time="0"/>
  <testcase name="testGetMatching15[1]" classname="org.jgrapht.alg.matching.blossom.v5.KolmogorovWeightedPerfectMatchingTest" time="0"/>
  <testcase name="testGetMatching16[1]" classname="org.jgrapht.alg.matching.blossom.v5.KolmogorovWeightedPerfectMatchingTest" time="0"/>
  <testcase name="testGetMatching17[1]" classname="org.jgrapht.alg.matching.blossom.v5.KolmogorovWeightedPerfectMatchingTest" time="0.001"/>
  <testcase name="testGetMatching18[1]" classname="org.jgrapht.alg.matching.blossom.v5.KolmogorovWeightedPerfectMatchingTest" time="0"/>
  <testcase name="testGetMatching19[1]" classname="org.jgrapht.alg.matching.blossom.v5.KolmogorovWeightedPerfectMatchingTest" time="0"/>
  <testcase name="testGetMatching20[1]" classname="org.jgrapht.alg.matching.blossom.v5.KolmogorovWeightedPerfectMatchingTest" time="0"/>
  <testcase name="testGetMatching21[1]" classname="org.jgrapht.alg.matching.blossom.v5.KolmogorovWeightedPerfectMatchingTest" time="0"/>
  <testcase name="testGetMatching22[1]" classname="org.jgrapht.alg.matching.blossom.v5.KolmogorovWeightedPerfectMatchingTest" time="0.001"/>
  <testcase name="testGetMatching23[1]" classname="org.jgrapht.alg.matching.blossom.v5.KolmogorovWeightedPerfectMatchingTest" time="0"/>
  <testcase name="testGetMatching24[1]" classname="org.jgrapht.alg.matching.blossom.v5.KolmogorovWeightedPerfectMatchingTest" time="0"/>
  <testcase name="testGetMatching25[1]" classname="org.jgrapht.alg.matching.blossom.v5.KolmogorovWeightedPerfectMatchingTest" time="0"/>
  <testcase name="testGetMatching26[1]" classname="org.jgrapht.alg.matching.blossom.v5.KolmogorovWeightedPerfectMatchingTest" time="0"/>
  <testcase name="testGetMatching27[1]" classname="org.jgrapht.alg.matching.blossom.v5.KolmogorovWeightedPerfectMatchingTest" time="0"/>
  <testcase name="testGetMatching28[1]" classname="org.jgrapht.alg.matching.blossom.v5.KolmogorovWeightedPerfectMatchingTest" time="0.001"/>
  <testcase name="testGetMatching29[1]" classname="org.jgrapht.alg.matching.blossom.v5.KolmogorovWeightedPerfectMatchingTest" time="0.001"/>
  <testcase name="testGetMatching30[1]" classname="org.jgrapht.alg.matching.blossom.v5.KolmogorovWeightedPerfectMatchingTest" time="0.001"/>
  <testcase name="testGetMatching31[1]" classname="org.jgrapht.alg.matching.blossom.v5.KolmogorovWeightedPerfectMatchingTest" time="0.002"/>
  <testcase name="testGetMatching32[1]" classname="org.jgrapht.alg.matching.blossom.v5.KolmogorovWeightedPerfectMatchingTest" time="0.003"/>
  <testcase name="testGetMatching33[1]" classname="org.jgrapht.alg.matching.blossom.v5.KolmogorovWeightedPerfectMatchingTest" time="0.006"/>
  <testcase name="testGetMatching34[1]" classname="org.jgrapht.alg.matching.blossom.v5.KolmogorovWeightedPerfectMatchingTest" time="0.007"/>
  <testcase name="testGetMatching35[1]" classname="org.jgrapht.alg.matching.blossom.v5.KolmogorovWeightedPerfectMatchingTest" time="0.009"/>
  <testcase name="testGetMatching36[1]" classname="org.jgrapht.alg.matching.blossom.v5.KolmogorovWeightedPerfectMatchingTest" time="0.01"/>
  <testcase name="testGetMatching37[1]" classname="org.jgrapht.alg.matching.blossom.v5.KolmogorovWeightedPerfectMatchingTest" time="0"/>
  <testcase name="testGetMatching38[1]" classname="org.jgrapht.alg.matching.blossom.v5.KolmogorovWeightedPerfectMatchingTest" time="0.007"/>
  <testcase name="testGetMatching39[1]" classname="org.jgrapht.alg.matching.blossom.v5.KolmogorovWeightedPerfectMatchingTest" time="0"/>
  <testcase name="testGetMatching40[1]" classname="org.jgrapht.alg.matching.blossom.v5.KolmogorovWeightedPerfectMatchingTest" time="0"/>
  <testcase name="testGetMatching41[1]" classname="org.jgrapht.alg.matching.blossom.v5.KolmogorovWeightedPerfectMatchingTest" time="0"/>
  <testcase name="testGetMatching42[1]" classname="org.jgrapht.alg.matching.blossom.v5.KolmogorovWeightedPerfectMatchingTest" time="0"/>
  <testcase name="testGetMatching43[1]" classname="org.jgrapht.alg.matching.blossom.v5.KolmogorovWeightedPerfectMatchingTest" time="0"/>
  <testcase name="testGetMatching44[1]" classname="org.jgrapht.alg.matching.blossom.v5.KolmogorovWeightedPerfectMatchingTest" time="0"/>
  <testcase name="testGetMatching45[1]" classname="org.jgrapht.alg.matching.blossom.v5.KolmogorovWeightedPerfectMatchingTest" time="0.001"/>
  <testcase name="testGetMatching46[1]" classname="org.jgrapht.alg.matching.blossom.v5.KolmogorovWeightedPerfectMatchingTest" time="0.001"/>
  <testcase name="testGetMatching47[1]" classname="org.jgrapht.alg.matching.blossom.v5.KolmogorovWeightedPerfectMatchingTest" time="0"/>
  <testcase name="testGetMatching48[1]" classname="org.jgrapht.alg.matching.blossom.v5.KolmogorovWeightedPerfectMatchingTest" time="0"/>
  <testcase name="testGetMatching49[1]" classname="org.jgrapht.alg.matching.blossom.v5.KolmogorovWeightedPerfectMatchingTest" time="0.001"/>
  <testcase name="testGetMatching50[1]" classname="org.jgrapht.alg.matching.blossom.v5.KolmogorovWeightedPerfectMatchingTest" time="0.001"/>
  <testcase name="testInvalidDualSolution[1]" classname="org.jgrapht.alg.matching.blossom.v5.KolmogorovWeightedPerfectMatchingTest" time="0"/>
  <testcase name="testGetMatching0[1]" classname="org.jgrapht.alg.matching.blossom.v5.KolmogorovWeightedPerfectMatchingTest" time="0.001"/>
  <testcase name="testGetMatching1[1]" classname="org.jgrapht.alg.matching.blossom.v5.KolmogorovWeightedPerfectMatchingTest" time="0"/>
  <testcase name="testGetMatching2[1]" classname="org.jgrapht.alg.matching.blossom.v5.KolmogorovWeightedPerfectMatchingTest" time="0"/>
  <testcase name="testGetMatching3[1]" classname="org.jgrapht.alg.matching.blossom.v5.KolmogorovWeightedPerfectMatchingTest" time="0"/>
  <testcase name="testGetMatching4[1]" classname="org.jgrapht.alg.matching.blossom.v5.KolmogorovWeightedPerfectMatchingTest" time="0"/>
  <testcase name="testGetMatching5[1]" classname="org.jgrapht.alg.matching.blossom.v5.KolmogorovWeightedPerfectMatchingTest" time="0"/>
  <testcase name="testGetMatching6[1]" classname="org.jgrapht.alg.matching.blossom.v5.KolmogorovWeightedPerfectMatchingTest" time="0"/>
  <testcase name="testGetMatching7[1]" classname="org.jgrapht.alg.matching.blossom.v5.KolmogorovWeightedPerfectMatchingTest" time="0"/>
  <testcase name="testGetMatching8[1]" classname="org.jgrapht.alg.matching.blossom.v5.KolmogorovWeightedPerfectMatchingTest" time="0"/>
  <testcase name="testGetMatching9[1]" classname="org.jgrapht.alg.matching.blossom.v5.KolmogorovWeightedPerfectMatchingTest" time="0"/>
  <testcase name="testGetMatching10[2]" classname="org.jgrapht.alg.matching.blossom.v5.KolmogorovWeightedPerfectMatchingTest" time="0"/>
  <testcase name="testGetMatching11[2]" classname="org.jgrapht.alg.matching.blossom.v5.KolmogorovWeightedPerfectMatchingTest" time="0"/>
  <testcase name="testGetMatching12[2]" classname="org.jgrapht.alg.matching.blossom.v5.KolmogorovWeightedPerfectMatchingTest" time="0"/>
  <testcase name="testGetMatching13[2]" classname="org.jgrapht.alg.matching.blossom.v5.KolmogorovWeightedPerfectMatchingTest" time="0.001"/>
  <testcase name="testGetMatching14[2]" classname="org.jgrapht.alg.matching.blossom.v5.KolmogorovWeightedPerfectMatchingTest" time="0"/>
  <testcase name="testGetMatching15[2]" classname="org.jgrapht.alg.matching.blossom.v5.KolmogorovWeightedPerfectMatchingTest" time="0"/>
  <testcase name="testGetMatching16[2]" classname="org.jgrapht.alg.matching.blossom.v5.KolmogorovWeightedPerfectMatchingTest" time="0"/>
  <testcase name="testGetMatching17[2]" classname="org.jgrapht.alg.matching.blossom.v5.KolmogorovWeightedPerfectMatchingTest" time="0"/>
  <testcase name="testGetMatching18[2]" classname="org.jgrapht.alg.matching.blossom.v5.KolmogorovWeightedPerfectMatchingTest" time="0"/>
  <testcase name="testGetMatching19[2]" classname="org.jgrapht.alg.matching.blossom.v5.KolmogorovWeightedPerfectMatchingTest" time="0"/>
  <testcase name="testGetMatching20[2]" classname="org.jgrapht.alg.matching.blossom.v5.KolmogorovWeightedPerfectMatchingTest" time="0"/>
  <testcase name="testGetMatching21[2]" classname="org.jgrapht.alg.matching.blossom.v5.KolmogorovWeightedPerfectMatchingTest" time="0"/>
  <testcase name="testGetMatching22[2]" classname="org.jgrapht.alg.matching.blossom.v5.KolmogorovWeightedPerfectMatchingTest" time="0"/>
  <testcase name="testGetMatching23[2]" classname="org.jgrapht.alg.matching.blossom.v5.KolmogorovWeightedPerfectMatchingTest" time="0"/>
  <testcase name="testGetMatching24[2]" classname="org.jgrapht.alg.matching.blossom.v5.KolmogorovWeightedPerfectMatchingTest" time="0"/>
  <testcase name="testGetMatching25[2]" classname="org.jgrapht.alg.matching.blossom.v5.KolmogorovWeightedPerfectMatchingTest" time="0.001"/>
  <testcase name="testGetMatching26[2]" classname="org.jgrapht.alg.matching.blossom.v5.KolmogorovWeightedPerfectMatchingTest" time="0"/>
  <testcase name="testGetMatching27[2]" classname="org.jgrapht.alg.matching.blossom.v5.KolmogorovWeightedPerfectMatchingTest" time="0"/>
  <testcase name="testGetMatching28[2]" classname="org.jgrapht.alg.matching.blossom.v5.KolmogorovWeightedPerfectMatchingTest" time="0"/>
  <testcase name="testGetMatching29[2]" classname="org.jgrapht.alg.matching.blossom.v5.KolmogorovWeightedPerfectMatchingTest" time="0.001"/>
  <testcase name="testGetMatching30[2]" classname="org.jgrapht.alg.matching.blossom.v5.KolmogorovWeightedPerfectMatchingTest" time="0.001"/>
  <testcase name="testGetMatching31[2]" classname="org.jgrapht.alg.matching.blossom.v5.KolmogorovWeightedPerfectMatchingTest" time="0.002"/>
  <testcase name="testGetMatching32[2]" classname="org.jgrapht.alg.matching.blossom.v5.KolmogorovWeightedPerfectMatchingTest" time="0.002"/>
  <testcase name="testGetMatching33[2]" classname="org.jgrapht.alg.matching.blossom.v5.KolmogorovWeightedPerfectMatchingTest" time="0.004"/>
  <testcase name="testGetMatching34[2]" classname="org.jgrapht.alg.matching.blossom.v5.KolmogorovWeightedPerfectMatchingTest" time="0.009"/>
  <testcase name="testGetMatching35[2]" classname="org.jgrapht.alg.matching.blossom.v5.KolmogorovWeightedPerfectMatchingTest" time="0.005"/>
  <testcase name="testGetMatching36[2]" classname="org.jgrapht.alg.matching.blossom.v5.KolmogorovWeightedPerfectMatchingTest" time="0.009"/>
  <testcase name="testGetMatching37[2]" classname="org.jgrapht.alg.matching.blossom.v5.KolmogorovWeightedPerfectMatchingTest" time="0.001"/>
  <testcase name="testGetMatching38[2]" classname="org.jgrapht.alg.matching.blossom.v5.KolmogorovWeightedPerfectMatchingTest" time="0.004"/>
  <testcase name="testGetMatching39[2]" classname="org.jgrapht.alg.matching.blossom.v5.KolmogorovWeightedPerfectMatchingTest" time="0"/>
  <testcase name="testGetMatching40[2]" classname="org.jgrapht.alg.matching.blossom.v5.KolmogorovWeightedPerfectMatchingTest" time="0"/>
  <testcase name="testGetMatching41[2]" classname="org.jgrapht.alg.matching.blossom.v5.KolmogorovWeightedPerfectMatchingTest" time="0"/>
  <testcase name="testGetMatching42[2]" classname="org.jgrapht.alg.matching.blossom.v5.KolmogorovWeightedPerfectMatchingTest" time="0"/>
  <testcase name="testGetMatching43[2]" classname="org.jgrapht.alg.matching.blossom.v5.KolmogorovWeightedPerfectMatchingTest" time="0"/>
  <testcase name="testGetMatching44[2]" classname="org.jgrapht.alg.matching.blossom.v5.KolmogorovWeightedPerfectMatchingTest" time="0"/>
  <testcase name="testGetMatching45[2]" classname="org.jgrapht.alg.matching.blossom.v5.KolmogorovWeightedPerfectMatchingTest" time="0.001"/>
  <testcase name="testGetMatching46[2]" classname="org.jgrapht.alg.matching.blossom.v5.KolmogorovWeightedPerfectMatchingTest" time="0"/>
  <testcase name="testGetMatching47[2]" classname="org.jgrapht.alg.matching.blossom.v5.KolmogorovWeightedPerfectMatchingTest" time="0"/>
  <testcase name="testGetMatching48[2]" classname="org.jgrapht.alg.matching.blossom.v5.KolmogorovWeightedPerfectMatchingTest" time="0.001"/>
  <testcase name="testGetMatching49[2]" classname="org.jgrapht.alg.matching.blossom.v5.KolmogorovWeightedPerfectMatchingTest" time="0.001"/>
  <testcase name="testGetMatching50[2]" classname="org.jgrapht.alg.matching.blossom.v5.KolmogorovWeightedPerfectMatchingTest" time="0"/>
  <testcase name="testInvalidDualSolution[2]" classname="org.jgrapht.alg.matching.blossom.v5.KolmogorovWeightedPerfectMatchingTest" time="0"/>
  <testcase name="testGetMatching0[2]" classname="org.jgrapht.alg.matching.blossom.v5.KolmogorovWeightedPerfectMatchingTest" time="0"/>
  <testcase name="testGetMatching1[2]" classname="org.jgrapht.alg.matching.blossom.v5.KolmogorovWeightedPerfectMatchingTest" time="0"/>
  <testcase name="testGetMatching2[2]" classname="org.jgrapht.alg.matching.blossom.v5.KolmogorovWeightedPerfectMatchingTest" time="0"/>
  <testcase name="testGetMatching3[2]" classname="org.jgrapht.alg.matching.blossom.v5.KolmogorovWeightedPerfectMatchingTest" time="0"/>
  <testcase name="testGetMatching4[2]" classname="org.jgrapht.alg.matching.blossom.v5.KolmogorovWeightedPerfectMatchingTest" time="0"/>
  <testcase name="testGetMatching5[2]" classname="org.jgrapht.alg.matching.blossom.v5.KolmogorovWeightedPerfectMatchingTest" time="0"/>
  <testcase name="testGetMatching6[2]" classname="org.jgrapht.alg.matching.blossom.v5.KolmogorovWeightedPerfectMatchingTest" time="0"/>
  <testcase name="testGetMatching7[2]" classname="org.jgrapht.alg.matching.blossom.v5.KolmogorovWeightedPerfectMatchingTest" time="0.001"/>
  <testcase name="testGetMatching8[2]" classname="org.jgrapht.alg.matching.blossom.v5.KolmogorovWeightedPerfectMatchingTest" time="0"/>
  <testcase name="testGetMatching9[2]" classname="org.jgrapht.alg.matching.blossom.v5.KolmogorovWeightedPerfectMatchingTest" time="0"/>
  <testcase name="testGetMatching10[3]" classname="org.jgrapht.alg.matching.blossom.v5.KolmogorovWeightedPerfectMatchingTest" time="0"/>
  <testcase name="testGetMatching11[3]" classname="org.jgrapht.alg.matching.blossom.v5.KolmogorovWeightedPerfectMatchingTest" time="0"/>
  <testcase name="testGetMatching12[3]" classname="org.jgrapht.alg.matching.blossom.v5.KolmogorovWeightedPerfectMatchingTest" time="0"/>
  <testcase name="testGetMatching13[3]" classname="org.jgrapht.alg.matching.blossom.v5.KolmogorovWeightedPerfectMatchingTest" time="0"/>
  <testcase name="testGetMatching14[3]" classname="org.jgrapht.alg.matching.blossom.v5.KolmogorovWeightedPerfectMatchingTest" time="0"/>
  <testcase name="testGetMatching15[3]" classname="org.jgrapht.alg.matching.blossom.v5.KolmogorovWeightedPerfectMatchingTest" time="0.001"/>
  <testcase name="testGetMatching16[3]" classname="org.jgrapht.alg.matching.blossom.v5.KolmogorovWeightedPerfectMatchingTest" time="0"/>
  <testcase name="testGetMatching17[3]" classname="org.jgrapht.alg.matching.blossom.v5.KolmogorovWeightedPerfectMatchingTest" time="0"/>
  <testcase name="testGetMatching18[3]" classname="org.jgrapht.alg.matching.blossom.v5.KolmogorovWeightedPerfectMatchingTest" time="0"/>
  <testcase name="testGetMatching19[3]" classname="org.jgrapht.alg.matching.blossom.v5.KolmogorovWeightedPerfectMatchingTest" time="0"/>
  <testcase name="testGetMatching20[3]" classname="org.jgrapht.alg.matching.blossom.v5.KolmogorovWeightedPerfectMatchingTest" time="0.001"/>
  <testcase name="testGetMatching21[3]" classname="org.jgrapht.alg.matching.blossom.v5.KolmogorovWeightedPerfectMatchingTest" time="0"/>
  <testcase name="testGetMatching22[3]" classname="org.jgrapht.alg.matching.blossom.v5.KolmogorovWeightedPerfectMatchingTest" time="0"/>
  <testcase name="testGetMatching23[3]" classname="org.jgrapht.alg.matching.blossom.v5.KolmogorovWeightedPerfectMatchingTest" time="0"/>
  <testcase name="testGetMatching24[3]" classname="org.jgrapht.alg.matching.blossom.v5.KolmogorovWeightedPerfectMatchingTest" time="0"/>
  <testcase name="testGetMatching25[3]" classname="org.jgrapht.alg.matching.blossom.v5.KolmogorovWeightedPerfectMatchingTest" time="0"/>
  <testcase name="testGetMatching26[3]" classname="org.jgrapht.alg.matching.blossom.v5.KolmogorovWeightedPerfectMatchingTest" time="0.001"/>
  <testcase name="testGetMatching27[3]" classname="org.jgrapht.alg.matching.blossom.v5.KolmogorovWeightedPerfectMatchingTest" time="0"/>
  <testcase name="testGetMatching28[3]" classname="org.jgrapht.alg.matching.blossom.v5.KolmogorovWeightedPerfectMatchingTest" time="0"/>
  <testcase name="testGetMatching29[3]" classname="org.jgrapht.alg.matching.blossom.v5.KolmogorovWeightedPerfectMatchingTest" time="0.001"/>
  <testcase name="testGetMatching30[3]" classname="org.jgrapht.alg.matching.blossom.v5.KolmogorovWeightedPerfectMatchingTest" time="0.001"/>
  <testcase name="testGetMatching31[3]" classname="org.jgrapht.alg.matching.blossom.v5.KolmogorovWeightedPerfectMatchingTest" time="0.001"/>
  <testcase name="testGetMatching32[3]" classname="org.jgrapht.alg.matching.blossom.v5.KolmogorovWeightedPerfectMatchingTest" time="0.002"/>
  <testcase name="testGetMatching33[3]" classname="org.jgrapht.alg.matching.blossom.v5.KolmogorovWeightedPerfectMatchingTest" time="0.003"/>
  <testcase name="testGetMatching34[3]" classname="org.jgrapht.alg.matching.blossom.v5.KolmogorovWeightedPerfectMatchingTest" time="0.003"/>
  <testcase name="testGetMatching35[3]" classname="org.jgrapht.alg.matching.blossom.v5.KolmogorovWeightedPerfectMatchingTest" time="0.003"/>
  <testcase name="testGetMatching36[3]" classname="org.jgrapht.alg.matching.blossom.v5.KolmogorovWeightedPerfectMatchingTest" time="0.009"/>
  <testcase name="testGetMatching37[3]" classname="org.jgrapht.alg.matching.blossom.v5.KolmogorovWeightedPerfectMatchingTest" time="0.001"/>
  <testcase name="testGetMatching38[3]" classname="org.jgrapht.alg.matching.blossom.v5.KolmogorovWeightedPerfectMatchingTest" time="0.004"/>
  <testcase name="testGetMatching39[3]" classname="org.jgrapht.alg.matching.blossom.v5.KolmogorovWeightedPerfectMatchingTest" time="0"/>
  <testcase name="testGetMatching40[3]" classname="org.jgrapht.alg.matching.blossom.v5.KolmogorovWeightedPerfectMatchingTest" time="0.001"/>
  <testcase name="testGetMatching41[3]" classname="org.jgrapht.alg.matching.blossom.v5.KolmogorovWeightedPerfectMatchingTest" time="0"/>
  <testcase name="testGetMatching42[3]" classname="org.jgrapht.alg.matching.blossom.v5.KolmogorovWeightedPerfectMatchingTest" time="0"/>
  <testcase name="testGetMatching43[3]" classname="org.jgrapht.alg.matching.blossom.v5.KolmogorovWeightedPerfectMatchingTest" time="0"/>
  <testcase name="testGetMatching44[3]" classname="org.jgrapht.alg.matching.blossom.v5.KolmogorovWeightedPerfectMatchingTest" time="0"/>
  <testcase name="testGetMatching45[3]" classname="org.jgrapht.alg.matching.blossom.v5.KolmogorovWeightedPerfectMatchingTest" time="0"/>
  <testcase name="testGetMatching46[3]" classname="org.jgrapht.alg.matching.blossom.v5.KolmogorovWeightedPerfectMatchingTest" time="0.001"/>
  <testcase name="testGetMatching47[3]" classname="org.jgrapht.alg.matching.blossom.v5.KolmogorovWeightedPerfectMatchingTest" time="0"/>
  <testcase name="testGetMatching48[3]" classname="org.jgrapht.alg.matching.blossom.v5.KolmogorovWeightedPerfectMatchingTest" time="0.001"/>
  <testcase name="testGetMatching49[3]" classname="org.jgrapht.alg.matching.blossom.v5.KolmogorovWeightedPerfectMatchingTest" time="0.002"/>
  <testcase name="testGetMatching50[3]" classname="org.jgrapht.alg.matching.blossom.v5.KolmogorovWeightedPerfectMatchingTest" time="0.002"/>
  <testcase name="testInvalidDualSolution[3]" classname="org.jgrapht.alg.matching.blossom.v5.KolmogorovWeightedPerfectMatchingTest" time="0"/>
  <testcase name="testGetMatching0[3]" classname="org.jgrapht.alg.matching.blossom.v5.KolmogorovWeightedPerfectMatchingTest" time="0"/>
  <testcase name="testGetMatching1[3]" classname="org.jgrapht.alg.matching.blossom.v5.KolmogorovWeightedPerfectMatchingTest" time="0"/>
  <testcase name="testGetMatching2[3]" classname="org.jgrapht.alg.matching.blossom.v5.KolmogorovWeightedPerfectMatchingTest" time="0"/>
  <testcase name="testGetMatching3[3]" classname="org.jgrapht.alg.matching.blossom.v5.KolmogorovWeightedPerfectMatchingTest" time="0"/>
  <testcase name="testGetMatching4[3]" classname="org.jgrapht.alg.matching.blossom.v5.KolmogorovWeightedPerfectMatchingTest" time="0"/>
  <testcase name="testGetMatching5[3]" classname="org.jgrapht.alg.matching.blossom.v5.KolmogorovWeightedPerfectMatchingTest" time="0"/>
  <testcase name="testGetMatching6[3]" classname="org.jgrapht.alg.matching.blossom.v5.KolmogorovWeightedPerfectMatchingTest" time="0"/>
  <testcase name="testGetMatching7[3]" classname="org.jgrapht.alg.matching.blossom.v5.KolmogorovWeightedPerfectMatchingTest" time="0"/>
  <testcase name="testGetMatching8[3]" classname="org.jgrapht.alg.matching.blossom.v5.KolmogorovWeightedPerfectMatchingTest" time="0"/>
  <testcase name="testGetMatching9[3]" classname="org.jgrapht.alg.matching.blossom.v5.KolmogorovWeightedPerfectMatchingTest" time="0"/>
  <testcase name="testGetMatching10[4]" classname="org.jgrapht.alg.matching.blossom.v5.KolmogorovWeightedPerfectMatchingTest" time="0"/>
  <testcase name="testGetMatching11[4]" classname="org.jgrapht.alg.matching.blossom.v5.KolmogorovWeightedPerfectMatchingTest" time="0"/>
  <testcase name="testGetMatching12[4]" classname="org.jgrapht.alg.matching.blossom.v5.KolmogorovWeightedPerfectMatchingTest" time="0.001"/>
  <testcase name="testGetMatching13[4]" classname="org.jgrapht.alg.matching.blossom.v5.KolmogorovWeightedPerfectMatchingTest" time="0"/>
  <testcase name="testGetMatching14[4]" classname="org.jgrapht.alg.matching.blossom.v5.KolmogorovWeightedPerfectMatchingTest" time="0"/>
  <testcase name="testGetMatching15[4]" classname="org.jgrapht.alg.matching.blossom.v5.KolmogorovWeightedPerfectMatchingTest" time="0"/>
  <testcase name="testGetMatching16[4]" classname="org.jgrapht.alg.matching.blossom.v5.KolmogorovWeightedPerfectMatchingTest" time="0"/>
  <testcase name="testGetMatching17[4]" classname="org.jgrapht.alg.matching.blossom.v5.KolmogorovWeightedPerfectMatchingTest" time="0"/>
  <testcase name="testGetMatching18[4]" classname="org.jgrapht.alg.matching.blossom.v5.KolmogorovWeightedPerfectMatchingTest" time="0"/>
  <testcase name="testGetMatching19[4]" classname="org.jgrapht.alg.matching.blossom.v5.KolmogorovWeightedPerfectMatchingTest" time="0.001"/>
  <testcase name="testGetMatching20[4]" classname="org.jgrapht.alg.matching.blossom.v5.KolmogorovWeightedPerfectMatchingTest" time="0"/>
  <testcase name="testGetMatching21[4]" classname="org.jgrapht.alg.matching.blossom.v5.KolmogorovWeightedPerfectMatchingTest" time="0"/>
  <testcase name="testGetMatching22[4]" classname="org.jgrapht.alg.matching.blossom.v5.KolmogorovWeightedPerfectMatchingTest" time="0"/>
  <testcase name="testGetMatching23[4]" classname="org.jgrapht.alg.matching.blossom.v5.KolmogorovWeightedPerfectMatchingTest" time="0.001"/>
  <testcase name="testGetMatching24[4]" classname="org.jgrapht.alg.matching.blossom.v5.KolmogorovWeightedPerfectMatchingTest" time="0"/>
  <testcase name="testGetMatching25[4]" classname="org.jgrapht.alg.matching.blossom.v5.KolmogorovWeightedPerfectMatchingTest" time="0"/>
  <testcase name="testGetMatching26[4]" classname="org.jgrapht.alg.matching.blossom.v5.KolmogorovWeightedPerfectMatchingTest" time="0"/>
  <testcase name="testGetMatching27[4]" classname="org.jgrapht.alg.matching.blossom.v5.KolmogorovWeightedPerfectMatchingTest" time="0"/>
  <testcase name="testGetMatching28[4]" classname="org.jgrapht.alg.matching.blossom.v5.KolmogorovWeightedPerfectMatchingTest" time="0"/>
  <testcase name="testGetMatching29[4]" classname="org.jgrapht.alg.matching.blossom.v5.KolmogorovWeightedPerfectMatchingTest" time="0.002"/>
  <testcase name="testGetMatching30[4]" classname="org.jgrapht.alg.matching.blossom.v5.KolmogorovWeightedPerfectMatchingTest" time="0.003"/>
  <testcase name="testGetMatching31[4]" classname="org.jgrapht.alg.matching.blossom.v5.KolmogorovWeightedPerfectMatchingTest" time="0.011"/>
  <testcase name="testGetMatching32[4]" classname="org.jgrapht.alg.matching.blossom.v5.KolmogorovWeightedPerfectMatchingTest" time="0.007"/>
  <testcase name="testGetMatching33[4]" classname="org.jgrapht.alg.matching.blossom.v5.KolmogorovWeightedPerfectMatchingTest" time="0.024"/>
  <testcase name="testGetMatching34[4]" classname="org.jgrapht.alg.matching.blossom.v5.KolmogorovWeightedPerfectMatchingTest" time="0.057"/>
  <testcase name="testGetMatching35[4]" classname="org.jgrapht.alg.matching.blossom.v5.KolmogorovWeightedPerfectMatchingTest" time="0.135"/>
  <testcase name="testGetMatching36[4]" classname="org.jgrapht.alg.matching.blossom.v5.KolmogorovWeightedPerfectMatchingTest" time="0.215"/>
  <testcase name="testGetMatching37[4]" classname="org.jgrapht.alg.matching.blossom.v5.KolmogorovWeightedPerfectMatchingTest" time="0.001"/>
  <testcase name="testGetMatching38[4]" classname="org.jgrapht.alg.matching.blossom.v5.KolmogorovWeightedPerfectMatchingTest" time="0.01"/>
  <testcase name="testGetMatching39[4]" classname="org.jgrapht.alg.matching.blossom.v5.KolmogorovWeightedPerfectMatchingTest" time="0"/>
  <testcase name="testGetMatching40[4]" classname="org.jgrapht.alg.matching.blossom.v5.KolmogorovWeightedPerfectMatchingTest" time="0"/>
  <testcase name="testGetMatching41[4]" classname="org.jgrapht.alg.matching.blossom.v5.KolmogorovWeightedPerfectMatchingTest" time="0"/>
  <testcase name="testGetMatching42[4]" classname="org.jgrapht.alg.matching.blossom.v5.KolmogorovWeightedPerfectMatchingTest" time="0"/>
  <testcase name="testGetMatching43[4]" classname="org.jgrapht.alg.matching.blossom.v5.KolmogorovWeightedPerfectMatchingTest" time="0"/>
  <testcase name="testGetMatching44[4]" classname="org.jgrapht.alg.matching.blossom.v5.KolmogorovWeightedPerfectMatchingTest" time="0.001"/>
  <testcase name="testGetMatching45[4]" classname="org.jgrapht.alg.matching.blossom.v5.KolmogorovWeightedPerfectMatchingTest" time="0"/>
  <testcase name="testGetMatching46[4]" classname="org.jgrapht.alg.matching.blossom.v5.KolmogorovWeightedPerfectMatchingTest" time="0.001"/>
  <testcase name="testGetMatching47[4]" classname="org.jgrapht.alg.matching.blossom.v5.KolmogorovWeightedPerfectMatchingTest" time="0.001"/>
  <testcase name="testGetMatching48[4]" classname="org.jgrapht.alg.matching.blossom.v5.KolmogorovWeightedPerfectMatchingTest" time="0.001"/>
  <testcase name="testGetMatching49[4]" classname="org.jgrapht.alg.matching.blossom.v5.KolmogorovWeightedPerfectMatchingTest" time="0.001"/>
  <testcase name="testGetMatching50[4]" classname="org.jgrapht.alg.matching.blossom.v5.KolmogorovWeightedPerfectMatchingTest" time="0.001"/>
  <testcase name="testInvalidDualSolution[4]" classname="org.jgrapht.alg.matching.blossom.v5.KolmogorovWeightedPerfectMatchingTest" time="0"/>
  <testcase name="testGetMatching0[4]" classname="org.jgrapht.alg.matching.blossom.v5.KolmogorovWeightedPerfectMatchingTest" time="0"/>
  <testcase name="testGetMatching1[4]" classname="org.jgrapht.alg.matching.blossom.v5.KolmogorovWeightedPerfectMatchingTest" time="0"/>
  <testcase name="testGetMatching2[4]" classname="org.jgrapht.alg.matching.blossom.v5.KolmogorovWeightedPerfectMatchingTest" time="0"/>
  <testcase name="testGetMatching3[4]" classname="org.jgrapht.alg.matching.blossom.v5.KolmogorovWeightedPerfectMatchingTest" time="0"/>
  <testcase name="testGetMatching4[4]" classname="org.jgrapht.alg.matching.blossom.v5.KolmogorovWeightedPerfectMatchingTest" time="0.001"/>
  <testcase name="testGetMatching5[4]" classname="org.jgrapht.alg.matching.blossom.v5.KolmogorovWeightedPerfectMatchingTest" time="0"/>
  <testcase name="testGetMatching6[4]" classname="org.jgrapht.alg.matching.blossom.v5.KolmogorovWeightedPerfectMatchingTest" time="0"/>
  <testcase name="testGetMatching7[4]" classname="org.jgrapht.alg.matching.blossom.v5.KolmogorovWeightedPerfectMatchingTest" time="0"/>
  <testcase name="testGetMatching8[4]" classname="org.jgrapht.alg.matching.blossom.v5.KolmogorovWeightedPerfectMatchingTest" time="0"/>
  <testcase name="testGetMatching9[4]" classname="org.jgrapht.alg.matching.blossom.v5.KolmogorovWeightedPerfectMatchingTest" time="0"/>
  <testcase name="testGetMatching10[5]" classname="org.jgrapht.alg.matching.blossom.v5.KolmogorovWeightedPerfectMatchingTest" time="0"/>
  <testcase name="testGetMatching11[5]" classname="org.jgrapht.alg.matching.blossom.v5.KolmogorovWeightedPerfectMatchingTest" time="0"/>
  <testcase name="testGetMatching12[5]" classname="org.jgrapht.alg.matching.blossom.v5.KolmogorovWeightedPerfectMatchingTest" time="0"/>
  <testcase name="testGetMatching13[5]" classname="org.jgrapht.alg.matching.blossom.v5.KolmogorovWeightedPerfectMatchingTest" time="0"/>
  <testcase name="testGetMatching14[5]" classname="org.jgrapht.alg.matching.blossom.v5.KolmogorovWeightedPerfectMatchingTest" time="0.001"/>
  <testcase name="testGetMatching15[5]" classname="org.jgrapht.alg.matching.blossom.v5.KolmogorovWeightedPerfectMatchingTest" time="0"/>
  <testcase name="testGetMatching16[5]" classname="org.jgrapht.alg.matching.blossom.v5.KolmogorovWeightedPerfectMatchingTest" time="0"/>
  <testcase name="testGetMatching17[5]" classname="org.jgrapht.alg.matching.blossom.v5.KolmogorovWeightedPerfectMatchingTest" time="0"/>
  <testcase name="testGetMatching18[5]" classname="org.jgrapht.alg.matching.blossom.v5.KolmogorovWeightedPerfectMatchingTest" time="0"/>
  <testcase name="testGetMatching19[5]" classname="org.jgrapht.alg.matching.blossom.v5.KolmogorovWeightedPerfectMatchingTest" time="0"/>
  <testcase name="testGetMatching20[5]" classname="org.jgrapht.alg.matching.blossom.v5.KolmogorovWeightedPerfectMatchingTest" time="0"/>
  <testcase name="testGetMatching21[5]" classname="org.jgrapht.alg.matching.blossom.v5.KolmogorovWeightedPerfectMatchingTest" time="0"/>
  <testcase name="testGetMatching22[5]" classname="org.jgrapht.alg.matching.blossom.v5.KolmogorovWeightedPerfectMatchingTest" time="0.001"/>
  <testcase name="testGetMatching23[5]" classname="org.jgrapht.alg.matching.blossom.v5.KolmogorovWeightedPerfectMatchingTest" time="0"/>
  <testcase name="testGetMatching24[5]" classname="org.jgrapht.alg.matching.blossom.v5.KolmogorovWeightedPerfectMatchingTest" time="0"/>
  <testcase name="testGetMatching25[5]" classname="org.jgrapht.alg.matching.blossom.v5.KolmogorovWeightedPerfectMatchingTest" time="0"/>
  <testcase name="testGetMatching26[5]" classname="org.jgrapht.alg.matching.blossom.v5.KolmogorovWeightedPerfectMatchingTest" time="0"/>
  <testcase name="testGetMatching27[5]" classname="org.jgrapht.alg.matching.blossom.v5.KolmogorovWeightedPerfectMatchingTest" time="0"/>
  <testcase name="testGetMatching28[5]" classname="org.jgrapht.alg.matching.blossom.v5.KolmogorovWeightedPerfectMatchingTest" time="0"/>
  <testcase name="testGetMatching29[5]" classname="org.jgrapht.alg.matching.blossom.v5.KolmogorovWeightedPerfectMatchingTest" time="0.001"/>
  <testcase name="testGetMatching30[5]" classname="org.jgrapht.alg.matching.blossom.v5.KolmogorovWeightedPerfectMatchingTest" time="0.001"/>
  <testcase name="testGetMatching31[5]" classname="org.jgrapht.alg.matching.blossom.v5.KolmogorovWeightedPerfectMatchingTest" time="0.003"/>
  <testcase name="testGetMatching32[5]" classname="org.jgrapht.alg.matching.blossom.v5.KolmogorovWeightedPerfectMatchingTest" time="0.002"/>
  <testcase name="testGetMatching33[5]" classname="org.jgrapht.alg.matching.blossom.v5.KolmogorovWeightedPerfectMatchingTest" time="0.006"/>
  <testcase name="testGetMatching34[5]" classname="org.jgrapht.alg.matching.blossom.v5.KolmogorovWeightedPerfectMatchingTest" time="0.004"/>
  <testcase name="testGetMatching35[5]" classname="org.jgrapht.alg.matching.blossom.v5.KolmogorovWeightedPerfectMatchingTest" time="0.008"/>
  <testcase name="testGetMatching36[5]" classname="org.jgrapht.alg.matching.blossom.v5.KolmogorovWeightedPerfectMatchingTest" time="0.012"/>
  <testcase name="testGetMatching37[5]" classname="org.jgrapht.alg.matching.blossom.v5.KolmogorovWeightedPerfectMatchingTest" time="0"/>
  <testcase name="testGetMatching38[5]" classname="org.jgrapht.alg.matching.blossom.v5.KolmogorovWeightedPerfectMatchingTest" time="0.025"/>
  <testcase name="testGetMatching39[5]" classname="org.jgrapht.alg.matching.blossom.v5.KolmogorovWeightedPerfectMatchingTest" time="0.001"/>
  <testcase name="testGetMatching40[5]" classname="org.jgrapht.alg.matching.blossom.v5.KolmogorovWeightedPerfectMatchingTest" time="0"/>
  <testcase name="testGetMatching41[5]" classname="org.jgrapht.alg.matching.blossom.v5.KolmogorovWeightedPerfectMatchingTest" time="0"/>
  <testcase name="testGetMatching42[5]" classname="org.jgrapht.alg.matching.blossom.v5.KolmogorovWeightedPerfectMatchingTest" time="0"/>
  <testcase name="testGetMatching43[5]" classname="org.jgrapht.alg.matching.blossom.v5.KolmogorovWeightedPerfectMatchingTest" time="0"/>
  <testcase name="testGetMatching44[5]" classname="org.jgrapht.alg.matching.blossom.v5.KolmogorovWeightedPerfectMatchingTest" time="0"/>
  <testcase name="testGetMatching45[5]" classname="org.jgrapht.alg.matching.blossom.v5.KolmogorovWeightedPerfectMatchingTest" time="0"/>
  <testcase name="testGetMatching46[5]" classname="org.jgrapht.alg.matching.blossom.v5.KolmogorovWeightedPerfectMatchingTest" time="0.002"/>
  <testcase name="testGetMatching47[5]" classname="org.jgrapht.alg.matching.blossom.v5.KolmogorovWeightedPerfectMatchingTest" time="0"/>
  <testcase name="testGetMatching48[5]" classname="org.jgrapht.alg.matching.blossom.v5.KolmogorovWeightedPerfectMatchingTest" time="0"/>
  <testcase name="testGetMatching49[5]" classname="org.jgrapht.alg.matching.blossom.v5.KolmogorovWeightedPerfectMatchingTest" time="0.001"/>
  <testcase name="testGetMatching50[5]" classname="org.jgrapht.alg.matching.blossom.v5.KolmogorovWeightedPerfectMatchingTest" time="0.001"/>
  <testcase name="testInvalidDualSolution[5]" classname="org.jgrapht.alg.matching.blossom.v5.KolmogorovWeightedPerfectMatchingTest" time="0.001"/>
  <testcase name="testGetMatching0[5]" classname="org.jgrapht.alg.matching.blossom.v5.KolmogorovWeightedPerfectMatchingTest" time="0"/>
  <testcase name="testGetMatching1[5]" classname="org.jgrapht.alg.matching.blossom.v5.KolmogorovWeightedPerfectMatchingTest" time="0"/>
  <testcase name="testGetMatching2[5]" classname="org.jgrapht.alg.matching.blossom.v5.KolmogorovWeightedPerfectMatchingTest" time="0"/>
  <testcase name="testGetMatching3[5]" classname="org.jgrapht.alg.matching.blossom.v5.KolmogorovWeightedPerfectMatchingTest" time="0"/>
  <testcase name="testGetMatching4[5]" classname="org.jgrapht.alg.matching.blossom.v5.KolmogorovWeightedPerfectMatchingTest" time="0"/>
  <testcase name="testGetMatching5[5]" classname="org.jgrapht.alg.matching.blossom.v5.KolmogorovWeightedPerfectMatchingTest" time="0"/>
  <testcase name="testGetMatching6[5]" classname="org.jgrapht.alg.matching.blossom.v5.KolmogorovWeightedPerfectMatchingTest" time="0"/>
  <testcase name="testGetMatching7[5]" classname="org.jgrapht.alg.matching.blossom.v5.KolmogorovWeightedPerfectMatchingTest" time="0"/>
  <testcase name="testGetMatching8[5]" classname="org.jgrapht.alg.matching.blossom.v5.KolmogorovWeightedPerfectMatchingTest" time="0.001"/>
  <testcase name="testGetMatching9[5]" classname="org.jgrapht.alg.matching.blossom.v5.KolmogorovWeightedPerfectMatchingTest" time="0"/>
  <testcase name="testGetMatching10[6]" classname="org.jgrapht.alg.matching.blossom.v5.KolmogorovWeightedPerfectMatchingTest" time="0"/>
  <testcase name="testGetMatching11[6]" classname="org.jgrapht.alg.matching.blossom.v5.KolmogorovWeightedPerfectMatchingTest" time="0"/>
  <testcase name="testGetMatching12[6]" classname="org.jgrapht.alg.matching.blossom.v5.KolmogorovWeightedPerfectMatchingTest" time="0"/>
  <testcase name="testGetMatching13[6]" classname="org.jgrapht.alg.matching.blossom.v5.KolmogorovWeightedPerfectMatchingTest" time="0"/>
  <testcase name="testGetMatching14[6]" classname="org.jgrapht.alg.matching.blossom.v5.KolmogorovWeightedPerfectMatchingTest" time="0"/>
  <testcase name="testGetMatching15[6]" classname="org.jgrapht.alg.matching.blossom.v5.KolmogorovWeightedPerfectMatchingTest" time="0"/>
  <testcase name="testGetMatching16[6]" classname="org.jgrapht.alg.matching.blossom.v5.KolmogorovWeightedPerfectMatchingTest" time="0"/>
  <testcase name="testGetMatching17[6]" classname="org.jgrapht.alg.matching.blossom.v5.KolmogorovWeightedPerfectMatchingTest" time="0.001"/>
  <testcase name="testGetMatching18[6]" classname="org.jgrapht.alg.matching.blossom.v5.KolmogorovWeightedPerfectMatchingTest" time="0"/>
  <testcase name="testGetMatching19[6]" classname="org.jgrapht.alg.matching.blossom.v5.KolmogorovWeightedPerfectMatchingTest" time="0"/>
  <testcase name="testGetMatching20[6]" classname="org.jgrapht.alg.matching.blossom.v5.KolmogorovWeightedPerfectMatchingTest" time="0"/>
  <testcase name="testGetMatching21[6]" classname="org.jgrapht.alg.matching.blossom.v5.KolmogorovWeightedPerfectMatchingTest" time="0"/>
  <testcase name="testGetMatching22[6]" classname="org.jgrapht.alg.matching.blossom.v5.KolmogorovWeightedPerfectMatchingTest" time="0"/>
  <testcase name="testGetMatching23[6]" classname="org.jgrapht.alg.matching.blossom.v5.KolmogorovWeightedPerfectMatchingTest" time="0"/>
  <testcase name="testGetMatching24[6]" classname="org.jgrapht.alg.matching.blossom.v5.KolmogorovWeightedPerfectMatchingTest" time="0"/>
  <testcase name="testGetMatching25[6]" classname="org.jgrapht.alg.matching.blossom.v5.KolmogorovWeightedPerfectMatchingTest" time="0"/>
  <testcase name="testGetMatching26[6]" classname="org.jgrapht.alg.matching.blossom.v5.KolmogorovWeightedPerfectMatchingTest" time="0"/>
  <testcase name="testGetMatching27[6]" classname="org.jgrapht.alg.matching.blossom.v5.KolmogorovWeightedPerfectMatchingTest" time="0"/>
  <testcase name="testGetMatching28[6]" classname="org.jgrapht.alg.matching.blossom.v5.KolmogorovWeightedPerfectMatchingTest" time="0.001"/>
  <testcase name="testGetMatching29[6]" classname="org.jgrapht.alg.matching.blossom.v5.KolmogorovWeightedPerfectMatchingTest" time="0"/>
  <testcase name="testGetMatching30[6]" classname="org.jgrapht.alg.matching.blossom.v5.KolmogorovWeightedPerfectMatchingTest" time="0.001"/>
  <testcase name="testGetMatching31[6]" classname="org.jgrapht.alg.matching.blossom.v5.KolmogorovWeightedPerfectMatchingTest" time="0.001"/>
  <testcase name="testGetMatching32[6]" classname="org.jgrapht.alg.matching.blossom.v5.KolmogorovWeightedPerfectMatchingTest" time="0.002"/>
  <testcase name="testGetMatching33[6]" classname="org.jgrapht.alg.matching.blossom.v5.KolmogorovWeightedPerfectMatchingTest" time="0.003"/>
  <testcase name="testGetMatching34[6]" classname="org.jgrapht.alg.matching.blossom.v5.KolmogorovWeightedPerfectMatchingTest" time="0.005"/>
  <testcase name="testGetMatching35[6]" classname="org.jgrapht.alg.matching.blossom.v5.KolmogorovWeightedPerfectMatchingTest" time="0.008"/>
  <testcase name="testGetMatching36[6]" classname="org.jgrapht.alg.matching.blossom.v5.KolmogorovWeightedPerfectMatchingTest" time="0.006"/>
  <testcase name="testGetMatching37[6]" classname="org.jgrapht.alg.matching.blossom.v5.KolmogorovWeightedPerfectMatchingTest" time="0.001"/>
  <testcase name="testGetMatching38[6]" classname="org.jgrapht.alg.matching.blossom.v5.KolmogorovWeightedPerfectMatchingTest" time="0.001"/>
  <testcase name="testGetMatching39[6]" classname="org.jgrapht.alg.matching.blossom.v5.KolmogorovWeightedPerfectMatchingTest" time="0"/>
  <testcase name="testGetMatching40[6]" classname="org.jgrapht.alg.matching.blossom.v5.KolmogorovWeightedPerfectMatchingTest" time="0.001"/>
  <testcase name="testGetMatching41[6]" classname="org.jgrapht.alg.matching.blossom.v5.KolmogorovWeightedPerfectMatchingTest" time="0"/>
  <testcase name="testGetMatching42[6]" classname="org.jgrapht.alg.matching.blossom.v5.KolmogorovWeightedPerfectMatchingTest" time="0"/>
  <testcase name="testGetMatching43[6]" classname="org.jgrapht.alg.matching.blossom.v5.KolmogorovWeightedPerfectMatchingTest" time="0"/>
  <testcase name="testGetMatching44[6]" classname="org.jgrapht.alg.matching.blossom.v5.KolmogorovWeightedPerfectMatchingTest" time="0"/>
  <testcase name="testGetMatching45[6]" classname="org.jgrapht.alg.matching.blossom.v5.KolmogorovWeightedPerfectMatchingTest" time="0"/>
  <testcase name="testGetMatching46[6]" classname="org.jgrapht.alg.matching.blossom.v5.KolmogorovWeightedPerfectMatchingTest" time="0"/>
  <testcase name="testGetMatching47[6]" classname="org.jgrapht.alg.matching.blossom.v5.KolmogorovWeightedPerfectMatchingTest" time="0.001"/>
  <testcase name="testGetMatching48[6]" classname="org.jgrapht.alg.matching.blossom.v5.KolmogorovWeightedPerfectMatchingTest" time="0"/>
  <testcase name="testGetMatching49[6]" classname="org.jgrapht.alg.matching.blossom.v5.KolmogorovWeightedPerfectMatchingTest" time="0.001"/>
  <testcase name="testGetMatching50[6]" classname="org.jgrapht.alg.matching.blossom.v5.KolmogorovWeightedPerfectMatchingTest" time="0.004"/>
  <testcase name="testInvalidDualSolution[6]" classname="org.jgrapht.alg.matching.blossom.v5.KolmogorovWeightedPerfectMatchingTest" time="0"/>
  <testcase name="testGetMatching0[6]" classname="org.jgrapht.alg.matching.blossom.v5.KolmogorovWeightedPerfectMatchingTest" time="0"/>
  <testcase name="testGetMatching1[6]" classname="org.jgrapht.alg.matching.blossom.v5.KolmogorovWeightedPerfectMatchingTest" time="0"/>
  <testcase name="testGetMatching2[6]" classname="org.jgrapht.alg.matching.blossom.v5.KolmogorovWeightedPerfectMatchingTest" time="0"/>
  <testcase name="testGetMatching3[6]" classname="org.jgrapht.alg.matching.blossom.v5.KolmogorovWeightedPerfectMatchingTest" time="0"/>
  <testcase name="testGetMatching4[6]" classname="org.jgrapht.alg.matching.blossom.v5.KolmogorovWeightedPerfectMatchingTest" time="0"/>
  <testcase name="testGetMatching5[6]" classname="org.jgrapht.alg.matching.blossom.v5.KolmogorovWeightedPerfectMatchingTest" time="0"/>
  <testcase name="testGetMatching6[6]" classname="org.jgrapht.alg.matching.blossom.v5.KolmogorovWeightedPerfectMatchingTest" time="0"/>
  <testcase name="testGetMatching7[6]" classname="org.jgrapht.alg.matching.blossom.v5.KolmogorovWeightedPerfectMatchingTest" time="0.001"/>
  <testcase name="testGetMatching8[6]" classname="org.jgrapht.alg.matching.blossom.v5.KolmogorovWeightedPerfectMatchingTest" time="0"/>
  <testcase name="testGetMatching9[6]" classname="org.jgrapht.alg.matching.blossom.v5.KolmogorovWeightedPerfectMatchingTest" time="0"/>
  <testcase name="testGetMatching10[7]" classname="org.jgrapht.alg.matching.blossom.v5.KolmogorovWeightedPerfectMatchingTest" time="0"/>
  <testcase name="testGetMatching11[7]" classname="org.jgrapht.alg.matching.blossom.v5.KolmogorovWeightedPerfectMatchingTest" time="0"/>
  <testcase name="testGetMatching12[7]" classname="org.jgrapht.alg.matching.blossom.v5.KolmogorovWeightedPerfectMatchingTest" time="0"/>
  <testcase name="testGetMatching13[7]" classname="org.jgrapht.alg.matching.blossom.v5.KolmogorovWeightedPerfectMatchingTest" time="0"/>
  <testcase name="testGetMatching14[7]" classname="org.jgrapht.alg.matching.blossom.v5.KolmogorovWeightedPerfectMatchingTest" time="0"/>
  <testcase name="testGetMatching15[7]" classname="org.jgrapht.alg.matching.blossom.v5.KolmogorovWeightedPerfectMatchingTest" time="0"/>
  <testcase name="testGetMatching16[7]" classname="org.jgrapht.alg.matching.blossom.v5.KolmogorovWeightedPerfectMatchingTest" time="0.001"/>
  <testcase name="testGetMatching17[7]" classname="org.jgrapht.alg.matching.blossom.v5.KolmogorovWeightedPerfectMatchingTest" time="0"/>
  <testcase name="testGetMatching18[7]" classname="org.jgrapht.alg.matching.blossom.v5.KolmogorovWeightedPerfectMatchingTest" time="0"/>
  <testcase name="testGetMatching19[7]" classname="org.jgrapht.alg.matching.blossom.v5.KolmogorovWeightedPerfectMatchingTest" time="0"/>
  <testcase name="testGetMatching20[7]" classname="org.jgrapht.alg.matching.blossom.v5.KolmogorovWeightedPerfectMatchingTest" time="0"/>
  <testcase name="testGetMatching21[7]" classname="org.jgrapht.alg.matching.blossom.v5.KolmogorovWeightedPerfectMatchingTest" time="0"/>
  <testcase name="testGetMatching22[7]" classname="org.jgrapht.alg.matching.blossom.v5.KolmogorovWeightedPerfectMatchingTest" time="0"/>
  <testcase name="testGetMatching23[7]" classname="org.jgrapht.alg.matching.blossom.v5.KolmogorovWeightedPerfectMatchingTest" time="0"/>
  <testcase name="testGetMatching24[7]" classname="org.jgrapht.alg.matching.blossom.v5.KolmogorovWeightedPerfectMatchingTest" time="0"/>
  <testcase name="testGetMatching25[7]" classname="org.jgrapht.alg.matching.blossom.v5.KolmogorovWeightedPerfectMatchingTest" time="0"/>
  <testcase name="testGetMatching26[7]" classname="org.jgrapht.alg.matching.blossom.v5.KolmogorovWeightedPerfectMatchingTest" time="0.001"/>
  <testcase name="testGetMatching27[7]" classname="org.jgrapht.alg.matching.blossom.v5.KolmogorovWeightedPerfectMatchingTest" time="0"/>
  <testcase name="testGetMatching28[7]" classname="org.jgrapht.alg.matching.blossom.v5.KolmogorovWeightedPerfectMatchingTest" time="0"/>
  <testcase name="testGetMatching29[7]" classname="org.jgrapht.alg.matching.blossom.v5.KolmogorovWeightedPerfectMatchingTest" time="0.002"/>
  <testcase name="testGetMatching30[7]" classname="org.jgrapht.alg.matching.blossom.v5.KolmogorovWeightedPerfectMatchingTest" time="0.002"/>
  <testcase name="testGetMatching31[7]" classname="org.jgrapht.alg.matching.blossom.v5.KolmogorovWeightedPerfectMatchingTest" time="0.001"/>
  <testcase name="testGetMatching32[7]" classname="org.jgrapht.alg.matching.blossom.v5.KolmogorovWeightedPerfectMatchingTest" time="0.002"/>
  <testcase name="testGetMatching33[7]" classname="org.jgrapht.alg.matching.blossom.v5.KolmogorovWeightedPerfectMatchingTest" time="0.008"/>
  <testcase name="testGetMatching34[7]" classname="org.jgrapht.alg.matching.blossom.v5.KolmogorovWeightedPerfectMatchingTest" time="0.004"/>
  <testcase name="testGetMatching35[7]" classname="org.jgrapht.alg.matching.blossom.v5.KolmogorovWeightedPerfectMatchingTest" time="0.009"/>
  <testcase name="testGetMatching36[7]" classname="org.jgrapht.alg.matching.blossom.v5.KolmogorovWeightedPerfectMatchingTest" time="0.007"/>
  <testcase name="testGetMatching37[7]" classname="org.jgrapht.alg.matching.blossom.v5.KolmogorovWeightedPerfectMatchingTest" time="0.001"/>
  <testcase name="testGetMatching38[7]" classname="org.jgrapht.alg.matching.blossom.v5.KolmogorovWeightedPerfectMatchingTest" time="0.004"/>
  <testcase name="testGetMatching39[7]" classname="org.jgrapht.alg.matching.blossom.v5.KolmogorovWeightedPerfectMatchingTest" time="0"/>
  <testcase name="testGetMatching40[7]" classname="org.jgrapht.alg.matching.blossom.v5.KolmogorovWeightedPerfectMatchingTest" time="0"/>
  <testcase name="testGetMatching41[7]" classname="org.jgrapht.alg.matching.blossom.v5.KolmogorovWeightedPerfectMatchingTest" time="0"/>
  <testcase name="testGetMatching42[7]" classname="org.jgrapht.alg.matching.blossom.v5.KolmogorovWeightedPerfectMatchingTest" time="0"/>
  <testcase name="testGetMatching43[7]" classname="org.jgrapht.alg.matching.blossom.v5.KolmogorovWeightedPerfectMatchingTest" time="0"/>
  <testcase name="testGetMatching44[7]" classname="org.jgrapht.alg.matching.blossom.v5.KolmogorovWeightedPerfectMatchingTest" time="0"/>
  <testcase name="testGetMatching45[7]" classname="org.jgrapht.alg.matching.blossom.v5.KolmogorovWeightedPerfectMatchingTest" time="0"/>
  <testcase name="testGetMatching46[7]" classname="org.jgrapht.alg.matching.blossom.v5.KolmogorovWeightedPerfectMatchingTest" time="0.002"/>
  <testcase name="testGetMatching47[7]" classname="org.jgrapht.alg.matching.blossom.v5.KolmogorovWeightedPerfectMatchingTest" time="0"/>
  <testcase name="testGetMatching48[7]" classname="org.jgrapht.alg.matching.blossom.v5.KolmogorovWeightedPerfectMatchingTest" time="0.001"/>
  <testcase name="testGetMatching49[7]" classname="org.jgrapht.alg.matching.blossom.v5.KolmogorovWeightedPerfectMatchingTest" time="0.001"/>
  <testcase name="testGetMatching50[7]" classname="org.jgrapht.alg.matching.blossom.v5.KolmogorovWeightedPerfectMatchingTest" time="0.002"/>
  <testcase name="testInvalidDualSolution[7]" classname="org.jgrapht.alg.matching.blossom.v5.KolmogorovWeightedPerfectMatchingTest" time="0"/>
  <testcase name="testGetMatching0[7]" classname="org.jgrapht.alg.matching.blossom.v5.KolmogorovWeightedPerfectMatchingTest" time="0"/>
  <testcase name="testGetMatching1[7]" classname="org.jgrapht.alg.matching.blossom.v5.KolmogorovWeightedPerfectMatchingTest" time="0"/>
  <testcase name="testGetMatching2[7]" classname="org.jgrapht.alg.matching.blossom.v5.KolmogorovWeightedPerfectMatchingTest" time="0.001"/>
  <testcase name="testGetMatching3[7]" classname="org.jgrapht.alg.matching.blossom.v5.KolmogorovWeightedPerfectMatchingTest" time="0"/>
  <testcase name="testGetMatching4[7]" classname="org.jgrapht.alg.matching.blossom.v5.KolmogorovWeightedPerfectMatchingTest" time="0"/>
  <testcase name="testGetMatching5[7]" classname="org.jgrapht.alg.matching.blossom.v5.KolmogorovWeightedPerfectMatchingTest" time="0"/>
  <testcase name="testGetMatching6[7]" classname="org.jgrapht.alg.matching.blossom.v5.KolmogorovWeightedPerfectMatchingTest" time="0"/>
  <testcase name="testGetMatching7[7]" classname="org.jgrapht.alg.matching.blossom.v5.KolmogorovWeightedPerfectMatchingTest" time="0"/>
  <testcase name="testGetMatching8[7]" classname="org.jgrapht.alg.matching.blossom.v5.KolmogorovWeightedPerfectMatchingTest" time="0.001"/>
  <testcase name="testGetMatching9[7]" classname="org.jgrapht.alg.matching.blossom.v5.KolmogorovWeightedPerfectMatchingTest" time="0"/>
  <testcase name="testGetMatching10[8]" classname="org.jgrapht.alg.matching.blossom.v5.KolmogorovWeightedPerfectMatchingTest" time="0"/>
  <testcase name="testGetMatching11[8]" classname="org.jgrapht.alg.matching.blossom.v5.KolmogorovWeightedPerfectMatchingTest" time="0"/>
  <testcase name="testGetMatching12[8]" classname="org.jgrapht.alg.matching.blossom.v5.KolmogorovWeightedPerfectMatchingTest" time="0"/>
  <testcase name="testGetMatching13[8]" classname="org.jgrapht.alg.matching.blossom.v5.KolmogorovWeightedPerfectMatchingTest" time="0"/>
  <testcase name="testGetMatching14[8]" classname="org.jgrapht.alg.matching.blossom.v5.KolmogorovWeightedPerfectMatchingTest" time="0.001"/>
  <testcase name="testGetMatching15[8]" classname="org.jgrapht.alg.matching.blossom.v5.KolmogorovWeightedPerfectMatchingTest" time="0"/>
  <testcase name="testGetMatching16[8]" classname="org.jgrapht.alg.matching.blossom.v5.KolmogorovWeightedPerfectMatchingTest" time="0"/>
  <testcase name="testGetMatching17[8]" classname="org.jgrapht.alg.matching.blossom.v5.KolmogorovWeightedPerfectMatchingTest" time="0"/>
  <testcase name="testGetMatching18[8]" classname="org.jgrapht.alg.matching.blossom.v5.KolmogorovWeightedPerfectMatchingTest" time="0.001"/>
  <testcase name="testGetMatching19[8]" classname="org.jgrapht.alg.matching.blossom.v5.KolmogorovWeightedPerfectMatchingTest" time="0"/>
  <testcase name="testGetMatching20[8]" classname="org.jgrapht.alg.matching.blossom.v5.KolmogorovWeightedPerfectMatchingTest" time="0"/>
  <testcase name="testGetMatching21[8]" classname="org.jgrapht.alg.matching.blossom.v5.KolmogorovWeightedPerfectMatchingTest" time="0.001"/>
  <testcase name="testGetMatching22[8]" classname="org.jgrapht.alg.matching.blossom.v5.KolmogorovWeightedPerfectMatchingTest" time="0.001"/>
  <testcase name="testGetMatching23[8]" classname="org.jgrapht.alg.matching.blossom.v5.KolmogorovWeightedPerfectMatchingTest" time="0"/>
  <testcase name="testGetMatching24[8]" classname="org.jgrapht.alg.matching.blossom.v5.KolmogorovWeightedPerfectMatchingTest" time="0"/>
  <testcase name="testGetMatching25[8]" classname="org.jgrapht.alg.matching.blossom.v5.KolmogorovWeightedPerfectMatchingTest" time="0.001"/>
  <testcase name="testGetMatching26[8]" classname="org.jgrapht.alg.matching.blossom.v5.KolmogorovWeightedPerfectMatchingTest" time="0"/>
  <testcase name="testGetMatching27[8]" classname="org.jgrapht.alg.matching.blossom.v5.KolmogorovWeightedPerfectMatchingTest" time="0.003"/>
  <testcase name="testGetMatching28[8]" classname="org.jgrapht.alg.matching.blossom.v5.KolmogorovWeightedPerfectMatchingTest" time="0.006"/>
  <testcase name="testGetMatching29[8]" classname="org.jgrapht.alg.matching.blossom.v5.KolmogorovWeightedPerfectMatchingTest" time="0.003"/>
  <testcase name="testGetMatching30[8]" classname="org.jgrapht.alg.matching.blossom.v5.KolmogorovWeightedPerfectMatchingTest" time="0.003"/>
  <testcase name="testGetMatching31[8]" classname="org.jgrapht.alg.matching.blossom.v5.KolmogorovWeightedPerfectMatchingTest" time="0.027"/>
  <testcase name="testGetMatching32[8]" classname="org.jgrapht.alg.matching.blossom.v5.KolmogorovWeightedPerfectMatchingTest" time="0.013"/>
  <testcase name="testGetMatching33[8]" classname="org.jgrapht.alg.matching.blossom.v5.KolmogorovWeightedPerfectMatchingTest" time="0.036"/>
  <testcase name="testGetMatching34[8]" classname="org.jgrapht.alg.matching.blossom.v5.KolmogorovWeightedPerfectMatchingTest" time="0.085"/>
  <testcase name="testGetMatching35[8]" classname="org.jgrapht.alg.matching.blossom.v5.KolmogorovWeightedPerfectMatchingTest" time="0.085"/>
  <testcase name="testGetMatching36[8]" classname="org.jgrapht.alg.matching.blossom.v5.KolmogorovWeightedPerfectMatchingTest" time="0.128"/>
  <testcase name="testGetMatching37[8]" classname="org.jgrapht.alg.matching.blossom.v5.KolmogorovWeightedPerfectMatchingTest" time="0.001"/>
  <testcase name="testGetMatching38[8]" classname="org.jgrapht.alg.matching.blossom.v5.KolmogorovWeightedPerfectMatchingTest" time="0.006"/>
  <testcase name="testGetMatching39[8]" classname="org.jgrapht.alg.matching.blossom.v5.KolmogorovWeightedPerfectMatchingTest" time="0"/>
  <testcase name="testGetMatching40[8]" classname="org.jgrapht.alg.matching.blossom.v5.KolmogorovWeightedPerfectMatchingTest" time="0"/>
  <testcase name="testGetMatching41[8]" classname="org.jgrapht.alg.matching.blossom.v5.KolmogorovWeightedPerfectMatchingTest" time="0"/>
  <testcase name="testGetMatching42[8]" classname="org.jgrapht.alg.matching.blossom.v5.KolmogorovWeightedPerfectMatchingTest" time="0.001"/>
  <testcase name="testGetMatching43[8]" classname="org.jgrapht.alg.matching.blossom.v5.KolmogorovWeightedPerfectMatchingTest" time="0"/>
  <testcase name="testGetMatching44[8]" classname="org.jgrapht.alg.matching.blossom.v5.KolmogorovWeightedPerfectMatchingTest" time="0"/>
  <testcase name="testGetMatching45[8]" classname="org.jgrapht.alg.matching.blossom.v5.KolmogorovWeightedPerfectMatchingTest" time="0"/>
  <testcase name="testGetMatching46[8]" classname="org.jgrapht.alg.matching.blossom.v5.KolmogorovWeightedPerfectMatchingTest" time="0.001"/>
  <testcase name="testGetMatching47[8]" classname="org.jgrapht.alg.matching.blossom.v5.KolmogorovWeightedPerfectMatchingTest" time="0"/>
  <testcase name="testGetMatching48[8]" classname="org.jgrapht.alg.matching.blossom.v5.KolmogorovWeightedPerfectMatchingTest" time="0"/>
  <testcase name="testGetMatching49[8]" classname="org.jgrapht.alg.matching.blossom.v5.KolmogorovWeightedPerfectMatchingTest" time="0.001"/>
  <testcase name="testGetMatching50[8]" classname="org.jgrapht.alg.matching.blossom.v5.KolmogorovWeightedPerfectMatchingTest" time="0.001"/>
  <testcase name="testInvalidDualSolution[8]" classname="org.jgrapht.alg.matching.blossom.v5.KolmogorovWeightedPerfectMatchingTest" time="0"/>
  <testcase name="testGetMatching0[8]" classname="org.jgrapht.alg.matching.blossom.v5.KolmogorovWeightedPerfectMatchingTest" time="0"/>
  <testcase name="testGetMatching1[8]" classname="org.jgrapht.alg.matching.blossom.v5.KolmogorovWeightedPerfectMatchingTest" time="0"/>
  <testcase name="testGetMatching2[8]" classname="org.jgrapht.alg.matching.blossom.v5.KolmogorovWeightedPerfectMatchingTest" time="0"/>
  <testcase name="testGetMatching3[8]" classname="org.jgrapht.alg.matching.blossom.v5.KolmogorovWeightedPerfectMatchingTest" time="0"/>
  <testcase name="testGetMatching4[8]" classname="org.jgrapht.alg.matching.blossom.v5.KolmogorovWeightedPerfectMatchingTest" time="0"/>
  <testcase name="testGetMatching5[8]" classname="org.jgrapht.alg.matching.blossom.v5.KolmogorovWeightedPerfectMatchingTest" time="0"/>
  <testcase name="testGetMatching6[8]" classname="org.jgrapht.alg.matching.blossom.v5.KolmogorovWeightedPerfectMatchingTest" time="0"/>
  <testcase name="testGetMatching7[8]" classname="org.jgrapht.alg.matching.blossom.v5.KolmogorovWeightedPerfectMatchingTest" time="0.001"/>
  <testcase name="testGetMatching8[8]" classname="org.jgrapht.alg.matching.blossom.v5.KolmogorovWeightedPerfectMatchingTest" time="0"/>
  <testcase name="testGetMatching9[8]" classname="org.jgrapht.alg.matching.blossom.v5.KolmogorovWeightedPerfectMatchingTest" time="0"/>
  <testcase name="testGetMatching10[9]" classname="org.jgrapht.alg.matching.blossom.v5.KolmogorovWeightedPerfectMatchingTest" time="0"/>
  <testcase name="testGetMatching11[9]" classname="org.jgrapht.alg.matching.blossom.v5.KolmogorovWeightedPerfectMatchingTest" time="0"/>
  <testcase name="testGetMatching12[9]" classname="org.jgrapht.alg.matching.blossom.v5.KolmogorovWeightedPerfectMatchingTest" time="0"/>
  <testcase name="testGetMatching13[9]" classname="org.jgrapht.alg.matching.blossom.v5.KolmogorovWeightedPerfectMatchingTest" time="0"/>
  <testcase name="testGetMatching14[9]" classname="org.jgrapht.alg.matching.blossom.v5.KolmogorovWeightedPerfectMatchingTest" time="0"/>
  <testcase name="testGetMatching15[9]" classname="org.jgrapht.alg.matching.blossom.v5.KolmogorovWeightedPerfectMatchingTest" time="0.001"/>
  <testcase name="testGetMatching16[9]" classname="org.jgrapht.alg.matching.blossom.v5.KolmogorovWeightedPerfectMatchingTest" time="0"/>
  <testcase name="testGetMatching17[9]" classname="org.jgrapht.alg.matching.blossom.v5.KolmogorovWeightedPerfectMatchingTest" time="0"/>
  <testcase name="testGetMatching18[9]" classname="org.jgrapht.alg.matching.blossom.v5.KolmogorovWeightedPerfectMatchingTest" time="0"/>
  <testcase name="testGetMatching19[9]" classname="org.jgrapht.alg.matching.blossom.v5.KolmogorovWeightedPerfectMatchingTest" time="0"/>
  <testcase name="testGetMatching20[9]" classname="org.jgrapht.alg.matching.blossom.v5.KolmogorovWeightedPerfectMatchingTest" time="0.001"/>
  <testcase name="testGetMatching21[9]" classname="org.jgrapht.alg.matching.blossom.v5.KolmogorovWeightedPerfectMatchingTest" time="0"/>
  <testcase name="testGetMatching22[9]" classname="org.jgrapht.alg.matching.blossom.v5.KolmogorovWeightedPerfectMatchingTest" time="0"/>
  <testcase name="testGetMatching23[9]" classname="org.jgrapht.alg.matching.blossom.v5.KolmogorovWeightedPerfectMatchingTest" time="0"/>
  <testcase name="testGetMatching24[9]" classname="org.jgrapht.alg.matching.blossom.v5.KolmogorovWeightedPerfectMatchingTest" time="0"/>
  <testcase name="testGetMatching25[9]" classname="org.jgrapht.alg.matching.blossom.v5.KolmogorovWeightedPerfectMatchingTest" time="0"/>
  <testcase name="testGetMatching26[9]" classname="org.jgrapht.alg.matching.blossom.v5.KolmogorovWeightedPerfectMatchingTest" time="0.001"/>
  <testcase name="testGetMatching27[9]" classname="org.jgrapht.alg.matching.blossom.v5.KolmogorovWeightedPerfectMatchingTest" time="0"/>
  <testcase name="testGetMatching28[9]" classname="org.jgrapht.alg.matching.blossom.v5.KolmogorovWeightedPerfectMatchingTest" time="0"/>
  <testcase name="testGetMatching29[9]" classname="org.jgrapht.alg.matching.blossom.v5.KolmogorovWeightedPerfectMatchingTest" time="0.001"/>
  <testcase name="testGetMatching30[9]" classname="org.jgrapht.alg.matching.blossom.v5.KolmogorovWeightedPerfectMatchingTest" time="0.001"/>
  <testcase name="testGetMatching31[9]" classname="org.jgrapht.alg.matching.blossom.v5.KolmogorovWeightedPerfectMatchingTest" time="0.002"/>
  <testcase name="testGetMatching32[9]" classname="org.jgrapht.alg.matching.blossom.v5.KolmogorovWeightedPerfectMatchingTest" time="0.002"/>
  <testcase name="testGetMatching33[9]" classname="org.jgrapht.alg.matching.blossom.v5.KolmogorovWeightedPerfectMatchingTest" time="0.005"/>
  <testcase name="testGetMatching34[9]" classname="org.jgrapht.alg.matching.blossom.v5.KolmogorovWeightedPerfectMatchingTest" time="0.005"/>
  <testcase name="testGetMatching35[9]" classname="org.jgrapht.alg.matching.blossom.v5.KolmogorovWeightedPerfectMatchingTest" time="0.008"/>
  <testcase name="testGetMatching36[9]" classname="org.jgrapht.alg.matching.blossom.v5.KolmogorovWeightedPerfectMatchingTest" time="0.009"/>
  <testcase name="testGetMatching37[9]" classname="org.jgrapht.alg.matching.blossom.v5.KolmogorovWeightedPerfectMatchingTest" time="0"/>
  <testcase name="testGetMatching38[9]" classname="org.jgrapht.alg.matching.blossom.v5.KolmogorovWeightedPerfectMatchingTest" time="0.006"/>
  <testcase name="testGetMatching39[9]" classname="org.jgrapht.alg.matching.blossom.v5.KolmogorovWeightedPerfectMatchingTest" time="0"/>
  <testcase name="testGetMatching40[9]" classname="org.jgrapht.alg.matching.blossom.v5.KolmogorovWeightedPerfectMatchingTest" time="0"/>
  <testcase name="testGetMatching41[9]" classname="org.jgrapht.alg.matching.blossom.v5.KolmogorovWeightedPerfectMatchingTest" time="0"/>
  <testcase name="testGetMatching42[9]" classname="org.jgrapht.alg.matching.blossom.v5.KolmogorovWeightedPerfectMatchingTest" time="0"/>
  <testcase name="testGetMatching43[9]" classname="org.jgrapht.alg.matching.blossom.v5.KolmogorovWeightedPerfectMatchingTest" time="0"/>
  <testcase name="testGetMatching44[9]" classname="org.jgrapht.alg.matching.blossom.v5.KolmogorovWeightedPerfectMatchingTest" time="0"/>
  <testcase name="testGetMatching45[9]" classname="org.jgrapht.alg.matching.blossom.v5.KolmogorovWeightedPerfectMatchingTest" time="0"/>
  <testcase name="testGetMatching46[9]" classname="org.jgrapht.alg.matching.blossom.v5.KolmogorovWeightedPerfectMatchingTest" time="0.001"/>
  <testcase name="testGetMatching47[9]" classname="org.jgrapht.alg.matching.blossom.v5.KolmogorovWeightedPerfectMatchingTest" time="0"/>
  <testcase name="testGetMatching48[9]" classname="org.jgrapht.alg.matching.blossom.v5.KolmogorovWeightedPerfectMatchingTest" time="0"/>
  <testcase name="testGetMatching49[9]" classname="org.jgrapht.alg.matching.blossom.v5.KolmogorovWeightedPerfectMatchingTest" time="0.001"/>
  <testcase name="testGetMatching50[9]" classname="org.jgrapht.alg.matching.blossom.v5.KolmogorovWeightedPerfectMatchingTest" time="0.001"/>
  <testcase name="testInvalidDualSolution[9]" classname="org.jgrapht.alg.matching.blossom.v5.KolmogorovWeightedPerfectMatchingTest" time="0.001"/>
  <testcase name="testGetMatching0[9]" classname="org.jgrapht.alg.matching.blossom.v5.KolmogorovWeightedPerfectMatchingTest" time="0"/>
  <testcase name="testGetMatching1[9]" classname="org.jgrapht.alg.matching.blossom.v5.KolmogorovWeightedPerfectMatchingTest" time="0"/>
  <testcase name="testGetMatching2[9]" classname="org.jgrapht.alg.matching.blossom.v5.KolmogorovWeightedPerfectMatchingTest" time="0"/>
  <testcase name="testGetMatching3[9]" classname="org.jgrapht.alg.matching.blossom.v5.KolmogorovWeightedPerfectMatchingTest" time="0.001"/>
  <testcase name="testGetMatching4[9]" classname="org.jgrapht.alg.matching.blossom.v5.KolmogorovWeightedPerfectMatchingTest" time="0"/>
  <testcase name="testGetMatching5[9]" classname="org.jgrapht.alg.matching.blossom.v5.KolmogorovWeightedPerfectMatchingTest" time="0"/>
  <testcase name="testGetMatching6[9]" classname="org.jgrapht.alg.matching.blossom.v5.KolmogorovWeightedPerfectMatchingTest" time="0"/>
  <testcase name="testGetMatching7[9]" classname="org.jgrapht.alg.matching.blossom.v5.KolmogorovWeightedPerfectMatchingTest" time="0"/>
  <testcase name="testGetMatching8[9]" classname="org.jgrapht.alg.matching.blossom.v5.KolmogorovWeightedPerfectMatchingTest" time="0"/>
  <testcase name="testGetMatching9[9]" classname="org.jgrapht.alg.matching.blossom.v5.KolmogorovWeightedPerfectMatchingTest" time="0"/>
  <testcase name="testGetMatching10[10]" classname="org.jgrapht.alg.matching.blossom.v5.KolmogorovWeightedPerfectMatchingTest" time="0"/>
  <testcase name="testGetMatching11[10]" classname="org.jgrapht.alg.matching.blossom.v5.KolmogorovWeightedPerfectMatchingTest" time="0"/>
  <testcase name="testGetMatching12[10]" classname="org.jgrapht.alg.matching.blossom.v5.KolmogorovWeightedPerfectMatchingTest" time="0.001"/>
  <testcase name="testGetMatching13[10]" classname="org.jgrapht.alg.matching.blossom.v5.KolmogorovWeightedPerfectMatchingTest" time="0"/>
  <testcase name="testGetMatching14[10]" classname="org.jgrapht.alg.matching.blossom.v5.KolmogorovWeightedPerfectMatchingTest" time="0"/>
  <testcase name="testGetMatching15[10]" classname="org.jgrapht.alg.matching.blossom.v5.KolmogorovWeightedPerfectMatchingTest" time="0"/>
  <testcase name="testGetMatching16[10]" classname="org.jgrapht.alg.matching.blossom.v5.KolmogorovWeightedPerfectMatchingTest" time="0"/>
  <testcase name="testGetMatching17[10]" classname="org.jgrapht.alg.matching.blossom.v5.KolmogorovWeightedPerfectMatchingTest" time="0"/>
  <testcase name="testGetMatching18[10]" classname="org.jgrapht.alg.matching.blossom.v5.KolmogorovWeightedPerfectMatchingTest" time="0"/>
  <testcase name="testGetMatching19[10]" classname="org.jgrapht.alg.matching.blossom.v5.KolmogorovWeightedPerfectMatchingTest" time="0"/>
  <testcase name="testGetMatching20[10]" classname="org.jgrapht.alg.matching.blossom.v5.KolmogorovWeightedPerfectMatchingTest" time="0"/>
  <testcase name="testGetMatching21[10]" classname="org.jgrapht.alg.matching.blossom.v5.KolmogorovWeightedPerfectMatchingTest" time="0"/>
  <testcase name="testGetMatching22[10]" classname="org.jgrapht.alg.matching.blossom.v5.KolmogorovWeightedPerfectMatchingTest" time="0"/>
  <testcase name="testGetMatching23[10]" classname="org.jgrapht.alg.matching.blossom.v5.KolmogorovWeightedPerfectMatchingTest" time="0"/>
  <testcase name="testGetMatching24[10]" classname="org.jgrapht.alg.matching.blossom.v5.KolmogorovWeightedPerfectMatchingTest" time="0"/>
  <testcase name="testGetMatching25[10]" classname="org.jgrapht.alg.matching.blossom.v5.KolmogorovWeightedPerfectMatchingTest" time="0.001"/>
  <testcase name="testGetMatching26[10]" classname="org.jgrapht.alg.matching.blossom.v5.KolmogorovWeightedPerfectMatchingTest" time="0"/>
  <testcase name="testGetMatching27[10]" classname="org.jgrapht.alg.matching.blossom.v5.KolmogorovWeightedPerfectMatchingTest" time="0"/>
  <testcase name="testGetMatching28[10]" classname="org.jgrapht.alg.matching.blossom.v5.KolmogorovWeightedPerfectMatchingTest" time="0.001"/>
  <testcase name="testGetMatching29[10]" classname="org.jgrapht.alg.matching.blossom.v5.KolmogorovWeightedPerfectMatchingTest" time="0.001"/>
  <testcase name="testGetMatching30[10]" classname="org.jgrapht.alg.matching.blossom.v5.KolmogorovWeightedPerfectMatchingTest" time="0"/>
  <testcase name="testGetMatching31[10]" classname="org.jgrapht.alg.matching.blossom.v5.KolmogorovWeightedPerfectMatchingTest" time="0.002"/>
  <testcase name="testGetMatching32[10]" classname="org.jgrapht.alg.matching.blossom.v5.KolmogorovWeightedPerfectMatchingTest" time="0.002"/>
  <testcase name="testGetMatching33[10]" classname="org.jgrapht.alg.matching.blossom.v5.KolmogorovWeightedPerfectMatchingTest" time="0.003"/>
  <testcase name="testGetMatching34[10]" classname="org.jgrapht.alg.matching.blossom.v5.KolmogorovWeightedPerfectMatchingTest" time="0.003"/>
  <testcase name="testGetMatching35[10]" classname="org.jgrapht.alg.matching.blossom.v5.KolmogorovWeightedPerfectMatchingTest" time="0.006"/>
  <testcase name="testGetMatching36[10]" classname="org.jgrapht.alg.matching.blossom.v5.KolmogorovWeightedPerfectMatchingTest" time="0.005"/>
  <testcase name="testGetMatching37[10]" classname="org.jgrapht.alg.matching.blossom.v5.KolmogorovWeightedPerfectMatchingTest" time="0"/>
  <testcase name="testGetMatching38[10]" classname="org.jgrapht.alg.matching.blossom.v5.KolmogorovWeightedPerfectMatchingTest" time="0.002"/>
  <testcase name="testGetMatching39[10]" classname="org.jgrapht.alg.matching.blossom.v5.KolmogorovWeightedPerfectMatchingTest" time="0"/>
  <testcase name="testGetMatching40[10]" classname="org.jgrapht.alg.matching.blossom.v5.KolmogorovWeightedPerfectMatchingTest" time="0"/>
  <testcase name="testGetMatching41[10]" classname="org.jgrapht.alg.matching.blossom.v5.KolmogorovWeightedPerfectMatchingTest" time="0.001"/>
  <testcase name="testGetMatching42[10]" classname="org.jgrapht.alg.matching.blossom.v5.KolmogorovWeightedPerfectMatchingTest" time="0"/>
  <testcase name="testGetMatching43[10]" classname="org.jgrapht.alg.matching.blossom.v5.KolmogorovWeightedPerfectMatchingTest" time="0"/>
  <testcase name="testGetMatching44[10]" classname="org.jgrapht.alg.matching.blossom.v5.KolmogorovWeightedPerfectMatchingTest" time="0"/>
  <testcase name="testGetMatching45[10]" classname="org.jgrapht.alg.matching.blossom.v5.KolmogorovWeightedPerfectMatchingTest" time="0.001"/>
  <testcase name="testGetMatching46[10]" classname="org.jgrapht.alg.matching.blossom.v5.KolmogorovWeightedPerfectMatchingTest" time="0"/>
  <testcase name="testGetMatching47[10]" classname="org.jgrapht.alg.matching.blossom.v5.KolmogorovWeightedPerfectMatchingTest" time="0"/>
  <testcase name="testGetMatching48[10]" classname="org.jgrapht.alg.matching.blossom.v5.KolmogorovWeightedPerfectMatchingTest" time="0.001"/>
  <testcase name="testGetMatching49[10]" classname="org.jgrapht.alg.matching.blossom.v5.KolmogorovWeightedPerfectMatchingTest" time="0.001"/>
  <testcase name="testGetMatching50[10]" classname="org.jgrapht.alg.matching.blossom.v5.KolmogorovWeightedPerfectMatchingTest" time="0.001"/>
  <testcase name="testInvalidDualSolution[10]" classname="org.jgrapht.alg.matching.blossom.v5.KolmogorovWeightedPerfectMatchingTest" time="0"/>
  <testcase name="testGetMatching0[10]" classname="org.jgrapht.alg.matching.blossom.v5.KolmogorovWeightedPerfectMatchingTest" time="0"/>
  <testcase name="testGetMatching1[10]" classname="org.jgrapht.alg.matching.blossom.v5.KolmogorovWeightedPerfectMatchingTest" time="0"/>
  <testcase name="testGetMatching2[10]" classname="org.jgrapht.alg.matching.blossom.v5.KolmogorovWeightedPerfectMatchingTest" time="0.001"/>
  <testcase name="testGetMatching3[10]" classname="org.jgrapht.alg.matching.blossom.v5.KolmogorovWeightedPerfectMatchingTest" time="0"/>
  <testcase name="testGetMatching4[10]" classname="org.jgrapht.alg.matching.blossom.v5.KolmogorovWeightedPerfectMatchingTest" time="0"/>
  <testcase name="testGetMatching5[10]" classname="org.jgrapht.alg.matching.blossom.v5.KolmogorovWeightedPerfectMatchingTest" time="0"/>
  <testcase name="testGetMatching6[10]" classname="org.jgrapht.alg.matching.blossom.v5.KolmogorovWeightedPerfectMatchingTest" time="0"/>
  <testcase name="testGetMatching7[10]" classname="org.jgrapht.alg.matching.blossom.v5.KolmogorovWeightedPerfectMatchingTest" time="0"/>
  <testcase name="testGetMatching8[10]" classname="org.jgrapht.alg.matching.blossom.v5.KolmogorovWeightedPerfectMatchingTest" time="0"/>
  <testcase name="testGetMatching9[10]" classname="org.jgrapht.alg.matching.blossom.v5.KolmogorovWeightedPerfectMatchingTest" time="0"/>
  <testcase name="testGetMatching10[11]" classname="org.jgrapht.alg.matching.blossom.v5.KolmogorovWeightedPerfectMatchingTest" time="0"/>
  <testcase name="testGetMatching11[11]" classname="org.jgrapht.alg.matching.blossom.v5.KolmogorovWeightedPerfectMatchingTest" time="0"/>
  <testcase name="testGetMatching12[11]" classname="org.jgrapht.alg.matching.blossom.v5.KolmogorovWeightedPerfectMatchingTest" time="0.001"/>
  <testcase name="testGetMatching13[11]" classname="org.jgrapht.alg.matching.blossom.v5.KolmogorovWeightedPerfectMatchingTest" time="0"/>
  <testcase name="testGetMatching14[11]" classname="org.jgrapht.alg.matching.blossom.v5.KolmogorovWeightedPerfectMatchingTest" time="0"/>
  <testcase name="testGetMatching15[11]" classname="org.jgrapht.alg.matching.blossom.v5.KolmogorovWeightedPerfectMatchingTest" time="0"/>
  <testcase name="testGetMatching16[11]" classname="org.jgrapht.alg.matching.blossom.v5.KolmogorovWeightedPerfectMatchingTest" time="0"/>
  <testcase name="testGetMatching17[11]" classname="org.jgrapht.alg.matching.blossom.v5.KolmogorovWeightedPerfectMatchingTest" time="0"/>
  <testcase name="testGetMatching18[11]" classname="org.jgrapht.alg.matching.blossom.v5.KolmogorovWeightedPerfectMatchingTest" time="0"/>
  <testcase name="testGetMatching19[11]" classname="org.jgrapht.alg.matching.blossom.v5.KolmogorovWeightedPerfectMatchingTest" time="0"/>
  <testcase name="testGetMatching20[11]" classname="org.jgrapht.alg.matching.blossom.v5.KolmogorovWeightedPerfectMatchingTest" time="0"/>
  <testcase name="testGetMatching21[11]" classname="org.jgrapht.alg.matching.blossom.v5.KolmogorovWeightedPerfectMatchingTest" time="0"/>
  <testcase name="testGetMatching22[11]" classname="org.jgrapht.alg.matching.blossom.v5.KolmogorovWeightedPerfectMatchingTest" time="0"/>
  <testcase name="testGetMatching23[11]" classname="org.jgrapht.alg.matching.blossom.v5.KolmogorovWeightedPerfectMatchingTest" time="0"/>
  <testcase name="testGetMatching24[11]" classname="org.jgrapht.alg.matching.blossom.v5.KolmogorovWeightedPerfectMatchingTest" time="0"/>
  <testcase name="testGetMatching25[11]" classname="org.jgrapht.alg.matching.blossom.v5.KolmogorovWeightedPerfectMatchingTest" time="0"/>
  <testcase name="testGetMatching26[11]" classname="org.jgrapht.alg.matching.blossom.v5.KolmogorovWeightedPerfectMatchingTest" time="0"/>
  <testcase name="testGetMatching27[11]" classname="org.jgrapht.alg.matching.blossom.v5.KolmogorovWeightedPerfectMatchingTest" time="0.001"/>
  <testcase name="testGetMatching28[11]" classname="org.jgrapht.alg.matching.blossom.v5.KolmogorovWeightedPerfectMatchingTest" time="0"/>
  <testcase name="testGetMatching29[11]" classname="org.jgrapht.alg.matching.blossom.v5.KolmogorovWeightedPerfectMatchingTest" time="0.001"/>
  <testcase name="testGetMatching30[11]" classname="org.jgrapht.alg.matching.blossom.v5.KolmogorovWeightedPerfectMatchingTest" time="0.001"/>
  <testcase name="testGetMatching31[11]" classname="org.jgrapht.alg.matching.blossom.v5.KolmogorovWeightedPerfectMatchingTest" time="0.001"/>
  <testcase name="testGetMatching32[11]" classname="org.jgrapht.alg.matching.blossom.v5.KolmogorovWeightedPerfectMatchingTest" time="0.003"/>
  <testcase name="testGetMatching33[11]" classname="org.jgrapht.alg.matching.blossom.v5.KolmogorovWeightedPerfectMatchingTest" time="0.003"/>
  <testcase name="testGetMatching34[11]" classname="org.jgrapht.alg.matching.blossom.v5.KolmogorovWeightedPerfectMatchingTest" time="0.003"/>
  <testcase name="testGetMatching35[11]" classname="org.jgrapht.alg.matching.blossom.v5.KolmogorovWeightedPerfectMatchingTest" time="0.004"/>
  <testcase name="testGetMatching36[11]" classname="org.jgrapht.alg.matching.blossom.v5.KolmogorovWeightedPerfectMatchingTest" time="0.005"/>
  <testcase name="testGetMatching37[11]" classname="org.jgrapht.alg.matching.blossom.v5.KolmogorovWeightedPerfectMatchingTest" time="0.001"/>
  <testcase name="testGetMatching38[11]" classname="org.jgrapht.alg.matching.blossom.v5.KolmogorovWeightedPerfectMatchingTest" time="0.003"/>
  <testcase name="testGetMatching39[11]" classname="org.jgrapht.alg.matching.blossom.v5.KolmogorovWeightedPerfectMatchingTest" time="0"/>
  <testcase name="testGetMatching40[11]" classname="org.jgrapht.alg.matching.blossom.v5.KolmogorovWeightedPerfectMatchingTest" time="0"/>
  <testcase name="testGetMatching41[11]" classname="org.jgrapht.alg.matching.blossom.v5.KolmogorovWeightedPerfectMatchingTest" time="0"/>
  <testcase name="testGetMatching42[11]" classname="org.jgrapht.alg.matching.blossom.v5.KolmogorovWeightedPerfectMatchingTest" time="0"/>
  <testcase name="testGetMatching43[11]" classname="org.jgrapht.alg.matching.blossom.v5.KolmogorovWeightedPerfectMatchingTest" time="0"/>
  <testcase name="testGetMatching44[11]" classname="org.jgrapht.alg.matching.blossom.v5.KolmogorovWeightedPerfectMatchingTest" time="0.001"/>
  <testcase name="testGetMatching45[11]" classname="org.jgrapht.alg.matching.blossom.v5.KolmogorovWeightedPerfectMatchingTest" time="0"/>
  <testcase name="testGetMatching46[11]" classname="org.jgrapht.alg.matching.blossom.v5.KolmogorovWeightedPerfectMatchingTest" time="0"/>
  <testcase name="testGetMatching47[11]" classname="org.jgrapht.alg.matching.blossom.v5.KolmogorovWeightedPerfectMatchingTest" time="0"/>
  <testcase name="testGetMatching48[11]" classname="org.jgrapht.alg.matching.blossom.v5.KolmogorovWeightedPerfectMatchingTest" time="0.001"/>
  <testcase name="testGetMatching49[11]" classname="org.jgrapht.alg.matching.blossom.v5.KolmogorovWeightedPerfectMatchingTest" time="0.001"/>
  <testcase name="testGetMatching50[11]" classname="org.jgrapht.alg.matching.blossom.v5.KolmogorovWeightedPerfectMatchingTest" time="0.001"/>
  <testcase name="testInvalidDualSolution[11]" classname="org.jgrapht.alg.matching.blossom.v5.KolmogorovWeightedPerfectMatchingTest" time="0"/>
  <testcase name="testGetMatching0[11]" classname="org.jgrapht.alg.matching.blossom.v5.KolmogorovWeightedPerfectMatchingTest" time="0"/>
  <testcase name="testGetMatching1[11]" classname="org.jgrapht.alg.matching.blossom.v5.KolmogorovWeightedPerfectMatchingTest" time="0"/>
  <testcase name="testGetMatching2[11]" classname="org.jgrapht.alg.matching.blossom.v5.KolmogorovWeightedPerfectMatchingTest" time="0"/>
  <testcase name="testGetMatching3[11]" classname="org.jgrapht.alg.matching.blossom.v5.KolmogorovWeightedPerfectMatchingTest" time="0"/>
  <testcase name="testGetMatching4[11]" classname="org.jgrapht.alg.matching.blossom.v5.KolmogorovWeightedPerfectMatchingTest" time="0"/>
  <testcase name="testGetMatching5[11]" classname="org.jgrapht.alg.matching.blossom.v5.KolmogorovWeightedPerfectMatchingTest" time="0"/>
  <testcase name="testGetMatching6[11]" classname="org.jgrapht.alg.matching.blossom.v5.KolmogorovWeightedPerfectMatchingTest" time="0"/>
  <testcase name="testGetMatching7[11]" classname="org.jgrapht.alg.matching.blossom.v5.KolmogorovWeightedPerfectMatchingTest" time="0"/>
  <testcase name="testGetMatching8[11]" classname="org.jgrapht.alg.matching.blossom.v5.KolmogorovWeightedPerfectMatchingTest" time="0"/>
  <testcase name="testGetMatching9[11]" classname="org.jgrapht.alg.matching.blossom.v5.KolmogorovWeightedPerfectMatchingTest" time="0"/>
  <testcase name="testGetMatching10[12]" classname="org.jgrapht.alg.matching.blossom.v5.KolmogorovWeightedPerfectMatchingTest" time="0"/>
  <testcase name="testGetMatching11[12]" classname="org.jgrapht.alg.matching.blossom.v5.KolmogorovWeightedPerfectMatchingTest" time="0.001"/>
  <testcase name="testGetMatching12[12]" classname="org.jgrapht.alg.matching.blossom.v5.KolmogorovWeightedPerfectMatchingTest" time="0"/>
  <testcase name="testGetMatching13[12]" classname="org.jgrapht.alg.matching.blossom.v5.KolmogorovWeightedPerfectMatchingTest" time="0"/>
  <testcase name="testGetMatching14[12]" classname="org.jgrapht.alg.matching.blossom.v5.KolmogorovWeightedPerfectMatchingTest" time="0"/>
  <testcase name="testGetMatching15[12]" classname="org.jgrapht.alg.matching.blossom.v5.KolmogorovWeightedPerfectMatchingTest" time="0"/>
  <testcase name="testGetMatching16[12]" classname="org.jgrapht.alg.matching.blossom.v5.KolmogorovWeightedPerfectMatchingTest" time="0"/>
  <testcase name="testGetMatching17[12]" classname="org.jgrapht.alg.matching.blossom.v5.KolmogorovWeightedPerfectMatchingTest" time="0"/>
  <testcase name="testGetMatching18[12]" classname="org.jgrapht.alg.matching.blossom.v5.KolmogorovWeightedPerfectMatchingTest" time="0"/>
  <testcase name="testGetMatching19[12]" classname="org.jgrapht.alg.matching.blossom.v5.KolmogorovWeightedPerfectMatchingTest" time="0.001"/>
  <testcase name="testGetMatching20[12]" classname="org.jgrapht.alg.matching.blossom.v5.KolmogorovWeightedPerfectMatchingTest" time="0"/>
  <testcase name="testGetMatching21[12]" classname="org.jgrapht.alg.matching.blossom.v5.KolmogorovWeightedPerfectMatchingTest" time="0"/>
  <testcase name="testGetMatching22[12]" classname="org.jgrapht.alg.matching.blossom.v5.KolmogorovWeightedPerfectMatchingTest" time="0"/>
  <testcase name="testGetMatching23[12]" classname="org.jgrapht.alg.matching.blossom.v5.KolmogorovWeightedPerfectMatchingTest" time="0.001"/>
  <testcase name="testGetMatching24[12]" classname="org.jgrapht.alg.matching.blossom.v5.KolmogorovWeightedPerfectMatchingTest" time="0"/>
  <testcase name="testGetMatching25[12]" classname="org.jgrapht.alg.matching.blossom.v5.KolmogorovWeightedPerfectMatchingTest" time="0"/>
  <testcase name="testGetMatching26[12]" classname="org.jgrapht.alg.matching.blossom.v5.KolmogorovWeightedPerfectMatchingTest" time="0.001"/>
  <testcase name="testGetMatching27[12]" classname="org.jgrapht.alg.matching.blossom.v5.KolmogorovWeightedPerfectMatchingTest" time="0"/>
  <testcase name="testGetMatching28[12]" classname="org.jgrapht.alg.matching.blossom.v5.KolmogorovWeightedPerfectMatchingTest" time="0.001"/>
  <testcase name="testGetMatching29[12]" classname="org.jgrapht.alg.matching.blossom.v5.KolmogorovWeightedPerfectMatchingTest" time="0.001"/>
  <testcase name="testGetMatching30[12]" classname="org.jgrapht.alg.matching.blossom.v5.KolmogorovWeightedPerfectMatchingTest" time="0.002"/>
  <testcase name="testGetMatching31[12]" classname="org.jgrapht.alg.matching.blossom.v5.KolmogorovWeightedPerfectMatchingTest" time="0.008"/>
  <testcase name="testGetMatching32[12]" classname="org.jgrapht.alg.matching.blossom.v5.KolmogorovWeightedPerfectMatchingTest" time="0.006"/>
  <testcase name="testGetMatching33[12]" classname="org.jgrapht.alg.matching.blossom.v5.KolmogorovWeightedPerfectMatchingTest" time="0.03"/>
  <testcase name="testGetMatching34[12]" classname="org.jgrapht.alg.matching.blossom.v5.KolmogorovWeightedPerfectMatchingTest" time="0.058"/>
  <testcase name="testGetMatching35[12]" classname="org.jgrapht.alg.matching.blossom.v5.KolmogorovWeightedPerfectMatchingTest" time="0.108"/>
  <testcase name="testGetMatching36[12]" classname="org.jgrapht.alg.matching.blossom.v5.KolmogorovWeightedPerfectMatchingTest" time="0.127"/>
  <testcase name="testGetMatching37[12]" classname="org.jgrapht.alg.matching.blossom.v5.KolmogorovWeightedPerfectMatchingTest" time="0"/>
  <testcase name="testGetMatching38[12]" classname="org.jgrapht.alg.matching.blossom.v5.KolmogorovWeightedPerfectMatchingTest" time="0.004"/>
  <testcase name="testGetMatching39[12]" classname="org.jgrapht.alg.matching.blossom.v5.KolmogorovWeightedPerfectMatchingTest" time="0"/>
  <testcase name="testGetMatching40[12]" classname="org.jgrapht.alg.matching.blossom.v5.KolmogorovWeightedPerfectMatchingTest" time="0"/>
  <testcase name="testGetMatching41[12]" classname="org.jgrapht.alg.matching.blossom.v5.KolmogorovWeightedPerfectMatchingTest" time="0"/>
  <testcase name="testGetMatching42[12]" classname="org.jgrapht.alg.matching.blossom.v5.KolmogorovWeightedPerfectMatchingTest" time="0"/>
  <testcase name="testGetMatching43[12]" classname="org.jgrapht.alg.matching.blossom.v5.KolmogorovWeightedPerfectMatchingTest" time="0.001"/>
  <testcase name="testGetMatching44[12]" classname="org.jgrapht.alg.matching.blossom.v5.KolmogorovWeightedPerfectMatchingTest" time="0"/>
  <testcase name="testGetMatching45[12]" classname="org.jgrapht.alg.matching.blossom.v5.KolmogorovWeightedPerfectMatchingTest" time="0"/>
  <testcase name="testGetMatching46[12]" classname="org.jgrapht.alg.matching.blossom.v5.KolmogorovWeightedPerfectMatchingTest" time="0.001"/>
  <testcase name="testGetMatching47[12]" classname="org.jgrapht.alg.matching.blossom.v5.KolmogorovWeightedPerfectMatchingTest" time="0"/>
  <testcase name="testGetMatching48[12]" classname="org.jgrapht.alg.matching.blossom.v5.KolmogorovWeightedPerfectMatchingTest" time="0"/>
  <testcase name="testGetMatching49[12]" classname="org.jgrapht.alg.matching.blossom.v5.KolmogorovWeightedPerfectMatchingTest" time="0.001"/>
  <testcase name="testGetMatching50[12]" classname="org.jgrapht.alg.matching.blossom.v5.KolmogorovWeightedPerfectMatchingTest" time="0.002"/>
  <testcase name="testInvalidDualSolution[12]" classname="org.jgrapht.alg.matching.blossom.v5.KolmogorovWeightedPerfectMatchingTest" time="0"/>
  <testcase name="testGetMatching0[12]" classname="org.jgrapht.alg.matching.blossom.v5.KolmogorovWeightedPerfectMatchingTest" time="0"/>
  <testcase name="testGetMatching1[12]" classname="org.jgrapht.alg.matching.blossom.v5.KolmogorovWeightedPerfectMatchingTest" time="0.001"/>
  <testcase name="testGetMatching2[12]" classname="org.jgrapht.alg.matching.blossom.v5.KolmogorovWeightedPerfectMatchingTest" time="0"/>
  <testcase name="testGetMatching3[12]" classname="org.jgrapht.alg.matching.blossom.v5.KolmogorovWeightedPerfectMatchingTest" time="0"/>
  <testcase name="testGetMatching4[12]" classname="org.jgrapht.alg.matching.blossom.v5.KolmogorovWeightedPerfectMatchingTest" time="0"/>
  <testcase name="testGetMatching5[12]" classname="org.jgrapht.alg.matching.blossom.v5.KolmogorovWeightedPerfectMatchingTest" time="0.001"/>
  <testcase name="testGetMatching6[12]" classname="org.jgrapht.alg.matching.blossom.v5.KolmogorovWeightedPerfectMatchingTest" time="0"/>
  <testcase name="testGetMatching7[12]" classname="org.jgrapht.alg.matching.blossom.v5.KolmogorovWeightedPerfectMatchingTest" time="0"/>
  <testcase name="testGetMatching8[12]" classname="org.jgrapht.alg.matching.blossom.v5.KolmogorovWeightedPerfectMatchingTest" time="0"/>
  <testcase name="testGetMatching9[12]" classname="org.jgrapht.alg.matching.blossom.v5.KolmogorovWeightedPerfectMatchingTest" time="0"/>
  <testcase name="testGetMatching10[13]" classname="org.jgrapht.alg.matching.blossom.v5.KolmogorovWeightedPerfectMatchingTest" time="0"/>
  <testcase name="testGetMatching11[13]" classname="org.jgrapht.alg.matching.blossom.v5.KolmogorovWeightedPerfectMatchingTest" time="0"/>
  <testcase name="testGetMatching12[13]" classname="org.jgrapht.alg.matching.blossom.v5.KolmogorovWeightedPerfectMatchingTest" time="0"/>
  <testcase name="testGetMatching13[13]" classname="org.jgrapht.alg.matching.blossom.v5.KolmogorovWeightedPerfectMatchingTest" time="0"/>
  <testcase name="testGetMatching14[13]" classname="org.jgrapht.alg.matching.blossom.v5.KolmogorovWeightedPerfectMatchingTest" time="0"/>
  <testcase name="testGetMatching15[13]" classname="org.jgrapht.alg.matching.blossom.v5.KolmogorovWeightedPerfectMatchingTest" time="0"/>
  <testcase name="testGetMatching16[13]" classname="org.jgrapht.alg.matching.blossom.v5.KolmogorovWeightedPerfectMatchingTest" time="0"/>
  <testcase name="testGetMatching17[13]" classname="org.jgrapht.alg.matching.blossom.v5.KolmogorovWeightedPerfectMatchingTest" time="0"/>
  <testcase name="testGetMatching18[13]" classname="org.jgrapht.alg.matching.blossom.v5.KolmogorovWeightedPerfectMatchingTest" time="0.001"/>
  <testcase name="testGetMatching19[13]" classname="org.jgrapht.alg.matching.blossom.v5.KolmogorovWeightedPerfectMatchingTest" time="0"/>
  <testcase name="testGetMatching20[13]" classname="org.jgrapht.alg.matching.blossom.v5.KolmogorovWeightedPerfectMatchingTest" time="0"/>
  <testcase name="testGetMatching21[13]" classname="org.jgrapht.alg.matching.blossom.v5.KolmogorovWeightedPerfectMatchingTest" time="0"/>
  <testcase name="testGetMatching22[13]" classname="org.jgrapht.alg.matching.blossom.v5.KolmogorovWeightedPerfectMatchingTest" time="0"/>
  <testcase name="testGetMatching23[13]" classname="org.jgrapht.alg.matching.blossom.v5.KolmogorovWeightedPerfectMatchingTest" time="0"/>
  <testcase name="testGetMatching24[13]" classname="org.jgrapht.alg.matching.blossom.v5.KolmogorovWeightedPerfectMatchingTest" time="0"/>
  <testcase name="testGetMatching25[13]" classname="org.jgrapht.alg.matching.blossom.v5.KolmogorovWeightedPerfectMatchingTest" time="0.001"/>
  <testcase name="testGetMatching26[13]" classname="org.jgrapht.alg.matching.blossom.v5.KolmogorovWeightedPerfectMatchingTest" time="0"/>
  <testcase name="testGetMatching27[13]" classname="org.jgrapht.alg.matching.blossom.v5.KolmogorovWeightedPerfectMatchingTest" time="0"/>
  <testcase name="testGetMatching28[13]" classname="org.jgrapht.alg.matching.blossom.v5.KolmogorovWeightedPerfectMatchingTest" time="0"/>
  <testcase name="testGetMatching29[13]" classname="org.jgrapht.alg.matching.blossom.v5.KolmogorovWeightedPerfectMatchingTest" time="0.002"/>
  <testcase name="testGetMatching30[13]" classname="org.jgrapht.alg.matching.blossom.v5.KolmogorovWeightedPerfectMatchingTest" time="0.003"/>
  <testcase name="testGetMatching31[13]" classname="org.jgrapht.alg.matching.blossom.v5.KolmogorovWeightedPerfectMatchingTest" time="0.003"/>
  <testcase name="testGetMatching32[13]" classname="org.jgrapht.alg.matching.blossom.v5.KolmogorovWeightedPerfectMatchingTest" time="0.002"/>
  <testcase name="testGetMatching33[13]" classname="org.jgrapht.alg.matching.blossom.v5.KolmogorovWeightedPerfectMatchingTest" time="0.007"/>
  <testcase name="testGetMatching34[13]" classname="org.jgrapht.alg.matching.blossom.v5.KolmogorovWeightedPerfectMatchingTest" time="0.003"/>
  <testcase name="testGetMatching35[13]" classname="org.jgrapht.alg.matching.blossom.v5.KolmogorovWeightedPerfectMatchingTest" time="0.009"/>
  <testcase name="testGetMatching36[13]" classname="org.jgrapht.alg.matching.blossom.v5.KolmogorovWeightedPerfectMatchingTest" time="0.008"/>
  <testcase name="testGetMatching37[13]" classname="org.jgrapht.alg.matching.blossom.v5.KolmogorovWeightedPerfectMatchingTest" time="0.001"/>
  <testcase name="testGetMatching38[13]" classname="org.jgrapht.alg.matching.blossom.v5.KolmogorovWeightedPerfectMatchingTest" time="0.005"/>
  <testcase name="testGetMatching39[13]" classname="org.jgrapht.alg.matching.blossom.v5.KolmogorovWeightedPerfectMatchingTest" time="0"/>
  <testcase name="testGetMatching40[13]" classname="org.jgrapht.alg.matching.blossom.v5.KolmogorovWeightedPerfectMatchingTest" time="0"/>
  <testcase name="testGetMatching41[13]" classname="org.jgrapht.alg.matching.blossom.v5.KolmogorovWeightedPerfectMatchingTest" time="0"/>
  <testcase name="testGetMatching42[13]" classname="org.jgrapht.alg.matching.blossom.v5.KolmogorovWeightedPerfectMatchingTest" time="0"/>
  <testcase name="testGetMatching43[13]" classname="org.jgrapht.alg.matching.blossom.v5.KolmogorovWeightedPerfectMatchingTest" time="0"/>
  <testcase name="testGetMatching44[13]" classname="org.jgrapht.alg.matching.blossom.v5.KolmogorovWeightedPerfectMatchingTest" time="0"/>
  <testcase name="testGetMatching45[13]" classname="org.jgrapht.alg.matching.blossom.v5.KolmogorovWeightedPerfectMatchingTest" time="0"/>
  <testcase name="testGetMatching46[13]" classname="org.jgrapht.alg.matching.blossom.v5.KolmogorovWeightedPerfectMatchingTest" time="0.001"/>
  <testcase name="testGetMatching47[13]" classname="org.jgrapht.alg.matching.blossom.v5.KolmogorovWeightedPerfectMatchingTest" time="0.001"/>
  <testcase name="testGetMatching48[13]" classname="org.jgrapht.alg.matching.blossom.v5.KolmogorovWeightedPerfectMatchingTest" time="0"/>
  <testcase name="testGetMatching49[13]" classname="org.jgrapht.alg.matching.blossom.v5.KolmogorovWeightedPerfectMatchingTest" time="0.001"/>
  <testcase name="testGetMatching50[13]" classname="org.jgrapht.alg.matching.blossom.v5.KolmogorovWeightedPerfectMatchingTest" time="0.001"/>
  <testcase name="testInvalidDualSolution[13]" classname="org.jgrapht.alg.matching.blossom.v5.KolmogorovWeightedPerfectMatchingTest" time="0"/>
  <testcase name="testGetMatching0[13]" classname="org.jgrapht.alg.matching.blossom.v5.KolmogorovWeightedPerfectMatchingTest" time="0"/>
  <testcase name="testGetMatching1[13]" classname="org.jgrapht.alg.matching.blossom.v5.KolmogorovWeightedPerfectMatchingTest" time="0"/>
  <testcase name="testGetMatching2[13]" classname="org.jgrapht.alg.matching.blossom.v5.KolmogorovWeightedPerfectMatchingTest" time="0"/>
  <testcase name="testGetMatching3[13]" classname="org.jgrapht.alg.matching.blossom.v5.KolmogorovWeightedPerfectMatchingTest" time="0"/>
  <testcase name="testGetMatching4[13]" classname="org.jgrapht.alg.matching.blossom.v5.KolmogorovWeightedPerfectMatchingTest" time="0"/>
  <testcase name="testGetMatching5[13]" classname="org.jgrapht.alg.matching.blossom.v5.KolmogorovWeightedPerfectMatchingTest" time="0"/>
  <testcase name="testGetMatching6[13]" classname="org.jgrapht.alg.matching.blossom.v5.KolmogorovWeightedPerfectMatchingTest" time="0"/>
  <testcase name="testGetMatching7[13]" classname="org.jgrapht.alg.matching.blossom.v5.KolmogorovWeightedPerfectMatchingTest" time="0"/>
  <testcase name="testGetMatching8[13]" classname="org.jgrapht.alg.matching.blossom.v5.KolmogorovWeightedPerfectMatchingTest" time="0.001"/>
  <testcase name="testGetMatching9[13]" classname="org.jgrapht.alg.matching.blossom.v5.KolmogorovWeightedPerfectMatchingTest" time="0"/>
  <testcase name="testGetMatching10[14]" classname="org.jgrapht.alg.matching.blossom.v5.KolmogorovWeightedPerfectMatchingTest" time="0"/>
  <testcase name="testGetMatching11[14]" classname="org.jgrapht.alg.matching.blossom.v5.KolmogorovWeightedPerfectMatchingTest" time="0"/>
  <testcase name="testGetMatching12[14]" classname="org.jgrapht.alg.matching.blossom.v5.KolmogorovWeightedPerfectMatchingTest" time="0"/>
  <testcase name="testGetMatching13[14]" classname="org.jgrapht.alg.matching.blossom.v5.KolmogorovWeightedPerfectMatchingTest" time="0"/>
  <testcase name="testGetMatching14[14]" classname="org.jgrapht.alg.matching.blossom.v5.KolmogorovWeightedPerfectMatchingTest" time="0"/>
  <testcase name="testGetMatching15[14]" classname="org.jgrapht.alg.matching.blossom.v5.KolmogorovWeightedPerfectMatchingTest" time="0"/>
  <testcase name="testGetMatching16[14]" classname="org.jgrapht.alg.matching.blossom.v5.KolmogorovWeightedPerfectMatchingTest" time="0.001"/>
  <testcase name="testGetMatching17[14]" classname="org.jgrapht.alg.matching.blossom.v5.KolmogorovWeightedPerfectMatchingTest" time="0"/>
  <testcase name="testGetMatching18[14]" classname="org.jgrapht.alg.matching.blossom.v5.KolmogorovWeightedPerfectMatchingTest" time="0"/>
  <testcase name="testGetMatching19[14]" classname="org.jgrapht.alg.matching.blossom.v5.KolmogorovWeightedPerfectMatchingTest" time="0"/>
  <testcase name="testGetMatching20[14]" classname="org.jgrapht.alg.matching.blossom.v5.KolmogorovWeightedPerfectMatchingTest" time="0"/>
  <testcase name="testGetMatching21[14]" classname="org.jgrapht.alg.matching.blossom.v5.KolmogorovWeightedPerfectMatchingTest" time="0"/>
  <testcase name="testGetMatching22[14]" classname="org.jgrapht.alg.matching.blossom.v5.KolmogorovWeightedPerfectMatchingTest" time="0.001"/>
  <testcase name="testGetMatching23[14]" classname="org.jgrapht.alg.matching.blossom.v5.KolmogorovWeightedPerfectMatchingTest" time="0"/>
  <testcase name="testGetMatching24[14]" classname="org.jgrapht.alg.matching.blossom.v5.KolmogorovWeightedPerfectMatchingTest" time="0"/>
  <testcase name="testGetMatching25[14]" classname="org.jgrapht.alg.matching.blossom.v5.KolmogorovWeightedPerfectMatchingTest" time="0"/>
  <testcase name="testGetMatching26[14]" classname="org.jgrapht.alg.matching.blossom.v5.KolmogorovWeightedPerfectMatchingTest" time="0"/>
  <testcase name="testGetMatching27[14]" classname="org.jgrapht.alg.matching.blossom.v5.KolmogorovWeightedPerfectMatchingTest" time="0"/>
  <testcase name="testGetMatching28[14]" classname="org.jgrapht.alg.matching.blossom.v5.KolmogorovWeightedPerfectMatchingTest" time="0"/>
  <testcase name="testGetMatching29[14]" classname="org.jgrapht.alg.matching.blossom.v5.KolmogorovWeightedPerfectMatchingTest" time="0.001"/>
  <testcase name="testGetMatching30[14]" classname="org.jgrapht.alg.matching.blossom.v5.KolmogorovWeightedPerfectMatchingTest" time="0.001"/>
  <testcase name="testGetMatching31[14]" classname="org.jgrapht.alg.matching.blossom.v5.KolmogorovWeightedPerfectMatchingTest" time="0.003"/>
  <testcase name="testGetMatching32[14]" classname="org.jgrapht.alg.matching.blossom.v5.KolmogorovWeightedPerfectMatchingTest" time="0.002"/>
  <testcase name="testGetMatching33[14]" classname="org.jgrapht.alg.matching.blossom.v5.KolmogorovWeightedPerfectMatchingTest" time="0.005"/>
  <testcase name="testGetMatching34[14]" classname="org.jgrapht.alg.matching.blossom.v5.KolmogorovWeightedPerfectMatchingTest" time="0.005"/>
  <testcase name="testGetMatching35[14]" classname="org.jgrapht.alg.matching.blossom.v5.KolmogorovWeightedPerfectMatchingTest" time="0.004"/>
  <testcase name="testGetMatching36[14]" classname="org.jgrapht.alg.matching.blossom.v5.KolmogorovWeightedPerfectMatchingTest" time="0.005"/>
  <testcase name="testGetMatching37[14]" classname="org.jgrapht.alg.matching.blossom.v5.KolmogorovWeightedPerfectMatchingTest" time="0"/>
  <testcase name="testGetMatching38[14]" classname="org.jgrapht.alg.matching.blossom.v5.KolmogorovWeightedPerfectMatchingTest" time="0.003"/>
  <testcase name="testGetMatching39[14]" classname="org.jgrapht.alg.matching.blossom.v5.KolmogorovWeightedPerfectMatchingTest" time="0"/>
  <testcase name="testGetMatching40[14]" classname="org.jgrapht.alg.matching.blossom.v5.KolmogorovWeightedPerfectMatchingTest" time="0"/>
  <testcase name="testGetMatching41[14]" classname="org.jgrapht.alg.matching.blossom.v5.KolmogorovWeightedPerfectMatchingTest" time="0"/>
  <testcase name="testGetMatching42[14]" classname="org.jgrapht.alg.matching.blossom.v5.KolmogorovWeightedPerfectMatchingTest" time="0"/>
  <testcase name="testGetMatching43[14]" classname="org.jgrapht.alg.matching.blossom.v5.KolmogorovWeightedPerfectMatchingTest" time="0"/>
  <testcase name="testGetMatching44[14]" classname="org.jgrapht.alg.matching.blossom.v5.KolmogorovWeightedPerfectMatchingTest" time="0"/>
  <testcase name="testGetMatching45[14]" classname="org.jgrapht.alg.matching.blossom.v5.KolmogorovWeightedPerfectMatchingTest" time="0.001"/>
  <testcase name="testGetMatching46[14]" classname="org.jgrapht.alg.matching.blossom.v5.KolmogorovWeightedPerfectMatchingTest" time="0.001"/>
  <testcase name="testGetMatching47[14]" classname="org.jgrapht.alg.matching.blossom.v5.KolmogorovWeightedPerfectMatchingTest" time="0"/>
  <testcase name="testGetMatching48[14]" classname="org.jgrapht.alg.matching.blossom.v5.KolmogorovWeightedPerfectMatchingTest" time="0.001"/>
  <testcase name="testGetMatching49[14]" classname="org.jgrapht.alg.matching.blossom.v5.KolmogorovWeightedPerfectMatchingTest" time="0.003"/>
  <testcase name="testGetMatching50[14]" classname="org.jgrapht.alg.matching.blossom.v5.KolmogorovWeightedPerfectMatchingTest" time="0.002"/>
  <testcase name="testInvalidDualSolution[14]" classname="org.jgrapht.alg.matching.blossom.v5.KolmogorovWeightedPerfectMatchingTest" time="0"/>
  <testcase name="testGetMatching0[14]" classname="org.jgrapht.alg.matching.blossom.v5.KolmogorovWeightedPerfectMatchingTest" time="0"/>
  <testcase name="testGetMatching1[14]" classname="org.jgrapht.alg.matching.blossom.v5.KolmogorovWeightedPerfectMatchingTest" time="0"/>
  <testcase name="testGetMatching2[14]" classname="org.jgrapht.alg.matching.blossom.v5.KolmogorovWeightedPerfectMatchingTest" time="0"/>
  <testcase name="testGetMatching3[14]" classname="org.jgrapht.alg.matching.blossom.v5.KolmogorovWeightedPerfectMatchingTest" time="0"/>
  <testcase name="testGetMatching4[14]" classname="org.jgrapht.alg.matching.blossom.v5.KolmogorovWeightedPerfectMatchingTest" time="0"/>
  <testcase name="testGetMatching5[14]" classname="org.jgrapht.alg.matching.blossom.v5.KolmogorovWeightedPerfectMatchingTest" time="0"/>
  <testcase name="testGetMatching6[14]" classname="org.jgrapht.alg.matching.blossom.v5.KolmogorovWeightedPerfectMatchingTest" time="0"/>
  <testcase name="testGetMatching7[14]" classname="org.jgrapht.alg.matching.blossom.v5.KolmogorovWeightedPerfectMatchingTest" time="0"/>
  <testcase name="testGetMatching8[14]" classname="org.jgrapht.alg.matching.blossom.v5.KolmogorovWeightedPerfectMatchingTest" time="0"/>
  <testcase name="testGetMatching9[14]" classname="org.jgrapht.alg.matching.blossom.v5.KolmogorovWeightedPerfectMatchingTest" time="0"/>
  <testcase name="testGetMatching10[15]" classname="org.jgrapht.alg.matching.blossom.v5.KolmogorovWeightedPerfectMatchingTest" time="0.001"/>
  <testcase name="testGetMatching11[15]" classname="org.jgrapht.alg.matching.blossom.v5.KolmogorovWeightedPerfectMatchingTest" time="0"/>
  <testcase name="testGetMatching12[15]" classname="org.jgrapht.alg.matching.blossom.v5.KolmogorovWeightedPerfectMatchingTest" time="0.001"/>
  <testcase name="testGetMatching13[15]" classname="org.jgrapht.alg.matching.blossom.v5.KolmogorovWeightedPerfectMatchingTest" time="0"/>
  <testcase name="testGetMatching14[15]" classname="org.jgrapht.alg.matching.blossom.v5.KolmogorovWeightedPerfectMatchingTest" time="0"/>
  <testcase name="testGetMatching15[15]" classname="org.jgrapht.alg.matching.blossom.v5.KolmogorovWeightedPerfectMatchingTest" time="0"/>
  <testcase name="testGetMatching16[15]" classname="org.jgrapht.alg.matching.blossom.v5.KolmogorovWeightedPerfectMatchingTest" time="0.001"/>
  <testcase name="testGetMatching17[15]" classname="org.jgrapht.alg.matching.blossom.v5.KolmogorovWeightedPerfectMatchingTest" time="0"/>
  <testcase name="testGetMatching18[15]" classname="org.jgrapht.alg.matching.blossom.v5.KolmogorovWeightedPerfectMatchingTest" time="0"/>
  <testcase name="testGetMatching19[15]" classname="org.jgrapht.alg.matching.blossom.v5.KolmogorovWeightedPerfectMatchingTest" time="0.001"/>
  <testcase name="testGetMatching20[15]" classname="org.jgrapht.alg.matching.blossom.v5.KolmogorovWeightedPerfectMatchingTest" time="0"/>
  <testcase name="testGetMatching21[15]" classname="org.jgrapht.alg.matching.blossom.v5.KolmogorovWeightedPerfectMatchingTest" time="0.001"/>
  <testcase name="testGetMatching22[15]" classname="org.jgrapht.alg.matching.blossom.v5.KolmogorovWeightedPerfectMatchingTest" time="0"/>
  <testcase name="testGetMatching23[15]" classname="org.jgrapht.alg.matching.blossom.v5.KolmogorovWeightedPerfectMatchingTest" time="0.001"/>
  <testcase name="testGetMatching24[15]" classname="org.jgrapht.alg.matching.blossom.v5.KolmogorovWeightedPerfectMatchingTest" time="0"/>
  <testcase name="testGetMatching25[15]" classname="org.jgrapht.alg.matching.blossom.v5.KolmogorovWeightedPerfectMatchingTest" time="0"/>
  <testcase name="testGetMatching26[15]" classname="org.jgrapht.alg.matching.blossom.v5.KolmogorovWeightedPerfectMatchingTest" time="0.001"/>
  <testcase name="testGetMatching27[15]" classname="org.jgrapht.alg.matching.blossom.v5.KolmogorovWeightedPerfectMatchingTest" time="0.001"/>
  <testcase name="testGetMatching28[15]" classname="org.jgrapht.alg.matching.blossom.v5.KolmogorovWeightedPerfectMatchingTest" time="0.001"/>
  <testcase name="testGetMatching29[15]" classname="org.jgrapht.alg.matching.blossom.v5.KolmogorovWeightedPerfectMatchingTest" time="0.001"/>
  <testcase name="testGetMatching30[15]" classname="org.jgrapht.alg.matching.blossom.v5.KolmogorovWeightedPerfectMatchingTest" time="0.001"/>
  <testcase name="testGetMatching31[15]" classname="org.jgrapht.alg.matching.blossom.v5.KolmogorovWeightedPerfectMatchingTest" time="0.001"/>
  <testcase name="testGetMatching32[15]" classname="org.jgrapht.alg.matching.blossom.v5.KolmogorovWeightedPerfectMatchingTest" time="0.002"/>
  <testcase name="testGetMatching33[15]" classname="org.jgrapht.alg.matching.blossom.v5.KolmogorovWeightedPerfectMatchingTest" time="0.004"/>
  <testcase name="testGetMatching34[15]" classname="org.jgrapht.alg.matching.blossom.v5.KolmogorovWeightedPerfectMatchingTest" time="0.003"/>
  <testcase name="testGetMatching35[15]" classname="org.jgrapht.alg.matching.blossom.v5.KolmogorovWeightedPerfectMatchingTest" time="0.003"/>
  <testcase name="testGetMatching36[15]" classname="org.jgrapht.alg.matching.blossom.v5.KolmogorovWeightedPerfectMatchingTest" time="0.006"/>
  <testcase name="testGetMatching37[15]" classname="org.jgrapht.alg.matching.blossom.v5.KolmogorovWeightedPerfectMatchingTest" time="0"/>
  <testcase name="testGetMatching38[15]" classname="org.jgrapht.alg.matching.blossom.v5.KolmogorovWeightedPerfectMatchingTest" time="0.004"/>
  <testcase name="testGetMatching39[15]" classname="org.jgrapht.alg.matching.blossom.v5.KolmogorovWeightedPerfectMatchingTest" time="0"/>
  <testcase name="testGetMatching40[15]" classname="org.jgrapht.alg.matching.blossom.v5.KolmogorovWeightedPerfectMatchingTest" time="0"/>
  <testcase name="testGetMatching41[15]" classname="org.jgrapht.alg.matching.blossom.v5.KolmogorovWeightedPerfectMatchingTest" time="0"/>
  <testcase name="testGetMatching42[15]" classname="org.jgrapht.alg.matching.blossom.v5.KolmogorovWeightedPerfectMatchingTest" time="0"/>
  <testcase name="testGetMatching43[15]" classname="org.jgrapht.alg.matching.blossom.v5.KolmogorovWeightedPerfectMatchingTest" time="0.001"/>
  <testcase name="testGetMatching44[15]" classname="org.jgrapht.alg.matching.blossom.v5.KolmogorovWeightedPerfectMatchingTest" time="0"/>
  <testcase name="testGetMatching45[15]" classname="org.jgrapht.alg.matching.blossom.v5.KolmogorovWeightedPerfectMatchingTest" time="0"/>
  <testcase name="testGetMatching46[15]" classname="org.jgrapht.alg.matching.blossom.v5.KolmogorovWeightedPerfectMatchingTest" time="0.001"/>
  <testcase name="testGetMatching47[15]" classname="org.jgrapht.alg.matching.blossom.v5.KolmogorovWeightedPerfectMatchingTest" time="0"/>
  <testcase name="testGetMatching48[15]" classname="org.jgrapht.alg.matching.blossom.v5.KolmogorovWeightedPerfectMatchingTest" time="0.001"/>
  <testcase name="testGetMatching49[15]" classname="org.jgrapht.alg.matching.blossom.v5.KolmogorovWeightedPerfectMatchingTest" time="0.001"/>
  <testcase name="testGetMatching50[15]" classname="org.jgrapht.alg.matching.blossom.v5.KolmogorovWeightedPerfectMatchingTest" time="0.002"/>
  <testcase name="testInvalidDualSolution[15]" classname="org.jgrapht.alg.matching.blossom.v5.KolmogorovWeightedPerfectMatchingTest" time="0"/>
  <testcase name="testGetMatching0[15]" classname="org.jgrapht.alg.matching.blossom.v5.KolmogorovWeightedPerfectMatchingTest" time="0"/>
  <testcase name="testGetMatching1[15]" classname="org.jgrapht.alg.matching.blossom.v5.KolmogorovWeightedPerfectMatchingTest" time="0"/>
  <testcase name="testGetMatching2[15]" classname="org.jgrapht.alg.matching.blossom.v5.KolmogorovWeightedPerfectMatchingTest" time="0"/>
  <testcase name="testGetMatching3[15]" classname="org.jgrapht.alg.matching.blossom.v5.KolmogorovWeightedPerfectMatchingTest" time="0"/>
  <testcase name="testGetMatching4[15]" classname="org.jgrapht.alg.matching.blossom.v5.KolmogorovWeightedPerfectMatchingTest" time="0.001"/>
  <testcase name="testGetMatching5[15]" classname="org.jgrapht.alg.matching.blossom.v5.KolmogorovWeightedPerfectMatchingTest" time="0"/>
  <testcase name="testGetMatching6[15]" classname="org.jgrapht.alg.matching.blossom.v5.KolmogorovWeightedPerfectMatchingTest" time="0"/>
  <testcase name="testGetMatching7[15]" classname="org.jgrapht.alg.matching.blossom.v5.KolmogorovWeightedPerfectMatchingTest" time="0"/>
  <testcase name="testGetMatching8[15]" classname="org.jgrapht.alg.matching.blossom.v5.KolmogorovWeightedPerfectMatchingTest" time="0"/>
  <testcase name="testGetMatching9[15]" classname="org.jgrapht.alg.matching.blossom.v5.KolmogorovWeightedPerfectMatchingTest" time="0.001"/>
  <testcase name="testGetMatching10[16]" classname="org.jgrapht.alg.matching.blossom.v5.KolmogorovWeightedPerfectMatchingTest" time="0"/>
  <testcase name="testGetMatching11[16]" classname="org.jgrapht.alg.matching.blossom.v5.KolmogorovWeightedPerfectMatchingTest" time="0"/>
  <testcase name="testGetMatching12[16]" classname="org.jgrapht.alg.matching.blossom.v5.KolmogorovWeightedPerfectMatchingTest" time="0"/>
  <testcase name="testGetMatching13[16]" classname="org.jgrapht.alg.matching.blossom.v5.KolmogorovWeightedPerfectMatchingTest" time="0"/>
  <testcase name="testGetMatching14[16]" classname="org.jgrapht.alg.matching.blossom.v5.KolmogorovWeightedPerfectMatchingTest" time="0"/>
  <testcase name="testGetMatching15[16]" classname="org.jgrapht.alg.matching.blossom.v5.KolmogorovWeightedPerfectMatchingTest" time="0"/>
  <testcase name="testGetMatching16[16]" classname="org.jgrapht.alg.matching.blossom.v5.KolmogorovWeightedPerfectMatchingTest" time="0"/>
  <testcase name="testGetMatching17[16]" classname="org.jgrapht.alg.matching.blossom.v5.KolmogorovWeightedPerfectMatchingTest" time="0"/>
  <testcase name="testGetMatching18[16]" classname="org.jgrapht.alg.matching.blossom.v5.KolmogorovWeightedPerfectMatchingTest" time="0"/>
  <testcase name="testGetMatching19[16]" classname="org.jgrapht.alg.matching.blossom.v5.KolmogorovWeightedPerfectMatchingTest" time="0"/>
  <testcase name="testGetMatching20[16]" classname="org.jgrapht.alg.matching.blossom.v5.KolmogorovWeightedPerfectMatchingTest" time="0"/>
  <testcase name="testGetMatching21[16]" classname="org.jgrapht.alg.matching.blossom.v5.KolmogorovWeightedPerfectMatchingTest" time="0.001"/>
  <testcase name="testGetMatching22[16]" classname="org.jgrapht.alg.matching.blossom.v5.KolmogorovWeightedPerfectMatchingTest" time="0"/>
  <testcase name="testGetMatching23[16]" classname="org.jgrapht.alg.matching.blossom.v5.KolmogorovWeightedPerfectMatchingTest" time="0"/>
  <testcase name="testGetMatching24[16]" classname="org.jgrapht.alg.matching.blossom.v5.KolmogorovWeightedPerfectMatchingTest" time="0"/>
  <testcase name="testGetMatching25[16]" classname="org.jgrapht.alg.matching.blossom.v5.KolmogorovWeightedPerfectMatchingTest" time="0"/>
  <testcase name="testGetMatching26[16]" classname="org.jgrapht.alg.matching.blossom.v5.KolmogorovWeightedPerfectMatchingTest" time="0"/>
  <testcase name="testGetMatching27[16]" classname="org.jgrapht.alg.matching.blossom.v5.KolmogorovWeightedPerfectMatchingTest" time="0"/>
  <testcase name="testGetMatching28[16]" classname="org.jgrapht.alg.matching.blossom.v5.KolmogorovWeightedPerfectMatchingTest" time="0"/>
  <testcase name="testGetMatching29[16]" classname="org.jgrapht.alg.matching.blossom.v5.KolmogorovWeightedPerfectMatchingTest" time="0.001"/>
  <testcase name="testGetMatching30[16]" classname="org.jgrapht.alg.matching.blossom.v5.KolmogorovWeightedPerfectMatchingTest" time="0"/>
  <testcase name="testGetMatching31[16]" classname="org.jgrapht.alg.matching.blossom.v5.KolmogorovWeightedPerfectMatchingTest" time="0.002"/>
  <testcase name="testGetMatching32[16]" classname="org.jgrapht.alg.matching.blossom.v5.KolmogorovWeightedPerfectMatchingTest" time="0.001"/>
  <testcase name="testGetMatching33[16]" classname="org.jgrapht.alg.matching.blossom.v5.KolmogorovWeightedPerfectMatchingTest" time="0.005"/>
  <testcase name="testGetMatching34[16]" classname="org.jgrapht.alg.matching.blossom.v5.KolmogorovWeightedPerfectMatchingTest" time="0.002"/>
  <testcase name="testGetMatching35[16]" classname="org.jgrapht.alg.matching.blossom.v5.KolmogorovWeightedPerfectMatchingTest" time="0.003"/>
  <testcase name="testGetMatching36[16]" classname="org.jgrapht.alg.matching.blossom.v5.KolmogorovWeightedPerfectMatchingTest" time="0.008"/>
  <testcase name="testGetMatching37[16]" classname="org.jgrapht.alg.matching.blossom.v5.KolmogorovWeightedPerfectMatchingTest" time="0"/>
  <testcase name="testGetMatching38[16]" classname="org.jgrapht.alg.matching.blossom.v5.KolmogorovWeightedPerfectMatchingTest" time="0.002"/>
  <testcase name="testGetMatching39[16]" classname="org.jgrapht.alg.matching.blossom.v5.KolmogorovWeightedPerfectMatchingTest" time="0"/>
  <testcase name="testGetMatching40[16]" classname="org.jgrapht.alg.matching.blossom.v5.KolmogorovWeightedPerfectMatchingTest" time="0"/>
  <testcase name="testGetMatching41[16]" classname="org.jgrapht.alg.matching.blossom.v5.KolmogorovWeightedPerfectMatchingTest" time="0"/>
  <testcase name="testGetMatching42[16]" classname="org.jgrapht.alg.matching.blossom.v5.KolmogorovWeightedPerfectMatchingTest" time="0.001"/>
  <testcase name="testGetMatching43[16]" classname="org.jgrapht.alg.matching.blossom.v5.KolmogorovWeightedPerfectMatchingTest" time="0"/>
  <testcase name="testGetMatching44[16]" classname="org.jgrapht.alg.matching.blossom.v5.KolmogorovWeightedPerfectMatchingTest" time="0"/>
  <testcase name="testGetMatching45[16]" classname="org.jgrapht.alg.matching.blossom.v5.KolmogorovWeightedPerfectMatchingTest" time="0"/>
  <testcase name="testGetMatching46[16]" classname="org.jgrapht.alg.matching.blossom.v5.KolmogorovWeightedPerfectMatchingTest" time="0"/>
  <testcase name="testGetMatching47[16]" classname="org.jgrapht.alg.matching.blossom.v5.KolmogorovWeightedPerfectMatchingTest" time="0"/>
  <testcase name="testGetMatching48[16]" classname="org.jgrapht.alg.matching.blossom.v5.KolmogorovWeightedPerfectMatchingTest" time="0.001"/>
  <testcase name="testGetMatching49[16]" classname="org.jgrapht.alg.matching.blossom.v5.KolmogorovWeightedPerfectMatchingTest" time="0"/>
  <testcase name="testGetMatching50[16]" classname="org.jgrapht.alg.matching.blossom.v5.KolmogorovWeightedPerfectMatchingTest" time="0.001"/>
  <testcase name="testInvalidDualSolution[16]" classname="org.jgrapht.alg.matching.blossom.v5.KolmogorovWeightedPerfectMatchingTest" time="0"/>
  <testcase name="testGetMatching0[16]" classname="org.jgrapht.alg.matching.blossom.v5.KolmogorovWeightedPerfectMatchingTest" time="0"/>
  <testcase name="testGetMatching1[16]" classname="org.jgrapht.alg.matching.blossom.v5.KolmogorovWeightedPerfectMatchingTest" time="0"/>
  <testcase name="testGetMatching2[16]" classname="org.jgrapht.alg.matching.blossom.v5.KolmogorovWeightedPerfectMatchingTest" time="0"/>
  <testcase name="testGetMatching3[16]" classname="org.jgrapht.alg.matching.blossom.v5.KolmogorovWeightedPerfectMatchingTest" time="0"/>
  <testcase name="testGetMatching4[16]" classname="org.jgrapht.alg.matching.blossom.v5.KolmogorovWeightedPerfectMatchingTest" time="0"/>
  <testcase name="testGetMatching5[16]" classname="org.jgrapht.alg.matching.blossom.v5.KolmogorovWeightedPerfectMatchingTest" time="0"/>
  <testcase name="testGetMatching6[16]" classname="org.jgrapht.alg.matching.blossom.v5.KolmogorovWeightedPerfectMatchingTest" time="0"/>
  <testcase name="testGetMatching7[16]" classname="org.jgrapht.alg.matching.blossom.v5.KolmogorovWeightedPerfectMatchingTest" time="0"/>
  <testcase name="testGetMatching8[16]" classname="org.jgrapht.alg.matching.blossom.v5.KolmogorovWeightedPerfectMatchingTest" time="0.001"/>
  <testcase name="testGetMatching9[16]" classname="org.jgrapht.alg.matching.blossom.v5.KolmogorovWeightedPerfectMatchingTest" time="0"/>
  <testcase name="testGetMatching10[17]" classname="org.jgrapht.alg.matching.blossom.v5.KolmogorovWeightedPerfectMatchingTest" time="0"/>
  <testcase name="testGetMatching11[17]" classname="org.jgrapht.alg.matching.blossom.v5.KolmogorovWeightedPerfectMatchingTest" time="0"/>
  <testcase name="testGetMatching12[17]" classname="org.jgrapht.alg.matching.blossom.v5.KolmogorovWeightedPerfectMatchingTest" time="0"/>
  <testcase name="testGetMatching13[17]" classname="org.jgrapht.alg.matching.blossom.v5.KolmogorovWeightedPerfectMatchingTest" time="0"/>
  <testcase name="testGetMatching14[17]" classname="org.jgrapht.alg.matching.blossom.v5.KolmogorovWeightedPerfectMatchingTest" time="0"/>
  <testcase name="testGetMatching15[17]" classname="org.jgrapht.alg.matching.blossom.v5.KolmogorovWeightedPerfectMatchingTest" time="0"/>
  <testcase name="testGetMatching16[17]" classname="org.jgrapht.alg.matching.blossom.v5.KolmogorovWeightedPerfectMatchingTest" time="0"/>
  <testcase name="testGetMatching17[17]" classname="org.jgrapht.alg.matching.blossom.v5.KolmogorovWeightedPerfectMatchingTest" time="0"/>
  <testcase name="testGetMatching18[17]" classname="org.jgrapht.alg.matching.blossom.v5.KolmogorovWeightedPerfectMatchingTest" time="0"/>
  <testcase name="testGetMatching19[17]" classname="org.jgrapht.alg.matching.blossom.v5.KolmogorovWeightedPerfectMatchingTest" time="0"/>
  <testcase name="testGetMatching20[17]" classname="org.jgrapht.alg.matching.blossom.v5.KolmogorovWeightedPerfectMatchingTest" time="0"/>
  <testcase name="testGetMatching21[17]" classname="org.jgrapht.alg.matching.blossom.v5.KolmogorovWeightedPerfectMatchingTest" time="0"/>
  <testcase name="testGetMatching22[17]" classname="org.jgrapht.alg.matching.blossom.v5.KolmogorovWeightedPerfectMatchingTest" time="0.001"/>
  <testcase name="testGetMatching23[17]" classname="org.jgrapht.alg.matching.blossom.v5.KolmogorovWeightedPerfectMatchingTest" time="0"/>
  <testcase name="testGetMatching24[17]" classname="org.jgrapht.alg.matching.blossom.v5.KolmogorovWeightedPerfectMatchingTest" time="0"/>
  <testcase name="testGetMatching25[17]" classname="org.jgrapht.alg.matching.blossom.v5.KolmogorovWeightedPerfectMatchingTest" time="0"/>
  <testcase name="testGetMatching26[17]" classname="org.jgrapht.alg.matching.blossom.v5.KolmogorovWeightedPerfectMatchingTest" time="0"/>
  <testcase name="testGetMatching27[17]" classname="org.jgrapht.alg.matching.blossom.v5.KolmogorovWeightedPerfectMatchingTest" time="0"/>
  <testcase name="testGetMatching28[17]" classname="org.jgrapht.alg.matching.blossom.v5.KolmogorovWeightedPerfectMatchingTest" time="0"/>
  <testcase name="testGetMatching29[17]" classname="org.jgrapht.alg.matching.blossom.v5.KolmogorovWeightedPerfectMatchingTest" time="0"/>
  <testcase name="testGetMatching30[17]" classname="org.jgrapht.alg.matching.blossom.v5.KolmogorovWeightedPerfectMatchingTest" time="0.001"/>
  <testcase name="testGetMatching31[17]" classname="org.jgrapht.alg.matching.blossom.v5.KolmogorovWeightedPerfectMatchingTest" time="0.001"/>
  <testcase name="testGetMatching32[17]" classname="org.jgrapht.alg.matching.blossom.v5.KolmogorovWeightedPerfectMatchingTest" time="0.002"/>
  <testcase name="testGetMatching33[17]" classname="org.jgrapht.alg.matching.blossom.v5.KolmogorovWeightedPerfectMatchingTest" time="0.002"/>
  <testcase name="testGetMatching34[17]" classname="org.jgrapht.alg.matching.blossom.v5.KolmogorovWeightedPerfectMatchingTest" time="0.003"/>
  <testcase name="testGetMatching35[17]" classname="org.jgrapht.alg.matching.blossom.v5.KolmogorovWeightedPerfectMatchingTest" time="0.006"/>
  <testcase name="testGetMatching36[17]" classname="org.jgrapht.alg.matching.blossom.v5.KolmogorovWeightedPerfectMatchingTest" time="0.007"/>
  <testcase name="testGetMatching37[17]" classname="org.jgrapht.alg.matching.blossom.v5.KolmogorovWeightedPerfectMatchingTest" time="0"/>
  <testcase name="testGetMatching38[17]" classname="org.jgrapht.alg.matching.blossom.v5.KolmogorovWeightedPerfectMatchingTest" time="0.003"/>
  <testcase name="testGetMatching39[17]" classname="org.jgrapht.alg.matching.blossom.v5.KolmogorovWeightedPerfectMatchingTest" time="0"/>
  <testcase name="testGetMatching40[17]" classname="org.jgrapht.alg.matching.blossom.v5.KolmogorovWeightedPerfectMatchingTest" time="0.001"/>
  <testcase name="testGetMatching41[17]" classname="org.jgrapht.alg.matching.blossom.v5.KolmogorovWeightedPerfectMatchingTest" time="0"/>
  <testcase name="testGetMatching42[17]" classname="org.jgrapht.alg.matching.blossom.v5.KolmogorovWeightedPerfectMatchingTest" time="0"/>
  <testcase name="testGetMatching43[17]" classname="org.jgrapht.alg.matching.blossom.v5.KolmogorovWeightedPerfectMatchingTest" time="0"/>
  <testcase name="testGetMatching44[17]" classname="org.jgrapht.alg.matching.blossom.v5.KolmogorovWeightedPerfectMatchingTest" time="0"/>
  <testcase name="testGetMatching45[17]" classname="org.jgrapht.alg.matching.blossom.v5.KolmogorovWeightedPerfectMatchingTest" time="0"/>
  <testcase name="testGetMatching46[17]" classname="org.jgrapht.alg.matching.blossom.v5.KolmogorovWeightedPerfectMatchingTest" time="0"/>
  <testcase name="testGetMatching47[17]" classname="org.jgrapht.alg.matching.blossom.v5.KolmogorovWeightedPerfectMatchingTest" time="0"/>
  <testcase name="testGetMatching48[17]" classname="org.jgrapht.alg.matching.blossom.v5.KolmogorovWeightedPerfectMatchingTest" time="0.001"/>
  <testcase name="testGetMatching49[17]" classname="org.jgrapht.alg.matching.blossom.v5.KolmogorovWeightedPerfectMatchingTest" time="0"/>
  <testcase name="testGetMatching50[17]" classname="org.jgrapht.alg.matching.blossom.v5.KolmogorovWeightedPerfectMatchingTest" time="0.001"/>
  <testcase name="testInvalidDualSolution[17]" classname="org.jgrapht.alg.matching.blossom.v5.KolmogorovWeightedPerfectMatchingTest" time="0"/>
  <testcase name="testGetMatching0[17]" classname="org.jgrapht.alg.matching.blossom.v5.KolmogorovWeightedPerfectMatchingTest" time="0"/>
  <testcase name="testGetMatching1[17]" classname="org.jgrapht.alg.matching.blossom.v5.KolmogorovWeightedPerfectMatchingTest" time="0"/>
  <testcase name="testGetMatching2[17]" classname="org.jgrapht.alg.matching.blossom.v5.KolmogorovWeightedPerfectMatchingTest" time="0"/>
  <testcase name="testGetMatching3[17]" classname="org.jgrapht.alg.matching.blossom.v5.KolmogorovWeightedPerfectMatchingTest" time="0"/>
  <testcase name="testGetMatching4[17]" classname="org.jgrapht.alg.matching.blossom.v5.KolmogorovWeightedPerfectMatchingTest" time="0"/>
  <testcase name="testGetMatching5[17]" classname="org.jgrapht.alg.matching.blossom.v5.KolmogorovWeightedPerfectMatchingTest" time="0"/>
  <testcase name="testGetMatching6[17]" classname="org.jgrapht.alg.matching.blossom.v5.KolmogorovWeightedPerfectMatchingTest" time="0"/>
  <testcase name="testGetMatching7[17]" classname="org.jgrapht.alg.matching.blossom.v5.KolmogorovWeightedPerfectMatchingTest" time="0"/>
  <testcase name="testGetMatching8[17]" classname="org.jgrapht.alg.matching.blossom.v5.KolmogorovWeightedPerfectMatchingTest" time="0"/>
  <testcase name="testGetMatching9[17]" classname="org.jgrapht.alg.matching.blossom.v5.KolmogorovWeightedPerfectMatchingTest" time="0"/>
  <testcase name="testGetMatching10[18]" classname="org.jgrapht.alg.matching.blossom.v5.KolmogorovWeightedPerfectMatchingTest" time="0"/>
  <testcase name="testGetMatching11[18]" classname="org.jgrapht.alg.matching.blossom.v5.KolmogorovWeightedPerfectMatchingTest" time="0"/>
  <testcase name="testGetMatching12[18]" classname="org.jgrapht.alg.matching.blossom.v5.KolmogorovWeightedPerfectMatchingTest" time="0"/>
  <testcase name="testGetMatching13[18]" classname="org.jgrapht.alg.matching.blossom.v5.KolmogorovWeightedPerfectMatchingTest" time="0"/>
  <testcase name="testGetMatching14[18]" classname="org.jgrapht.alg.matching.blossom.v5.KolmogorovWeightedPerfectMatchingTest" time="0"/>
  <testcase name="testGetMatching15[18]" classname="org.jgrapht.alg.matching.blossom.v5.KolmogorovWeightedPerfectMatchingTest" time="0"/>
  <testcase name="testGetMatching16[18]" classname="org.jgrapht.alg.matching.blossom.v5.KolmogorovWeightedPerfectMatchingTest" time="0"/>
  <testcase name="testGetMatching17[18]" classname="org.jgrapht.alg.matching.blossom.v5.KolmogorovWeightedPerfectMatchingTest" time="0"/>
  <testcase name="testGetMatching18[18]" classname="org.jgrapht.alg.matching.blossom.v5.KolmogorovWeightedPerfectMatchingTest" time="0"/>
  <testcase name="testGetMatching19[18]" classname="org.jgrapht.alg.matching.blossom.v5.KolmogorovWeightedPerfectMatchingTest" time="0"/>
  <testcase name="testGetMatching20[18]" classname="org.jgrapht.alg.matching.blossom.v5.KolmogorovWeightedPerfectMatchingTest" time="0"/>
  <testcase name="testGetMatching21[18]" classname="org.jgrapht.alg.matching.blossom.v5.KolmogorovWeightedPerfectMatchingTest" time="0"/>
  <testcase name="testGetMatching22[18]" classname="org.jgrapht.alg.matching.blossom.v5.KolmogorovWeightedPerfectMatchingTest" time="0.001"/>
  <testcase name="testGetMatching23[18]" classname="org.jgrapht.alg.matching.blossom.v5.KolmogorovWeightedPerfectMatchingTest" time="0"/>
  <testcase name="testGetMatching24[18]" classname="org.jgrapht.alg.matching.blossom.v5.KolmogorovWeightedPerfectMatchingTest" time="0"/>
  <testcase name="testGetMatching25[18]" classname="org.jgrapht.alg.matching.blossom.v5.KolmogorovWeightedPerfectMatchingTest" time="0"/>
  <testcase name="testGetMatching26[18]" classname="org.jgrapht.alg.matching.blossom.v5.KolmogorovWeightedPerfectMatchingTest" time="0"/>
  <testcase name="testGetMatching27[18]" classname="org.jgrapht.alg.matching.blossom.v5.KolmogorovWeightedPerfectMatchingTest" time="0"/>
  <testcase name="testGetMatching28[18]" classname="org.jgrapht.alg.matching.blossom.v5.KolmogorovWeightedPerfectMatchingTest" time="0"/>
  <testcase name="testGetMatching29[18]" classname="org.jgrapht.alg.matching.blossom.v5.KolmogorovWeightedPerfectMatchingTest" time="0"/>
  <testcase name="testGetMatching30[18]" classname="org.jgrapht.alg.matching.blossom.v5.KolmogorovWeightedPerfectMatchingTest" time="0"/>
  <testcase name="testGetMatching31[18]" classname="org.jgrapht.alg.matching.blossom.v5.KolmogorovWeightedPerfectMatchingTest" time="0.001"/>
  <testcase name="testGetMatching32[18]" classname="org.jgrapht.alg.matching.blossom.v5.KolmogorovWeightedPerfectMatchingTest" time="0"/>
  <testcase name="testGetMatching33[18]" classname="org.jgrapht.alg.matching.blossom.v5.KolmogorovWeightedPerfectMatchingTest" time="0.001"/>
  <testcase name="testGetMatching34[18]" classname="org.jgrapht.alg.matching.blossom.v5.KolmogorovWeightedPerfectMatchingTest" time="0.002"/>
  <testcase name="testGetMatching35[18]" classname="org.jgrapht.alg.matching.blossom.v5.KolmogorovWeightedPerfectMatchingTest" time="0.004"/>
  <testcase name="testGetMatching36[18]" classname="org.jgrapht.alg.matching.blossom.v5.KolmogorovWeightedPerfectMatchingTest" time="0.004"/>
  <testcase name="testGetMatching37[18]" classname="org.jgrapht.alg.matching.blossom.v5.KolmogorovWeightedPerfectMatchingTest" time="0"/>
  <testcase name="testGetMatching38[18]" classname="org.jgrapht.alg.matching.blossom.v5.KolmogorovWeightedPerfectMatchingTest" time="0.002"/>
  <testcase name="testGetMatching39[18]" classname="org.jgrapht.alg.matching.blossom.v5.KolmogorovWeightedPerfectMatchingTest" time="0.001"/>
  <testcase name="testGetMatching40[18]" classname="org.jgrapht.alg.matching.blossom.v5.KolmogorovWeightedPerfectMatchingTest" time="0"/>
  <testcase name="testGetMatching41[18]" classname="org.jgrapht.alg.matching.blossom.v5.KolmogorovWeightedPerfectMatchingTest" time="0"/>
  <testcase name="testGetMatching42[18]" classname="org.jgrapht.alg.matching.blossom.v5.KolmogorovWeightedPerfectMatchingTest" time="0"/>
  <testcase name="testGetMatching43[18]" classname="org.jgrapht.alg.matching.blossom.v5.KolmogorovWeightedPerfectMatchingTest" time="0"/>
  <testcase name="testGetMatching44[18]" classname="org.jgrapht.alg.matching.blossom.v5.KolmogorovWeightedPerfectMatchingTest" time="0"/>
  <testcase name="testGetMatching45[18]" classname="org.jgrapht.alg.matching.blossom.v5.KolmogorovWeightedPerfectMatchingTest" time="0"/>
  <testcase name="testGetMatching46[18]" classname="org.jgrapht.alg.matching.blossom.v5.KolmogorovWeightedPerfectMatchingTest" time="0.001"/>
  <testcase name="testGetMatching47[18]" classname="org.jgrapht.alg.matching.blossom.v5.KolmogorovWeightedPerfectMatchingTest" time="0"/>
  <testcase name="testGetMatching48[18]" classname="org.jgrapht.alg.matching.blossom.v5.KolmogorovWeightedPerfectMatchingTest" time="0.001"/>
  <testcase name="testGetMatching49[18]" classname="org.jgrapht.alg.matching.blossom.v5.KolmogorovWeightedPerfectMatchingTest" time="0"/>
  <testcase name="testGetMatching50[18]" classname="org.jgrapht.alg.matching.blossom.v5.KolmogorovWeightedPerfectMatchingTest" time="0.002"/>
  <testcase name="testInvalidDualSolution[18]" classname="org.jgrapht.alg.matching.blossom.v5.KolmogorovWeightedPerfectMatchingTest" time="0"/>
  <testcase name="testGetMatching0[18]" classname="org.jgrapht.alg.matching.blossom.v5.KolmogorovWeightedPerfectMatchingTest" time="0"/>
  <testcase name="testGetMatching1[18]" classname="org.jgrapht.alg.matching.blossom.v5.KolmogorovWeightedPerfectMatchingTest" time="0"/>
  <testcase name="testGetMatching2[18]" classname="org.jgrapht.alg.matching.blossom.v5.KolmogorovWeightedPerfectMatchingTest" time="0"/>
  <testcase name="testGetMatching3[18]" classname="org.jgrapht.alg.matching.blossom.v5.KolmogorovWeightedPerfectMatchingTest" time="0"/>
  <testcase name="testGetMatching4[18]" classname="org.jgrapht.alg.matching.blossom.v5.KolmogorovWeightedPerfectMatchingTest" time="0"/>
  <testcase name="testGetMatching5[18]" classname="org.jgrapht.alg.matching.blossom.v5.KolmogorovWeightedPerfectMatchingTest" time="0"/>
  <testcase name="testGetMatching6[18]" classname="org.jgrapht.alg.matching.blossom.v5.KolmogorovWeightedPerfectMatchingTest" time="0"/>
  <testcase name="testGetMatching7[18]" classname="org.jgrapht.alg.matching.blossom.v5.KolmogorovWeightedPerfectMatchingTest" time="0"/>
  <testcase name="testGetMatching8[18]" classname="org.jgrapht.alg.matching.blossom.v5.KolmogorovWeightedPerfectMatchingTest" time="0"/>
  <testcase name="testGetMatching9[18]" classname="org.jgrapht.alg.matching.blossom.v5.KolmogorovWeightedPerfectMatchingTest" time="0.001"/>
  <testcase name="testGetMatching10[19]" classname="org.jgrapht.alg.matching.blossom.v5.KolmogorovWeightedPerfectMatchingTest" time="0"/>
  <testcase name="testGetMatching11[19]" classname="org.jgrapht.alg.matching.blossom.v5.KolmogorovWeightedPerfectMatchingTest" time="0"/>
  <testcase name="testGetMatching12[19]" classname="org.jgrapht.alg.matching.blossom.v5.KolmogorovWeightedPerfectMatchingTest" time="0"/>
  <testcase name="testGetMatching13[19]" classname="org.jgrapht.alg.matching.blossom.v5.KolmogorovWeightedPerfectMatchingTest" time="0"/>
  <testcase name="testGetMatching14[19]" classname="org.jgrapht.alg.matching.blossom.v5.KolmogorovWeightedPerfectMatchingTest" time="0"/>
  <testcase name="testGetMatching15[19]" classname="org.jgrapht.alg.matching.blossom.v5.KolmogorovWeightedPerfectMatchingTest" time="0"/>
  <testcase name="testGetMatching16[19]" classname="org.jgrapht.alg.matching.blossom.v5.KolmogorovWeightedPerfectMatchingTest" time="0"/>
  <testcase name="testGetMatching17[19]" classname="org.jgrapht.alg.matching.blossom.v5.KolmogorovWeightedPerfectMatchingTest" time="0"/>
  <testcase name="testGetMatching18[19]" classname="org.jgrapht.alg.matching.blossom.v5.KolmogorovWeightedPerfectMatchingTest" time="0"/>
  <testcase name="testGetMatching19[19]" classname="org.jgrapht.alg.matching.blossom.v5.KolmogorovWeightedPerfectMatchingTest" time="0"/>
  <testcase name="testGetMatching20[19]" classname="org.jgrapht.alg.matching.blossom.v5.KolmogorovWeightedPerfectMatchingTest" time="0"/>
  <testcase name="testGetMatching21[19]" classname="org.jgrapht.alg.matching.blossom.v5.KolmogorovWeightedPerfectMatchingTest" time="0.001"/>
  <testcase name="testGetMatching22[19]" classname="org.jgrapht.alg.matching.blossom.v5.KolmogorovWeightedPerfectMatchingTest" time="0"/>
  <testcase name="testGetMatching23[19]" classname="org.jgrapht.alg.matching.blossom.v5.KolmogorovWeightedPerfectMatchingTest" time="0"/>
  <testcase name="testGetMatching24[19]" classname="org.jgrapht.alg.matching.blossom.v5.KolmogorovWeightedPerfectMatchingTest" time="0"/>
  <testcase name="testGetMatching25[19]" classname="org.jgrapht.alg.matching.blossom.v5.KolmogorovWeightedPerfectMatchingTest" time="0"/>
  <testcase name="testGetMatching26[19]" classname="org.jgrapht.alg.matching.blossom.v5.KolmogorovWeightedPerfectMatchingTest" time="0"/>
  <testcase name="testGetMatching27[19]" classname="org.jgrapht.alg.matching.blossom.v5.KolmogorovWeightedPerfectMatchingTest" time="0"/>
  <testcase name="testGetMatching28[19]" classname="org.jgrapht.alg.matching.blossom.v5.KolmogorovWeightedPerfectMatchingTest" time="0"/>
  <testcase name="testGetMatching29[19]" classname="org.jgrapht.alg.matching.blossom.v5.KolmogorovWeightedPerfectMatchingTest" time="0.001"/>
  <testcase name="testGetMatching30[19]" classname="org.jgrapht.alg.matching.blossom.v5.KolmogorovWeightedPerfectMatchingTest" time="0"/>
  <testcase name="testGetMatching31[19]" classname="org.jgrapht.alg.matching.blossom.v5.KolmogorovWeightedPerfectMatchingTest" time="0.001"/>
  <testcase name="testGetMatching32[19]" classname="org.jgrapht.alg.matching.blossom.v5.KolmogorovWeightedPerfectMatchingTest" time="0.001"/>
  <testcase name="testGetMatching33[19]" classname="org.jgrapht.alg.matching.blossom.v5.KolmogorovWeightedPerfectMatchingTest" time="0.003"/>
  <testcase name="testGetMatching34[19]" classname="org.jgrapht.alg.matching.blossom.v5.KolmogorovWeightedPerfectMatchingTest" time="0.003"/>
  <testcase name="testGetMatching35[19]" classname="org.jgrapht.alg.matching.blossom.v5.KolmogorovWeightedPerfectMatchingTest" time="0.002"/>
  <testcase name="testGetMatching36[19]" classname="org.jgrapht.alg.matching.blossom.v5.KolmogorovWeightedPerfectMatchingTest" time="0.003"/>
  <testcase name="testGetMatching37[19]" classname="org.jgrapht.alg.matching.blossom.v5.KolmogorovWeightedPerfectMatchingTest" time="0.001"/>
  <testcase name="testGetMatching38[19]" classname="org.jgrapht.alg.matching.blossom.v5.KolmogorovWeightedPerfectMatchingTest" time="0.002"/>
  <testcase name="testGetMatching39[19]" classname="org.jgrapht.alg.matching.blossom.v5.KolmogorovWeightedPerfectMatchingTest" time="0"/>
  <testcase name="testGetMatching40[19]" classname="org.jgrapht.alg.matching.blossom.v5.KolmogorovWeightedPerfectMatchingTest" time="0"/>
  <testcase name="testGetMatching41[19]" classname="org.jgrapht.alg.matching.blossom.v5.KolmogorovWeightedPerfectMatchingTest" time="0"/>
  <testcase name="testGetMatching42[19]" classname="org.jgrapht.alg.matching.blossom.v5.KolmogorovWeightedPerfectMatchingTest" time="0"/>
  <testcase name="testGetMatching43[19]" classname="org.jgrapht.alg.matching.blossom.v5.KolmogorovWeightedPerfectMatchingTest" time="0"/>
  <testcase name="testGetMatching44[19]" classname="org.jgrapht.alg.matching.blossom.v5.KolmogorovWeightedPerfectMatchingTest" time="0"/>
  <testcase name="testGetMatching45[19]" classname="org.jgrapht.alg.matching.blossom.v5.KolmogorovWeightedPerfectMatchingTest" time="0"/>
  <testcase name="testGetMatching46[19]" classname="org.jgrapht.alg.matching.blossom.v5.KolmogorovWeightedPerfectMatchingTest" time="0.001"/>
  <testcase name="testGetMatching47[19]" classname="org.jgrapht.alg.matching.blossom.v5.KolmogorovWeightedPerfectMatchingTest" time="0"/>
  <testcase name="testGetMatching48[19]" classname="org.jgrapht.alg.matching.blossom.v5.KolmogorovWeightedPerfectMatchingTest" time="0"/>
  <testcase name="testGetMatching49[19]" classname="org.jgrapht.alg.matching.blossom.v5.KolmogorovWeightedPerfectMatchingTest" time="0.001"/>
  <testcase name="testGetMatching50[19]" classname="org.jgrapht.alg.matching.blossom.v5.KolmogorovWeightedPerfectMatchingTest" time="0.001"/>
  <testcase name="testInvalidDualSolution[19]" classname="org.jgrapht.alg.matching.blossom.v5.KolmogorovWeightedPerfectMatchingTest" time="0"/>
  <testcase name="testGetMatching0[19]" classname="org.jgrapht.alg.matching.blossom.v5.KolmogorovWeightedPerfectMatchingTest" time="0"/>
  <testcase name="testGetMatching1[19]" classname="org.jgrapht.alg.matching.blossom.v5.KolmogorovWeightedPerfectMatchingTest" time="0"/>
  <testcase name="testGetMatching2[19]" classname="org.jgrapht.alg.matching.blossom.v5.KolmogorovWeightedPerfectMatchingTest" time="0"/>
  <testcase name="testGetMatching3[19]" classname="org.jgrapht.alg.matching.blossom.v5.KolmogorovWeightedPerfectMatchingTest" time="0"/>
  <testcase name="testGetMatching4[19]" classname="org.jgrapht.alg.matching.blossom.v5.KolmogorovWeightedPerfectMatchingTest" time="0"/>
  <testcase name="testGetMatching5[19]" classname="org.jgrapht.alg.matching.blossom.v5.KolmogorovWeightedPerfectMatchingTest" time="0"/>
  <testcase name="testGetMatching6[19]" classname="org.jgrapht.alg.matching.blossom.v5.KolmogorovWeightedPerfectMatchingTest" time="0.001"/>
  <testcase name="testGetMatching7[19]" classname="org.jgrapht.alg.matching.blossom.v5.KolmogorovWeightedPerfectMatchingTest" time="0"/>
  <testcase name="testGetMatching8[19]" classname="org.jgrapht.alg.matching.blossom.v5.KolmogorovWeightedPerfectMatchingTest" time="0"/>
  <testcase name="testGetMatching9[19]" classname="org.jgrapht.alg.matching.blossom.v5.KolmogorovWeightedPerfectMatchingTest" time="0"/>
  <testcase name="testGetMatching10[20]" classname="org.jgrapht.alg.matching.blossom.v5.KolmogorovWeightedPerfectMatchingTest" time="0"/>
  <testcase name="testGetMatching11[20]" classname="org.jgrapht.alg.matching.blossom.v5.KolmogorovWeightedPerfectMatchingTest" time="0"/>
  <testcase name="testGetMatching12[20]" classname="org.jgrapht.alg.matching.blossom.v5.KolmogorovWeightedPerfectMatchingTest" time="0"/>
  <testcase name="testGetMatching13[20]" classname="org.jgrapht.alg.matching.blossom.v5.KolmogorovWeightedPerfectMatchingTest" time="0"/>
  <testcase name="testGetMatching14[20]" classname="org.jgrapht.alg.matching.blossom.v5.KolmogorovWeightedPerfectMatchingTest" time="0"/>
  <testcase name="testGetMatching15[20]" classname="org.jgrapht.alg.matching.blossom.v5.KolmogorovWeightedPerfectMatchingTest" time="0"/>
  <testcase name="testGetMatching16[20]" classname="org.jgrapht.alg.matching.blossom.v5.KolmogorovWeightedPerfectMatchingTest" time="0"/>
  <testcase name="testGetMatching17[20]" classname="org.jgrapht.alg.matching.blossom.v5.KolmogorovWeightedPerfectMatchingTest" time="0"/>
  <testcase name="testGetMatching18[20]" classname="org.jgrapht.alg.matching.blossom.v5.KolmogorovWeightedPerfectMatchingTest" time="0"/>
  <testcase name="testGetMatching19[20]" classname="org.jgrapht.alg.matching.blossom.v5.KolmogorovWeightedPerfectMatchingTest" time="0.001"/>
  <testcase name="testGetMatching20[20]" classname="org.jgrapht.alg.matching.blossom.v5.KolmogorovWeightedPerfectMatchingTest" time="0"/>
  <testcase name="testGetMatching21[20]" classname="org.jgrapht.alg.matching.blossom.v5.KolmogorovWeightedPerfectMatchingTest" time="0"/>
  <testcase name="testGetMatching22[20]" classname="org.jgrapht.alg.matching.blossom.v5.KolmogorovWeightedPerfectMatchingTest" time="0"/>
  <testcase name="testGetMatching23[20]" classname="org.jgrapht.alg.matching.blossom.v5.KolmogorovWeightedPerfectMatchingTest" time="0"/>
  <testcase name="testGetMatching24[20]" classname="org.jgrapht.alg.matching.blossom.v5.KolmogorovWeightedPerfectMatchingTest" time="0"/>
  <testcase name="testGetMatching25[20]" classname="org.jgrapht.alg.matching.blossom.v5.KolmogorovWeightedPerfectMatchingTest" time="0"/>
  <testcase name="testGetMatching26[20]" classname="org.jgrapht.alg.matching.blossom.v5.KolmogorovWeightedPerfectMatchingTest" time="0"/>
  <testcase name="testGetMatching27[20]" classname="org.jgrapht.alg.matching.blossom.v5.KolmogorovWeightedPerfectMatchingTest" time="0"/>
  <testcase name="testGetMatching28[20]" classname="org.jgrapht.alg.matching.blossom.v5.KolmogorovWeightedPerfectMatchingTest" time="0.001"/>
  <testcase name="testGetMatching29[20]" classname="org.jgrapht.alg.matching.blossom.v5.KolmogorovWeightedPerfectMatchingTest" time="0"/>
  <testcase name="testGetMatching30[20]" classname="org.jgrapht.alg.matching.blossom.v5.KolmogorovWeightedPerfectMatchingTest" time="0.001"/>
  <testcase name="testGetMatching31[20]" classname="org.jgrapht.alg.matching.blossom.v5.KolmogorovWeightedPerfectMatchingTest" time="0.002"/>
  <testcase name="testGetMatching32[20]" classname="org.jgrapht.alg.matching.blossom.v5.KolmogorovWeightedPerfectMatchingTest" time="0.001"/>
  <testcase name="testGetMatching33[20]" classname="org.jgrapht.alg.matching.blossom.v5.KolmogorovWeightedPerfectMatchingTest" time="0.003"/>
  <testcase name="testGetMatching34[20]" classname="org.jgrapht.alg.matching.blossom.v5.KolmogorovWeightedPerfectMatchingTest" time="0.002"/>
  <testcase name="testGetMatching35[20]" classname="org.jgrapht.alg.matching.blossom.v5.KolmogorovWeightedPerfectMatchingTest" time="0.003"/>
  <testcase name="testGetMatching36[20]" classname="org.jgrapht.alg.matching.blossom.v5.KolmogorovWeightedPerfectMatchingTest" time="0.008"/>
  <testcase name="testGetMatching37[20]" classname="org.jgrapht.alg.matching.blossom.v5.KolmogorovWeightedPerfectMatchingTest" time="0"/>
  <testcase name="testGetMatching38[20]" classname="org.jgrapht.alg.matching.blossom.v5.KolmogorovWeightedPerfectMatchingTest" time="0.002"/>
  <testcase name="testGetMatching39[20]" classname="org.jgrapht.alg.matching.blossom.v5.KolmogorovWeightedPerfectMatchingTest" time="0"/>
  <testcase name="testGetMatching40[20]" classname="org.jgrapht.alg.matching.blossom.v5.KolmogorovWeightedPerfectMatchingTest" time="0"/>
  <testcase name="testGetMatching41[20]" classname="org.jgrapht.alg.matching.blossom.v5.KolmogorovWeightedPerfectMatchingTest" time="0"/>
  <testcase name="testGetMatching42[20]" classname="org.jgrapht.alg.matching.blossom.v5.KolmogorovWeightedPerfectMatchingTest" time="0"/>
  <testcase name="testGetMatching43[20]" classname="org.jgrapht.alg.matching.blossom.v5.KolmogorovWeightedPerfectMatchingTest" time="0"/>
  <testcase name="testGetMatching44[20]" classname="org.jgrapht.alg.matching.blossom.v5.KolmogorovWeightedPerfectMatchingTest" time="0"/>
  <testcase name="testGetMatching45[20]" classname="org.jgrapht.alg.matching.blossom.v5.KolmogorovWeightedPerfectMatchingTest" time="0"/>
  <testcase name="testGetMatching46[20]" classname="org.jgrapht.alg.matching.blossom.v5.KolmogorovWeightedPerfectMatchingTest" time="0"/>
  <testcase name="testGetMatching47[20]" classname="org.jgrapht.alg.matching.blossom.v5.KolmogorovWeightedPerfectMatchingTest" time="0"/>
  <testcase name="testGetMatching48[20]" classname="org.jgrapht.alg.matching.blossom.v5.KolmogorovWeightedPerfectMatchingTest" time="0.001"/>
  <testcase name="testGetMatching49[20]" classname="org.jgrapht.alg.matching.blossom.v5.KolmogorovWeightedPerfectMatchingTest" time="0"/>
  <testcase name="testGetMatching50[20]" classname="org.jgrapht.alg.matching.blossom.v5.KolmogorovWeightedPerfectMatchingTest" time="0.001"/>
  <testcase name="testInvalidDualSolution[20]" classname="org.jgrapht.alg.matching.blossom.v5.KolmogorovWeightedPerfectMatchingTest" time="0"/>
  <testcase name="testGetMatching0[20]" classname="org.jgrapht.alg.matching.blossom.v5.KolmogorovWeightedPerfectMatchingTest" time="0"/>
  <testcase name="testGetMatching1[20]" classname="org.jgrapht.alg.matching.blossom.v5.KolmogorovWeightedPerfectMatchingTest" time="0"/>
  <testcase name="testGetMatching2[20]" classname="org.jgrapht.alg.matching.blossom.v5.KolmogorovWeightedPerfectMatchingTest" time="0"/>
  <testcase name="testGetMatching3[20]" classname="org.jgrapht.alg.matching.blossom.v5.KolmogorovWeightedPerfectMatchingTest" time="0"/>
  <testcase name="testGetMatching4[20]" classname="org.jgrapht.alg.matching.blossom.v5.KolmogorovWeightedPerfectMatchingTest" time="0"/>
  <testcase name="testGetMatching5[20]" classname="org.jgrapht.alg.matching.blossom.v5.KolmogorovWeightedPerfectMatchingTest" time="0"/>
  <testcase name="testGetMatching6[20]" classname="org.jgrapht.alg.matching.blossom.v5.KolmogorovWeightedPerfectMatchingTest" time="0"/>
  <testcase name="testGetMatching7[20]" classname="org.jgrapht.alg.matching.blossom.v5.KolmogorovWeightedPerfectMatchingTest" time="0"/>
  <testcase name="testGetMatching8[20]" classname="org.jgrapht.alg.matching.blossom.v5.KolmogorovWeightedPerfectMatchingTest" time="0"/>
  <testcase name="testGetMatching9[20]" classname="org.jgrapht.alg.matching.blossom.v5.KolmogorovWeightedPerfectMatchingTest" time="0"/>
  <testcase name="testGetMatching10[21]" classname="org.jgrapht.alg.matching.blossom.v5.KolmogorovWeightedPerfectMatchingTest" time="0"/>
  <testcase name="testGetMatching11[21]" classname="org.jgrapht.alg.matching.blossom.v5.KolmogorovWeightedPerfectMatchingTest" time="0"/>
  <testcase name="testGetMatching12[21]" classname="org.jgrapht.alg.matching.blossom.v5.KolmogorovWeightedPerfectMatchingTest" time="0"/>
  <testcase name="testGetMatching13[21]" classname="org.jgrapht.alg.matching.blossom.v5.KolmogorovWeightedPerfectMatchingTest" time="0"/>
  <testcase name="testGetMatching14[21]" classname="org.jgrapht.alg.matching.blossom.v5.KolmogorovWeightedPerfectMatchingTest" time="0"/>
  <testcase name="testGetMatching15[21]" classname="org.jgrapht.alg.matching.blossom.v5.KolmogorovWeightedPerfectMatchingTest" time="0"/>
  <testcase name="testGetMatching16[21]" classname="org.jgrapht.alg.matching.blossom.v5.KolmogorovWeightedPerfectMatchingTest" time="0"/>
  <testcase name="testGetMatching17[21]" classname="org.jgrapht.alg.matching.blossom.v5.KolmogorovWeightedPerfectMatchingTest" time="0"/>
  <testcase name="testGetMatching18[21]" classname="org.jgrapht.alg.matching.blossom.v5.KolmogorovWeightedPerfectMatchingTest" time="0.001"/>
  <testcase name="testGetMatching19[21]" classname="org.jgrapht.alg.matching.blossom.v5.KolmogorovWeightedPerfectMatchingTest" time="0"/>
  <testcase name="testGetMatching20[21]" classname="org.jgrapht.alg.matching.blossom.v5.KolmogorovWeightedPerfectMatchingTest" time="0"/>
  <testcase name="testGetMatching21[21]" classname="org.jgrapht.alg.matching.blossom.v5.KolmogorovWeightedPerfectMatchingTest" time="0"/>
  <testcase name="testGetMatching22[21]" classname="org.jgrapht.alg.matching.blossom.v5.KolmogorovWeightedPerfectMatchingTest" time="0"/>
  <testcase name="testGetMatching23[21]" classname="org.jgrapht.alg.matching.blossom.v5.KolmogorovWeightedPerfectMatchingTest" time="0"/>
  <testcase name="testGetMatching24[21]" classname="org.jgrapht.alg.matching.blossom.v5.KolmogorovWeightedPerfectMatchingTest" time="0"/>
  <testcase name="testGetMatching25[21]" classname="org.jgrapht.alg.matching.blossom.v5.KolmogorovWeightedPerfectMatchingTest" time="0"/>
  <testcase name="testGetMatching26[21]" classname="org.jgrapht.alg.matching.blossom.v5.KolmogorovWeightedPerfectMatchingTest" time="0"/>
  <testcase name="testGetMatching27[21]" classname="org.jgrapht.alg.matching.blossom.v5.KolmogorovWeightedPerfectMatchingTest" time="0"/>
  <testcase name="testGetMatching28[21]" classname="org.jgrapht.alg.matching.blossom.v5.KolmogorovWeightedPerfectMatchingTest" time="0"/>
  <testcase name="testGetMatching29[21]" classname="org.jgrapht.alg.matching.blossom.v5.KolmogorovWeightedPerfectMatchingTest" time="0.001"/>
  <testcase name="testGetMatching30[21]" classname="org.jgrapht.alg.matching.blossom.v5.KolmogorovWeightedPerfectMatchingTest" time="0"/>
  <testcase name="testGetMatching31[21]" classname="org.jgrapht.alg.matching.blossom.v5.KolmogorovWeightedPerfectMatchingTest" time="0.002"/>
  <testcase name="testGetMatching32[21]" classname="org.jgrapht.alg.matching.blossom.v5.KolmogorovWeightedPerfectMatchingTest" time="0.001"/>
  <testcase name="testGetMatching33[21]" classname="org.jgrapht.alg.matching.blossom.v5.KolmogorovWeightedPerfectMatchingTest" time="0.003"/>
  <testcase name="testGetMatching34[21]" classname="org.jgrapht.alg.matching.blossom.v5.KolmogorovWeightedPerfectMatchingTest" time="0.002"/>
  <testcase name="testGetMatching35[21]" classname="org.jgrapht.alg.matching.blossom.v5.KolmogorovWeightedPerfectMatchingTest" time="0.004"/>
  <testcase name="testGetMatching36[21]" classname="org.jgrapht.alg.matching.blossom.v5.KolmogorovWeightedPerfectMatchingTest" time="0.006"/>
  <testcase name="testGetMatching37[21]" classname="org.jgrapht.alg.matching.blossom.v5.KolmogorovWeightedPerfectMatchingTest" time="0"/>
  <testcase name="testGetMatching38[21]" classname="org.jgrapht.alg.matching.blossom.v5.KolmogorovWeightedPerfectMatchingTest" time="0.004"/>
  <testcase name="testGetMatching39[21]" classname="org.jgrapht.alg.matching.blossom.v5.KolmogorovWeightedPerfectMatchingTest" time="0"/>
  <testcase name="testGetMatching40[21]" classname="org.jgrapht.alg.matching.blossom.v5.KolmogorovWeightedPerfectMatchingTest" time="0"/>
  <testcase name="testGetMatching41[21]" classname="org.jgrapht.alg.matching.blossom.v5.KolmogorovWeightedPerfectMatchingTest" time="0"/>
  <testcase name="testGetMatching42[21]" classname="org.jgrapht.alg.matching.blossom.v5.KolmogorovWeightedPerfectMatchingTest" time="0"/>
  <testcase name="testGetMatching43[21]" classname="org.jgrapht.alg.matching.blossom.v5.KolmogorovWeightedPerfectMatchingTest" time="0.001"/>
  <testcase name="testGetMatching44[21]" classname="org.jgrapht.alg.matching.blossom.v5.KolmogorovWeightedPerfectMatchingTest" time="0"/>
  <testcase name="testGetMatching45[21]" classname="org.jgrapht.alg.matching.blossom.v5.KolmogorovWeightedPerfectMatchingTest" time="0"/>
  <testcase name="testGetMatching46[21]" classname="org.jgrapht.alg.matching.blossom.v5.KolmogorovWeightedPerfectMatchingTest" time="0"/>
  <testcase name="testGetMatching47[21]" classname="org.jgrapht.alg.matching.blossom.v5.KolmogorovWeightedPerfectMatchingTest" time="0"/>
  <testcase name="testGetMatching48[21]" classname="org.jgrapht.alg.matching.blossom.v5.KolmogorovWeightedPerfectMatchingTest" time="0.001"/>
  <testcase name="testGetMatching49[21]" classname="org.jgrapht.alg.matching.blossom.v5.KolmogorovWeightedPerfectMatchingTest" time="0"/>
  <testcase name="testGetMatching50[21]" classname="org.jgrapht.alg.matching.blossom.v5.KolmogorovWeightedPerfectMatchingTest" time="0.001"/>
  <testcase name="testInvalidDualSolution[21]" classname="org.jgrapht.alg.matching.blossom.v5.KolmogorovWeightedPerfectMatchingTest" time="0"/>
  <testcase name="testGetMatching0[21]" classname="org.jgrapht.alg.matching.blossom.v5.KolmogorovWeightedPerfectMatchingTest" time="0"/>
  <testcase name="testGetMatching1[21]" classname="org.jgrapht.alg.matching.blossom.v5.KolmogorovWeightedPerfectMatchingTest" time="0"/>
  <testcase name="testGetMatching2[21]" classname="org.jgrapht.alg.matching.blossom.v5.KolmogorovWeightedPerfectMatchingTest" time="0"/>
  <testcase name="testGetMatching3[21]" classname="org.jgrapht.alg.matching.blossom.v5.KolmogorovWeightedPerfectMatchingTest" time="0"/>
  <testcase name="testGetMatching4[21]" classname="org.jgrapht.alg.matching.blossom.v5.KolmogorovWeightedPerfectMatchingTest" time="0"/>
  <testcase name="testGetMatching5[21]" classname="org.jgrapht.alg.matching.blossom.v5.KolmogorovWeightedPerfectMatchingTest" time="0"/>
  <testcase name="testGetMatching6[21]" classname="org.jgrapht.alg.matching.blossom.v5.KolmogorovWeightedPerfectMatchingTest" time="0"/>
  <testcase name="testGetMatching7[21]" classname="org.jgrapht.alg.matching.blossom.v5.KolmogorovWeightedPerfectMatchingTest" time="0"/>
  <testcase name="testGetMatching8[21]" classname="org.jgrapht.alg.matching.blossom.v5.KolmogorovWeightedPerfectMatchingTest" time="0"/>
  <testcase name="testGetMatching9[21]" classname="org.jgrapht.alg.matching.blossom.v5.KolmogorovWeightedPerfectMatchingTest" time="0"/>
  <testcase name="testGetMatching10[22]" classname="org.jgrapht.alg.matching.blossom.v5.KolmogorovWeightedPerfectMatchingTest" time="0"/>
  <testcase name="testGetMatching11[22]" classname="org.jgrapht.alg.matching.blossom.v5.KolmogorovWeightedPerfectMatchingTest" time="0"/>
  <testcase name="testGetMatching12[22]" classname="org.jgrapht.alg.matching.blossom.v5.KolmogorovWeightedPerfectMatchingTest" time="0"/>
  <testcase name="testGetMatching13[22]" classname="org.jgrapht.alg.matching.blossom.v5.KolmogorovWeightedPerfectMatchingTest" time="0"/>
  <testcase name="testGetMatching14[22]" classname="org.jgrapht.alg.matching.blossom.v5.KolmogorovWeightedPerfectMatchingTest" time="0"/>
  <testcase name="testGetMatching15[22]" classname="org.jgrapht.alg.matching.blossom.v5.KolmogorovWeightedPerfectMatchingTest" time="0"/>
  <testcase name="testGetMatching16[22]" classname="org.jgrapht.alg.matching.blossom.v5.KolmogorovWeightedPerfectMatchingTest" time="0"/>
  <testcase name="testGetMatching17[22]" classname="org.jgrapht.alg.matching.blossom.v5.KolmogorovWeightedPerfectMatchingTest" time="0"/>
  <testcase name="testGetMatching18[22]" classname="org.jgrapht.alg.matching.blossom.v5.KolmogorovWeightedPerfectMatchingTest" time="0.001"/>
  <testcase name="testGetMatching19[22]" classname="org.jgrapht.alg.matching.blossom.v5.KolmogorovWeightedPerfectMatchingTest" time="0"/>
  <testcase name="testGetMatching20[22]" classname="org.jgrapht.alg.matching.blossom.v5.KolmogorovWeightedPerfectMatchingTest" time="0"/>
  <testcase name="testGetMatching21[22]" classname="org.jgrapht.alg.matching.blossom.v5.KolmogorovWeightedPerfectMatchingTest" time="0"/>
  <testcase name="testGetMatching22[22]" classname="org.jgrapht.alg.matching.blossom.v5.KolmogorovWeightedPerfectMatchingTest" time="0"/>
  <testcase name="testGetMatching23[22]" classname="org.jgrapht.alg.matching.blossom.v5.KolmogorovWeightedPerfectMatchingTest" time="0"/>
  <testcase name="testGetMatching24[22]" classname="org.jgrapht.alg.matching.blossom.v5.KolmogorovWeightedPerfectMatchingTest" time="0"/>
  <testcase name="testGetMatching25[22]" classname="org.jgrapht.alg.matching.blossom.v5.KolmogorovWeightedPerfectMatchingTest" time="0"/>
  <testcase name="testGetMatching26[22]" classname="org.jgrapht.alg.matching.blossom.v5.KolmogorovWeightedPerfectMatchingTest" time="0"/>
  <testcase name="testGetMatching27[22]" classname="org.jgrapht.alg.matching.blossom.v5.KolmogorovWeightedPerfectMatchingTest" time="0"/>
  <testcase name="testGetMatching28[22]" classname="org.jgrapht.alg.matching.blossom.v5.KolmogorovWeightedPerfectMatchingTest" time="0.001"/>
  <testcase name="testGetMatching29[22]" classname="org.jgrapht.alg.matching.blossom.v5.KolmogorovWeightedPerfectMatchingTest" time="0"/>
  <testcase name="testGetMatching30[22]" classname="org.jgrapht.alg.matching.blossom.v5.KolmogorovWeightedPerfectMatchingTest" time="0"/>
  <testcase name="testGetMatching31[22]" classname="org.jgrapht.alg.matching.blossom.v5.KolmogorovWeightedPerfectMatchingTest" time="0.001"/>
  <testcase name="testGetMatching32[22]" classname="org.jgrapht.alg.matching.blossom.v5.KolmogorovWeightedPerfectMatchingTest" time="0.001"/>
  <testcase name="testGetMatching33[22]" classname="org.jgrapht.alg.matching.blossom.v5.KolmogorovWeightedPerfectMatchingTest" time="0.002"/>
  <testcase name="testGetMatching34[22]" classname="org.jgrapht.alg.matching.blossom.v5.KolmogorovWeightedPerfectMatchingTest" time="0.002"/>
  <testcase name="testGetMatching35[22]" classname="org.jgrapht.alg.matching.blossom.v5.KolmogorovWeightedPerfectMatchingTest" time="0.003"/>
  <testcase name="testGetMatching36[22]" classname="org.jgrapht.alg.matching.blossom.v5.KolmogorovWeightedPerfectMatchingTest" time="0.005"/>
  <testcase name="testGetMatching37[22]" classname="org.jgrapht.alg.matching.blossom.v5.KolmogorovWeightedPerfectMatchingTest" time="0"/>
  <testcase name="testGetMatching38[22]" classname="org.jgrapht.alg.matching.blossom.v5.KolmogorovWeightedPerfectMatchingTest" time="0.002"/>
  <testcase name="testGetMatching39[22]" classname="org.jgrapht.alg.matching.blossom.v5.KolmogorovWeightedPerfectMatchingTest" time="0"/>
  <testcase name="testGetMatching40[22]" classname="org.jgrapht.alg.matching.blossom.v5.KolmogorovWeightedPerfectMatchingTest" time="0"/>
  <testcase name="testGetMatching41[22]" classname="org.jgrapht.alg.matching.blossom.v5.KolmogorovWeightedPerfectMatchingTest" time="0"/>
  <testcase name="testGetMatching42[22]" classname="org.jgrapht.alg.matching.blossom.v5.KolmogorovWeightedPerfectMatchingTest" time="0"/>
  <testcase name="testGetMatching43[22]" classname="org.jgrapht.alg.matching.blossom.v5.KolmogorovWeightedPerfectMatchingTest" time="0"/>
  <testcase name="testGetMatching44[22]" classname="org.jgrapht.alg.matching.blossom.v5.KolmogorovWeightedPerfectMatchingTest" time="0"/>
  <testcase name="testGetMatching45[22]" classname="org.jgrapht.alg.matching.blossom.v5.KolmogorovWeightedPerfectMatchingTest" time="0"/>
  <testcase name="testGetMatching46[22]" classname="org.jgrapht.alg.matching.blossom.v5.KolmogorovWeightedPerfectMatchingTest" time="0.001"/>
  <testcase name="testGetMatching47[22]" classname="org.jgrapht.alg.matching.blossom.v5.KolmogorovWeightedPerfectMatchingTest" time="0"/>
  <testcase name="testGetMatching48[22]" classname="org.jgrapht.alg.matching.blossom.v5.KolmogorovWeightedPerfectMatchingTest" time="0"/>
  <testcase name="testGetMatching49[22]" classname="org.jgrapht.alg.matching.blossom.v5.KolmogorovWeightedPerfectMatchingTest" time="0.001"/>
  <testcase name="testGetMatching50[22]" classname="org.jgrapht.alg.matching.blossom.v5.KolmogorovWeightedPerfectMatchingTest" time="0.001"/>
  <testcase name="testInvalidDualSolution[22]" classname="org.jgrapht.alg.matching.blossom.v5.KolmogorovWeightedPerfectMatchingTest" time="0"/>
  <testcase name="testGetMatching0[22]" classname="org.jgrapht.alg.matching.blossom.v5.KolmogorovWeightedPerfectMatchingTest" time="0"/>
  <testcase name="testGetMatching1[22]" classname="org.jgrapht.alg.matching.blossom.v5.KolmogorovWeightedPerfectMatchingTest" time="0"/>
  <testcase name="testGetMatching2[22]" classname="org.jgrapht.alg.matching.blossom.v5.KolmogorovWeightedPerfectMatchingTest" time="0.001"/>
  <testcase name="testGetMatching3[22]" classname="org.jgrapht.alg.matching.blossom.v5.KolmogorovWeightedPerfectMatchingTest" time="0"/>
  <testcase name="testGetMatching4[22]" classname="org.jgrapht.alg.matching.blossom.v5.KolmogorovWeightedPerfectMatchingTest" time="0"/>
  <testcase name="testGetMatching5[22]" classname="org.jgrapht.alg.matching.blossom.v5.KolmogorovWeightedPerfectMatchingTest" time="0"/>
  <testcase name="testGetMatching6[22]" classname="org.jgrapht.alg.matching.blossom.v5.KolmogorovWeightedPerfectMatchingTest" time="0"/>
  <testcase name="testGetMatching7[22]" classname="org.jgrapht.alg.matching.blossom.v5.KolmogorovWeightedPerfectMatchingTest" time="0"/>
  <testcase name="testGetMatching8[22]" classname="org.jgrapht.alg.matching.blossom.v5.KolmogorovWeightedPerfectMatchingTest" time="0"/>
  <testcase name="testGetMatching9[22]" classname="org.jgrapht.alg.matching.blossom.v5.KolmogorovWeightedPerfectMatchingTest" time="0"/>
  <testcase name="testGetMatching10[23]" classname="org.jgrapht.alg.matching.blossom.v5.KolmogorovWeightedPerfectMatchingTest" time="0"/>
  <testcase name="testGetMatching11[23]" classname="org.jgrapht.alg.matching.blossom.v5.KolmogorovWeightedPerfectMatchingTest" time="0"/>
  <testcase name="testGetMatching12[23]" classname="org.jgrapht.alg.matching.blossom.v5.KolmogorovWeightedPerfectMatchingTest" time="0"/>
  <testcase name="testGetMatching13[23]" classname="org.jgrapht.alg.matching.blossom.v5.KolmogorovWeightedPerfectMatchingTest" time="0"/>
  <testcase name="testGetMatching14[23]" classname="org.jgrapht.alg.matching.blossom.v5.KolmogorovWeightedPerfectMatchingTest" time="0"/>
  <testcase name="testGetMatching15[23]" classname="org.jgrapht.alg.matching.blossom.v5.KolmogorovWeightedPerfectMatchingTest" time="0"/>
  <testcase name="testGetMatching16[23]" classname="org.jgrapht.alg.matching.blossom.v5.KolmogorovWeightedPerfectMatchingTest" time="0"/>
  <testcase name="testGetMatching17[23]" classname="org.jgrapht.alg.matching.blossom.v5.KolmogorovWeightedPerfectMatchingTest" time="0"/>
  <testcase name="testGetMatching18[23]" classname="org.jgrapht.alg.matching.blossom.v5.KolmogorovWeightedPerfectMatchingTest" time="0"/>
  <testcase name="testGetMatching19[23]" classname="org.jgrapht.alg.matching.blossom.v5.KolmogorovWeightedPerfectMatchingTest" time="0"/>
  <testcase name="testGetMatching20[23]" classname="org.jgrapht.alg.matching.blossom.v5.KolmogorovWeightedPerfectMatchingTest" time="0"/>
  <testcase name="testGetMatching21[23]" classname="org.jgrapht.alg.matching.blossom.v5.KolmogorovWeightedPerfectMatchingTest" time="0"/>
  <testcase name="testGetMatching22[23]" classname="org.jgrapht.alg.matching.blossom.v5.KolmogorovWeightedPerfectMatchingTest" time="0"/>
  <testcase name="testGetMatching23[23]" classname="org.jgrapht.alg.matching.blossom.v5.KolmogorovWeightedPerfectMatchingTest" time="0.001"/>
  <testcase name="testGetMatching24[23]" classname="org.jgrapht.alg.matching.blossom.v5.KolmogorovWeightedPerfectMatchingTest" time="0"/>
  <testcase name="testGetMatching25[23]" classname="org.jgrapht.alg.matching.blossom.v5.KolmogorovWeightedPerfectMatchingTest" time="0"/>
  <testcase name="testGetMatching26[23]" classname="org.jgrapht.alg.matching.blossom.v5.KolmogorovWeightedPerfectMatchingTest" time="0"/>
  <testcase name="testGetMatching27[23]" classname="org.jgrapht.alg.matching.blossom.v5.KolmogorovWeightedPerfectMatchingTest" time="0"/>
  <testcase name="testGetMatching28[23]" classname="org.jgrapht.alg.matching.blossom.v5.KolmogorovWeightedPerfectMatchingTest" time="0"/>
  <testcase name="testGetMatching29[23]" classname="org.jgrapht.alg.matching.blossom.v5.KolmogorovWeightedPerfectMatchingTest" time="0"/>
  <testcase name="testGetMatching30[23]" classname="org.jgrapht.alg.matching.blossom.v5.KolmogorovWeightedPerfectMatchingTest" time="0.001"/>
  <testcase name="testGetMatching31[23]" classname="org.jgrapht.alg.matching.blossom.v5.KolmogorovWeightedPerfectMatchingTest" time="0.001"/>
  <testcase name="testGetMatching32[23]" classname="org.jgrapht.alg.matching.blossom.v5.KolmogorovWeightedPerfectMatchingTest" time="0.001"/>
  <testcase name="testGetMatching33[23]" classname="org.jgrapht.alg.matching.blossom.v5.KolmogorovWeightedPerfectMatchingTest" time="0.002"/>
  <testcase name="testGetMatching34[23]" classname="org.jgrapht.alg.matching.blossom.v5.KolmogorovWeightedPerfectMatchingTest" time="0.002"/>
  <testcase name="testGetMatching35[23]" classname="org.jgrapht.alg.matching.blossom.v5.KolmogorovWeightedPerfectMatchingTest" time="0.002"/>
  <testcase name="testGetMatching36[23]" classname="org.jgrapht.alg.matching.blossom.v5.KolmogorovWeightedPerfectMatchingTest" time="0.003"/>
  <testcase name="testGetMatching37[23]" classname="org.jgrapht.alg.matching.blossom.v5.KolmogorovWeightedPerfectMatchingTest" time="0"/>
  <testcase name="testGetMatching38[23]" classname="org.jgrapht.alg.matching.blossom.v5.KolmogorovWeightedPerfectMatchingTest" time="0.002"/>
  <testcase name="testGetMatching39[23]" classname="org.jgrapht.alg.matching.blossom.v5.KolmogorovWeightedPerfectMatchingTest" time="0"/>
  <testcase name="testGetMatching40[23]" classname="org.jgrapht.alg.matching.blossom.v5.KolmogorovWeightedPerfectMatchingTest" time="0"/>
  <testcase name="testGetMatching41[23]" classname="org.jgrapht.alg.matching.blossom.v5.KolmogorovWeightedPerfectMatchingTest" time="0"/>
  <testcase name="testGetMatching42[23]" classname="org.jgrapht.alg.matching.blossom.v5.KolmogorovWeightedPerfectMatchingTest" time="0"/>
  <testcase name="testGetMatching43[23]" classname="org.jgrapht.alg.matching.blossom.v5.KolmogorovWeightedPerfectMatchingTest" time="0"/>
  <testcase name="testGetMatching44[23]" classname="org.jgrapht.alg.matching.blossom.v5.KolmogorovWeightedPerfectMatchingTest" time="0"/>
  <testcase name="testGetMatching45[23]" classname="org.jgrapht.alg.matching.blossom.v5.KolmogorovWeightedPerfectMatchingTest" time="0"/>
  <testcase name="testGetMatching46[23]" classname="org.jgrapht.alg.matching.blossom.v5.KolmogorovWeightedPerfectMatchingTest" time="0.001"/>
  <testcase name="testGetMatching47[23]" classname="org.jgrapht.alg.matching.blossom.v5.KolmogorovWeightedPerfectMatchingTest" time="0"/>
  <testcase name="testGetMatching48[23]" classname="org.jgrapht.alg.matching.blossom.v5.KolmogorovWeightedPerfectMatchingTest" time="0"/>
  <testcase name="testGetMatching49[23]" classname="org.jgrapht.alg.matching.blossom.v5.KolmogorovWeightedPerfectMatchingTest" time="0"/>
  <testcase name="testGetMatching50[23]" classname="org.jgrapht.alg.matching.blossom.v5.KolmogorovWeightedPerfectMatchingTest" time="0.001"/>
  <testcase name="testInvalidDualSolution[23]" classname="org.jgrapht.alg.matching.blossom.v5.KolmogorovWeightedPerfectMatchingTest" time="0"/>
  <testcase name="testGetMatching0[23]" classname="org.jgrapht.alg.matching.blossom.v5.KolmogorovWeightedPerfectMatchingTest" time="0"/>
  <testcase name="testGetMatching1[23]" classname="org.jgrapht.alg.matching.blossom.v5.KolmogorovWeightedPerfectMatchingTest" time="0"/>
  <testcase name="testGetMatching2[23]" classname="org.jgrapht.alg.matching.blossom.v5.KolmogorovWeightedPerfectMatchingTest" time="0"/>
  <testcase name="testGetMatching3[23]" classname="org.jgrapht.alg.matching.blossom.v5.KolmogorovWeightedPerfectMatchingTest" time="0"/>
  <testcase name="testGetMatching4[23]" classname="org.jgrapht.alg.matching.blossom.v5.KolmogorovWeightedPerfectMatchingTest" time="0"/>
  <testcase name="testGetMatching5[23]" classname="org.jgrapht.alg.matching.blossom.v5.KolmogorovWeightedPerfectMatchingTest" time="0"/>
  <testcase name="testGetMatching6[23]" classname="org.jgrapht.alg.matching.blossom.v5.KolmogorovWeightedPerfectMatchingTest" time="0"/>
  <testcase name="testGetMatching7[23]" classname="org.jgrapht.alg.matching.blossom.v5.KolmogorovWeightedPerfectMatchingTest" time="0"/>
  <testcase name="testGetMatching8[23]" classname="org.jgrapht.alg.matching.blossom.v5.KolmogorovWeightedPerfectMatchingTest" time="0"/>
  <testcase name="testGetMatching9[23]" classname="org.jgrapht.alg.matching.blossom.v5.KolmogorovWeightedPerfectMatchingTest" time="0"/>
  <testcase name="testGetMatching10[24]" classname="org.jgrapht.alg.matching.blossom.v5.KolmogorovWeightedPerfectMatchingTest" time="0"/>
  <testcase name="testGetMatching11[24]" classname="org.jgrapht.alg.matching.blossom.v5.KolmogorovWeightedPerfectMatchingTest" time="0"/>
  <testcase name="testGetMatching12[24]" classname="org.jgrapht.alg.matching.blossom.v5.KolmogorovWeightedPerfectMatchingTest" time="0"/>
  <testcase name="testGetMatching13[24]" classname="org.jgrapht.alg.matching.blossom.v5.KolmogorovWeightedPerfectMatchingTest" time="0"/>
  <testcase name="testGetMatching14[24]" classname="org.jgrapht.alg.matching.blossom.v5.KolmogorovWeightedPerfectMatchingTest" time="0"/>
  <testcase name="testGetMatching15[24]" classname="org.jgrapht.alg.matching.blossom.v5.KolmogorovWeightedPerfectMatchingTest" time="0"/>
  <testcase name="testGetMatching16[24]" classname="org.jgrapht.alg.matching.blossom.v5.KolmogorovWeightedPerfectMatchingTest" time="0"/>
  <testcase name="testGetMatching17[24]" classname="org.jgrapht.alg.matching.blossom.v5.KolmogorovWeightedPerfectMatchingTest" time="0"/>
  <testcase name="testGetMatching18[24]" classname="org.jgrapht.alg.matching.blossom.v5.KolmogorovWeightedPerfectMatchingTest" time="0"/>
  <testcase name="testGetMatching19[24]" classname="org.jgrapht.alg.matching.blossom.v5.KolmogorovWeightedPerfectMatchingTest" time="0"/>
  <testcase name="testGetMatching20[24]" classname="org.jgrapht.alg.matching.blossom.v5.KolmogorovWeightedPerfectMatchingTest" time="0"/>
  <testcase name="testGetMatching21[24]" classname="org.jgrapht.alg.matching.blossom.v5.KolmogorovWeightedPerfectMatchingTest" time="0"/>
  <testcase name="testGetMatching22[24]" classname="org.jgrapht.alg.matching.blossom.v5.KolmogorovWeightedPerfectMatchingTest" time="0.001"/>
  <testcase name="testGetMatching23[24]" classname="org.jgrapht.alg.matching.blossom.v5.KolmogorovWeightedPerfectMatchingTest" time="0"/>
  <testcase name="testGetMatching24[24]" classname="org.jgrapht.alg.matching.blossom.v5.KolmogorovWeightedPerfectMatchingTest" time="0"/>
  <testcase name="testGetMatching25[24]" classname="org.jgrapht.alg.matching.blossom.v5.KolmogorovWeightedPerfectMatchingTest" time="0"/>
  <testcase name="testGetMatching26[24]" classname="org.jgrapht.alg.matching.blossom.v5.KolmogorovWeightedPerfectMatchingTest" time="0"/>
  <testcase name="testGetMatching27[24]" classname="org.jgrapht.alg.matching.blossom.v5.KolmogorovWeightedPerfectMatchingTest" time="0"/>
  <testcase name="testGetMatching28[24]" classname="org.jgrapht.alg.matching.blossom.v5.KolmogorovWeightedPerfectMatchingTest" time="0.001"/>
  <testcase name="testGetMatching29[24]" classname="org.jgrapht.alg.matching.blossom.v5.KolmogorovWeightedPerfectMatchingTest" time="0"/>
  <testcase name="testGetMatching30[24]" classname="org.jgrapht.alg.matching.blossom.v5.KolmogorovWeightedPerfectMatchingTest" time="0"/>
  <testcase name="testGetMatching31[24]" classname="org.jgrapht.alg.matching.blossom.v5.KolmogorovWeightedPerfectMatchingTest" time="0.002"/>
  <testcase name="testGetMatching32[24]" classname="org.jgrapht.alg.matching.blossom.v5.KolmogorovWeightedPerfectMatchingTest" time="0.001"/>
  <testcase name="testGetMatching33[24]" classname="org.jgrapht.alg.matching.blossom.v5.KolmogorovWeightedPerfectMatchingTest" time="0.003"/>
  <testcase name="testGetMatching34[24]" classname="org.jgrapht.alg.matching.blossom.v5.KolmogorovWeightedPerfectMatchingTest" time="0.002"/>
  <testcase name="testGetMatching35[24]" classname="org.jgrapht.alg.matching.blossom.v5.KolmogorovWeightedPerfectMatchingTest" time="0.003"/>
  <testcase name="testGetMatching36[24]" classname="org.jgrapht.alg.matching.blossom.v5.KolmogorovWeightedPerfectMatchingTest" time="0.007"/>
  <testcase name="testGetMatching37[24]" classname="org.jgrapht.alg.matching.blossom.v5.KolmogorovWeightedPerfectMatchingTest" time="0"/>
  <testcase name="testGetMatching38[24]" classname="org.jgrapht.alg.matching.blossom.v5.KolmogorovWeightedPerfectMatchingTest" time="0.002"/>
  <testcase name="testGetMatching39[24]" classname="org.jgrapht.alg.matching.blossom.v5.KolmogorovWeightedPerfectMatchingTest" time="0"/>
  <testcase name="testGetMatching40[24]" classname="org.jgrapht.alg.matching.blossom.v5.KolmogorovWeightedPerfectMatchingTest" time="0"/>
  <testcase name="testGetMatching41[24]" classname="org.jgrapht.alg.matching.blossom.v5.KolmogorovWeightedPerfectMatchingTest" time="0"/>
  <testcase name="testGetMatching42[24]" classname="org.jgrapht.alg.matching.blossom.v5.KolmogorovWeightedPerfectMatchingTest" time="0"/>
  <testcase name="testGetMatching43[24]" classname="org.jgrapht.alg.matching.blossom.v5.KolmogorovWeightedPerfectMatchingTest" time="0"/>
  <testcase name="testGetMatching44[24]" classname="org.jgrapht.alg.matching.blossom.v5.KolmogorovWeightedPerfectMatchingTest" time="0"/>
  <testcase name="testGetMatching45[24]" classname="org.jgrapht.alg.matching.blossom.v5.KolmogorovWeightedPerfectMatchingTest" time="0"/>
  <testcase name="testGetMatching46[24]" classname="org.jgrapht.alg.matching.blossom.v5.KolmogorovWeightedPerfectMatchingTest" time="0.001"/>
  <testcase name="testGetMatching47[24]" classname="org.jgrapht.alg.matching.blossom.v5.KolmogorovWeightedPerfectMatchingTest" time="0"/>
  <testcase name="testGetMatching48[24]" classname="org.jgrapht.alg.matching.blossom.v5.KolmogorovWeightedPerfectMatchingTest" time="0"/>
  <testcase name="testGetMatching49[24]" classname="org.jgrapht.alg.matching.blossom.v5.KolmogorovWeightedPerfectMatchingTest" time="0"/>
  <testcase name="testGetMatching50[24]" classname="org.jgrapht.alg.matching.blossom.v5.KolmogorovWeightedPerfectMatchingTest" time="0.001"/>
  <testcase name="testInvalidDualSolution[24]" classname="org.jgrapht.alg.matching.blossom.v5.KolmogorovWeightedPerfectMatchingTest" time="0"/>
  <testcase name="testGetMatching0[24]" classname="org.jgrapht.alg.matching.blossom.v5.KolmogorovWeightedPerfectMatchingTest" time="0"/>
  <testcase name="testGetMatching1[24]" classname="org.jgrapht.alg.matching.blossom.v5.KolmogorovWeightedPerfectMatchingTest" time="0"/>
  <testcase name="testGetMatching2[24]" classname="org.jgrapht.alg.matching.blossom.v5.KolmogorovWeightedPerfectMatchingTest" time="0"/>
  <testcase name="testGetMatching3[24]" classname="org.jgrapht.alg.matching.blossom.v5.KolmogorovWeightedPerfectMatchingTest" time="0"/>
  <testcase name="testGetMatching4[24]" classname="org.jgrapht.alg.matching.blossom.v5.KolmogorovWeightedPerfectMatchingTest" time="0"/>
  <testcase name="testGetMatching5[24]" classname="org.jgrapht.alg.matching.blossom.v5.KolmogorovWeightedPerfectMatchingTest" time="0"/>
  <testcase name="testGetMatching6[24]" classname="org.jgrapht.alg.matching.blossom.v5.KolmogorovWeightedPerfectMatchingTest" time="0"/>
  <testcase name="testGetMatching7[24]" classname="org.jgrapht.alg.matching.blossom.v5.KolmogorovWeightedPerfectMatchingTest" time="0"/>
  <testcase name="testGetMatching8[24]" classname="org.jgrapht.alg.matching.blossom.v5.KolmogorovWeightedPerfectMatchingTest" time="0"/>
  <testcase name="testGetMatching9[24]" classname="org.jgrapht.alg.matching.blossom.v5.KolmogorovWeightedPerfectMatchingTest" time="0"/>
  <testcase name="testGetMatching10[25]" classname="org.jgrapht.alg.matching.blossom.v5.KolmogorovWeightedPerfectMatchingTest" time="0"/>
  <testcase name="testGetMatching11[25]" classname="org.jgrapht.alg.matching.blossom.v5.KolmogorovWeightedPerfectMatchingTest" time="0"/>
  <testcase name="testGetMatching12[25]" classname="org.jgrapht.alg.matching.blossom.v5.KolmogorovWeightedPerfectMatchingTest" time="0"/>
  <testcase name="testGetMatching13[25]" classname="org.jgrapht.alg.matching.blossom.v5.KolmogorovWeightedPerfectMatchingTest" time="0.001"/>
  <testcase name="testGetMatching14[25]" classname="org.jgrapht.alg.matching.blossom.v5.KolmogorovWeightedPerfectMatchingTest" time="0"/>
  <testcase name="testGetMatching15[25]" classname="org.jgrapht.alg.matching.blossom.v5.KolmogorovWeightedPerfectMatchingTest" time="0"/>
  <testcase name="testGetMatching16[25]" classname="org.jgrapht.alg.matching.blossom.v5.KolmogorovWeightedPerfectMatchingTest" time="0"/>
  <testcase name="testGetMatching17[25]" classname="org.jgrapht.alg.matching.blossom.v5.KolmogorovWeightedPerfectMatchingTest" time="0"/>
  <testcase name="testGetMatching18[25]" classname="org.jgrapht.alg.matching.blossom.v5.KolmogorovWeightedPerfectMatchingTest" time="0"/>
  <testcase name="testGetMatching19[25]" classname="org.jgrapht.alg.matching.blossom.v5.KolmogorovWeightedPerfectMatchingTest" time="0"/>
  <testcase name="testGetMatching20[25]" classname="org.jgrapht.alg.matching.blossom.v5.KolmogorovWeightedPerfectMatchingTest" time="0"/>
  <testcase name="testGetMatching21[25]" classname="org.jgrapht.alg.matching.blossom.v5.KolmogorovWeightedPerfectMatchingTest" time="0"/>
  <testcase name="testGetMatching22[25]" classname="org.jgrapht.alg.matching.blossom.v5.KolmogorovWeightedPerfectMatchingTest" time="0"/>
  <testcase name="testGetMatching23[25]" classname="org.jgrapht.alg.matching.blossom.v5.KolmogorovWeightedPerfectMatchingTest" time="0"/>
  <testcase name="testGetMatching24[25]" classname="org.jgrapht.alg.matching.blossom.v5.KolmogorovWeightedPerfectMatchingTest" time="0"/>
  <testcase name="testGetMatching25[25]" classname="org.jgrapht.alg.matching.blossom.v5.KolmogorovWeightedPerfectMatchingTest" time="0"/>
  <testcase name="testGetMatching26[25]" classname="org.jgrapht.alg.matching.blossom.v5.KolmogorovWeightedPerfectMatchingTest" time="0"/>
  <testcase name="testGetMatching27[25]" classname="org.jgrapht.alg.matching.blossom.v5.KolmogorovWeightedPerfectMatchingTest" time="0"/>
  <testcase name="testGetMatching28[25]" classname="org.jgrapht.alg.matching.blossom.v5.KolmogorovWeightedPerfectMatchingTest" time="0"/>
  <testcase name="testGetMatching29[25]" classname="org.jgrapht.alg.matching.blossom.v5.KolmogorovWeightedPerfectMatchingTest" time="0.001"/>
  <testcase name="testGetMatching30[25]" classname="org.jgrapht.alg.matching.blossom.v5.KolmogorovWeightedPerfectMatchingTest" time="0"/>
  <testcase name="testGetMatching31[25]" classname="org.jgrapht.alg.matching.blossom.v5.KolmogorovWeightedPerfectMatchingTest" time="0.001"/>
  <testcase name="testGetMatching32[25]" classname="org.jgrapht.alg.matching.blossom.v5.KolmogorovWeightedPerfectMatchingTest" time="0.001"/>
  <testcase name="testGetMatching33[25]" classname="org.jgrapht.alg.matching.blossom.v5.KolmogorovWeightedPerfectMatchingTest" time="0.001"/>
  <testcase name="testGetMatching34[25]" classname="org.jgrapht.alg.matching.blossom.v5.KolmogorovWeightedPerfectMatchingTest" time="0.001"/>
  <testcase name="testGetMatching35[25]" classname="org.jgrapht.alg.matching.blossom.v5.KolmogorovWeightedPerfectMatchingTest" time="0.004"/>
  <testcase name="testGetMatching36[25]" classname="org.jgrapht.alg.matching.blossom.v5.KolmogorovWeightedPerfectMatchingTest" time="0.004"/>
  <testcase name="testGetMatching37[25]" classname="org.jgrapht.alg.matching.blossom.v5.KolmogorovWeightedPerfectMatchingTest" time="0.001"/>
  <testcase name="testGetMatching38[25]" classname="org.jgrapht.alg.matching.blossom.v5.KolmogorovWeightedPerfectMatchingTest" time="0.002"/>
  <testcase name="testGetMatching39[25]" classname="org.jgrapht.alg.matching.blossom.v5.KolmogorovWeightedPerfectMatchingTest" time="0"/>
  <testcase name="testGetMatching40[25]" classname="org.jgrapht.alg.matching.blossom.v5.KolmogorovWeightedPerfectMatchingTest" time="0.001"/>
  <testcase name="testGetMatching41[25]" classname="org.jgrapht.alg.matching.blossom.v5.KolmogorovWeightedPerfectMatchingTest" time="0"/>
  <testcase name="testGetMatching42[25]" classname="org.jgrapht.alg.matching.blossom.v5.KolmogorovWeightedPerfectMatchingTest" time="0"/>
  <testcase name="testGetMatching43[25]" classname="org.jgrapht.alg.matching.blossom.v5.KolmogorovWeightedPerfectMatchingTest" time="0"/>
  <testcase name="testGetMatching44[25]" classname="org.jgrapht.alg.matching.blossom.v5.KolmogorovWeightedPerfectMatchingTest" time="0"/>
  <testcase name="testGetMatching45[25]" classname="org.jgrapht.alg.matching.blossom.v5.KolmogorovWeightedPerfectMatchingTest" time="0"/>
  <testcase name="testGetMatching46[25]" classname="org.jgrapht.alg.matching.blossom.v5.KolmogorovWeightedPerfectMatchingTest" time="0"/>
  <testcase name="testGetMatching47[25]" classname="org.jgrapht.alg.matching.blossom.v5.KolmogorovWeightedPerfectMatchingTest" time="0"/>
  <testcase name="testGetMatching48[25]" classname="org.jgrapht.alg.matching.blossom.v5.KolmogorovWeightedPerfectMatchingTest" time="0"/>
  <testcase name="testGetMatching49[25]" classname="org.jgrapht.alg.matching.blossom.v5.KolmogorovWeightedPerfectMatchingTest" time="0.001"/>
  <testcase name="testGetMatching50[25]" classname="org.jgrapht.alg.matching.blossom.v5.KolmogorovWeightedPerfectMatchingTest" time="0"/>
  <testcase name="testInvalidDualSolution[25]" classname="org.jgrapht.alg.matching.blossom.v5.KolmogorovWeightedPerfectMatchingTest" time="0"/>
  <testcase name="testGetMatching0[25]" classname="org.jgrapht.alg.matching.blossom.v5.KolmogorovWeightedPerfectMatchingTest" time="0"/>
  <testcase name="testGetMatching1[25]" classname="org.jgrapht.alg.matching.blossom.v5.KolmogorovWeightedPerfectMatchingTest" time="0"/>
  <testcase name="testGetMatching2[25]" classname="org.jgrapht.alg.matching.blossom.v5.KolmogorovWeightedPerfectMatchingTest" time="0"/>
  <testcase name="testGetMatching3[25]" classname="org.jgrapht.alg.matching.blossom.v5.KolmogorovWeightedPerfectMatchingTest" time="0"/>
  <testcase name="testGetMatching4[25]" classname="org.jgrapht.alg.matching.blossom.v5.KolmogorovWeightedPerfectMatchingTest" time="0"/>
  <testcase name="testGetMatching5[25]" classname="org.jgrapht.alg.matching.blossom.v5.KolmogorovWeightedPerfectMatchingTest" time="0"/>
  <testcase name="testGetMatching6[25]" classname="org.jgrapht.alg.matching.blossom.v5.KolmogorovWeightedPerfectMatchingTest" time="0.001"/>
  <testcase name="testGetMatching7[25]" classname="org.jgrapht.alg.matching.blossom.v5.KolmogorovWeightedPerfectMatchingTest" time="0"/>
  <testcase name="testGetMatching8[25]" classname="org.jgrapht.alg.matching.blossom.v5.KolmogorovWeightedPerfectMatchingTest" time="0"/>
  <testcase name="testGetMatching9[25]" classname="org.jgrapht.alg.matching.blossom.v5.KolmogorovWeightedPerfectMatchingTest" time="0"/>
  <testcase name="testGetMatching10[26]" classname="org.jgrapht.alg.matching.blossom.v5.KolmogorovWeightedPerfectMatchingTest" time="0"/>
  <testcase name="testGetMatching11[26]" classname="org.jgrapht.alg.matching.blossom.v5.KolmogorovWeightedPerfectMatchingTest" time="0"/>
  <testcase name="testGetMatching12[26]" classname="org.jgrapht.alg.matching.blossom.v5.KolmogorovWeightedPerfectMatchingTest" time="0"/>
  <testcase name="testGetMatching13[26]" classname="org.jgrapht.alg.matching.blossom.v5.KolmogorovWeightedPerfectMatchingTest" time="0"/>
  <testcase name="testGetMatching14[26]" classname="org.jgrapht.alg.matching.blossom.v5.KolmogorovWeightedPerfectMatchingTest" time="0"/>
  <testcase name="testGetMatching15[26]" classname="org.jgrapht.alg.matching.blossom.v5.KolmogorovWeightedPerfectMatchingTest" time="0"/>
  <testcase name="testGetMatching16[26]" classname="org.jgrapht.alg.matching.blossom.v5.KolmogorovWeightedPerfectMatchingTest" time="0"/>
  <testcase name="testGetMatching17[26]" classname="org.jgrapht.alg.matching.blossom.v5.KolmogorovWeightedPerfectMatchingTest" time="0"/>
  <testcase name="testGetMatching18[26]" classname="org.jgrapht.alg.matching.blossom.v5.KolmogorovWeightedPerfectMatchingTest" time="0"/>
  <testcase name="testGetMatching19[26]" classname="org.jgrapht.alg.matching.blossom.v5.KolmogorovWeightedPerfectMatchingTest" time="0"/>
  <testcase name="testGetMatching20[26]" classname="org.jgrapht.alg.matching.blossom.v5.KolmogorovWeightedPerfectMatchingTest" time="0"/>
  <testcase name="testGetMatching21[26]" classname="org.jgrapht.alg.matching.blossom.v5.KolmogorovWeightedPerfectMatchingTest" time="0"/>
  <testcase name="testGetMatching22[26]" classname="org.jgrapht.alg.matching.blossom.v5.KolmogorovWeightedPerfectMatchingTest" time="0"/>
  <testcase name="testGetMatching23[26]" classname="org.jgrapht.alg.matching.blossom.v5.KolmogorovWeightedPerfectMatchingTest" time="0"/>
  <testcase name="testGetMatching24[26]" classname="org.jgrapht.alg.matching.blossom.v5.KolmogorovWeightedPerfectMatchingTest" time="0"/>
  <testcase name="testGetMatching25[26]" classname="org.jgrapht.alg.matching.blossom.v5.KolmogorovWeightedPerfectMatchingTest" time="0"/>
  <testcase name="testGetMatching26[26]" classname="org.jgrapht.alg.matching.blossom.v5.KolmogorovWeightedPerfectMatchingTest" time="0"/>
  <testcase name="testGetMatching27[26]" classname="org.jgrapht.alg.matching.blossom.v5.KolmogorovWeightedPerfectMatchingTest" time="0"/>
  <testcase name="testGetMatching28[26]" classname="org.jgrapht.alg.matching.blossom.v5.KolmogorovWeightedPerfectMatchingTest" time="0.001"/>
  <testcase name="testGetMatching29[26]" classname="org.jgrapht.alg.matching.blossom.v5.KolmogorovWeightedPerfectMatchingTest" time="0"/>
  <testcase name="testGetMatching30[26]" classname="org.jgrapht.alg.matching.blossom.v5.KolmogorovWeightedPerfectMatchingTest" time="0"/>
  <testcase name="testGetMatching31[26]" classname="org.jgrapht.alg.matching.blossom.v5.KolmogorovWeightedPerfectMatchingTest" time="0.001"/>
  <testcase name="testGetMatching32[26]" classname="org.jgrapht.alg.matching.blossom.v5.KolmogorovWeightedPerfectMatchingTest" time="0.001"/>
  <testcase name="testGetMatching33[26]" classname="org.jgrapht.alg.matching.blossom.v5.KolmogorovWeightedPerfectMatchingTest" time="0.001"/>
  <testcase name="testGetMatching34[26]" classname="org.jgrapht.alg.matching.blossom.v5.KolmogorovWeightedPerfectMatchingTest" time="0.001"/>
  <testcase name="testGetMatching35[26]" classname="org.jgrapht.alg.matching.blossom.v5.KolmogorovWeightedPerfectMatchingTest" time="0.003"/>
  <testcase name="testGetMatching36[26]" classname="org.jgrapht.alg.matching.blossom.v5.KolmogorovWeightedPerfectMatchingTest" time="0.003"/>
  <testcase name="testGetMatching37[26]" classname="org.jgrapht.alg.matching.blossom.v5.KolmogorovWeightedPerfectMatchingTest" time="0"/>
  <testcase name="testGetMatching38[26]" classname="org.jgrapht.alg.matching.blossom.v5.KolmogorovWeightedPerfectMatchingTest" time="0.001"/>
  <testcase name="testGetMatching39[26]" classname="org.jgrapht.alg.matching.blossom.v5.KolmogorovWeightedPerfectMatchingTest" time="0"/>
  <testcase name="testGetMatching40[26]" classname="org.jgrapht.alg.matching.blossom.v5.KolmogorovWeightedPerfectMatchingTest" time="0"/>
  <testcase name="testGetMatching41[26]" classname="org.jgrapht.alg.matching.blossom.v5.KolmogorovWeightedPerfectMatchingTest" time="0"/>
  <testcase name="testGetMatching42[26]" classname="org.jgrapht.alg.matching.blossom.v5.KolmogorovWeightedPerfectMatchingTest" time="0"/>
  <testcase name="testGetMatching43[26]" classname="org.jgrapht.alg.matching.blossom.v5.KolmogorovWeightedPerfectMatchingTest" time="0"/>
  <testcase name="testGetMatching44[26]" classname="org.jgrapht.alg.matching.blossom.v5.KolmogorovWeightedPerfectMatchingTest" time="0"/>
  <testcase name="testGetMatching45[26]" classname="org.jgrapht.alg.matching.blossom.v5.KolmogorovWeightedPerfectMatchingTest" time="0"/>
  <testcase name="testGetMatching46[26]" classname="org.jgrapht.alg.matching.blossom.v5.KolmogorovWeightedPerfectMatchingTest" time="0.001"/>
  <testcase name="testGetMatching47[26]" classname="org.jgrapht.alg.matching.blossom.v5.KolmogorovWeightedPerfectMatchingTest" time="0"/>
  <testcase name="testGetMatching48[26]" classname="org.jgrapht.alg.matching.blossom.v5.KolmogorovWeightedPerfectMatchingTest" time="0"/>
  <testcase name="testGetMatching49[26]" classname="org.jgrapht.alg.matching.blossom.v5.KolmogorovWeightedPerfectMatchingTest" time="0"/>
  <testcase name="testGetMatching50[26]" classname="org.jgrapht.alg.matching.blossom.v5.KolmogorovWeightedPerfectMatchingTest" time="0.001"/>
  <testcase name="testInvalidDualSolution[26]" classname="org.jgrapht.alg.matching.blossom.v5.KolmogorovWeightedPerfectMatchingTest" time="0"/>
  <testcase name="testGetMatching0[26]" classname="org.jgrapht.alg.matching.blossom.v5.KolmogorovWeightedPerfectMatchingTest" time="0"/>
  <testcase name="testGetMatching1[26]" classname="org.jgrapht.alg.matching.blossom.v5.KolmogorovWeightedPerfectMatchingTest" time="0"/>
  <testcase name="testGetMatching2[26]" classname="org.jgrapht.alg.matching.blossom.v5.KolmogorovWeightedPerfectMatchingTest" time="0"/>
  <testcase name="testGetMatching3[26]" classname="org.jgrapht.alg.matching.blossom.v5.KolmogorovWeightedPerfectMatchingTest" time="0"/>
  <testcase name="testGetMatching4[26]" classname="org.jgrapht.alg.matching.blossom.v5.KolmogorovWeightedPerfectMatchingTest" time="0"/>
  <testcase name="testGetMatching5[26]" classname="org.jgrapht.alg.matching.blossom.v5.KolmogorovWeightedPerfectMatchingTest" time="0"/>
  <testcase name="testGetMatching6[26]" classname="org.jgrapht.alg.matching.blossom.v5.KolmogorovWeightedPerfectMatchingTest" time="0"/>
  <testcase name="testGetMatching7[26]" classname="org.jgrapht.alg.matching.blossom.v5.KolmogorovWeightedPerfectMatchingTest" time="0"/>
  <testcase name="testGetMatching8[26]" classname="org.jgrapht.alg.matching.blossom.v5.KolmogorovWeightedPerfectMatchingTest" time="0"/>
  <testcase name="testGetMatching9[26]" classname="org.jgrapht.alg.matching.blossom.v5.KolmogorovWeightedPerfectMatchingTest" time="0"/>
  <testcase name="testGetMatching10[27]" classname="org.jgrapht.alg.matching.blossom.v5.KolmogorovWeightedPerfectMatchingTest" time="0.001"/>
  <testcase name="testGetMatching11[27]" classname="org.jgrapht.alg.matching.blossom.v5.KolmogorovWeightedPerfectMatchingTest" time="0"/>
  <testcase name="testGetMatching12[27]" classname="org.jgrapht.alg.matching.blossom.v5.KolmogorovWeightedPerfectMatchingTest" time="0"/>
  <testcase name="testGetMatching13[27]" classname="org.jgrapht.alg.matching.blossom.v5.KolmogorovWeightedPerfectMatchingTest" time="0"/>
  <testcase name="testGetMatching14[27]" classname="org.jgrapht.alg.matching.blossom.v5.KolmogorovWeightedPerfectMatchingTest" time="0"/>
  <testcase name="testGetMatching15[27]" classname="org.jgrapht.alg.matching.blossom.v5.KolmogorovWeightedPerfectMatchingTest" time="0"/>
  <testcase name="testGetMatching16[27]" classname="org.jgrapht.alg.matching.blossom.v5.KolmogorovWeightedPerfectMatchingTest" time="0"/>
  <testcase name="testGetMatching17[27]" classname="org.jgrapht.alg.matching.blossom.v5.KolmogorovWeightedPerfectMatchingTest" time="0"/>
  <testcase name="testGetMatching18[27]" classname="org.jgrapht.alg.matching.blossom.v5.KolmogorovWeightedPerfectMatchingTest" time="0"/>
  <testcase name="testGetMatching19[27]" classname="org.jgrapht.alg.matching.blossom.v5.KolmogorovWeightedPerfectMatchingTest" time="0"/>
  <testcase name="testGetMatching20[27]" classname="org.jgrapht.alg.matching.blossom.v5.KolmogorovWeightedPerfectMatchingTest" time="0"/>
  <testcase name="testGetMatching21[27]" classname="org.jgrapht.alg.matching.blossom.v5.KolmogorovWeightedPerfectMatchingTest" time="0"/>
  <testcase name="testGetMatching22[27]" classname="org.jgrapht.alg.matching.blossom.v5.KolmogorovWeightedPerfectMatchingTest" time="0"/>
  <testcase name="testGetMatching23[27]" classname="org.jgrapht.alg.matching.blossom.v5.KolmogorovWeightedPerfectMatchingTest" time="0"/>
  <testcase name="testGetMatching24[27]" classname="org.jgrapht.alg.matching.blossom.v5.KolmogorovWeightedPerfectMatchingTest" time="0"/>
  <testcase name="testGetMatching25[27]" classname="org.jgrapht.alg.matching.blossom.v5.KolmogorovWeightedPerfectMatchingTest" time="0"/>
  <testcase name="testGetMatching26[27]" classname="org.jgrapht.alg.matching.blossom.v5.KolmogorovWeightedPerfectMatchingTest" time="0"/>
  <testcase name="testGetMatching27[27]" classname="org.jgrapht.alg.matching.blossom.v5.KolmogorovWeightedPerfectMatchingTest" time="0"/>
  <testcase name="testGetMatching28[27]" classname="org.jgrapht.alg.matching.blossom.v5.KolmogorovWeightedPerfectMatchingTest" time="0"/>
  <testcase name="testGetMatching29[27]" classname="org.jgrapht.alg.matching.blossom.v5.KolmogorovWeightedPerfectMatchingTest" time="0.001"/>
  <testcase name="testGetMatching30[27]" classname="org.jgrapht.alg.matching.blossom.v5.KolmogorovWeightedPerfectMatchingTest" time="0"/>
  <testcase name="testGetMatching31[27]" classname="org.jgrapht.alg.matching.blossom.v5.KolmogorovWeightedPerfectMatchingTest" time="0.001"/>
  <testcase name="testGetMatching32[27]" classname="org.jgrapht.alg.matching.blossom.v5.KolmogorovWeightedPerfectMatchingTest" time="0"/>
  <testcase name="testGetMatching33[27]" classname="org.jgrapht.alg.matching.blossom.v5.KolmogorovWeightedPerfectMatchingTest" time="0.001"/>
  <testcase name="testGetMatching34[27]" classname="org.jgrapht.alg.matching.blossom.v5.KolmogorovWeightedPerfectMatchingTest" time="0.002"/>
  <testcase name="testGetMatching35[27]" classname="org.jgrapht.alg.matching.blossom.v5.KolmogorovWeightedPerfectMatchingTest" time="0.002"/>
  <testcase name="testGetMatching36[27]" classname="org.jgrapht.alg.matching.blossom.v5.KolmogorovWeightedPerfectMatchingTest" time="0.004"/>
  <testcase name="testGetMatching37[27]" classname="org.jgrapht.alg.matching.blossom.v5.KolmogorovWeightedPerfectMatchingTest" time="0"/>
  <testcase name="testGetMatching38[27]" classname="org.jgrapht.alg.matching.blossom.v5.KolmogorovWeightedPerfectMatchingTest" time="0.003"/>
  <testcase name="testGetMatching39[27]" classname="org.jgrapht.alg.matching.blossom.v5.KolmogorovWeightedPerfectMatchingTest" time="0"/>
  <testcase name="testGetMatching40[27]" classname="org.jgrapht.alg.matching.blossom.v5.KolmogorovWeightedPerfectMatchingTest" time="0"/>
  <testcase name="testGetMatching41[27]" classname="org.jgrapht.alg.matching.blossom.v5.KolmogorovWeightedPerfectMatchingTest" time="0"/>
  <testcase name="testGetMatching42[27]" classname="org.jgrapht.alg.matching.blossom.v5.KolmogorovWeightedPerfectMatchingTest" time="0"/>
  <testcase name="testGetMatching43[27]" classname="org.jgrapht.alg.matching.blossom.v5.KolmogorovWeightedPerfectMatchingTest" time="0"/>
  <testcase name="testGetMatching44[27]" classname="org.jgrapht.alg.matching.blossom.v5.KolmogorovWeightedPerfectMatchingTest" time="0"/>
  <testcase name="testGetMatching45[27]" classname="org.jgrapht.alg.matching.blossom.v5.KolmogorovWeightedPerfectMatchingTest" time="0"/>
  <testcase name="testGetMatching46[27]" classname="org.jgrapht.alg.matching.blossom.v5.KolmogorovWeightedPerfectMatchingTest" time="0"/>
  <testcase name="testGetMatching47[27]" classname="org.jgrapht.alg.matching.blossom.v5.KolmogorovWeightedPerfectMatchingTest" time="0"/>
  <testcase name="testGetMatching48[27]" classname="org.jgrapht.alg.matching.blossom.v5.KolmogorovWeightedPerfectMatchingTest" time="0"/>
  <testcase name="testGetMatching49[27]" classname="org.jgrapht.alg.matching.blossom.v5.KolmogorovWeightedPerfectMatchingTest" time="0.001"/>
  <testcase name="testGetMatching50[27]" classname="org.jgrapht.alg.matching.blossom.v5.KolmogorovWeightedPerfectMatchingTest" time="0.001"/>
  <testcase name="testInvalidDualSolution[27]" classname="org.jgrapht.alg.matching.blossom.v5.KolmogorovWeightedPerfectMatchingTest" time="0"/>
  <testcase name="testGetMatching0[27]" classname="org.jgrapht.alg.matching.blossom.v5.KolmogorovWeightedPerfectMatchingTest" time="0"/>
  <testcase name="testGetMatching1[27]" classname="org.jgrapht.alg.matching.blossom.v5.KolmogorovWeightedPerfectMatchingTest" time="0"/>
  <testcase name="testGetMatching2[27]" classname="org.jgrapht.alg.matching.blossom.v5.KolmogorovWeightedPerfectMatchingTest" time="0"/>
  <testcase name="testGetMatching3[27]" classname="org.jgrapht.alg.matching.blossom.v5.KolmogorovWeightedPerfectMatchingTest" time="0"/>
  <testcase name="testGetMatching4[27]" classname="org.jgrapht.alg.matching.blossom.v5.KolmogorovWeightedPerfectMatchingTest" time="0"/>
  <testcase name="testGetMatching5[27]" classname="org.jgrapht.alg.matching.blossom.v5.KolmogorovWeightedPerfectMatchingTest" time="0"/>
  <testcase name="testGetMatching6[27]" classname="org.jgrapht.alg.matching.blossom.v5.KolmogorovWeightedPerfectMatchingTest" time="0"/>
  <testcase name="testGetMatching7[27]" classname="org.jgrapht.alg.matching.blossom.v5.KolmogorovWeightedPerfectMatchingTest" time="0"/>
  <testcase name="testGetMatching8[27]" classname="org.jgrapht.alg.matching.blossom.v5.KolmogorovWeightedPerfectMatchingTest" time="0"/>
  <testcase name="testGetMatching9[27]" classname="org.jgrapht.alg.matching.blossom.v5.KolmogorovWeightedPerfectMatchingTest" time="0"/>
  <testcase name="testGetMatching10[28]" classname="org.jgrapht.alg.matching.blossom.v5.KolmogorovWeightedPerfectMatchingTest" time="0"/>
  <testcase name="testGetMatching11[28]" classname="org.jgrapht.alg.matching.blossom.v5.KolmogorovWeightedPerfectMatchingTest" time="0"/>
  <testcase name="testGetMatching12[28]" classname="org.jgrapht.alg.matching.blossom.v5.KolmogorovWeightedPerfectMatchingTest" time="0"/>
  <testcase name="testGetMatching13[28]" classname="org.jgrapht.alg.matching.blossom.v5.KolmogorovWeightedPerfectMatchingTest" time="0.001"/>
  <testcase name="testGetMatching14[28]" classname="org.jgrapht.alg.matching.blossom.v5.KolmogorovWeightedPerfectMatchingTest" time="0"/>
  <testcase name="testGetMatching15[28]" classname="org.jgrapht.alg.matching.blossom.v5.KolmogorovWeightedPerfectMatchingTest" time="0"/>
  <testcase name="testGetMatching16[28]" classname="org.jgrapht.alg.matching.blossom.v5.KolmogorovWeightedPerfectMatchingTest" time="0"/>
  <testcase name="testGetMatching17[28]" classname="org.jgrapht.alg.matching.blossom.v5.KolmogorovWeightedPerfectMatchingTest" time="0"/>
  <testcase name="testGetMatching18[28]" classname="org.jgrapht.alg.matching.blossom.v5.KolmogorovWeightedPerfectMatchingTest" time="0"/>
  <testcase name="testGetMatching19[28]" classname="org.jgrapht.alg.matching.blossom.v5.KolmogorovWeightedPerfectMatchingTest" time="0"/>
  <testcase name="testGetMatching20[28]" classname="org.jgrapht.alg.matching.blossom.v5.KolmogorovWeightedPerfectMatchingTest" time="0"/>
  <testcase name="testGetMatching21[28]" classname="org.jgrapht.alg.matching.blossom.v5.KolmogorovWeightedPerfectMatchingTest" time="0"/>
  <testcase name="testGetMatching22[28]" classname="org.jgrapht.alg.matching.blossom.v5.KolmogorovWeightedPerfectMatchingTest" time="0"/>
  <testcase name="testGetMatching23[28]" classname="org.jgrapht.alg.matching.blossom.v5.KolmogorovWeightedPerfectMatchingTest" time="0"/>
  <testcase name="testGetMatching24[28]" classname="org.jgrapht.alg.matching.blossom.v5.KolmogorovWeightedPerfectMatchingTest" time="0"/>
  <testcase name="testGetMatching25[28]" classname="org.jgrapht.alg.matching.blossom.v5.KolmogorovWeightedPerfectMatchingTest" time="0"/>
  <testcase name="testGetMatching26[28]" classname="org.jgrapht.alg.matching.blossom.v5.KolmogorovWeightedPerfectMatchingTest" time="0"/>
  <testcase name="testGetMatching27[28]" classname="org.jgrapht.alg.matching.blossom.v5.KolmogorovWeightedPerfectMatchingTest" time="0.001"/>
  <testcase name="testGetMatching28[28]" classname="org.jgrapht.alg.matching.blossom.v5.KolmogorovWeightedPerfectMatchingTest" time="0"/>
  <testcase name="testGetMatching29[28]" classname="org.jgrapht.alg.matching.blossom.v5.KolmogorovWeightedPerfectMatchingTest" time="0"/>
  <testcase name="testGetMatching30[28]" classname="org.jgrapht.alg.matching.blossom.v5.KolmogorovWeightedPerfectMatchingTest" time="0.001"/>
  <testcase name="testGetMatching31[28]" classname="org.jgrapht.alg.matching.blossom.v5.KolmogorovWeightedPerfectMatchingTest" time="0.001"/>
  <testcase name="testGetMatching32[28]" classname="org.jgrapht.alg.matching.blossom.v5.KolmogorovWeightedPerfectMatchingTest" time="0"/>
  <testcase name="testGetMatching33[28]" classname="org.jgrapht.alg.matching.blossom.v5.KolmogorovWeightedPerfectMatchingTest" time="0.003"/>
  <testcase name="testGetMatching34[28]" classname="org.jgrapht.alg.matching.blossom.v5.KolmogorovWeightedPerfectMatchingTest" time="0.002"/>
  <testcase name="testGetMatching35[28]" classname="org.jgrapht.alg.matching.blossom.v5.KolmogorovWeightedPerfectMatchingTest" time="0.003"/>
  <testcase name="testGetMatching36[28]" classname="org.jgrapht.alg.matching.blossom.v5.KolmogorovWeightedPerfectMatchingTest" time="0.005"/>
  <testcase name="testGetMatching37[28]" classname="org.jgrapht.alg.matching.blossom.v5.KolmogorovWeightedPerfectMatchingTest" time="0"/>
  <testcase name="testGetMatching38[28]" classname="org.jgrapht.alg.matching.blossom.v5.KolmogorovWeightedPerfectMatchingTest" time="0.002"/>
  <testcase name="testGetMatching39[28]" classname="org.jgrapht.alg.matching.blossom.v5.KolmogorovWeightedPerfectMatchingTest" time="0"/>
  <testcase name="testGetMatching40[28]" classname="org.jgrapht.alg.matching.blossom.v5.KolmogorovWeightedPerfectMatchingTest" time="0"/>
  <testcase name="testGetMatching41[28]" classname="org.jgrapht.alg.matching.blossom.v5.KolmogorovWeightedPerfectMatchingTest" time="0"/>
  <testcase name="testGetMatching42[28]" classname="org.jgrapht.alg.matching.blossom.v5.KolmogorovWeightedPerfectMatchingTest" time="0"/>
  <testcase name="testGetMatching43[28]" classname="org.jgrapht.alg.matching.blossom.v5.KolmogorovWeightedPerfectMatchingTest" time="0"/>
  <testcase name="testGetMatching44[28]" classname="org.jgrapht.alg.matching.blossom.v5.KolmogorovWeightedPerfectMatchingTest" time="0"/>
  <testcase name="testGetMatching45[28]" classname="org.jgrapht.alg.matching.blossom.v5.KolmogorovWeightedPerfectMatchingTest" time="0"/>
  <testcase name="testGetMatching46[28]" classname="org.jgrapht.alg.matching.blossom.v5.KolmogorovWeightedPerfectMatchingTest" time="0"/>
  <testcase name="testGetMatching47[28]" classname="org.jgrapht.alg.matching.blossom.v5.KolmogorovWeightedPerfectMatchingTest" time="0"/>
  <testcase name="testGetMatching48[28]" classname="org.jgrapht.alg.matching.blossom.v5.KolmogorovWeightedPerfectMatchingTest" time="0"/>
  <testcase name="testGetMatching49[28]" classname="org.jgrapht.alg.matching.blossom.v5.KolmogorovWeightedPerfectMatchingTest" time="0.001"/>
  <testcase name="testGetMatching50[28]" classname="org.jgrapht.alg.matching.blossom.v5.KolmogorovWeightedPerfectMatchingTest" time="0"/>
  <testcase name="testInvalidDualSolution[28]" classname="org.jgrapht.alg.matching.blossom.v5.KolmogorovWeightedPerfectMatchingTest" time="0"/>
  <testcase name="testGetMatching0[28]" classname="org.jgrapht.alg.matching.blossom.v5.KolmogorovWeightedPerfectMatchingTest" time="0"/>
  <testcase name="testGetMatching1[28]" classname="org.jgrapht.alg.matching.blossom.v5.KolmogorovWeightedPerfectMatchingTest" time="0"/>
  <testcase name="testGetMatching2[28]" classname="org.jgrapht.alg.matching.blossom.v5.KolmogorovWeightedPerfectMatchingTest" time="0"/>
  <testcase name="testGetMatching3[28]" classname="org.jgrapht.alg.matching.blossom.v5.KolmogorovWeightedPerfectMatchingTest" time="0.001"/>
  <testcase name="testGetMatching4[28]" classname="org.jgrapht.alg.matching.blossom.v5.KolmogorovWeightedPerfectMatchingTest" time="0"/>
  <testcase name="testGetMatching5[28]" classname="org.jgrapht.alg.matching.blossom.v5.KolmogorovWeightedPerfectMatchingTest" time="0"/>
  <testcase name="testGetMatching6[28]" classname="org.jgrapht.alg.matching.blossom.v5.KolmogorovWeightedPerfectMatchingTest" time="0"/>
  <testcase name="testGetMatching7[28]" classname="org.jgrapht.alg.matching.blossom.v5.KolmogorovWeightedPerfectMatchingTest" time="0"/>
  <testcase name="testGetMatching8[28]" classname="org.jgrapht.alg.matching.blossom.v5.KolmogorovWeightedPerfectMatchingTest" time="0"/>
  <testcase name="testGetMatching9[28]" classname="org.jgrapht.alg.matching.blossom.v5.KolmogorovWeightedPerfectMatchingTest" time="0"/>
  <testcase name="testGetMatching10[29]" classname="org.jgrapht.alg.matching.blossom.v5.KolmogorovWeightedPerfectMatchingTest" time="0"/>
  <testcase name="testGetMatching11[29]" classname="org.jgrapht.alg.matching.blossom.v5.KolmogorovWeightedPerfectMatchingTest" time="0"/>
  <testcase name="testGetMatching12[29]" classname="org.jgrapht.alg.matching.blossom.v5.KolmogorovWeightedPerfectMatchingTest" time="0"/>
  <testcase name="testGetMatching13[29]" classname="org.jgrapht.alg.matching.blossom.v5.KolmogorovWeightedPerfectMatchingTest" time="0"/>
  <testcase name="testGetMatching14[29]" classname="org.jgrapht.alg.matching.blossom.v5.KolmogorovWeightedPerfectMatchingTest" time="0"/>
  <testcase name="testGetMatching15[29]" classname="org.jgrapht.alg.matching.blossom.v5.KolmogorovWeightedPerfectMatchingTest" time="0"/>
  <testcase name="testGetMatching16[29]" classname="org.jgrapht.alg.matching.blossom.v5.KolmogorovWeightedPerfectMatchingTest" time="0"/>
  <testcase name="testGetMatching17[29]" classname="org.jgrapht.alg.matching.blossom.v5.KolmogorovWeightedPerfectMatchingTest" time="0"/>
  <testcase name="testGetMatching18[29]" classname="org.jgrapht.alg.matching.blossom.v5.KolmogorovWeightedPerfectMatchingTest" time="0"/>
  <testcase name="testGetMatching19[29]" classname="org.jgrapht.alg.matching.blossom.v5.KolmogorovWeightedPerfectMatchingTest" time="0"/>
  <testcase name="testGetMatching20[29]" classname="org.jgrapht.alg.matching.blossom.v5.KolmogorovWeightedPerfectMatchingTest" time="0"/>
  <testcase name="testGetMatching21[29]" classname="org.jgrapht.alg.matching.blossom.v5.KolmogorovWeightedPerfectMatchingTest" time="0"/>
  <testcase name="testGetMatching22[29]" classname="org.jgrapht.alg.matching.blossom.v5.KolmogorovWeightedPerfectMatchingTest" time="0"/>
  <testcase name="testGetMatching23[29]" classname="org.jgrapht.alg.matching.blossom.v5.KolmogorovWeightedPerfectMatchingTest" time="0"/>
  <testcase name="testGetMatching24[29]" classname="org.jgrapht.alg.matching.blossom.v5.KolmogorovWeightedPerfectMatchingTest" time="0"/>
  <testcase name="testGetMatching25[29]" classname="org.jgrapht.alg.matching.blossom.v5.KolmogorovWeightedPerfectMatchingTest" time="0"/>
  <testcase name="testGetMatching26[29]" classname="org.jgrapht.alg.matching.blossom.v5.KolmogorovWeightedPerfectMatchingTest" time="0"/>
  <testcase name="testGetMatching27[29]" classname="org.jgrapht.alg.matching.blossom.v5.KolmogorovWeightedPerfectMatchingTest" time="0"/>
  <testcase name="testGetMatching28[29]" classname="org.jgrapht.alg.matching.blossom.v5.KolmogorovWeightedPerfectMatchingTest" time="0"/>
  <testcase name="testGetMatching29[29]" classname="org.jgrapht.alg.matching.blossom.v5.KolmogorovWeightedPerfectMatchingTest" time="0"/>
  <testcase name="testGetMatching30[29]" classname="org.jgrapht.alg.matching.blossom.v5.KolmogorovWeightedPerfectMatchingTest" time="0"/>
  <testcase name="testGetMatching31[29]" classname="org.jgrapht.alg.matching.blossom.v5.KolmogorovWeightedPerfectMatchingTest" time="0.001"/>
  <testcase name="testGetMatching32[29]" classname="org.jgrapht.alg.matching.blossom.v5.KolmogorovWeightedPerfectMatchingTest" time="0.001"/>
  <testcase name="testGetMatching33[29]" classname="org.jgrapht.alg.matching.blossom.v5.KolmogorovWeightedPerfectMatchingTest" time="0.002"/>
  <testcase name="testGetMatching34[29]" classname="org.jgrapht.alg.matching.blossom.v5.KolmogorovWeightedPerfectMatchingTest" time="0.001"/>
  <testcase name="testGetMatching35[29]" classname="org.jgrapht.alg.matching.blossom.v5.KolmogorovWeightedPerfectMatchingTest" time="0.004"/>
  <testcase name="testGetMatching36[29]" classname="org.jgrapht.alg.matching.blossom.v5.KolmogorovWeightedPerfectMatchingTest" time="0.005"/>
  <testcase name="testGetMatching37[29]" classname="org.jgrapht.alg.matching.blossom.v5.KolmogorovWeightedPerfectMatchingTest" time="0"/>
  <testcase name="testGetMatching38[29]" classname="org.jgrapht.alg.matching.blossom.v5.KolmogorovWeightedPerfectMatchingTest" time="0.003"/>
  <testcase name="testGetMatching39[29]" classname="org.jgrapht.alg.matching.blossom.v5.KolmogorovWeightedPerfectMatchingTest" time="0"/>
  <testcase name="testGetMatching40[29]" classname="org.jgrapht.alg.matching.blossom.v5.KolmogorovWeightedPerfectMatchingTest" time="0"/>
  <testcase name="testGetMatching41[29]" classname="org.jgrapht.alg.matching.blossom.v5.KolmogorovWeightedPerfectMatchingTest" time="0"/>
  <testcase name="testGetMatching42[29]" classname="org.jgrapht.alg.matching.blossom.v5.KolmogorovWeightedPerfectMatchingTest" time="0.001"/>
  <testcase name="testGetMatching43[29]" classname="org.jgrapht.alg.matching.blossom.v5.KolmogorovWeightedPerfectMatchingTest" time="0"/>
  <testcase name="testGetMatching44[29]" classname="org.jgrapht.alg.matching.blossom.v5.KolmogorovWeightedPerfectMatchingTest" time="0"/>
  <testcase name="testGetMatching45[29]" classname="org.jgrapht.alg.matching.blossom.v5.KolmogorovWeightedPerfectMatchingTest" time="0"/>
  <testcase name="testGetMatching46[29]" classname="org.jgrapht.alg.matching.blossom.v5.KolmogorovWeightedPerfectMatchingTest" time="0"/>
  <testcase name="testGetMatching47[29]" classname="org.jgrapht.alg.matching.blossom.v5.KolmogorovWeightedPerfectMatchingTest" time="0"/>
  <testcase name="testGetMatching48[29]" classname="org.jgrapht.alg.matching.blossom.v5.KolmogorovWeightedPerfectMatchingTest" time="0"/>
  <testcase name="testGetMatching49[29]" classname="org.jgrapht.alg.matching.blossom.v5.KolmogorovWeightedPerfectMatchingTest" time="0.001"/>
  <testcase name="testGetMatching50[29]" classname="org.jgrapht.alg.matching.blossom.v5.KolmogorovWeightedPerfectMatchingTest" time="0"/>
  <testcase name="testInvalidDualSolution[29]" classname="org.jgrapht.alg.matching.blossom.v5.KolmogorovWeightedPerfectMatchingTest" time="0"/>
  <testcase name="testGetMatching0[29]" classname="org.jgrapht.alg.matching.blossom.v5.KolmogorovWeightedPerfectMatchingTest" time="0.001"/>
  <testcase name="testGetMatching1[29]" classname="org.jgrapht.alg.matching.blossom.v5.KolmogorovWeightedPerfectMatchingTest" time="0"/>
  <testcase name="testGetMatching2[29]" classname="org.jgrapht.alg.matching.blossom.v5.KolmogorovWeightedPerfectMatchingTest" time="0"/>
  <testcase name="testGetMatching3[29]" classname="org.jgrapht.alg.matching.blossom.v5.KolmogorovWeightedPerfectMatchingTest" time="0"/>
  <testcase name="testGetMatching4[29]" classname="org.jgrapht.alg.matching.blossom.v5.KolmogorovWeightedPerfectMatchingTest" time="0"/>
  <testcase name="testGetMatching5[29]" classname="org.jgrapht.alg.matching.blossom.v5.KolmogorovWeightedPerfectMatchingTest" time="0"/>
  <testcase name="testGetMatching6[29]" classname="org.jgrapht.alg.matching.blossom.v5.KolmogorovWeightedPerfectMatchingTest" time="0"/>
  <testcase name="testGetMatching7[29]" classname="org.jgrapht.alg.matching.blossom.v5.KolmogorovWeightedPerfectMatchingTest" time="0"/>
  <testcase name="testGetMatching8[29]" classname="org.jgrapht.alg.matching.blossom.v5.KolmogorovWeightedPerfectMatchingTest" time="0"/>
  <testcase name="testGetMatching9[29]" classname="org.jgrapht.alg.matching.blossom.v5.KolmogorovWeightedPerfectMatchingTest" time="0"/>
  <testcase name="testGetMatching10[30]" classname="org.jgrapht.alg.matching.blossom.v5.KolmogorovWeightedPerfectMatchingTest" time="0"/>
  <testcase name="testGetMatching11[30]" classname="org.jgrapht.alg.matching.blossom.v5.KolmogorovWeightedPerfectMatchingTest" time="0"/>
  <testcase name="testGetMatching12[30]" classname="org.jgrapht.alg.matching.blossom.v5.KolmogorovWeightedPerfectMatchingTest" time="0"/>
  <testcase name="testGetMatching13[30]" classname="org.jgrapht.alg.matching.blossom.v5.KolmogorovWeightedPerfectMatchingTest" time="0"/>
  <testcase name="testGetMatching14[30]" classname="org.jgrapht.alg.matching.blossom.v5.KolmogorovWeightedPerfectMatchingTest" time="0"/>
  <testcase name="testGetMatching15[30]" classname="org.jgrapht.alg.matching.blossom.v5.KolmogorovWeightedPerfectMatchingTest" time="0"/>
  <testcase name="testGetMatching16[30]" classname="org.jgrapht.alg.matching.blossom.v5.KolmogorovWeightedPerfectMatchingTest" time="0"/>
  <testcase name="testGetMatching17[30]" classname="org.jgrapht.alg.matching.blossom.v5.KolmogorovWeightedPerfectMatchingTest" time="0"/>
  <testcase name="testGetMatching18[30]" classname="org.jgrapht.alg.matching.blossom.v5.KolmogorovWeightedPerfectMatchingTest" time="0"/>
  <testcase name="testGetMatching19[30]" classname="org.jgrapht.alg.matching.blossom.v5.KolmogorovWeightedPerfectMatchingTest" time="0"/>
  <testcase name="testGetMatching20[30]" classname="org.jgrapht.alg.matching.blossom.v5.KolmogorovWeightedPerfectMatchingTest" time="0"/>
  <testcase name="testGetMatching21[30]" classname="org.jgrapht.alg.matching.blossom.v5.KolmogorovWeightedPerfectMatchingTest" time="0"/>
  <testcase name="testGetMatching22[30]" classname="org.jgrapht.alg.matching.blossom.v5.KolmogorovWeightedPerfectMatchingTest" time="0"/>
  <testcase name="testGetMatching23[30]" classname="org.jgrapht.alg.matching.blossom.v5.KolmogorovWeightedPerfectMatchingTest" time="0"/>
  <testcase name="testGetMatching24[30]" classname="org.jgrapht.alg.matching.blossom.v5.KolmogorovWeightedPerfectMatchingTest" time="0"/>
  <testcase name="testGetMatching25[30]" classname="org.jgrapht.alg.matching.blossom.v5.KolmogorovWeightedPerfectMatchingTest" time="0.001"/>
  <testcase name="testGetMatching26[30]" classname="org.jgrapht.alg.matching.blossom.v5.KolmogorovWeightedPerfectMatchingTest" time="0"/>
  <testcase name="testGetMatching27[30]" classname="org.jgrapht.alg.matching.blossom.v5.KolmogorovWeightedPerfectMatchingTest" time="0"/>
  <testcase name="testGetMatching28[30]" classname="org.jgrapht.alg.matching.blossom.v5.KolmogorovWeightedPerfectMatchingTest" time="0"/>
  <testcase name="testGetMatching29[30]" classname="org.jgrapht.alg.matching.blossom.v5.KolmogorovWeightedPerfectMatchingTest" time="0"/>
  <testcase name="testGetMatching30[30]" classname="org.jgrapht.alg.matching.blossom.v5.KolmogorovWeightedPerfectMatchingTest" time="0"/>
  <testcase name="testGetMatching31[30]" classname="org.jgrapht.alg.matching.blossom.v5.KolmogorovWeightedPerfectMatchingTest" time="0.001"/>
  <testcase name="testGetMatching32[30]" classname="org.jgrapht.alg.matching.blossom.v5.KolmogorovWeightedPerfectMatchingTest" time="0.001"/>
  <testcase name="testGetMatching33[30]" classname="org.jgrapht.alg.matching.blossom.v5.KolmogorovWeightedPerfectMatchingTest" time="0.003"/>
  <testcase name="testGetMatching34[30]" classname="org.jgrapht.alg.matching.blossom.v5.KolmogorovWeightedPerfectMatchingTest" time="0.002"/>
  <testcase name="testGetMatching35[30]" classname="org.jgrapht.alg.matching.blossom.v5.KolmogorovWeightedPerfectMatchingTest" time="0.003"/>
  <testcase name="testGetMatching36[30]" classname="org.jgrapht.alg.matching.blossom.v5.KolmogorovWeightedPerfectMatchingTest" time="0.005"/>
  <testcase name="testGetMatching37[30]" classname="org.jgrapht.alg.matching.blossom.v5.KolmogorovWeightedPerfectMatchingTest" time="0"/>
  <testcase name="testGetMatching38[30]" classname="org.jgrapht.alg.matching.blossom.v5.KolmogorovWeightedPerfectMatchingTest" time="0.001"/>
  <testcase name="testGetMatching39[30]" classname="org.jgrapht.alg.matching.blossom.v5.KolmogorovWeightedPerfectMatchingTest" time="0"/>
  <testcase name="testGetMatching40[30]" classname="org.jgrapht.alg.matching.blossom.v5.KolmogorovWeightedPerfectMatchingTest" time="0"/>
  <testcase name="testGetMatching41[30]" classname="org.jgrapht.alg.matching.blossom.v5.KolmogorovWeightedPerfectMatchingTest" time="0"/>
  <testcase name="testGetMatching42[30]" classname="org.jgrapht.alg.matching.blossom.v5.KolmogorovWeightedPerfectMatchingTest" time="0"/>
  <testcase name="testGetMatching43[30]" classname="org.jgrapht.alg.matching.blossom.v5.KolmogorovWeightedPerfectMatchingTest" time="0"/>
  <testcase name="testGetMatching44[30]" classname="org.jgrapht.alg.matching.blossom.v5.KolmogorovWeightedPerfectMatchingTest" time="0"/>
  <testcase name="testGetMatching45[30]" classname="org.jgrapht.alg.matching.blossom.v5.KolmogorovWeightedPerfectMatchingTest" time="0"/>
  <testcase name="testGetMatching46[30]" classname="org.jgrapht.alg.matching.blossom.v5.KolmogorovWeightedPerfectMatchingTest" time="0.001"/>
  <testcase name="testGetMatching47[30]" classname="org.jgrapht.alg.matching.blossom.v5.KolmogorovWeightedPerfectMatchingTest" time="0"/>
  <testcase name="testGetMatching48[30]" classname="org.jgrapht.alg.matching.blossom.v5.KolmogorovWeightedPerfectMatchingTest" time="0"/>
  <testcase name="testGetMatching49[30]" classname="org.jgrapht.alg.matching.blossom.v5.KolmogorovWeightedPerfectMatchingTest" time="0.001"/>
  <testcase name="testGetMatching50[30]" classname="org.jgrapht.alg.matching.blossom.v5.KolmogorovWeightedPerfectMatchingTest" time="0"/>
  <testcase name="testInvalidDualSolution[30]" classname="org.jgrapht.alg.matching.blossom.v5.KolmogorovWeightedPerfectMatchingTest" time="0"/>
  <testcase name="testGetMatching0[30]" classname="org.jgrapht.alg.matching.blossom.v5.KolmogorovWeightedPerfectMatchingTest" time="0"/>
  <testcase name="testGetMatching1[30]" classname="org.jgrapht.alg.matching.blossom.v5.KolmogorovWeightedPerfectMatchingTest" time="0"/>
  <testcase name="testGetMatching2[30]" classname="org.jgrapht.alg.matching.blossom.v5.KolmogorovWeightedPerfectMatchingTest" time="0"/>
  <testcase name="testGetMatching3[30]" classname="org.jgrapht.alg.matching.blossom.v5.KolmogorovWeightedPerfectMatchingTest" time="0"/>
  <testcase name="testGetMatching4[30]" classname="org.jgrapht.alg.matching.blossom.v5.KolmogorovWeightedPerfectMatchingTest" time="0"/>
  <testcase name="testGetMatching5[30]" classname="org.jgrapht.alg.matching.blossom.v5.KolmogorovWeightedPerfectMatchingTest" time="0"/>
  <testcase name="testGetMatching6[30]" classname="org.jgrapht.alg.matching.blossom.v5.KolmogorovWeightedPerfectMatchingTest" time="0"/>
  <testcase name="testGetMatching7[30]" classname="org.jgrapht.alg.matching.blossom.v5.KolmogorovWeightedPerfectMatchingTest" time="0"/>
  <testcase name="testGetMatching8[30]" classname="org.jgrapht.alg.matching.blossom.v5.KolmogorovWeightedPerfectMatchingTest" time="0"/>
  <testcase name="testGetMatching9[30]" classname="org.jgrapht.alg.matching.blossom.v5.KolmogorovWeightedPerfectMatchingTest" time="0"/>
  <testcase name="testGetMatching10[31]" classname="org.jgrapht.alg.matching.blossom.v5.KolmogorovWeightedPerfectMatchingTest" time="0"/>
  <testcase name="testGetMatching11[31]" classname="org.jgrapht.alg.matching.blossom.v5.KolmogorovWeightedPerfectMatchingTest" time="0"/>
  <testcase name="testGetMatching12[31]" classname="org.jgrapht.alg.matching.blossom.v5.KolmogorovWeightedPerfectMatchingTest" time="0"/>
  <testcase name="testGetMatching13[31]" classname="org.jgrapht.alg.matching.blossom.v5.KolmogorovWeightedPerfectMatchingTest" time="0"/>
  <testcase name="testGetMatching14[31]" classname="org.jgrapht.alg.matching.blossom.v5.KolmogorovWeightedPerfectMatchingTest" time="0"/>
  <testcase name="testGetMatching15[31]" classname="org.jgrapht.alg.matching.blossom.v5.KolmogorovWeightedPerfectMatchingTest" time="0"/>
  <testcase name="testGetMatching16[31]" classname="org.jgrapht.alg.matching.blossom.v5.KolmogorovWeightedPerfectMatchingTest" time="0"/>
  <testcase name="testGetMatching17[31]" classname="org.jgrapht.alg.matching.blossom.v5.KolmogorovWeightedPerfectMatchingTest" time="0"/>
  <testcase name="testGetMatching18[31]" classname="org.jgrapht.alg.matching.blossom.v5.KolmogorovWeightedPerfectMatchingTest" time="0"/>
  <testcase name="testGetMatching19[31]" classname="org.jgrapht.alg.matching.blossom.v5.KolmogorovWeightedPerfectMatchingTest" time="0"/>
  <testcase name="testGetMatching20[31]" classname="org.jgrapht.alg.matching.blossom.v5.KolmogorovWeightedPerfectMatchingTest" time="0"/>
  <testcase name="testGetMatching21[31]" classname="org.jgrapht.alg.matching.blossom.v5.KolmogorovWeightedPerfectMatchingTest" time="0"/>
  <testcase name="testGetMatching22[31]" classname="org.jgrapht.alg.matching.blossom.v5.KolmogorovWeightedPerfectMatchingTest" time="0"/>
  <testcase name="testGetMatching23[31]" classname="org.jgrapht.alg.matching.blossom.v5.KolmogorovWeightedPerfectMatchingTest" time="0"/>
  <testcase name="testGetMatching24[31]" classname="org.jgrapht.alg.matching.blossom.v5.KolmogorovWeightedPerfectMatchingTest" time="0"/>
  <testcase name="testGetMatching25[31]" classname="org.jgrapht.alg.matching.blossom.v5.KolmogorovWeightedPerfectMatchingTest" time="0"/>
  <testcase name="testGetMatching26[31]" classname="org.jgrapht.alg.matching.blossom.v5.KolmogorovWeightedPerfectMatchingTest" time="0"/>
  <testcase name="testGetMatching27[31]" classname="org.jgrapht.alg.matching.blossom.v5.KolmogorovWeightedPerfectMatchingTest" time="0"/>
  <testcase name="testGetMatching28[31]" classname="org.jgrapht.alg.matching.blossom.v5.KolmogorovWeightedPerfectMatchingTest" time="0"/>
  <testcase name="testGetMatching29[31]" classname="org.jgrapht.alg.matching.blossom.v5.KolmogorovWeightedPerfectMatchingTest" time="0.001"/>
  <testcase name="testGetMatching30[31]" classname="org.jgrapht.alg.matching.blossom.v5.KolmogorovWeightedPerfectMatchingTest" time="0.001"/>
  <testcase name="testGetMatching31[31]" classname="org.jgrapht.alg.matching.blossom.v5.KolmogorovWeightedPerfectMatchingTest" time="0.001"/>
  <testcase name="testGetMatching32[31]" classname="org.jgrapht.alg.matching.blossom.v5.KolmogorovWeightedPerfectMatchingTest" time="0.002"/>
  <testcase name="testGetMatching33[31]" classname="org.jgrapht.alg.matching.blossom.v5.KolmogorovWeightedPerfectMatchingTest" time="0.002"/>
  <testcase name="testGetMatching34[31]" classname="org.jgrapht.alg.matching.blossom.v5.KolmogorovWeightedPerfectMatchingTest" time="0.003"/>
  <testcase name="testGetMatching35[31]" classname="org.jgrapht.alg.matching.blossom.v5.KolmogorovWeightedPerfectMatchingTest" time="0.007"/>
  <testcase name="testGetMatching36[31]" classname="org.jgrapht.alg.matching.blossom.v5.KolmogorovWeightedPerfectMatchingTest" time="0.005"/>
  <testcase name="testGetMatching37[31]" classname="org.jgrapht.alg.matching.blossom.v5.KolmogorovWeightedPerfectMatchingTest" time="0"/>
  <testcase name="testGetMatching38[31]" classname="org.jgrapht.alg.matching.blossom.v5.KolmogorovWeightedPerfectMatchingTest" time="0.002"/>
  <testcase name="testGetMatching39[31]" classname="org.jgrapht.alg.matching.blossom.v5.KolmogorovWeightedPerfectMatchingTest" time="0"/>
  <testcase name="testGetMatching40[31]" classname="org.jgrapht.alg.matching.blossom.v5.KolmogorovWeightedPerfectMatchingTest" time="0"/>
  <testcase name="testGetMatching41[31]" classname="org.jgrapht.alg.matching.blossom.v5.KolmogorovWeightedPerfectMatchingTest" time="0.001"/>
  <testcase name="testGetMatching42[31]" classname="org.jgrapht.alg.matching.blossom.v5.KolmogorovWeightedPerfectMatchingTest" time="0"/>
  <testcase name="testGetMatching43[31]" classname="org.jgrapht.alg.matching.blossom.v5.KolmogorovWeightedPerfectMatchingTest" time="0"/>
  <testcase name="testGetMatching44[31]" classname="org.jgrapht.alg.matching.blossom.v5.KolmogorovWeightedPerfectMatchingTest" time="0"/>
  <testcase name="testGetMatching45[31]" classname="org.jgrapht.alg.matching.blossom.v5.KolmogorovWeightedPerfectMatchingTest" time="0"/>
  <testcase name="testGetMatching46[31]" classname="org.jgrapht.alg.matching.blossom.v5.KolmogorovWeightedPerfectMatchingTest" time="0"/>
  <testcase name="testGetMatching47[31]" classname="org.jgrapht.alg.matching.blossom.v5.KolmogorovWeightedPerfectMatchingTest" time="0"/>
  <testcase name="testGetMatching48[31]" classname="org.jgrapht.alg.matching.blossom.v5.KolmogorovWeightedPerfectMatchingTest" time="0"/>
  <testcase name="testGetMatching49[31]" classname="org.jgrapht.alg.matching.blossom.v5.KolmogorovWeightedPerfectMatchingTest" time="0.001"/>
  <testcase name="testGetMatching50[31]" classname="org.jgrapht.alg.matching.blossom.v5.KolmogorovWeightedPerfectMatchingTest" time="0"/>
  <testcase name="testInvalidDualSolution[31]" classname="org.jgrapht.alg.matching.blossom.v5.KolmogorovWeightedPerfectMatchingTest" time="0"/>
  <testcase name="testGetMatching0[31]" classname="org.jgrapht.alg.matching.blossom.v5.KolmogorovWeightedPerfectMatchingTest" time="0"/>
  <testcase name="testGetMatching1[31]" classname="org.jgrapht.alg.matching.blossom.v5.KolmogorovWeightedPerfectMatchingTest" time="0"/>
  <testcase name="testGetMatching2[31]" classname="org.jgrapht.alg.matching.blossom.v5.KolmogorovWeightedPerfectMatchingTest" time="0"/>
  <testcase name="testGetMatching3[31]" classname="org.jgrapht.alg.matching.blossom.v5.KolmogorovWeightedPerfectMatchingTest" time="0"/>
  <testcase name="testGetMatching4[31]" classname="org.jgrapht.alg.matching.blossom.v5.KolmogorovWeightedPerfectMatchingTest" time="0"/>
  <testcase name="testGetMatching5[31]" classname="org.jgrapht.alg.matching.blossom.v5.KolmogorovWeightedPerfectMatchingTest" time="0"/>
  <testcase name="testGetMatching6[31]" classname="org.jgrapht.alg.matching.blossom.v5.KolmogorovWeightedPerfectMatchingTest" time="0"/>
  <testcase name="testGetMatching7[31]" classname="org.jgrapht.alg.matching.blossom.v5.KolmogorovWeightedPerfectMatchingTest" time="0"/>
  <testcase name="testGetMatching8[31]" classname="org.jgrapht.alg.matching.blossom.v5.KolmogorovWeightedPerfectMatchingTest" time="0"/>
  <testcase name="testGetMatching9[31]" classname="org.jgrapht.alg.matching.blossom.v5.KolmogorovWeightedPerfectMatchingTest" time="0"/>
  <testcase name="testGetMatching10[32]" classname="org.jgrapht.alg.matching.blossom.v5.KolmogorovWeightedPerfectMatchingTest" time="0"/>
  <testcase name="testGetMatching11[32]" classname="org.jgrapht.alg.matching.blossom.v5.KolmogorovWeightedPerfectMatchingTest" time="0"/>
  <testcase name="testGetMatching12[32]" classname="org.jgrapht.alg.matching.blossom.v5.KolmogorovWeightedPerfectMatchingTest" time="0.001"/>
  <testcase name="testGetMatching13[32]" classname="org.jgrapht.alg.matching.blossom.v5.KolmogorovWeightedPerfectMatchingTest" time="0"/>
  <testcase name="testGetMatching14[32]" classname="org.jgrapht.alg.matching.blossom.v5.KolmogorovWeightedPerfectMatchingTest" time="0"/>
  <testcase name="testGetMatching15[32]" classname="org.jgrapht.alg.matching.blossom.v5.KolmogorovWeightedPerfectMatchingTest" time="0"/>
  <testcase name="testGetMatching16[32]" classname="org.jgrapht.alg.matching.blossom.v5.KolmogorovWeightedPerfectMatchingTest" time="0"/>
  <testcase name="testGetMatching17[32]" classname="org.jgrapht.alg.matching.blossom.v5.KolmogorovWeightedPerfectMatchingTest" time="0"/>
  <testcase name="testGetMatching18[32]" classname="org.jgrapht.alg.matching.blossom.v5.KolmogorovWeightedPerfectMatchingTest" time="0"/>
  <testcase name="testGetMatching19[32]" classname="org.jgrapht.alg.matching.blossom.v5.KolmogorovWeightedPerfectMatchingTest" time="0"/>
  <testcase name="testGetMatching20[32]" classname="org.jgrapht.alg.matching.blossom.v5.KolmogorovWeightedPerfectMatchingTest" time="0"/>
  <testcase name="testGetMatching21[32]" classname="org.jgrapht.alg.matching.blossom.v5.KolmogorovWeightedPerfectMatchingTest" time="0"/>
  <testcase name="testGetMatching22[32]" classname="org.jgrapht.alg.matching.blossom.v5.KolmogorovWeightedPerfectMatchingTest" time="0"/>
  <testcase name="testGetMatching23[32]" classname="org.jgrapht.alg.matching.blossom.v5.KolmogorovWeightedPerfectMatchingTest" time="0"/>
  <testcase name="testGetMatching24[32]" classname="org.jgrapht.alg.matching.blossom.v5.KolmogorovWeightedPerfectMatchingTest" time="0"/>
  <testcase name="testGetMatching25[32]" classname="org.jgrapht.alg.matching.blossom.v5.KolmogorovWeightedPerfectMatchingTest" time="0"/>
  <testcase name="testGetMatching26[32]" classname="org.jgrapht.alg.matching.blossom.v5.KolmogorovWeightedPerfectMatchingTest" time="0"/>
  <testcase name="testGetMatching27[32]" classname="org.jgrapht.alg.matching.blossom.v5.KolmogorovWeightedPerfectMatchingTest" time="0"/>
  <testcase name="testGetMatching28[32]" classname="org.jgrapht.alg.matching.blossom.v5.KolmogorovWeightedPerfectMatchingTest" time="0"/>
  <testcase name="testGetMatching29[32]" classname="org.jgrapht.alg.matching.blossom.v5.KolmogorovWeightedPerfectMatchingTest" time="0"/>
  <testcase name="testGetMatching30[32]" classname="org.jgrapht.alg.matching.blossom.v5.KolmogorovWeightedPerfectMatchingTest" time="0.001"/>
  <testcase name="testGetMatching31[32]" classname="org.jgrapht.alg.matching.blossom.v5.KolmogorovWeightedPerfectMatchingTest" time="0"/>
  <testcase name="testGetMatching32[32]" classname="org.jgrapht.alg.matching.blossom.v5.KolmogorovWeightedPerfectMatchingTest" time="0.001"/>
  <testcase name="testGetMatching33[32]" classname="org.jgrapht.alg.matching.blossom.v5.KolmogorovWeightedPerfectMatchingTest" time="0.003"/>
  <testcase name="testGetMatching34[32]" classname="org.jgrapht.alg.matching.blossom.v5.KolmogorovWeightedPerfectMatchingTest" time="0.002"/>
  <testcase name="testGetMatching35[32]" classname="org.jgrapht.alg.matching.blossom.v5.KolmogorovWeightedPerfectMatchingTest" time="0.002"/>
  <testcase name="testGetMatching36[32]" classname="org.jgrapht.alg.matching.blossom.v5.KolmogorovWeightedPerfectMatchingTest" time="0.004"/>
  <testcase name="testGetMatching37[32]" classname="org.jgrapht.alg.matching.blossom.v5.KolmogorovWeightedPerfectMatchingTest" time="0"/>
  <testcase name="testGetMatching38[32]" classname="org.jgrapht.alg.matching.blossom.v5.KolmogorovWeightedPerfectMatchingTest" time="0.001"/>
  <testcase name="testGetMatching39[32]" classname="org.jgrapht.alg.matching.blossom.v5.KolmogorovWeightedPerfectMatchingTest" time="0"/>
  <testcase name="testGetMatching40[32]" classname="org.jgrapht.alg.matching.blossom.v5.KolmogorovWeightedPerfectMatchingTest" time="0"/>
  <testcase name="testGetMatching41[32]" classname="org.jgrapht.alg.matching.blossom.v5.KolmogorovWeightedPerfectMatchingTest" time="0"/>
  <testcase name="testGetMatching42[32]" classname="org.jgrapht.alg.matching.blossom.v5.KolmogorovWeightedPerfectMatchingTest" time="0"/>
  <testcase name="testGetMatching43[32]" classname="org.jgrapht.alg.matching.blossom.v5.KolmogorovWeightedPerfectMatchingTest" time="0"/>
  <testcase name="testGetMatching44[32]" classname="org.jgrapht.alg.matching.blossom.v5.KolmogorovWeightedPerfectMatchingTest" time="0"/>
  <testcase name="testGetMatching45[32]" classname="org.jgrapht.alg.matching.blossom.v5.KolmogorovWeightedPerfectMatchingTest" time="0"/>
  <testcase name="testGetMatching46[32]" classname="org.jgrapht.alg.matching.blossom.v5.KolmogorovWeightedPerfectMatchingTest" time="0.001"/>
  <testcase name="testGetMatching47[32]" classname="org.jgrapht.alg.matching.blossom.v5.KolmogorovWeightedPerfectMatchingTest" time="0"/>
  <testcase name="testGetMatching48[32]" classname="org.jgrapht.alg.matching.blossom.v5.KolmogorovWeightedPerfectMatchingTest" time="0"/>
  <testcase name="testGetMatching49[32]" classname="org.jgrapht.alg.matching.blossom.v5.KolmogorovWeightedPerfectMatchingTest" time="0.001"/>
  <testcase name="testGetMatching50[32]" classname="org.jgrapht.alg.matching.blossom.v5.KolmogorovWeightedPerfectMatchingTest" time="0.001"/>
  <testcase name="testInvalidDualSolution[32]" classname="org.jgrapht.alg.matching.blossom.v5.KolmogorovWeightedPerfectMatchingTest" time="0"/>
  <testcase name="testGetMatching0[32]" classname="org.jgrapht.alg.matching.blossom.v5.KolmogorovWeightedPerfectMatchingTest" time="0"/>
  <testcase name="testGetMatching1[32]" classname="org.jgrapht.alg.matching.blossom.v5.KolmogorovWeightedPerfectMatchingTest" time="0"/>
  <testcase name="testGetMatching2[32]" classname="org.jgrapht.alg.matching.blossom.v5.KolmogorovWeightedPerfectMatchingTest" time="0"/>
  <testcase name="testGetMatching3[32]" classname="org.jgrapht.alg.matching.blossom.v5.KolmogorovWeightedPerfectMatchingTest" time="0"/>
  <testcase name="testGetMatching4[32]" classname="org.jgrapht.alg.matching.blossom.v5.KolmogorovWeightedPerfectMatchingTest" time="0"/>
  <testcase name="testGetMatching5[32]" classname="org.jgrapht.alg.matching.blossom.v5.KolmogorovWeightedPerfectMatchingTest" time="0"/>
  <testcase name="testGetMatching6[32]" classname="org.jgrapht.alg.matching.blossom.v5.KolmogorovWeightedPerfectMatchingTest" time="0"/>
  <testcase name="testGetMatching7[32]" classname="org.jgrapht.alg.matching.blossom.v5.KolmogorovWeightedPerfectMatchingTest" time="0"/>
  <testcase name="testGetMatching8[32]" classname="org.jgrapht.alg.matching.blossom.v5.KolmogorovWeightedPerfectMatchingTest" time="0"/>
  <testcase name="testGetMatching9[32]" classname="org.jgrapht.alg.matching.blossom.v5.KolmogorovWeightedPerfectMatchingTest" time="0"/>
  <testcase name="testGetMatching10[33]" classname="org.jgrapht.alg.matching.blossom.v5.KolmogorovWeightedPerfectMatchingTest" time="0"/>
  <testcase name="testGetMatching11[33]" classname="org.jgrapht.alg.matching.blossom.v5.KolmogorovWeightedPerfectMatchingTest" time="0.001"/>
  <testcase name="testGetMatching12[33]" classname="org.jgrapht.alg.matching.blossom.v5.KolmogorovWeightedPerfectMatchingTest" time="0"/>
  <testcase name="testGetMatching13[33]" classname="org.jgrapht.alg.matching.blossom.v5.KolmogorovWeightedPerfectMatchingTest" time="0"/>
  <testcase name="testGetMatching14[33]" classname="org.jgrapht.alg.matching.blossom.v5.KolmogorovWeightedPerfectMatchingTest" time="0"/>
  <testcase name="testGetMatching15[33]" classname="org.jgrapht.alg.matching.blossom.v5.KolmogorovWeightedPerfectMatchingTest" time="0"/>
  <testcase name="testGetMatching16[33]" classname="org.jgrapht.alg.matching.blossom.v5.KolmogorovWeightedPerfectMatchingTest" time="0"/>
  <testcase name="testGetMatching17[33]" classname="org.jgrapht.alg.matching.blossom.v5.KolmogorovWeightedPerfectMatchingTest" time="0"/>
  <testcase name="testGetMatching18[33]" classname="org.jgrapht.alg.matching.blossom.v5.KolmogorovWeightedPerfectMatchingTest" time="0"/>
  <testcase name="testGetMatching19[33]" classname="org.jgrapht.alg.matching.blossom.v5.KolmogorovWeightedPerfectMatchingTest" time="0"/>
  <testcase name="testGetMatching20[33]" classname="org.jgrapht.alg.matching.blossom.v5.KolmogorovWeightedPerfectMatchingTest" time="0"/>
  <testcase name="testGetMatching21[33]" classname="org.jgrapht.alg.matching.blossom.v5.KolmogorovWeightedPerfectMatchingTest" time="0"/>
  <testcase name="testGetMatching22[33]" classname="org.jgrapht.alg.matching.blossom.v5.KolmogorovWeightedPerfectMatchingTest" time="0.001"/>
  <testcase name="testGetMatching23[33]" classname="org.jgrapht.alg.matching.blossom.v5.KolmogorovWeightedPerfectMatchingTest" time="0"/>
  <testcase name="testGetMatching24[33]" classname="org.jgrapht.alg.matching.blossom.v5.KolmogorovWeightedPerfectMatchingTest" time="0"/>
  <testcase name="testGetMatching25[33]" classname="org.jgrapht.alg.matching.blossom.v5.KolmogorovWeightedPerfectMatchingTest" time="0"/>
  <testcase name="testGetMatching26[33]" classname="org.jgrapht.alg.matching.blossom.v5.KolmogorovWeightedPerfectMatchingTest" time="0.001"/>
  <testcase name="testGetMatching27[33]" classname="org.jgrapht.alg.matching.blossom.v5.KolmogorovWeightedPerfectMatchingTest" time="0"/>
  <testcase name="testGetMatching28[33]" classname="org.jgrapht.alg.matching.blossom.v5.KolmogorovWeightedPerfectMatchingTest" time="0"/>
  <testcase name="testGetMatching29[33]" classname="org.jgrapht.alg.matching.blossom.v5.KolmogorovWeightedPerfectMatchingTest" time="0"/>
  <testcase name="testGetMatching30[33]" classname="org.jgrapht.alg.matching.blossom.v5.KolmogorovWeightedPerfectMatchingTest" time="0.001"/>
  <testcase name="testGetMatching31[33]" classname="org.jgrapht.alg.matching.blossom.v5.KolmogorovWeightedPerfectMatchingTest" time="0.002"/>
  <testcase name="testGetMatching32[33]" classname="org.jgrapht.alg.matching.blossom.v5.KolmogorovWeightedPerfectMatchingTest" time="0.001"/>
  <testcase name="testGetMatching33[33]" classname="org.jgrapht.alg.matching.blossom.v5.KolmogorovWeightedPerfectMatchingTest" time="0.002"/>
  <testcase name="testGetMatching34[33]" classname="org.jgrapht.alg.matching.blossom.v5.KolmogorovWeightedPerfectMatchingTest" time="0.002"/>
  <testcase name="testGetMatching35[33]" classname="org.jgrapht.alg.matching.blossom.v5.KolmogorovWeightedPerfectMatchingTest" time="0.003"/>
  <testcase name="testGetMatching36[33]" classname="org.jgrapht.alg.matching.blossom.v5.KolmogorovWeightedPerfectMatchingTest" time="0.005"/>
  <testcase name="testGetMatching37[33]" classname="org.jgrapht.alg.matching.blossom.v5.KolmogorovWeightedPerfectMatchingTest" time="0"/>
  <testcase name="testGetMatching38[33]" classname="org.jgrapht.alg.matching.blossom.v5.KolmogorovWeightedPerfectMatchingTest" time="0.002"/>
  <testcase name="testGetMatching39[33]" classname="org.jgrapht.alg.matching.blossom.v5.KolmogorovWeightedPerfectMatchingTest" time="0"/>
  <testcase name="testGetMatching40[33]" classname="org.jgrapht.alg.matching.blossom.v5.KolmogorovWeightedPerfectMatchingTest" time="0"/>
  <testcase name="testGetMatching41[33]" classname="org.jgrapht.alg.matching.blossom.v5.KolmogorovWeightedPerfectMatchingTest" time="0"/>
  <testcase name="testGetMatching42[33]" classname="org.jgrapht.alg.matching.blossom.v5.KolmogorovWeightedPerfectMatchingTest" time="0.001"/>
  <testcase name="testGetMatching43[33]" classname="org.jgrapht.alg.matching.blossom.v5.KolmogorovWeightedPerfectMatchingTest" time="0"/>
  <testcase name="testGetMatching44[33]" classname="org.jgrapht.alg.matching.blossom.v5.KolmogorovWeightedPerfectMatchingTest" time="0"/>
  <testcase name="testGetMatching45[33]" classname="org.jgrapht.alg.matching.blossom.v5.KolmogorovWeightedPerfectMatchingTest" time="0"/>
  <testcase name="testGetMatching46[33]" classname="org.jgrapht.alg.matching.blossom.v5.KolmogorovWeightedPerfectMatchingTest" time="0"/>
  <testcase name="testGetMatching47[33]" classname="org.jgrapht.alg.matching.blossom.v5.KolmogorovWeightedPerfectMatchingTest" time="0"/>
  <testcase name="testGetMatching48[33]" classname="org.jgrapht.alg.matching.blossom.v5.KolmogorovWeightedPerfectMatchingTest" time="0"/>
  <testcase name="testGetMatching49[33]" classname="org.jgrapht.alg.matching.blossom.v5.KolmogorovWeightedPerfectMatchingTest" time="0.001"/>
  <testcase name="testGetMatching50[33]" classname="org.jgrapht.alg.matching.blossom.v5.KolmogorovWeightedPerfectMatchingTest" time="0.001"/>
  <testcase name="testInvalidDualSolution[33]" classname="org.jgrapht.alg.matching.blossom.v5.KolmogorovWeightedPerfectMatchingTest" time="0"/>
  <testcase name="testGetMatching0[33]" classname="org.jgrapht.alg.matching.blossom.v5.KolmogorovWeightedPerfectMatchingTest" time="0"/>
  <testcase name="testGetMatching1[33]" classname="org.jgrapht.alg.matching.blossom.v5.KolmogorovWeightedPerfectMatchingTest" time="0"/>
  <testcase name="testGetMatching2[33]" classname="org.jgrapht.alg.matching.blossom.v5.KolmogorovWeightedPerfectMatchingTest" time="0"/>
  <testcase name="testGetMatching3[33]" classname="org.jgrapht.alg.matching.blossom.v5.KolmogorovWeightedPerfectMatchingTest" time="0"/>
  <testcase name="testGetMatching4[33]" classname="org.jgrapht.alg.matching.blossom.v5.KolmogorovWeightedPerfectMatchingTest" time="0"/>
  <testcase name="testGetMatching5[33]" classname="org.jgrapht.alg.matching.blossom.v5.KolmogorovWeightedPerfectMatchingTest" time="0"/>
  <testcase name="testGetMatching6[33]" classname="org.jgrapht.alg.matching.blossom.v5.KolmogorovWeightedPerfectMatchingTest" time="0"/>
  <testcase name="testGetMatching7[33]" classname="org.jgrapht.alg.matching.blossom.v5.KolmogorovWeightedPerfectMatchingTest" time="0"/>
  <testcase name="testGetMatching8[33]" classname="org.jgrapht.alg.matching.blossom.v5.KolmogorovWeightedPerfectMatchingTest" time="0"/>
  <testcase name="testGetMatching9[33]" classname="org.jgrapht.alg.matching.blossom.v5.KolmogorovWeightedPerfectMatchingTest" time="0"/>
  <testcase name="testGetMatching10[34]" classname="org.jgrapht.alg.matching.blossom.v5.KolmogorovWeightedPerfectMatchingTest" time="0.001"/>
  <testcase name="testGetMatching11[34]" classname="org.jgrapht.alg.matching.blossom.v5.KolmogorovWeightedPerfectMatchingTest" time="0"/>
  <testcase name="testGetMatching12[34]" classname="org.jgrapht.alg.matching.blossom.v5.KolmogorovWeightedPerfectMatchingTest" time="0"/>
  <testcase name="testGetMatching13[34]" classname="org.jgrapht.alg.matching.blossom.v5.KolmogorovWeightedPerfectMatchingTest" time="0"/>
  <testcase name="testGetMatching14[34]" classname="org.jgrapht.alg.matching.blossom.v5.KolmogorovWeightedPerfectMatchingTest" time="0"/>
  <testcase name="testGetMatching15[34]" classname="org.jgrapht.alg.matching.blossom.v5.KolmogorovWeightedPerfectMatchingTest" time="0"/>
  <testcase name="testGetMatching16[34]" classname="org.jgrapht.alg.matching.blossom.v5.KolmogorovWeightedPerfectMatchingTest" time="0"/>
  <testcase name="testGetMatching17[34]" classname="org.jgrapht.alg.matching.blossom.v5.KolmogorovWeightedPerfectMatchingTest" time="0"/>
  <testcase name="testGetMatching18[34]" classname="org.jgrapht.alg.matching.blossom.v5.KolmogorovWeightedPerfectMatchingTest" time="0"/>
  <testcase name="testGetMatching19[34]" classname="org.jgrapht.alg.matching.blossom.v5.KolmogorovWeightedPerfectMatchingTest" time="0"/>
  <testcase name="testGetMatching20[34]" classname="org.jgrapht.alg.matching.blossom.v5.KolmogorovWeightedPerfectMatchingTest" time="0"/>
  <testcase name="testGetMatching21[34]" classname="org.jgrapht.alg.matching.blossom.v5.KolmogorovWeightedPerfectMatchingTest" time="0"/>
  <testcase name="testGetMatching22[34]" classname="org.jgrapht.alg.matching.blossom.v5.KolmogorovWeightedPerfectMatchingTest" time="0"/>
  <testcase name="testGetMatching23[34]" classname="org.jgrapht.alg.matching.blossom.v5.KolmogorovWeightedPerfectMatchingTest" time="0"/>
  <testcase name="testGetMatching24[34]" classname="org.jgrapht.alg.matching.blossom.v5.KolmogorovWeightedPerfectMatchingTest" time="0"/>
  <testcase name="testGetMatching25[34]" classname="org.jgrapht.alg.matching.blossom.v5.KolmogorovWeightedPerfectMatchingTest" time="0"/>
  <testcase name="testGetMatching26[34]" classname="org.jgrapht.alg.matching.blossom.v5.KolmogorovWeightedPerfectMatchingTest" time="0.001"/>
  <testcase name="testGetMatching27[34]" classname="org.jgrapht.alg.matching.blossom.v5.KolmogorovWeightedPerfectMatchingTest" time="0"/>
  <testcase name="testGetMatching28[34]" classname="org.jgrapht.alg.matching.blossom.v5.KolmogorovWeightedPerfectMatchingTest" time="0"/>
  <testcase name="testGetMatching29[34]" classname="org.jgrapht.alg.matching.blossom.v5.KolmogorovWeightedPerfectMatchingTest" time="0"/>
  <testcase name="testGetMatching30[34]" classname="org.jgrapht.alg.matching.blossom.v5.KolmogorovWeightedPerfectMatchingTest" time="0"/>
  <testcase name="testGetMatching31[34]" classname="org.jgrapht.alg.matching.blossom.v5.KolmogorovWeightedPerfectMatchingTest" time="0.001"/>
  <testcase name="testGetMatching32[34]" classname="org.jgrapht.alg.matching.blossom.v5.KolmogorovWeightedPerfectMatchingTest" time="0.001"/>
  <testcase name="testGetMatching33[34]" classname="org.jgrapht.alg.matching.blossom.v5.KolmogorovWeightedPerfectMatchingTest" time="0.001"/>
  <testcase name="testGetMatching34[34]" classname="org.jgrapht.alg.matching.blossom.v5.KolmogorovWeightedPerfectMatchingTest" time="0.001"/>
  <testcase name="testGetMatching35[34]" classname="org.jgrapht.alg.matching.blossom.v5.KolmogorovWeightedPerfectMatchingTest" time="0.004"/>
  <testcase name="testGetMatching36[34]" classname="org.jgrapht.alg.matching.blossom.v5.KolmogorovWeightedPerfectMatchingTest" time="0.004"/>
  <testcase name="testGetMatching37[34]" classname="org.jgrapht.alg.matching.blossom.v5.KolmogorovWeightedPerfectMatchingTest" time="0"/>
  <testcase name="testGetMatching38[34]" classname="org.jgrapht.alg.matching.blossom.v5.KolmogorovWeightedPerfectMatchingTest" time="0.002"/>
  <testcase name="testGetMatching39[34]" classname="org.jgrapht.alg.matching.blossom.v5.KolmogorovWeightedPerfectMatchingTest" time="0"/>
  <testcase name="testGetMatching40[34]" classname="org.jgrapht.alg.matching.blossom.v5.KolmogorovWeightedPerfectMatchingTest" time="0"/>
  <testcase name="testGetMatching41[34]" classname="org.jgrapht.alg.matching.blossom.v5.KolmogorovWeightedPerfectMatchingTest" time="0"/>
  <testcase name="testGetMatching42[34]" classname="org.jgrapht.alg.matching.blossom.v5.KolmogorovWeightedPerfectMatchingTest" time="0"/>
  <testcase name="testGetMatching43[34]" classname="org.jgrapht.alg.matching.blossom.v5.KolmogorovWeightedPerfectMatchingTest" time="0"/>
  <testcase name="testGetMatching44[34]" classname="org.jgrapht.alg.matching.blossom.v5.KolmogorovWeightedPerfectMatchingTest" time="0"/>
  <testcase name="testGetMatching45[34]" classname="org.jgrapht.alg.matching.blossom.v5.KolmogorovWeightedPerfectMatchingTest" time="0"/>
  <testcase name="testGetMatching46[34]" classname="org.jgrapht.alg.matching.blossom.v5.KolmogorovWeightedPerfectMatchingTest" time="0.001"/>
  <testcase name="testGetMatching47[34]" classname="org.jgrapht.alg.matching.blossom.v5.KolmogorovWeightedPerfectMatchingTest" time="0"/>
  <testcase name="testGetMatching48[34]" classname="org.jgrapht.alg.matching.blossom.v5.KolmogorovWeightedPerfectMatchingTest" time="0"/>
  <testcase name="testGetMatching49[34]" classname="org.jgrapht.alg.matching.blossom.v5.KolmogorovWeightedPerfectMatchingTest" time="0"/>
  <testcase name="testGetMatching50[34]" classname="org.jgrapht.alg.matching.blossom.v5.KolmogorovWeightedPerfectMatchingTest" time="0.001"/>
  <testcase name="testInvalidDualSolution[34]" classname="org.jgrapht.alg.matching.blossom.v5.KolmogorovWeightedPerfectMatchingTest" time="0"/>
  <testcase name="testGetMatching0[34]" classname="org.jgrapht.alg.matching.blossom.v5.KolmogorovWeightedPerfectMatchingTest" time="0"/>
  <testcase name="testGetMatching1[34]" classname="org.jgrapht.alg.matching.blossom.v5.KolmogorovWeightedPerfectMatchingTest" time="0"/>
  <testcase name="testGetMatching2[34]" classname="org.jgrapht.alg.matching.blossom.v5.KolmogorovWeightedPerfectMatchingTest" time="0"/>
  <testcase name="testGetMatching3[34]" classname="org.jgrapht.alg.matching.blossom.v5.KolmogorovWeightedPerfectMatchingTest" time="0"/>
  <testcase name="testGetMatching4[34]" classname="org.jgrapht.alg.matching.blossom.v5.KolmogorovWeightedPerfectMatchingTest" time="0"/>
  <testcase name="testGetMatching5[34]" classname="org.jgrapht.alg.matching.blossom.v5.KolmogorovWeightedPerfectMatchingTest" time="0.001"/>
  <testcase name="testGetMatching6[34]" classname="org.jgrapht.alg.matching.blossom.v5.KolmogorovWeightedPerfectMatchingTest" time="0"/>
  <testcase name="testGetMatching7[34]" classname="org.jgrapht.alg.matching.blossom.v5.KolmogorovWeightedPerfectMatchingTest" time="0"/>
  <testcase name="testGetMatching8[34]" classname="org.jgrapht.alg.matching.blossom.v5.KolmogorovWeightedPerfectMatchingTest" time="0"/>
  <testcase name="testGetMatching9[34]" classname="org.jgrapht.alg.matching.blossom.v5.KolmogorovWeightedPerfectMatchingTest" time="0"/>
  <testcase name="testGetMatching10[35]" classname="org.jgrapht.alg.matching.blossom.v5.KolmogorovWeightedPerfectMatchingTest" time="0"/>
  <testcase name="testGetMatching11[35]" classname="org.jgrapht.alg.matching.blossom.v5.KolmogorovWeightedPerfectMatchingTest" time="0"/>
  <testcase name="testGetMatching12[35]" classname="org.jgrapht.alg.matching.blossom.v5.KolmogorovWeightedPerfectMatchingTest" time="0"/>
  <testcase name="testGetMatching13[35]" classname="org.jgrapht.alg.matching.blossom.v5.KolmogorovWeightedPerfectMatchingTest" time="0"/>
  <testcase name="testGetMatching14[35]" classname="org.jgrapht.alg.matching.blossom.v5.KolmogorovWeightedPerfectMatchingTest" time="0"/>
  <testcase name="testGetMatching15[35]" classname="org.jgrapht.alg.matching.blossom.v5.KolmogorovWeightedPerfectMatchingTest" time="0"/>
  <testcase name="testGetMatching16[35]" classname="org.jgrapht.alg.matching.blossom.v5.KolmogorovWeightedPerfectMatchingTest" time="0"/>
  <testcase name="testGetMatching17[35]" classname="org.jgrapht.alg.matching.blossom.v5.KolmogorovWeightedPerfectMatchingTest" time="0"/>
  <testcase name="testGetMatching18[35]" classname="org.jgrapht.alg.matching.blossom.v5.KolmogorovWeightedPerfectMatchingTest" time="0"/>
  <testcase name="testGetMatching19[35]" classname="org.jgrapht.alg.matching.blossom.v5.KolmogorovWeightedPerfectMatchingTest" time="0"/>
  <testcase name="testGetMatching20[35]" classname="org.jgrapht.alg.matching.blossom.v5.KolmogorovWeightedPerfectMatchingTest" time="0"/>
  <testcase name="testGetMatching21[35]" classname="org.jgrapht.alg.matching.blossom.v5.KolmogorovWeightedPerfectMatchingTest" time="0"/>
  <testcase name="testGetMatching22[35]" classname="org.jgrapht.alg.matching.blossom.v5.KolmogorovWeightedPerfectMatchingTest" time="0"/>
  <testcase name="testGetMatching23[35]" classname="org.jgrapht.alg.matching.blossom.v5.KolmogorovWeightedPerfectMatchingTest" time="0"/>
  <testcase name="testGetMatching24[35]" classname="org.jgrapht.alg.matching.blossom.v5.KolmogorovWeightedPerfectMatchingTest" time="0"/>
  <testcase name="testGetMatching25[35]" classname="org.jgrapht.alg.matching.blossom.v5.KolmogorovWeightedPerfectMatchingTest" time="0"/>
  <testcase name="testGetMatching26[35]" classname="org.jgrapht.alg.matching.blossom.v5.KolmogorovWeightedPerfectMatchingTest" time="0"/>
  <testcase name="testGetMatching27[35]" classname="org.jgrapht.alg.matching.blossom.v5.KolmogorovWeightedPerfectMatchingTest" time="0.001"/>
  <testcase name="testGetMatching28[35]" classname="org.jgrapht.alg.matching.blossom.v5.KolmogorovWeightedPerfectMatchingTest" time="0"/>
  <testcase name="testGetMatching29[35]" classname="org.jgrapht.alg.matching.blossom.v5.KolmogorovWeightedPerfectMatchingTest" time="0"/>
  <testcase name="testGetMatching30[35]" classname="org.jgrapht.alg.matching.blossom.v5.KolmogorovWeightedPerfectMatchingTest" time="0.001"/>
  <testcase name="testGetMatching31[35]" classname="org.jgrapht.alg.matching.blossom.v5.KolmogorovWeightedPerfectMatchingTest" time="0"/>
  <testcase name="testGetMatching32[35]" classname="org.jgrapht.alg.matching.blossom.v5.KolmogorovWeightedPerfectMatchingTest" time="0.001"/>
  <testcase name="testGetMatching33[35]" classname="org.jgrapht.alg.matching.blossom.v5.KolmogorovWeightedPerfectMatchingTest" time="0.001"/>
  <testcase name="testGetMatching34[35]" classname="org.jgrapht.alg.matching.blossom.v5.KolmogorovWeightedPerfectMatchingTest" time="0.001"/>
  <testcase name="testGetMatching35[35]" classname="org.jgrapht.alg.matching.blossom.v5.KolmogorovWeightedPerfectMatchingTest" time="0.003"/>
  <testcase name="testGetMatching36[35]" classname="org.jgrapht.alg.matching.blossom.v5.KolmogorovWeightedPerfectMatchingTest" time="0.002"/>
  <testcase name="testGetMatching37[35]" classname="org.jgrapht.alg.matching.blossom.v5.KolmogorovWeightedPerfectMatchingTest" time="0.001"/>
  <testcase name="testGetMatching38[35]" classname="org.jgrapht.alg.matching.blossom.v5.KolmogorovWeightedPerfectMatchingTest" time="0.001"/>
  <testcase name="testGetMatching39[35]" classname="org.jgrapht.alg.matching.blossom.v5.KolmogorovWeightedPerfectMatchingTest" time="0"/>
  <testcase name="testGetMatching40[35]" classname="org.jgrapht.alg.matching.blossom.v5.KolmogorovWeightedPerfectMatchingTest" time="0.001"/>
  <testcase name="testGetMatching41[35]" classname="org.jgrapht.alg.matching.blossom.v5.KolmogorovWeightedPerfectMatchingTest" time="0"/>
  <testcase name="testGetMatching42[35]" classname="org.jgrapht.alg.matching.blossom.v5.KolmogorovWeightedPerfectMatchingTest" time="0"/>
  <testcase name="testGetMatching43[35]" classname="org.jgrapht.alg.matching.blossom.v5.KolmogorovWeightedPerfectMatchingTest" time="0"/>
  <testcase name="testGetMatching44[35]" classname="org.jgrapht.alg.matching.blossom.v5.KolmogorovWeightedPerfectMatchingTest" time="0"/>
  <testcase name="testGetMatching45[35]" classname="org.jgrapht.alg.matching.blossom.v5.KolmogorovWeightedPerfectMatchingTest" time="0"/>
  <testcase name="testGetMatching46[35]" classname="org.jgrapht.alg.matching.blossom.v5.KolmogorovWeightedPerfectMatchingTest" time="0"/>
  <testcase name="testGetMatching47[35]" classname="org.jgrapht.alg.matching.blossom.v5.KolmogorovWeightedPerfectMatchingTest" time="0"/>
  <testcase name="testGetMatching48[35]" classname="org.jgrapht.alg.matching.blossom.v5.KolmogorovWeightedPerfectMatchingTest" time="0.001"/>
  <testcase name="testGetMatching49[35]" classname="org.jgrapht.alg.matching.blossom.v5.KolmogorovWeightedPerfectMatchingTest" time="0"/>
  <testcase name="testGetMatching50[35]" classname="org.jgrapht.alg.matching.blossom.v5.KolmogorovWeightedPerfectMatchingTest" time="0.002"/>
  <testcase name="testInvalidDualSolution[35]" classname="org.jgrapht.alg.matching.blossom.v5.KolmogorovWeightedPerfectMatchingTest" time="0"/>
  <testcase name="testGetMatching0[35]" classname="org.jgrapht.alg.matching.blossom.v5.KolmogorovWeightedPerfectMatchingTest" time="0"/>
  <testcase name="testGetMatching1[35]" classname="org.jgrapht.alg.matching.blossom.v5.KolmogorovWeightedPerfectMatchingTest" time="0"/>
  <testcase name="testGetMatching2[35]" classname="org.jgrapht.alg.matching.blossom.v5.KolmogorovWeightedPerfectMatchingTest" time="0"/>
  <testcase name="testGetMatching3[35]" classname="org.jgrapht.alg.matching.blossom.v5.KolmogorovWeightedPerfectMatchingTest" time="0"/>
  <testcase name="testGetMatching4[35]" classname="org.jgrapht.alg.matching.blossom.v5.KolmogorovWeightedPerfectMatchingTest" time="0"/>
  <testcase name="testGetMatching5[35]" classname="org.jgrapht.alg.matching.blossom.v5.KolmogorovWeightedPerfectMatchingTest" time="0"/>
  <testcase name="testGetMatching6[35]" classname="org.jgrapht.alg.matching.blossom.v5.KolmogorovWeightedPerfectMatchingTest" time="0"/>
  <testcase name="testGetMatching7[35]" classname="org.jgrapht.alg.matching.blossom.v5.KolmogorovWeightedPerfectMatchingTest" time="0"/>
  <testcase name="testGetMatching8[35]" classname="org.jgrapht.alg.matching.blossom.v5.KolmogorovWeightedPerfectMatchingTest" time="0"/>
  <testcase name="testGetMatching9[35]" classname="org.jgrapht.alg.matching.blossom.v5.KolmogorovWeightedPerfectMatchingTest" time="0"/>
  <testcase name="testGetMatching10[36]" classname="org.jgrapht.alg.matching.blossom.v5.KolmogorovWeightedPerfectMatchingTest" time="0"/>
  <testcase name="testGetMatching11[36]" classname="org.jgrapht.alg.matching.blossom.v5.KolmogorovWeightedPerfectMatchingTest" time="0"/>
  <testcase name="testGetMatching12[36]" classname="org.jgrapht.alg.matching.blossom.v5.KolmogorovWeightedPerfectMatchingTest" time="0.001"/>
  <testcase name="testGetMatching13[36]" classname="org.jgrapht.alg.matching.blossom.v5.KolmogorovWeightedPerfectMatchingTest" time="0"/>
  <testcase name="testGetMatching14[36]" classname="org.jgrapht.alg.matching.blossom.v5.KolmogorovWeightedPerfectMatchingTest" time="0"/>
  <testcase name="testGetMatching15[36]" classname="org.jgrapht.alg.matching.blossom.v5.KolmogorovWeightedPerfectMatchingTest" time="0"/>
  <testcase name="testGetMatching16[36]" classname="org.jgrapht.alg.matching.blossom.v5.KolmogorovWeightedPerfectMatchingTest" time="0"/>
  <testcase name="testGetMatching17[36]" classname="org.jgrapht.alg.matching.blossom.v5.KolmogorovWeightedPerfectMatchingTest" time="0"/>
  <testcase name="testGetMatching18[36]" classname="org.jgrapht.alg.matching.blossom.v5.KolmogorovWeightedPerfectMatchingTest" time="0"/>
  <testcase name="testGetMatching19[36]" classname="org.jgrapht.alg.matching.blossom.v5.KolmogorovWeightedPerfectMatchingTest" time="0"/>
  <testcase name="testGetMatching20[36]" classname="org.jgrapht.alg.matching.blossom.v5.KolmogorovWeightedPerfectMatchingTest" time="0"/>
  <testcase name="testGetMatching21[36]" classname="org.jgrapht.alg.matching.blossom.v5.KolmogorovWeightedPerfectMatchingTest" time="0"/>
  <testcase name="testGetMatching22[36]" classname="org.jgrapht.alg.matching.blossom.v5.KolmogorovWeightedPerfectMatchingTest" time="0"/>
  <testcase name="testGetMatching23[36]" classname="org.jgrapht.alg.matching.blossom.v5.KolmogorovWeightedPerfectMatchingTest" time="0"/>
  <testcase name="testGetMatching24[36]" classname="org.jgrapht.alg.matching.blossom.v5.KolmogorovWeightedPerfectMatchingTest" time="0"/>
  <testcase name="testGetMatching25[36]" classname="org.jgrapht.alg.matching.blossom.v5.KolmogorovWeightedPerfectMatchingTest" time="0"/>
  <testcase name="testGetMatching26[36]" classname="org.jgrapht.alg.matching.blossom.v5.KolmogorovWeightedPerfectMatchingTest" time="0.001"/>
  <testcase name="testGetMatching27[36]" classname="org.jgrapht.alg.matching.blossom.v5.KolmogorovWeightedPerfectMatchingTest" time="0"/>
  <testcase name="testGetMatching28[36]" classname="org.jgrapht.alg.matching.blossom.v5.KolmogorovWeightedPerfectMatchingTest" time="0"/>
  <testcase name="testGetMatching29[36]" classname="org.jgrapht.alg.matching.blossom.v5.KolmogorovWeightedPerfectMatchingTest" time="0"/>
  <testcase name="testGetMatching30[36]" classname="org.jgrapht.alg.matching.blossom.v5.KolmogorovWeightedPerfectMatchingTest" time="0.001"/>
  <testcase name="testGetMatching31[36]" classname="org.jgrapht.alg.matching.blossom.v5.KolmogorovWeightedPerfectMatchingTest" time="0.001"/>
  <testcase name="testGetMatching32[36]" classname="org.jgrapht.alg.matching.blossom.v5.KolmogorovWeightedPerfectMatchingTest" time="0"/>
  <testcase name="testGetMatching33[36]" classname="org.jgrapht.alg.matching.blossom.v5.KolmogorovWeightedPerfectMatchingTest" time="0.005"/>
  <testcase name="testGetMatching34[36]" classname="org.jgrapht.alg.matching.blossom.v5.KolmogorovWeightedPerfectMatchingTest" time="0.003"/>
  <testcase name="testGetMatching35[36]" classname="org.jgrapht.alg.matching.blossom.v5.KolmogorovWeightedPerfectMatchingTest" time="0.005"/>
  <testcase name="testGetMatching36[36]" classname="org.jgrapht.alg.matching.blossom.v5.KolmogorovWeightedPerfectMatchingTest" time="0.003"/>
  <testcase name="testGetMatching37[36]" classname="org.jgrapht.alg.matching.blossom.v5.KolmogorovWeightedPerfectMatchingTest" time="0"/>
  <testcase name="testGetMatching38[36]" classname="org.jgrapht.alg.matching.blossom.v5.KolmogorovWeightedPerfectMatchingTest" time="0.002"/>
  <testcase name="testGetMatching39[36]" classname="org.jgrapht.alg.matching.blossom.v5.KolmogorovWeightedPerfectMatchingTest" time="0"/>
  <testcase name="testGetMatching40[36]" classname="org.jgrapht.alg.matching.blossom.v5.KolmogorovWeightedPerfectMatchingTest" time="0"/>
  <testcase name="testGetMatching41[36]" classname="org.jgrapht.alg.matching.blossom.v5.KolmogorovWeightedPerfectMatchingTest" time="0"/>
  <testcase name="testGetMatching42[36]" classname="org.jgrapht.alg.matching.blossom.v5.KolmogorovWeightedPerfectMatchingTest" time="0"/>
  <testcase name="testGetMatching43[36]" classname="org.jgrapht.alg.matching.blossom.v5.KolmogorovWeightedPerfectMatchingTest" time="0"/>
  <testcase name="testGetMatching44[36]" classname="org.jgrapht.alg.matching.blossom.v5.KolmogorovWeightedPerfectMatchingTest" time="0"/>
  <testcase name="testGetMatching45[36]" classname="org.jgrapht.alg.matching.blossom.v5.KolmogorovWeightedPerfectMatchingTest" time="0"/>
  <testcase name="testGetMatching46[36]" classname="org.jgrapht.alg.matching.blossom.v5.KolmogorovWeightedPerfectMatchingTest" time="0"/>
  <testcase name="testGetMatching47[36]" classname="org.jgrapht.alg.matching.blossom.v5.KolmogorovWeightedPerfectMatchingTest" time="0.001"/>
  <testcase name="testGetMatching48[36]" classname="org.jgrapht.alg.matching.blossom.v5.KolmogorovWeightedPerfectMatchingTest" time="0"/>
  <testcase name="testGetMatching49[36]" classname="org.jgrapht.alg.matching.blossom.v5.KolmogorovWeightedPerfectMatchingTest" time="0"/>
  <testcase name="testGetMatching50[36]" classname="org.jgrapht.alg.matching.blossom.v5.KolmogorovWeightedPerfectMatchingTest" time="0.001"/>
  <testcase name="testInvalidDualSolution[36]" classname="org.jgrapht.alg.matching.blossom.v5.KolmogorovWeightedPerfectMatchingTest" time="0"/>
  <testcase name="testGetMatching0[36]" classname="org.jgrapht.alg.matching.blossom.v5.KolmogorovWeightedPerfectMatchingTest" time="0"/>
  <testcase name="testGetMatching1[36]" classname="org.jgrapht.alg.matching.blossom.v5.KolmogorovWeightedPerfectMatchingTest" time="0"/>
  <testcase name="testGetMatching2[36]" classname="org.jgrapht.alg.matching.blossom.v5.KolmogorovWeightedPerfectMatchingTest" time="0"/>
  <testcase name="testGetMatching3[36]" classname="org.jgrapht.alg.matching.blossom.v5.KolmogorovWeightedPerfectMatchingTest" time="0"/>
  <testcase name="testGetMatching4[36]" classname="org.jgrapht.alg.matching.blossom.v5.KolmogorovWeightedPerfectMatchingTest" time="0"/>
  <testcase name="testGetMatching5[36]" classname="org.jgrapht.alg.matching.blossom.v5.KolmogorovWeightedPerfectMatchingTest" time="0.001"/>
  <testcase name="testGetMatching6[36]" classname="org.jgrapht.alg.matching.blossom.v5.KolmogorovWeightedPerfectMatchingTest" time="0"/>
  <testcase name="testGetMatching7[36]" classname="org.jgrapht.alg.matching.blossom.v5.KolmogorovWeightedPerfectMatchingTest" time="0"/>
  <testcase name="testGetMatching8[36]" classname="org.jgrapht.alg.matching.blossom.v5.KolmogorovWeightedPerfectMatchingTest" time="0"/>
  <testcase name="testGetMatching9[36]" classname="org.jgrapht.alg.matching.blossom.v5.KolmogorovWeightedPerfectMatchingTest" time="0"/>
  <testcase name="testGetMatching10[37]" classname="org.jgrapht.alg.matching.blossom.v5.KolmogorovWeightedPerfectMatchingTest" time="0"/>
  <testcase name="testGetMatching11[37]" classname="org.jgrapht.alg.matching.blossom.v5.KolmogorovWeightedPerfectMatchingTest" time="0"/>
  <testcase name="testGetMatching12[37]" classname="org.jgrapht.alg.matching.blossom.v5.KolmogorovWeightedPerfectMatchingTest" time="0"/>
  <testcase name="testGetMatching13[37]" classname="org.jgrapht.alg.matching.blossom.v5.KolmogorovWeightedPerfectMatchingTest" time="0"/>
  <testcase name="testGetMatching14[37]" classname="org.jgrapht.alg.matching.blossom.v5.KolmogorovWeightedPerfectMatchingTest" time="0"/>
  <testcase name="testGetMatching15[37]" classname="org.jgrapht.alg.matching.blossom.v5.KolmogorovWeightedPerfectMatchingTest" time="0"/>
  <testcase name="testGetMatching16[37]" classname="org.jgrapht.alg.matching.blossom.v5.KolmogorovWeightedPerfectMatchingTest" time="0"/>
  <testcase name="testGetMatching17[37]" classname="org.jgrapht.alg.matching.blossom.v5.KolmogorovWeightedPerfectMatchingTest" time="0"/>
  <testcase name="testGetMatching18[37]" classname="org.jgrapht.alg.matching.blossom.v5.KolmogorovWeightedPerfectMatchingTest" time="0"/>
  <testcase name="testGetMatching19[37]" classname="org.jgrapht.alg.matching.blossom.v5.KolmogorovWeightedPerfectMatchingTest" time="0"/>
  <testcase name="testGetMatching20[37]" classname="org.jgrapht.alg.matching.blossom.v5.KolmogorovWeightedPerfectMatchingTest" time="0.001"/>
  <testcase name="testGetMatching21[37]" classname="org.jgrapht.alg.matching.blossom.v5.KolmogorovWeightedPerfectMatchingTest" time="0"/>
  <testcase name="testGetMatching22[37]" classname="org.jgrapht.alg.matching.blossom.v5.KolmogorovWeightedPerfectMatchingTest" time="0"/>
  <testcase name="testGetMatching23[37]" classname="org.jgrapht.alg.matching.blossom.v5.KolmogorovWeightedPerfectMatchingTest" time="0"/>
  <testcase name="testGetMatching24[37]" classname="org.jgrapht.alg.matching.blossom.v5.KolmogorovWeightedPerfectMatchingTest" time="0"/>
  <testcase name="testGetMatching25[37]" classname="org.jgrapht.alg.matching.blossom.v5.KolmogorovWeightedPerfectMatchingTest" time="0"/>
  <testcase name="testGetMatching26[37]" classname="org.jgrapht.alg.matching.blossom.v5.KolmogorovWeightedPerfectMatchingTest" time="0"/>
  <testcase name="testGetMatching27[37]" classname="org.jgrapht.alg.matching.blossom.v5.KolmogorovWeightedPerfectMatchingTest" time="0.001"/>
  <testcase name="testGetMatching28[37]" classname="org.jgrapht.alg.matching.blossom.v5.KolmogorovWeightedPerfectMatchingTest" time="0"/>
  <testcase name="testGetMatching29[37]" classname="org.jgrapht.alg.matching.blossom.v5.KolmogorovWeightedPerfectMatchingTest" time="0"/>
  <testcase name="testGetMatching30[37]" classname="org.jgrapht.alg.matching.blossom.v5.KolmogorovWeightedPerfectMatchingTest" time="0.001"/>
  <testcase name="testGetMatching31[37]" classname="org.jgrapht.alg.matching.blossom.v5.KolmogorovWeightedPerfectMatchingTest" time="0.001"/>
  <testcase name="testGetMatching32[37]" classname="org.jgrapht.alg.matching.blossom.v5.KolmogorovWeightedPerfectMatchingTest" time="0.001"/>
  <testcase name="testGetMatching33[37]" classname="org.jgrapht.alg.matching.blossom.v5.KolmogorovWeightedPerfectMatchingTest" time="0.002"/>
  <testcase name="testGetMatching34[37]" classname="org.jgrapht.alg.matching.blossom.v5.KolmogorovWeightedPerfectMatchingTest" time="0.002"/>
  <testcase name="testGetMatching35[37]" classname="org.jgrapht.alg.matching.blossom.v5.KolmogorovWeightedPerfectMatchingTest" time="0.005"/>
  <testcase name="testGetMatching36[37]" classname="org.jgrapht.alg.matching.blossom.v5.KolmogorovWeightedPerfectMatchingTest" time="0.005"/>
  <testcase name="testGetMatching37[37]" classname="org.jgrapht.alg.matching.blossom.v5.KolmogorovWeightedPerfectMatchingTest" time="0.001"/>
  <testcase name="testGetMatching38[37]" classname="org.jgrapht.alg.matching.blossom.v5.KolmogorovWeightedPerfectMatchingTest" time="0.002"/>
  <testcase name="testGetMatching39[37]" classname="org.jgrapht.alg.matching.blossom.v5.KolmogorovWeightedPerfectMatchingTest" time="0"/>
  <testcase name="testGetMatching40[37]" classname="org.jgrapht.alg.matching.blossom.v5.KolmogorovWeightedPerfectMatchingTest" time="0"/>
  <testcase name="testGetMatching41[37]" classname="org.jgrapht.alg.matching.blossom.v5.KolmogorovWeightedPerfectMatchingTest" time="0"/>
  <testcase name="testGetMatching42[37]" classname="org.jgrapht.alg.matching.blossom.v5.KolmogorovWeightedPerfectMatchingTest" time="0"/>
  <testcase name="testGetMatching43[37]" classname="org.jgrapht.alg.matching.blossom.v5.KolmogorovWeightedPerfectMatchingTest" time="0"/>
  <testcase name="testGetMatching44[37]" classname="org.jgrapht.alg.matching.blossom.v5.KolmogorovWeightedPerfectMatchingTest" time="0"/>
  <testcase name="testGetMatching45[37]" classname="org.jgrapht.alg.matching.blossom.v5.KolmogorovWeightedPerfectMatchingTest" time="0"/>
  <testcase name="testGetMatching46[37]" classname="org.jgrapht.alg.matching.blossom.v5.KolmogorovWeightedPerfectMatchingTest" time="0.001"/>
  <testcase name="testGetMatching47[37]" classname="org.jgrapht.alg.matching.blossom.v5.KolmogorovWeightedPerfectMatchingTest" time="0"/>
  <testcase name="testGetMatching48[37]" classname="org.jgrapht.alg.matching.blossom.v5.KolmogorovWeightedPerfectMatchingTest" time="0"/>
  <testcase name="testGetMatching49[37]" classname="org.jgrapht.alg.matching.blossom.v5.KolmogorovWeightedPerfectMatchingTest" time="0"/>
  <testcase name="testGetMatching50[37]" classname="org.jgrapht.alg.matching.blossom.v5.KolmogorovWeightedPerfectMatchingTest" time="0.001"/>
  <testcase name="testInvalidDualSolution[37]" classname="org.jgrapht.alg.matching.blossom.v5.KolmogorovWeightedPerfectMatchingTest" time="0"/>
  <testcase name="testGetMatching0[37]" classname="org.jgrapht.alg.matching.blossom.v5.KolmogorovWeightedPerfectMatchingTest" time="0"/>
  <testcase name="testGetMatching1[37]" classname="org.jgrapht.alg.matching.blossom.v5.KolmogorovWeightedPerfectMatchingTest" time="0"/>
  <testcase name="testGetMatching2[37]" classname="org.jgrapht.alg.matching.blossom.v5.KolmogorovWeightedPerfectMatchingTest" time="0"/>
  <testcase name="testGetMatching3[37]" classname="org.jgrapht.alg.matching.blossom.v5.KolmogorovWeightedPerfectMatchingTest" time="0"/>
  <testcase name="testGetMatching4[37]" classname="org.jgrapht.alg.matching.blossom.v5.KolmogorovWeightedPerfectMatchingTest" time="0"/>
  <testcase name="testGetMatching5[37]" classname="org.jgrapht.alg.matching.blossom.v5.KolmogorovWeightedPerfectMatchingTest" time="0"/>
  <testcase name="testGetMatching6[37]" classname="org.jgrapht.alg.matching.blossom.v5.KolmogorovWeightedPerfectMatchingTest" time="0"/>
  <testcase name="testGetMatching7[37]" classname="org.jgrapht.alg.matching.blossom.v5.KolmogorovWeightedPerfectMatchingTest" time="0"/>
  <testcase name="testGetMatching8[37]" classname="org.jgrapht.alg.matching.blossom.v5.KolmogorovWeightedPerfectMatchingTest" time="0"/>
  <testcase name="testGetMatching9[37]" classname="org.jgrapht.alg.matching.blossom.v5.KolmogorovWeightedPerfectMatchingTest" time="0"/>
  <testcase name="testGetMatching10[38]" classname="org.jgrapht.alg.matching.blossom.v5.KolmogorovWeightedPerfectMatchingTest" time="0"/>
  <testcase name="testGetMatching11[38]" classname="org.jgrapht.alg.matching.blossom.v5.KolmogorovWeightedPerfectMatchingTest" time="0"/>
  <testcase name="testGetMatching12[38]" classname="org.jgrapht.alg.matching.blossom.v5.KolmogorovWeightedPerfectMatchingTest" time="0"/>
  <testcase name="testGetMatching13[38]" classname="org.jgrapht.alg.matching.blossom.v5.KolmogorovWeightedPerfectMatchingTest" time="0"/>
  <testcase name="testGetMatching14[38]" classname="org.jgrapht.alg.matching.blossom.v5.KolmogorovWeightedPerfectMatchingTest" time="0"/>
  <testcase name="testGetMatching15[38]" classname="org.jgrapht.alg.matching.blossom.v5.KolmogorovWeightedPerfectMatchingTest" time="0"/>
  <testcase name="testGetMatching16[38]" classname="org.jgrapht.alg.matching.blossom.v5.KolmogorovWeightedPerfectMatchingTest" time="0"/>
  <testcase name="testGetMatching17[38]" classname="org.jgrapht.alg.matching.blossom.v5.KolmogorovWeightedPerfectMatchingTest" time="0"/>
  <testcase name="testGetMatching18[38]" classname="org.jgrapht.alg.matching.blossom.v5.KolmogorovWeightedPerfectMatchingTest" time="0"/>
  <testcase name="testGetMatching19[38]" classname="org.jgrapht.alg.matching.blossom.v5.KolmogorovWeightedPerfectMatchingTest" time="0"/>
  <testcase name="testGetMatching20[38]" classname="org.jgrapht.alg.matching.blossom.v5.KolmogorovWeightedPerfectMatchingTest" time="0"/>
  <testcase name="testGetMatching21[38]" classname="org.jgrapht.alg.matching.blossom.v5.KolmogorovWeightedPerfectMatchingTest" time="0"/>
  <testcase name="testGetMatching22[38]" classname="org.jgrapht.alg.matching.blossom.v5.KolmogorovWeightedPerfectMatchingTest" time="0"/>
  <testcase name="testGetMatching23[38]" classname="org.jgrapht.alg.matching.blossom.v5.KolmogorovWeightedPerfectMatchingTest" time="0"/>
  <testcase name="testGetMatching24[38]" classname="org.jgrapht.alg.matching.blossom.v5.KolmogorovWeightedPerfectMatchingTest" time="0"/>
  <testcase name="testGetMatching25[38]" classname="org.jgrapht.alg.matching.blossom.v5.KolmogorovWeightedPerfectMatchingTest" time="0"/>
  <testcase name="testGetMatching26[38]" classname="org.jgrapht.alg.matching.blossom.v5.KolmogorovWeightedPerfectMatchingTest" time="0.001"/>
  <testcase name="testGetMatching27[38]" classname="org.jgrapht.alg.matching.blossom.v5.KolmogorovWeightedPerfectMatchingTest" time="0"/>
  <testcase name="testGetMatching28[38]" classname="org.jgrapht.alg.matching.blossom.v5.KolmogorovWeightedPerfectMatchingTest" time="0"/>
  <testcase name="testGetMatching29[38]" classname="org.jgrapht.alg.matching.blossom.v5.KolmogorovWeightedPerfectMatchingTest" time="0"/>
  <testcase name="testGetMatching30[38]" classname="org.jgrapht.alg.matching.blossom.v5.KolmogorovWeightedPerfectMatchingTest" time="0"/>
  <testcase name="testGetMatching31[38]" classname="org.jgrapht.alg.matching.blossom.v5.KolmogorovWeightedPerfectMatchingTest" time="0.001"/>
  <testcase name="testGetMatching32[38]" classname="org.jgrapht.alg.matching.blossom.v5.KolmogorovWeightedPerfectMatchingTest" time="0.001"/>
  <testcase name="testGetMatching33[38]" classname="org.jgrapht.alg.matching.blossom.v5.KolmogorovWeightedPerfectMatchingTest" time="0.002"/>
  <testcase name="testGetMatching34[38]" classname="org.jgrapht.alg.matching.blossom.v5.KolmogorovWeightedPerfectMatchingTest" time="0.002"/>
  <testcase name="testGetMatching35[38]" classname="org.jgrapht.alg.matching.blossom.v5.KolmogorovWeightedPerfectMatchingTest" time="0.005"/>
  <testcase name="testGetMatching36[38]" classname="org.jgrapht.alg.matching.blossom.v5.KolmogorovWeightedPerfectMatchingTest" time="0.004"/>
  <testcase name="testGetMatching37[38]" classname="org.jgrapht.alg.matching.blossom.v5.KolmogorovWeightedPerfectMatchingTest" time="0"/>
  <testcase name="testGetMatching38[38]" classname="org.jgrapht.alg.matching.blossom.v5.KolmogorovWeightedPerfectMatchingTest" time="0.002"/>
  <testcase name="testGetMatching39[38]" classname="org.jgrapht.alg.matching.blossom.v5.KolmogorovWeightedPerfectMatchingTest" time="0"/>
  <testcase name="testGetMatching40[38]" classname="org.jgrapht.alg.matching.blossom.v5.KolmogorovWeightedPerfectMatchingTest" time="0"/>
  <testcase name="testGetMatching41[38]" classname="org.jgrapht.alg.matching.blossom.v5.KolmogorovWeightedPerfectMatchingTest" time="0"/>
  <testcase name="testGetMatching42[38]" classname="org.jgrapht.alg.matching.blossom.v5.KolmogorovWeightedPerfectMatchingTest" time="0.001"/>
  <testcase name="testGetMatching43[38]" classname="org.jgrapht.alg.matching.blossom.v5.KolmogorovWeightedPerfectMatchingTest" time="0"/>
  <testcase name="testGetMatching44[38]" classname="org.jgrapht.alg.matching.blossom.v5.KolmogorovWeightedPerfectMatchingTest" time="0"/>
  <testcase name="testGetMatching45[38]" classname="org.jgrapht.alg.matching.blossom.v5.KolmogorovWeightedPerfectMatchingTest" time="0"/>
  <testcase name="testGetMatching46[38]" classname="org.jgrapht.alg.matching.blossom.v5.KolmogorovWeightedPerfectMatchingTest" time="0"/>
  <testcase name="testGetMatching47[38]" classname="org.jgrapht.alg.matching.blossom.v5.KolmogorovWeightedPerfectMatchingTest" time="0.001"/>
  <testcase name="testGetMatching48[38]" classname="org.jgrapht.alg.matching.blossom.v5.KolmogorovWeightedPerfectMatchingTest" time="0"/>
  <testcase name="testGetMatching49[38]" classname="org.jgrapht.alg.matching.blossom.v5.KolmogorovWeightedPerfectMatchingTest" time="0.001"/>
  <testcase name="testGetMatching50[38]" classname="org.jgrapht.alg.matching.blossom.v5.KolmogorovWeightedPerfectMatchingTest" time="0.001"/>
  <testcase name="testInvalidDualSolution[38]" classname="org.jgrapht.alg.matching.blossom.v5.KolmogorovWeightedPerfectMatchingTest" time="0"/>
  <testcase name="testGetMatching0[38]" classname="org.jgrapht.alg.matching.blossom.v5.KolmogorovWeightedPerfectMatchingTest" time="0"/>
  <testcase name="testGetMatching1[38]" classname="org.jgrapht.alg.matching.blossom.v5.KolmogorovWeightedPerfectMatchingTest" time="0"/>
  <testcase name="testGetMatching2[38]" classname="org.jgrapht.alg.matching.blossom.v5.KolmogorovWeightedPerfectMatchingTest" time="0"/>
  <testcase name="testGetMatching3[38]" classname="org.jgrapht.alg.matching.blossom.v5.KolmogorovWeightedPerfectMatchingTest" time="0"/>
  <testcase name="testGetMatching4[38]" classname="org.jgrapht.alg.matching.blossom.v5.KolmogorovWeightedPerfectMatchingTest" time="0"/>
  <testcase name="testGetMatching5[38]" classname="org.jgrapht.alg.matching.blossom.v5.KolmogorovWeightedPerfectMatchingTest" time="0"/>
  <testcase name="testGetMatching6[38]" classname="org.jgrapht.alg.matching.blossom.v5.KolmogorovWeightedPerfectMatchingTest" time="0"/>
  <testcase name="testGetMatching7[38]" classname="org.jgrapht.alg.matching.blossom.v5.KolmogorovWeightedPerfectMatchingTest" time="0"/>
  <testcase name="testGetMatching8[38]" classname="org.jgrapht.alg.matching.blossom.v5.KolmogorovWeightedPerfectMatchingTest" time="0"/>
  <testcase name="testGetMatching9[38]" classname="org.jgrapht.alg.matching.blossom.v5.KolmogorovWeightedPerfectMatchingTest" time="0"/>
  <testcase name="testGetMatching10[39]" classname="org.jgrapht.alg.matching.blossom.v5.KolmogorovWeightedPerfectMatchingTest" time="0"/>
  <testcase name="testGetMatching11[39]" classname="org.jgrapht.alg.matching.blossom.v5.KolmogorovWeightedPerfectMatchingTest" time="0"/>
  <testcase name="testGetMatching12[39]" classname="org.jgrapht.alg.matching.blossom.v5.KolmogorovWeightedPerfectMatchingTest" time="0"/>
  <testcase name="testGetMatching13[39]" classname="org.jgrapht.alg.matching.blossom.v5.KolmogorovWeightedPerfectMatchingTest" time="0"/>
  <testcase name="testGetMatching14[39]" classname="org.jgrapht.alg.matching.blossom.v5.KolmogorovWeightedPerfectMatchingTest" time="0"/>
  <testcase name="testGetMatching15[39]" classname="org.jgrapht.alg.matching.blossom.v5.KolmogorovWeightedPerfectMatchingTest" time="0"/>
  <testcase name="testGetMatching16[39]" classname="org.jgrapht.alg.matching.blossom.v5.KolmogorovWeightedPerfectMatchingTest" time="0"/>
  <testcase name="testGetMatching17[39]" classname="org.jgrapht.alg.matching.blossom.v5.KolmogorovWeightedPerfectMatchingTest" time="0.001"/>
  <testcase name="testGetMatching18[39]" classname="org.jgrapht.alg.matching.blossom.v5.KolmogorovWeightedPerfectMatchingTest" time="0"/>
  <testcase name="testGetMatching19[39]" classname="org.jgrapht.alg.matching.blossom.v5.KolmogorovWeightedPerfectMatchingTest" time="0"/>
  <testcase name="testGetMatching20[39]" classname="org.jgrapht.alg.matching.blossom.v5.KolmogorovWeightedPerfectMatchingTest" time="0"/>
  <testcase name="testGetMatching21[39]" classname="org.jgrapht.alg.matching.blossom.v5.KolmogorovWeightedPerfectMatchingTest" time="0"/>
  <testcase name="testGetMatching22[39]" classname="org.jgrapht.alg.matching.blossom.v5.KolmogorovWeightedPerfectMatchingTest" time="0"/>
  <testcase name="testGetMatching23[39]" classname="org.jgrapht.alg.matching.blossom.v5.KolmogorovWeightedPerfectMatchingTest" time="0"/>
  <testcase name="testGetMatching24[39]" classname="org.jgrapht.alg.matching.blossom.v5.KolmogorovWeightedPerfectMatchingTest" time="0"/>
  <testcase name="testGetMatching25[39]" classname="org.jgrapht.alg.matching.blossom.v5.KolmogorovWeightedPerfectMatchingTest" time="0.001"/>
  <testcase name="testGetMatching26[39]" classname="org.jgrapht.alg.matching.blossom.v5.KolmogorovWeightedPerfectMatchingTest" time="0"/>
  <testcase name="testGetMatching27[39]" classname="org.jgrapht.alg.matching.blossom.v5.KolmogorovWeightedPerfectMatchingTest" time="0"/>
  <testcase name="testGetMatching28[39]" classname="org.jgrapht.alg.matching.blossom.v5.KolmogorovWeightedPerfectMatchingTest" time="0"/>
  <testcase name="testGetMatching29[39]" classname="org.jgrapht.alg.matching.blossom.v5.KolmogorovWeightedPerfectMatchingTest" time="0.001"/>
  <testcase name="testGetMatching30[39]" classname="org.jgrapht.alg.matching.blossom.v5.KolmogorovWeightedPerfectMatchingTest" time="0"/>
  <testcase name="testGetMatching31[39]" classname="org.jgrapht.alg.matching.blossom.v5.KolmogorovWeightedPerfectMatchingTest" time="0.001"/>
  <testcase name="testGetMatching32[39]" classname="org.jgrapht.alg.matching.blossom.v5.KolmogorovWeightedPerfectMatchingTest" time="0.002"/>
  <testcase name="testGetMatching33[39]" classname="org.jgrapht.alg.matching.blossom.v5.KolmogorovWeightedPerfectMatchingTest" time="0.002"/>
  <testcase name="testGetMatching34[39]" classname="org.jgrapht.alg.matching.blossom.v5.KolmogorovWeightedPerfectMatchingTest" time="0.002"/>
  <testcase name="testGetMatching35[39]" classname="org.jgrapht.alg.matching.blossom.v5.KolmogorovWeightedPerfectMatchingTest" time="0.003"/>
  <testcase name="testGetMatching36[39]" classname="org.jgrapht.alg.matching.blossom.v5.KolmogorovWeightedPerfectMatchingTest" time="0.002"/>
  <testcase name="testGetMatching37[39]" classname="org.jgrapht.alg.matching.blossom.v5.KolmogorovWeightedPerfectMatchingTest" time="0"/>
  <testcase name="testGetMatching38[39]" classname="org.jgrapht.alg.matching.blossom.v5.KolmogorovWeightedPerfectMatchingTest" time="0.002"/>
  <testcase name="testGetMatching39[39]" classname="org.jgrapht.alg.matching.blossom.v5.KolmogorovWeightedPerfectMatchingTest" time="0"/>
  <testcase name="testGetMatching40[39]" classname="org.jgrapht.alg.matching.blossom.v5.KolmogorovWeightedPerfectMatchingTest" time="0"/>
  <testcase name="testGetMatching41[39]" classname="org.jgrapht.alg.matching.blossom.v5.KolmogorovWeightedPerfectMatchingTest" time="0"/>
  <testcase name="testGetMatching42[39]" classname="org.jgrapht.alg.matching.blossom.v5.KolmogorovWeightedPerfectMatchingTest" time="0"/>
  <testcase name="testGetMatching43[39]" classname="org.jgrapht.alg.matching.blossom.v5.KolmogorovWeightedPerfectMatchingTest" time="0"/>
  <testcase name="testGetMatching44[39]" classname="org.jgrapht.alg.matching.blossom.v5.KolmogorovWeightedPerfectMatchingTest" time="0"/>
  <testcase name="testGetMatching45[39]" classname="org.jgrapht.alg.matching.blossom.v5.KolmogorovWeightedPerfectMatchingTest" time="0"/>
  <testcase name="testGetMatching46[39]" classname="org.jgrapht.alg.matching.blossom.v5.KolmogorovWeightedPerfectMatchingTest" time="0"/>
  <testcase name="testGetMatching47[39]" classname="org.jgrapht.alg.matching.blossom.v5.KolmogorovWeightedPerfectMatchingTest" time="0"/>
  <testcase name="testGetMatching48[39]" classname="org.jgrapht.alg.matching.blossom.v5.KolmogorovWeightedPerfectMatchingTest" time="0"/>
  <testcase name="testGetMatching49[39]" classname="org.jgrapht.alg.matching.blossom.v5.KolmogorovWeightedPerfectMatchingTest" time="0.001"/>
  <testcase name="testGetMatching50[39]" classname="org.jgrapht.alg.matching.blossom.v5.KolmogorovWeightedPerfectMatchingTest" time="0.001"/>
  <testcase name="testInvalidDualSolution[39]" classname="org.jgrapht.alg.matching.blossom.v5.KolmogorovWeightedPerfectMatchingTest" time="0"/>
  <testcase name="testGetMatching0[39]" classname="org.jgrapht.alg.matching.blossom.v5.KolmogorovWeightedPerfectMatchingTest" time="0"/>
  <testcase name="testGetMatching1[39]" classname="org.jgrapht.alg.matching.blossom.v5.KolmogorovWeightedPerfectMatchingTest" time="0"/>
  <testcase name="testGetMatching2[39]" classname="org.jgrapht.alg.matching.blossom.v5.KolmogorovWeightedPerfectMatchingTest" time="0"/>
  <testcase name="testGetMatching3[39]" classname="org.jgrapht.alg.matching.blossom.v5.KolmogorovWeightedPerfectMatchingTest" time="0"/>
  <testcase name="testGetMatching4[39]" classname="org.jgrapht.alg.matching.blossom.v5.KolmogorovWeightedPerfectMatchingTest" time="0"/>
  <testcase name="testGetMatching5[39]" classname="org.jgrapht.alg.matching.blossom.v5.KolmogorovWeightedPerfectMatchingTest" time="0"/>
  <testcase name="testGetMatching6[39]" classname="org.jgrapht.alg.matching.blossom.v5.KolmogorovWeightedPerfectMatchingTest" time="0"/>
  <testcase name="testGetMatching7[39]" classname="org.jgrapht.alg.matching.blossom.v5.KolmogorovWeightedPerfectMatchingTest" time="0"/>
  <testcase name="testGetMatching8[39]" classname="org.jgrapht.alg.matching.blossom.v5.KolmogorovWeightedPerfectMatchingTest" time="0"/>
  <testcase name="testGetMatching9[39]" classname="org.jgrapht.alg.matching.blossom.v5.KolmogorovWeightedPerfectMatchingTest" time="0"/>
  <testcase name="testGetMatching10[40]" classname="org.jgrapht.alg.matching.blossom.v5.KolmogorovWeightedPerfectMatchingTest" time="0.001"/>
  <testcase name="testGetMatching11[40]" classname="org.jgrapht.alg.matching.blossom.v5.KolmogorovWeightedPerfectMatchingTest" time="0"/>
  <testcase name="testGetMatching12[40]" classname="org.jgrapht.alg.matching.blossom.v5.KolmogorovWeightedPerfectMatchingTest" time="0"/>
  <testcase name="testGetMatching13[40]" classname="org.jgrapht.alg.matching.blossom.v5.KolmogorovWeightedPerfectMatchingTest" time="0"/>
  <testcase name="testGetMatching14[40]" classname="org.jgrapht.alg.matching.blossom.v5.KolmogorovWeightedPerfectMatchingTest" time="0"/>
  <testcase name="testGetMatching15[40]" classname="org.jgrapht.alg.matching.blossom.v5.KolmogorovWeightedPerfectMatchingTest" time="0"/>
  <testcase name="testGetMatching16[40]" classname="org.jgrapht.alg.matching.blossom.v5.KolmogorovWeightedPerfectMatchingTest" time="0"/>
  <testcase name="testGetMatching17[40]" classname="org.jgrapht.alg.matching.blossom.v5.KolmogorovWeightedPerfectMatchingTest" time="0"/>
  <testcase name="testGetMatching18[40]" classname="org.jgrapht.alg.matching.blossom.v5.KolmogorovWeightedPerfectMatchingTest" time="0"/>
  <testcase name="testGetMatching19[40]" classname="org.jgrapht.alg.matching.blossom.v5.KolmogorovWeightedPerfectMatchingTest" time="0"/>
  <testcase name="testGetMatching20[40]" classname="org.jgrapht.alg.matching.blossom.v5.KolmogorovWeightedPerfectMatchingTest" time="0"/>
  <testcase name="testGetMatching21[40]" classname="org.jgrapht.alg.matching.blossom.v5.KolmogorovWeightedPerfectMatchingTest" time="0"/>
  <testcase name="testGetMatching22[40]" classname="org.jgrapht.alg.matching.blossom.v5.KolmogorovWeightedPerfectMatchingTest" time="0"/>
  <testcase name="testGetMatching23[40]" classname="org.jgrapht.alg.matching.blossom.v5.KolmogorovWeightedPerfectMatchingTest" time="0"/>
  <testcase name="testGetMatching24[40]" classname="org.jgrapht.alg.matching.blossom.v5.KolmogorovWeightedPerfectMatchingTest" time="0"/>
  <testcase name="testGetMatching25[40]" classname="org.jgrapht.alg.matching.blossom.v5.KolmogorovWeightedPerfectMatchingTest" time="0"/>
  <testcase name="testGetMatching26[40]" classname="org.jgrapht.alg.matching.blossom.v5.KolmogorovWeightedPerfectMatchingTest" time="0.001"/>
  <testcase name="testGetMatching27[40]" classname="org.jgrapht.alg.matching.blossom.v5.KolmogorovWeightedPerfectMatchingTest" time="0"/>
  <testcase name="testGetMatching28[40]" classname="org.jgrapht.alg.matching.blossom.v5.KolmogorovWeightedPerfectMatchingTest" time="0"/>
  <testcase name="testGetMatching29[40]" classname="org.jgrapht.alg.matching.blossom.v5.KolmogorovWeightedPerfectMatchingTest" time="0"/>
  <testcase name="testGetMatching30[40]" classname="org.jgrapht.alg.matching.blossom.v5.KolmogorovWeightedPerfectMatchingTest" time="0.001"/>
  <testcase name="testGetMatching31[40]" classname="org.jgrapht.alg.matching.blossom.v5.KolmogorovWeightedPerfectMatchingTest" time="0.001"/>
  <testcase name="testGetMatching32[40]" classname="org.jgrapht.alg.matching.blossom.v5.KolmogorovWeightedPerfectMatchingTest" time="0.001"/>
  <testcase name="testGetMatching33[40]" classname="org.jgrapht.alg.matching.blossom.v5.KolmogorovWeightedPerfectMatchingTest" time="0.002"/>
  <testcase name="testGetMatching34[40]" classname="org.jgrapht.alg.matching.blossom.v5.KolmogorovWeightedPerfectMatchingTest" time="0.003"/>
  <testcase name="testGetMatching35[40]" classname="org.jgrapht.alg.matching.blossom.v5.KolmogorovWeightedPerfectMatchingTest" time="0.002"/>
  <testcase name="testGetMatching36[40]" classname="org.jgrapht.alg.matching.blossom.v5.KolmogorovWeightedPerfectMatchingTest" time="0.003"/>
  <testcase name="testGetMatching37[40]" classname="org.jgrapht.alg.matching.blossom.v5.KolmogorovWeightedPerfectMatchingTest" time="0"/>
  <testcase name="testGetMatching38[40]" classname="org.jgrapht.alg.matching.blossom.v5.KolmogorovWeightedPerfectMatchingTest" time="0.003"/>
  <testcase name="testGetMatching39[40]" classname="org.jgrapht.alg.matching.blossom.v5.KolmogorovWeightedPerfectMatchingTest" time="0"/>
  <testcase name="testGetMatching40[40]" classname="org.jgrapht.alg.matching.blossom.v5.KolmogorovWeightedPerfectMatchingTest" time="0"/>
  <testcase name="testGetMatching41[40]" classname="org.jgrapht.alg.matching.blossom.v5.KolmogorovWeightedPerfectMatchingTest" time="0"/>
  <testcase name="testGetMatching42[40]" classname="org.jgrapht.alg.matching.blossom.v5.KolmogorovWeightedPerfectMatchingTest" time="0"/>
  <testcase name="testGetMatching43[40]" classname="org.jgrapht.alg.matching.blossom.v5.KolmogorovWeightedPerfectMatchingTest" time="0"/>
  <testcase name="testGetMatching44[40]" classname="org.jgrapht.alg.matching.blossom.v5.KolmogorovWeightedPerfectMatchingTest" time="0"/>
  <testcase name="testGetMatching45[40]" classname="org.jgrapht.alg.matching.blossom.v5.KolmogorovWeightedPerfectMatchingTest" time="0"/>
  <testcase name="testGetMatching46[40]" classname="org.jgrapht.alg.matching.blossom.v5.KolmogorovWeightedPerfectMatchingTest" time="0.001"/>
  <testcase name="testGetMatching47[40]" classname="org.jgrapht.alg.matching.blossom.v5.KolmogorovWeightedPerfectMatchingTest" time="0"/>
  <testcase name="testGetMatching48[40]" classname="org.jgrapht.alg.matching.blossom.v5.KolmogorovWeightedPerfectMatchingTest" time="0"/>
  <testcase name="testGetMatching49[40]" classname="org.jgrapht.alg.matching.blossom.v5.KolmogorovWeightedPerfectMatchingTest" time="0.002"/>
  <testcase name="testGetMatching50[40]" classname="org.jgrapht.alg.matching.blossom.v5.KolmogorovWeightedPerfectMatchingTest" time="0.002"/>
  <testcase name="testInvalidDualSolution[40]" classname="org.jgrapht.alg.matching.blossom.v5.KolmogorovWeightedPerfectMatchingTest" time="0"/>
  <testcase name="testGetMatching0[40]" classname="org.jgrapht.alg.matching.blossom.v5.KolmogorovWeightedPerfectMatchingTest" time="0"/>
  <testcase name="testGetMatching1[40]" classname="org.jgrapht.alg.matching.blossom.v5.KolmogorovWeightedPerfectMatchingTest" time="0"/>
  <testcase name="testGetMatching2[40]" classname="org.jgrapht.alg.matching.blossom.v5.KolmogorovWeightedPerfectMatchingTest" time="0"/>
  <testcase name="testGetMatching3[40]" classname="org.jgrapht.alg.matching.blossom.v5.KolmogorovWeightedPerfectMatchingTest" time="0"/>
  <testcase name="testGetMatching4[40]" classname="org.jgrapht.alg.matching.blossom.v5.KolmogorovWeightedPerfectMatchingTest" time="0"/>
  <testcase name="testGetMatching5[40]" classname="org.jgrapht.alg.matching.blossom.v5.KolmogorovWeightedPerfectMatchingTest" time="0"/>
  <testcase name="testGetMatching6[40]" classname="org.jgrapht.alg.matching.blossom.v5.KolmogorovWeightedPerfectMatchingTest" time="0"/>
  <testcase name="testGetMatching7[40]" classname="org.jgrapht.alg.matching.blossom.v5.KolmogorovWeightedPerfectMatchingTest" time="0"/>
  <testcase name="testGetMatching8[40]" classname="org.jgrapht.alg.matching.blossom.v5.KolmogorovWeightedPerfectMatchingTest" time="0"/>
  <testcase name="testGetMatching9[40]" classname="org.jgrapht.alg.matching.blossom.v5.KolmogorovWeightedPerfectMatchingTest" time="0"/>
  <testcase name="testGetMatching10[41]" classname="org.jgrapht.alg.matching.blossom.v5.KolmogorovWeightedPerfectMatchingTest" time="0"/>
  <testcase name="testGetMatching11[41]" classname="org.jgrapht.alg.matching.blossom.v5.KolmogorovWeightedPerfectMatchingTest" time="0"/>
  <testcase name="testGetMatching12[41]" classname="org.jgrapht.alg.matching.blossom.v5.KolmogorovWeightedPerfectMatchingTest" time="0"/>
  <testcase name="testGetMatching13[41]" classname="org.jgrapht.alg.matching.blossom.v5.KolmogorovWeightedPerfectMatchingTest" time="0"/>
  <testcase name="testGetMatching14[41]" classname="org.jgrapht.alg.matching.blossom.v5.KolmogorovWeightedPerfectMatchingTest" time="0.001"/>
  <testcase name="testGetMatching15[41]" classname="org.jgrapht.alg.matching.blossom.v5.KolmogorovWeightedPerfectMatchingTest" time="0"/>
  <testcase name="testGetMatching16[41]" classname="org.jgrapht.alg.matching.blossom.v5.KolmogorovWeightedPerfectMatchingTest" time="0"/>
  <testcase name="testGetMatching17[41]" classname="org.jgrapht.alg.matching.blossom.v5.KolmogorovWeightedPerfectMatchingTest" time="0"/>
  <testcase name="testGetMatching18[41]" classname="org.jgrapht.alg.matching.blossom.v5.KolmogorovWeightedPerfectMatchingTest" time="0"/>
  <testcase name="testGetMatching19[41]" classname="org.jgrapht.alg.matching.blossom.v5.KolmogorovWeightedPerfectMatchingTest" time="0"/>
  <testcase name="testGetMatching20[41]" classname="org.jgrapht.alg.matching.blossom.v5.KolmogorovWeightedPerfectMatchingTest" time="0"/>
  <testcase name="testGetMatching21[41]" classname="org.jgrapht.alg.matching.blossom.v5.KolmogorovWeightedPerfectMatchingTest" time="0"/>
  <testcase name="testGetMatching22[41]" classname="org.jgrapht.alg.matching.blossom.v5.KolmogorovWeightedPerfectMatchingTest" time="0"/>
  <testcase name="testGetMatching23[41]" classname="org.jgrapht.alg.matching.blossom.v5.KolmogorovWeightedPerfectMatchingTest" time="0"/>
  <testcase name="testGetMatching24[41]" classname="org.jgrapht.alg.matching.blossom.v5.KolmogorovWeightedPerfectMatchingTest" time="0"/>
  <testcase name="testGetMatching25[41]" classname="org.jgrapht.alg.matching.blossom.v5.KolmogorovWeightedPerfectMatchingTest" time="0"/>
  <testcase name="testGetMatching26[41]" classname="org.jgrapht.alg.matching.blossom.v5.KolmogorovWeightedPerfectMatchingTest" time="0.001"/>
  <testcase name="testGetMatching27[41]" classname="org.jgrapht.alg.matching.blossom.v5.KolmogorovWeightedPerfectMatchingTest" time="0"/>
  <testcase name="testGetMatching28[41]" classname="org.jgrapht.alg.matching.blossom.v5.KolmogorovWeightedPerfectMatchingTest" time="0"/>
  <testcase name="testGetMatching29[41]" classname="org.jgrapht.alg.matching.blossom.v5.KolmogorovWeightedPerfectMatchingTest" time="0"/>
  <testcase name="testGetMatching30[41]" classname="org.jgrapht.alg.matching.blossom.v5.KolmogorovWeightedPerfectMatchingTest" time="0.001"/>
  <testcase name="testGetMatching31[41]" classname="org.jgrapht.alg.matching.blossom.v5.KolmogorovWeightedPerfectMatchingTest" time="0.001"/>
  <testcase name="testGetMatching32[41]" classname="org.jgrapht.alg.matching.blossom.v5.KolmogorovWeightedPerfectMatchingTest" time="0.001"/>
  <testcase name="testGetMatching33[41]" classname="org.jgrapht.alg.matching.blossom.v5.KolmogorovWeightedPerfectMatchingTest" time="0.002"/>
  <testcase name="testGetMatching34[41]" classname="org.jgrapht.alg.matching.blossom.v5.KolmogorovWeightedPerfectMatchingTest" time="0.003"/>
  <testcase name="testGetMatching35[41]" classname="org.jgrapht.alg.matching.blossom.v5.KolmogorovWeightedPerfectMatchingTest" time="0.004"/>
  <testcase name="testGetMatching36[41]" classname="org.jgrapht.alg.matching.blossom.v5.KolmogorovWeightedPerfectMatchingTest" time="0.005"/>
  <testcase name="testGetMatching37[41]" classname="org.jgrapht.alg.matching.blossom.v5.KolmogorovWeightedPerfectMatchingTest" time="0"/>
  <testcase name="testGetMatching38[41]" classname="org.jgrapht.alg.matching.blossom.v5.KolmogorovWeightedPerfectMatchingTest" time="0.002"/>
  <testcase name="testGetMatching39[41]" classname="org.jgrapht.alg.matching.blossom.v5.KolmogorovWeightedPerfectMatchingTest" time="0"/>
  <testcase name="testGetMatching40[41]" classname="org.jgrapht.alg.matching.blossom.v5.KolmogorovWeightedPerfectMatchingTest" time="0"/>
  <testcase name="testGetMatching41[41]" classname="org.jgrapht.alg.matching.blossom.v5.KolmogorovWeightedPerfectMatchingTest" time="0"/>
  <testcase name="testGetMatching42[41]" classname="org.jgrapht.alg.matching.blossom.v5.KolmogorovWeightedPerfectMatchingTest" time="0"/>
  <testcase name="testGetMatching43[41]" classname="org.jgrapht.alg.matching.blossom.v5.KolmogorovWeightedPerfectMatchingTest" time="0"/>
  <testcase name="testGetMatching44[41]" classname="org.jgrapht.alg.matching.blossom.v5.KolmogorovWeightedPerfectMatchingTest" time="0"/>
  <testcase name="testGetMatching45[41]" classname="org.jgrapht.alg.matching.blossom.v5.KolmogorovWeightedPerfectMatchingTest" time="0"/>
  <testcase name="testGetMatching46[41]" classname="org.jgrapht.alg.matching.blossom.v5.KolmogorovWeightedPerfectMatchingTest" time="0.001"/>
  <testcase name="testGetMatching47[41]" classname="org.jgrapht.alg.matching.blossom.v5.KolmogorovWeightedPerfectMatchingTest" time="0"/>
  <testcase name="testGetMatching48[41]" classname="org.jgrapht.alg.matching.blossom.v5.KolmogorovWeightedPerfectMatchingTest" time="0"/>
  <testcase name="testGetMatching49[41]" classname="org.jgrapht.alg.matching.blossom.v5.KolmogorovWeightedPerfectMatchingTest" time="0"/>
  <testcase name="testGetMatching50[41]" classname="org.jgrapht.alg.matching.blossom.v5.KolmogorovWeightedPerfectMatchingTest" time="0.001"/>
  <testcase name="testInvalidDualSolution[41]" classname="org.jgrapht.alg.matching.blossom.v5.KolmogorovWeightedPerfectMatchingTest" time="0"/>
  <testcase name="testGetMatching0[41]" classname="org.jgrapht.alg.matching.blossom.v5.KolmogorovWeightedPerfectMatchingTest" time="0"/>
  <testcase name="testGetMatching1[41]" classname="org.jgrapht.alg.matching.blossom.v5.KolmogorovWeightedPerfectMatchingTest" time="0"/>
  <testcase name="testGetMatching2[41]" classname="org.jgrapht.alg.matching.blossom.v5.KolmogorovWeightedPerfectMatchingTest" time="0"/>
  <testcase name="testGetMatching3[41]" classname="org.jgrapht.alg.matching.blossom.v5.KolmogorovWeightedPerfectMatchingTest" time="0"/>
  <testcase name="testGetMatching4[41]" classname="org.jgrapht.alg.matching.blossom.v5.KolmogorovWeightedPerfectMatchingTest" time="0"/>
  <testcase name="testGetMatching5[41]" classname="org.jgrapht.alg.matching.blossom.v5.KolmogorovWeightedPerfectMatchingTest" time="0"/>
  <testcase name="testGetMatching6[41]" classname="org.jgrapht.alg.matching.blossom.v5.KolmogorovWeightedPerfectMatchingTest" time="0"/>
  <testcase name="testGetMatching7[41]" classname="org.jgrapht.alg.matching.blossom.v5.KolmogorovWeightedPerfectMatchingTest" time="0"/>
  <testcase name="testGetMatching8[41]" classname="org.jgrapht.alg.matching.blossom.v5.KolmogorovWeightedPerfectMatchingTest" time="0"/>
  <testcase name="testGetMatching9[41]" classname="org.jgrapht.alg.matching.blossom.v5.KolmogorovWeightedPerfectMatchingTest" time="0"/>
  <testcase name="testGetMatching10[42]" classname="org.jgrapht.alg.matching.blossom.v5.KolmogorovWeightedPerfectMatchingTest" time="0"/>
  <testcase name="testGetMatching11[42]" classname="org.jgrapht.alg.matching.blossom.v5.KolmogorovWeightedPerfectMatchingTest" time="0"/>
  <testcase name="testGetMatching12[42]" classname="org.jgrapht.alg.matching.blossom.v5.KolmogorovWeightedPerfectMatchingTest" time="0"/>
  <testcase name="testGetMatching13[42]" classname="org.jgrapht.alg.matching.blossom.v5.KolmogorovWeightedPerfectMatchingTest" time="0"/>
  <testcase name="testGetMatching14[42]" classname="org.jgrapht.alg.matching.blossom.v5.KolmogorovWeightedPerfectMatchingTest" time="0.001"/>
  <testcase name="testGetMatching15[42]" classname="org.jgrapht.alg.matching.blossom.v5.KolmogorovWeightedPerfectMatchingTest" time="0"/>
  <testcase name="testGetMatching16[42]" classname="org.jgrapht.alg.matching.blossom.v5.KolmogorovWeightedPerfectMatchingTest" time="0"/>
  <testcase name="testGetMatching17[42]" classname="org.jgrapht.alg.matching.blossom.v5.KolmogorovWeightedPerfectMatchingTest" time="0"/>
  <testcase name="testGetMatching18[42]" classname="org.jgrapht.alg.matching.blossom.v5.KolmogorovWeightedPerfectMatchingTest" time="0"/>
  <testcase name="testGetMatching19[42]" classname="org.jgrapht.alg.matching.blossom.v5.KolmogorovWeightedPerfectMatchingTest" time="0"/>
  <testcase name="testGetMatching20[42]" classname="org.jgrapht.alg.matching.blossom.v5.KolmogorovWeightedPerfectMatchingTest" time="0"/>
  <testcase name="testGetMatching21[42]" classname="org.jgrapht.alg.matching.blossom.v5.KolmogorovWeightedPerfectMatchingTest" time="0"/>
  <testcase name="testGetMatching22[42]" classname="org.jgrapht.alg.matching.blossom.v5.KolmogorovWeightedPerfectMatchingTest" time="0"/>
  <testcase name="testGetMatching23[42]" classname="org.jgrapht.alg.matching.blossom.v5.KolmogorovWeightedPerfectMatchingTest" time="0"/>
  <testcase name="testGetMatching24[42]" classname="org.jgrapht.alg.matching.blossom.v5.KolmogorovWeightedPerfectMatchingTest" time="0"/>
  <testcase name="testGetMatching25[42]" classname="org.jgrapht.alg.matching.blossom.v5.KolmogorovWeightedPerfectMatchingTest" time="0"/>
  <testcase name="testGetMatching26[42]" classname="org.jgrapht.alg.matching.blossom.v5.KolmogorovWeightedPerfectMatchingTest" time="0.001"/>
  <testcase name="testGetMatching27[42]" classname="org.jgrapht.alg.matching.blossom.v5.KolmogorovWeightedPerfectMatchingTest" time="0"/>
  <testcase name="testGetMatching28[42]" classname="org.jgrapht.alg.matching.blossom.v5.KolmogorovWeightedPerfectMatchingTest" time="0"/>
  <testcase name="testGetMatching29[42]" classname="org.jgrapht.alg.matching.blossom.v5.KolmogorovWeightedPerfectMatchingTest" time="0"/>
  <testcase name="testGetMatching30[42]" classname="org.jgrapht.alg.matching.blossom.v5.KolmogorovWeightedPerfectMatchingTest" time="0"/>
  <testcase name="testGetMatching31[42]" classname="org.jgrapht.alg.matching.blossom.v5.KolmogorovWeightedPerfectMatchingTest" time="0.001"/>
  <testcase name="testGetMatching32[42]" classname="org.jgrapht.alg.matching.blossom.v5.KolmogorovWeightedPerfectMatchingTest" time="0.001"/>
  <testcase name="testGetMatching33[42]" classname="org.jgrapht.alg.matching.blossom.v5.KolmogorovWeightedPerfectMatchingTest" time="0.002"/>
  <testcase name="testGetMatching34[42]" classname="org.jgrapht.alg.matching.blossom.v5.KolmogorovWeightedPerfectMatchingTest" time="0.002"/>
  <testcase name="testGetMatching35[42]" classname="org.jgrapht.alg.matching.blossom.v5.KolmogorovWeightedPerfectMatchingTest" time="0.003"/>
  <testcase name="testGetMatching36[42]" classname="org.jgrapht.alg.matching.blossom.v5.KolmogorovWeightedPerfectMatchingTest" time="0.004"/>
  <testcase name="testGetMatching37[42]" classname="org.jgrapht.alg.matching.blossom.v5.KolmogorovWeightedPerfectMatchingTest" time="0"/>
  <testcase name="testGetMatching38[42]" classname="org.jgrapht.alg.matching.blossom.v5.KolmogorovWeightedPerfectMatchingTest" time="0.003"/>
  <testcase name="testGetMatching39[42]" classname="org.jgrapht.alg.matching.blossom.v5.KolmogorovWeightedPerfectMatchingTest" time="0"/>
  <testcase name="testGetMatching40[42]" classname="org.jgrapht.alg.matching.blossom.v5.KolmogorovWeightedPerfectMatchingTest" time="0"/>
  <testcase name="testGetMatching41[42]" classname="org.jgrapht.alg.matching.blossom.v5.KolmogorovWeightedPerfectMatchingTest" time="0"/>
  <testcase name="testGetMatching42[42]" classname="org.jgrapht.alg.matching.blossom.v5.KolmogorovWeightedPerfectMatchingTest" time="0"/>
  <testcase name="testGetMatching43[42]" classname="org.jgrapht.alg.matching.blossom.v5.KolmogorovWeightedPerfectMatchingTest" time="0"/>
  <testcase name="testGetMatching44[42]" classname="org.jgrapht.alg.matching.blossom.v5.KolmogorovWeightedPerfectMatchingTest" time="0"/>
  <testcase name="testGetMatching45[42]" classname="org.jgrapht.alg.matching.blossom.v5.KolmogorovWeightedPerfectMatchingTest" time="0"/>
  <testcase name="testGetMatching46[42]" classname="org.jgrapht.alg.matching.blossom.v5.KolmogorovWeightedPerfectMatchingTest" time="0"/>
  <testcase name="testGetMatching47[42]" classname="org.jgrapht.alg.matching.blossom.v5.KolmogorovWeightedPerfectMatchingTest" time="0"/>
  <testcase name="testGetMatching48[42]" classname="org.jgrapht.alg.matching.blossom.v5.KolmogorovWeightedPerfectMatchingTest" time="0.001"/>
  <testcase name="testGetMatching49[42]" classname="org.jgrapht.alg.matching.blossom.v5.KolmogorovWeightedPerfectMatchingTest" time="0"/>
  <testcase name="testGetMatching50[42]" classname="org.jgrapht.alg.matching.blossom.v5.KolmogorovWeightedPerfectMatchingTest" time="0.002"/>
  <testcase name="testInvalidDualSolution[42]" classname="org.jgrapht.alg.matching.blossom.v5.KolmogorovWeightedPerfectMatchingTest" time="0"/>
  <testcase name="testGetMatching0[42]" classname="org.jgrapht.alg.matching.blossom.v5.KolmogorovWeightedPerfectMatchingTest" time="0"/>
  <testcase name="testGetMatching1[42]" classname="org.jgrapht.alg.matching.blossom.v5.KolmogorovWeightedPerfectMatchingTest" time="0"/>
  <testcase name="testGetMatching2[42]" classname="org.jgrapht.alg.matching.blossom.v5.KolmogorovWeightedPerfectMatchingTest" time="0"/>
  <testcase name="testGetMatching3[42]" classname="org.jgrapht.alg.matching.blossom.v5.KolmogorovWeightedPerfectMatchingTest" time="0"/>
  <testcase name="testGetMatching4[42]" classname="org.jgrapht.alg.matching.blossom.v5.KolmogorovWeightedPerfectMatchingTest" time="0"/>
  <testcase name="testGetMatching5[42]" classname="org.jgrapht.alg.matching.blossom.v5.KolmogorovWeightedPerfectMatchingTest" time="0"/>
  <testcase name="testGetMatching6[42]" classname="org.jgrapht.alg.matching.blossom.v5.KolmogorovWeightedPerfectMatchingTest" time="0"/>
  <testcase name="testGetMatching7[42]" classname="org.jgrapht.alg.matching.blossom.v5.KolmogorovWeightedPerfectMatchingTest" time="0"/>
  <testcase name="testGetMatching8[42]" classname="org.jgrapht.alg.matching.blossom.v5.KolmogorovWeightedPerfectMatchingTest" time="0"/>
  <testcase name="testGetMatching9[42]" classname="org.jgrapht.alg.matching.blossom.v5.KolmogorovWeightedPerfectMatchingTest" time="0"/>
  <testcase name="testGetMatching10[43]" classname="org.jgrapht.alg.matching.blossom.v5.KolmogorovWeightedPerfectMatchingTest" time="0"/>
  <testcase name="testGetMatching11[43]" classname="org.jgrapht.alg.matching.blossom.v5.KolmogorovWeightedPerfectMatchingTest" time="0"/>
  <testcase name="testGetMatching12[43]" classname="org.jgrapht.alg.matching.blossom.v5.KolmogorovWeightedPerfectMatchingTest" time="0"/>
  <testcase name="testGetMatching13[43]" classname="org.jgrapht.alg.matching.blossom.v5.KolmogorovWeightedPerfectMatchingTest" time="0.001"/>
  <testcase name="testGetMatching14[43]" classname="org.jgrapht.alg.matching.blossom.v5.KolmogorovWeightedPerfectMatchingTest" time="0"/>
  <testcase name="testGetMatching15[43]" classname="org.jgrapht.alg.matching.blossom.v5.KolmogorovWeightedPerfectMatchingTest" time="0"/>
  <testcase name="testGetMatching16[43]" classname="org.jgrapht.alg.matching.blossom.v5.KolmogorovWeightedPerfectMatchingTest" time="0"/>
  <testcase name="testGetMatching17[43]" classname="org.jgrapht.alg.matching.blossom.v5.KolmogorovWeightedPerfectMatchingTest" time="0"/>
  <testcase name="testGetMatching18[43]" classname="org.jgrapht.alg.matching.blossom.v5.KolmogorovWeightedPerfectMatchingTest" time="0"/>
  <testcase name="testGetMatching19[43]" classname="org.jgrapht.alg.matching.blossom.v5.KolmogorovWeightedPerfectMatchingTest" time="0"/>
  <testcase name="testGetMatching20[43]" classname="org.jgrapht.alg.matching.blossom.v5.KolmogorovWeightedPerfectMatchingTest" time="0"/>
  <testcase name="testGetMatching21[43]" classname="org.jgrapht.alg.matching.blossom.v5.KolmogorovWeightedPerfectMatchingTest" time="0"/>
  <testcase name="testGetMatching22[43]" classname="org.jgrapht.alg.matching.blossom.v5.KolmogorovWeightedPerfectMatchingTest" time="0"/>
  <testcase name="testGetMatching23[43]" classname="org.jgrapht.alg.matching.blossom.v5.KolmogorovWeightedPerfectMatchingTest" time="0"/>
  <testcase name="testGetMatching24[43]" classname="org.jgrapht.alg.matching.blossom.v5.KolmogorovWeightedPerfectMatchingTest" time="0.001"/>
  <testcase name="testGetMatching25[43]" classname="org.jgrapht.alg.matching.blossom.v5.KolmogorovWeightedPerfectMatchingTest" time="0"/>
  <testcase name="testGetMatching26[43]" classname="org.jgrapht.alg.matching.blossom.v5.KolmogorovWeightedPerfectMatchingTest" time="0"/>
  <testcase name="testGetMatching27[43]" classname="org.jgrapht.alg.matching.blossom.v5.KolmogorovWeightedPerfectMatchingTest" time="0"/>
  <testcase name="testGetMatching28[43]" classname="org.jgrapht.alg.matching.blossom.v5.KolmogorovWeightedPerfectMatchingTest" time="0"/>
  <testcase name="testGetMatching29[43]" classname="org.jgrapht.alg.matching.blossom.v5.KolmogorovWeightedPerfectMatchingTest" time="0"/>
  <testcase name="testGetMatching30[43]" classname="org.jgrapht.alg.matching.blossom.v5.KolmogorovWeightedPerfectMatchingTest" time="0.001"/>
  <testcase name="testGetMatching31[43]" classname="org.jgrapht.alg.matching.blossom.v5.KolmogorovWeightedPerfectMatchingTest" time="0.001"/>
  <testcase name="testGetMatching32[43]" classname="org.jgrapht.alg.matching.blossom.v5.KolmogorovWeightedPerfectMatchingTest" time="0"/>
  <testcase name="testGetMatching33[43]" classname="org.jgrapht.alg.matching.blossom.v5.KolmogorovWeightedPerfectMatchingTest" time="0.002"/>
  <testcase name="testGetMatching34[43]" classname="org.jgrapht.alg.matching.blossom.v5.KolmogorovWeightedPerfectMatchingTest" time="0.002"/>
  <testcase name="testGetMatching35[43]" classname="org.jgrapht.alg.matching.blossom.v5.KolmogorovWeightedPerfectMatchingTest" time="0.003"/>
  <testcase name="testGetMatching36[43]" classname="org.jgrapht.alg.matching.blossom.v5.KolmogorovWeightedPerfectMatchingTest" time="0.004"/>
  <testcase name="testGetMatching37[43]" classname="org.jgrapht.alg.matching.blossom.v5.KolmogorovWeightedPerfectMatchingTest" time="0"/>
  <testcase name="testGetMatching38[43]" classname="org.jgrapht.alg.matching.blossom.v5.KolmogorovWeightedPerfectMatchingTest" time="0.002"/>
  <testcase name="testGetMatching39[43]" classname="org.jgrapht.alg.matching.blossom.v5.KolmogorovWeightedPerfectMatchingTest" time="0"/>
  <testcase name="testGetMatching40[43]" classname="org.jgrapht.alg.matching.blossom.v5.KolmogorovWeightedPerfectMatchingTest" time="0"/>
  <testcase name="testGetMatching41[43]" classname="org.jgrapht.alg.matching.blossom.v5.KolmogorovWeightedPerfectMatchingTest" time="0"/>
  <testcase name="testGetMatching42[43]" classname="org.jgrapht.alg.matching.blossom.v5.KolmogorovWeightedPerfectMatchingTest" time="0"/>
  <testcase name="testGetMatching43[43]" classname="org.jgrapht.alg.matching.blossom.v5.KolmogorovWeightedPerfectMatchingTest" time="0"/>
  <testcase name="testGetMatching44[43]" classname="org.jgrapht.alg.matching.blossom.v5.KolmogorovWeightedPerfectMatchingTest" time="0"/>
  <testcase name="testGetMatching45[43]" classname="org.jgrapht.alg.matching.blossom.v5.KolmogorovWeightedPerfectMatchingTest" time="0"/>
  <testcase name="testGetMatching46[43]" classname="org.jgrapht.alg.matching.blossom.v5.KolmogorovWeightedPerfectMatchingTest" time="0"/>
  <testcase name="testGetMatching47[43]" classname="org.jgrapht.alg.matching.blossom.v5.KolmogorovWeightedPerfectMatchingTest" time="0"/>
  <testcase name="testGetMatching48[43]" classname="org.jgrapht.alg.matching.blossom.v5.KolmogorovWeightedPerfectMatchingTest" time="0"/>
  <testcase name="testGetMatching49[43]" classname="org.jgrapht.alg.matching.blossom.v5.KolmogorovWeightedPerfectMatchingTest" time="0.001"/>
  <testcase name="testGetMatching50[43]" classname="org.jgrapht.alg.matching.blossom.v5.KolmogorovWeightedPerfectMatchingTest" time="0.001"/>
  <testcase name="testInvalidDualSolution[43]" classname="org.jgrapht.alg.matching.blossom.v5.KolmogorovWeightedPerfectMatchingTest" time="0"/>
  <testcase name="testGetMatching0[43]" classname="org.jgrapht.alg.matching.blossom.v5.KolmogorovWeightedPerfectMatchingTest" time="0"/>
  <testcase name="testGetMatching1[43]" classname="org.jgrapht.alg.matching.blossom.v5.KolmogorovWeightedPerfectMatchingTest" time="0"/>
  <testcase name="testGetMatching2[43]" classname="org.jgrapht.alg.matching.blossom.v5.KolmogorovWeightedPerfectMatchingTest" time="0"/>
  <testcase name="testGetMatching3[43]" classname="org.jgrapht.alg.matching.blossom.v5.KolmogorovWeightedPerfectMatchingTest" time="0"/>
  <testcase name="testGetMatching4[43]" classname="org.jgrapht.alg.matching.blossom.v5.KolmogorovWeightedPerfectMatchingTest" time="0"/>
  <testcase name="testGetMatching5[43]" classname="org.jgrapht.alg.matching.blossom.v5.KolmogorovWeightedPerfectMatchingTest" time="0"/>
  <testcase name="testGetMatching6[43]" classname="org.jgrapht.alg.matching.blossom.v5.KolmogorovWeightedPerfectMatchingTest" time="0"/>
  <testcase name="testGetMatching7[43]" classname="org.jgrapht.alg.matching.blossom.v5.KolmogorovWeightedPerfectMatchingTest" time="0"/>
  <testcase name="testGetMatching8[43]" classname="org.jgrapht.alg.matching.blossom.v5.KolmogorovWeightedPerfectMatchingTest" time="0"/>
  <testcase name="testGetMatching9[43]" classname="org.jgrapht.alg.matching.blossom.v5.KolmogorovWeightedPerfectMatchingTest" time="0"/>
  <testcase name="testGetMatching10[44]" classname="org.jgrapht.alg.matching.blossom.v5.KolmogorovWeightedPerfectMatchingTest" time="0"/>
  <testcase name="testGetMatching11[44]" classname="org.jgrapht.alg.matching.blossom.v5.KolmogorovWeightedPerfectMatchingTest" time="0"/>
  <testcase name="testGetMatching12[44]" classname="org.jgrapht.alg.matching.blossom.v5.KolmogorovWeightedPerfectMatchingTest" time="0"/>
  <testcase name="testGetMatching13[44]" classname="org.jgrapht.alg.matching.blossom.v5.KolmogorovWeightedPerfectMatchingTest" time="0"/>
  <testcase name="testGetMatching14[44]" classname="org.jgrapht.alg.matching.blossom.v5.KolmogorovWeightedPerfectMatchingTest" time="0"/>
  <testcase name="testGetMatching15[44]" classname="org.jgrapht.alg.matching.blossom.v5.KolmogorovWeightedPerfectMatchingTest" time="0"/>
  <testcase name="testGetMatching16[44]" classname="org.jgrapht.alg.matching.blossom.v5.KolmogorovWeightedPerfectMatchingTest" time="0"/>
  <testcase name="testGetMatching17[44]" classname="org.jgrapht.alg.matching.blossom.v5.KolmogorovWeightedPerfectMatchingTest" time="0"/>
  <testcase name="testGetMatching18[44]" classname="org.jgrapht.alg.matching.blossom.v5.KolmogorovWeightedPerfectMatchingTest" time="0"/>
  <testcase name="testGetMatching19[44]" classname="org.jgrapht.alg.matching.blossom.v5.KolmogorovWeightedPerfectMatchingTest" time="0"/>
  <testcase name="testGetMatching20[44]" classname="org.jgrapht.alg.matching.blossom.v5.KolmogorovWeightedPerfectMatchingTest" time="0.001"/>
  <testcase name="testGetMatching21[44]" classname="org.jgrapht.alg.matching.blossom.v5.KolmogorovWeightedPerfectMatchingTest" time="0"/>
  <testcase name="testGetMatching22[44]" classname="org.jgrapht.alg.matching.blossom.v5.KolmogorovWeightedPerfectMatchingTest" time="0"/>
  <testcase name="testGetMatching23[44]" classname="org.jgrapht.alg.matching.blossom.v5.KolmogorovWeightedPerfectMatchingTest" time="0"/>
  <testcase name="testGetMatching24[44]" classname="org.jgrapht.alg.matching.blossom.v5.KolmogorovWeightedPerfectMatchingTest" time="0"/>
  <testcase name="testGetMatching25[44]" classname="org.jgrapht.alg.matching.blossom.v5.KolmogorovWeightedPerfectMatchingTest" time="0"/>
  <testcase name="testGetMatching26[44]" classname="org.jgrapht.alg.matching.blossom.v5.KolmogorovWeightedPerfectMatchingTest" time="0"/>
  <testcase name="testGetMatching27[44]" classname="org.jgrapht.alg.matching.blossom.v5.KolmogorovWeightedPerfectMatchingTest" time="0"/>
  <testcase name="testGetMatching28[44]" classname="org.jgrapht.alg.matching.blossom.v5.KolmogorovWeightedPerfectMatchingTest" time="0"/>
  <testcase name="testGetMatching29[44]" classname="org.jgrapht.alg.matching.blossom.v5.KolmogorovWeightedPerfectMatchingTest" time="0"/>
  <testcase name="testGetMatching30[44]" classname="org.jgrapht.alg.matching.blossom.v5.KolmogorovWeightedPerfectMatchingTest" time="0.001"/>
  <testcase name="testGetMatching31[44]" classname="org.jgrapht.alg.matching.blossom.v5.KolmogorovWeightedPerfectMatchingTest" time="0"/>
  <testcase name="testGetMatching32[44]" classname="org.jgrapht.alg.matching.blossom.v5.KolmogorovWeightedPerfectMatchingTest" time="0.001"/>
  <testcase name="testGetMatching33[44]" classname="org.jgrapht.alg.matching.blossom.v5.KolmogorovWeightedPerfectMatchingTest" time="0.002"/>
  <testcase name="testGetMatching34[44]" classname="org.jgrapht.alg.matching.blossom.v5.KolmogorovWeightedPerfectMatchingTest" time="0.002"/>
  <testcase name="testGetMatching35[44]" classname="org.jgrapht.alg.matching.blossom.v5.KolmogorovWeightedPerfectMatchingTest" time="0.003"/>
  <testcase name="testGetMatching36[44]" classname="org.jgrapht.alg.matching.blossom.v5.KolmogorovWeightedPerfectMatchingTest" time="0.005"/>
  <testcase name="testGetMatching37[44]" classname="org.jgrapht.alg.matching.blossom.v5.KolmogorovWeightedPerfectMatchingTest" time="0"/>
  <testcase name="testGetMatching38[44]" classname="org.jgrapht.alg.matching.blossom.v5.KolmogorovWeightedPerfectMatchingTest" time="0.002"/>
  <testcase name="testGetMatching39[44]" classname="org.jgrapht.alg.matching.blossom.v5.KolmogorovWeightedPerfectMatchingTest" time="0"/>
  <testcase name="testGetMatching40[44]" classname="org.jgrapht.alg.matching.blossom.v5.KolmogorovWeightedPerfectMatchingTest" time="0.001"/>
  <testcase name="testGetMatching41[44]" classname="org.jgrapht.alg.matching.blossom.v5.KolmogorovWeightedPerfectMatchingTest" time="0"/>
  <testcase name="testGetMatching42[44]" classname="org.jgrapht.alg.matching.blossom.v5.KolmogorovWeightedPerfectMatchingTest" time="0"/>
  <testcase name="testGetMatching43[44]" classname="org.jgrapht.alg.matching.blossom.v5.KolmogorovWeightedPerfectMatchingTest" time="0"/>
  <testcase name="testGetMatching44[44]" classname="org.jgrapht.alg.matching.blossom.v5.KolmogorovWeightedPerfectMatchingTest" time="0"/>
  <testcase name="testGetMatching45[44]" classname="org.jgrapht.alg.matching.blossom.v5.KolmogorovWeightedPerfectMatchingTest" time="0"/>
  <testcase name="testGetMatching46[44]" classname="org.jgrapht.alg.matching.blossom.v5.KolmogorovWeightedPerfectMatchingTest" time="0.001"/>
  <testcase name="testGetMatching47[44]" classname="org.jgrapht.alg.matching.blossom.v5.KolmogorovWeightedPerfectMatchingTest" time="0"/>
  <testcase name="testGetMatching48[44]" classname="org.jgrapht.alg.matching.blossom.v5.KolmogorovWeightedPerfectMatchingTest" time="0.001"/>
  <testcase name="testGetMatching49[44]" classname="org.jgrapht.alg.matching.blossom.v5.KolmogorovWeightedPerfectMatchingTest" time="0"/>
  <testcase name="testGetMatching50[44]" classname="org.jgrapht.alg.matching.blossom.v5.KolmogorovWeightedPerfectMatchingTest" time="0.001"/>
  <testcase name="testInvalidDualSolution[44]" classname="org.jgrapht.alg.matching.blossom.v5.KolmogorovWeightedPerfectMatchingTest" time="0"/>
  <testcase name="testGetMatching0[44]" classname="org.jgrapht.alg.matching.blossom.v5.KolmogorovWeightedPerfectMatchingTest" time="0"/>
  <testcase name="testGetMatching1[44]" classname="org.jgrapht.alg.matching.blossom.v5.KolmogorovWeightedPerfectMatchingTest" time="0"/>
  <testcase name="testGetMatching2[44]" classname="org.jgrapht.alg.matching.blossom.v5.KolmogorovWeightedPerfectMatchingTest" time="0"/>
  <testcase name="testGetMatching3[44]" classname="org.jgrapht.alg.matching.blossom.v5.KolmogorovWeightedPerfectMatchingTest" time="0"/>
  <testcase name="testGetMatching4[44]" classname="org.jgrapht.alg.matching.blossom.v5.KolmogorovWeightedPerfectMatchingTest" time="0"/>
  <testcase name="testGetMatching5[44]" classname="org.jgrapht.alg.matching.blossom.v5.KolmogorovWeightedPerfectMatchingTest" time="0"/>
  <testcase name="testGetMatching6[44]" classname="org.jgrapht.alg.matching.blossom.v5.KolmogorovWeightedPerfectMatchingTest" time="0"/>
  <testcase name="testGetMatching7[44]" classname="org.jgrapht.alg.matching.blossom.v5.KolmogorovWeightedPerfectMatchingTest" time="0"/>
  <testcase name="testGetMatching8[44]" classname="org.jgrapht.alg.matching.blossom.v5.KolmogorovWeightedPerfectMatchingTest" time="0"/>
  <testcase name="testGetMatching9[44]" classname="org.jgrapht.alg.matching.blossom.v5.KolmogorovWeightedPerfectMatchingTest" time="0"/>
  <testcase name="testGetMatching10[45]" classname="org.jgrapht.alg.matching.blossom.v5.KolmogorovWeightedPerfectMatchingTest" time="0"/>
  <testcase name="testGetMatching11[45]" classname="org.jgrapht.alg.matching.blossom.v5.KolmogorovWeightedPerfectMatchingTest" time="0"/>
  <testcase name="testGetMatching12[45]" classname="org.jgrapht.alg.matching.blossom.v5.KolmogorovWeightedPerfectMatchingTest" time="0"/>
  <testcase name="testGetMatching13[45]" classname="org.jgrapht.alg.matching.blossom.v5.KolmogorovWeightedPerfectMatchingTest" time="0"/>
  <testcase name="testGetMatching14[45]" classname="org.jgrapht.alg.matching.blossom.v5.KolmogorovWeightedPerfectMatchingTest" time="0.001"/>
  <testcase name="testGetMatching15[45]" classname="org.jgrapht.alg.matching.blossom.v5.KolmogorovWeightedPerfectMatchingTest" time="0"/>
  <testcase name="testGetMatching16[45]" classname="org.jgrapht.alg.matching.blossom.v5.KolmogorovWeightedPerfectMatchingTest" time="0"/>
  <testcase name="testGetMatching17[45]" classname="org.jgrapht.alg.matching.blossom.v5.KolmogorovWeightedPerfectMatchingTest" time="0"/>
  <testcase name="testGetMatching18[45]" classname="org.jgrapht.alg.matching.blossom.v5.KolmogorovWeightedPerfectMatchingTest" time="0"/>
  <testcase name="testGetMatching19[45]" classname="org.jgrapht.alg.matching.blossom.v5.KolmogorovWeightedPerfectMatchingTest" time="0"/>
  <testcase name="testGetMatching20[45]" classname="org.jgrapht.alg.matching.blossom.v5.KolmogorovWeightedPerfectMatchingTest" time="0"/>
  <testcase name="testGetMatching21[45]" classname="org.jgrapht.alg.matching.blossom.v5.KolmogorovWeightedPerfectMatchingTest" time="0"/>
  <testcase name="testGetMatching22[45]" classname="org.jgrapht.alg.matching.blossom.v5.KolmogorovWeightedPerfectMatchingTest" time="0"/>
  <testcase name="testGetMatching23[45]" classname="org.jgrapht.alg.matching.blossom.v5.KolmogorovWeightedPerfectMatchingTest" time="0"/>
  <testcase name="testGetMatching24[45]" classname="org.jgrapht.alg.matching.blossom.v5.KolmogorovWeightedPerfectMatchingTest" time="0"/>
  <testcase name="testGetMatching25[45]" classname="org.jgrapht.alg.matching.blossom.v5.KolmogorovWeightedPerfectMatchingTest" time="0"/>
  <testcase name="testGetMatching26[45]" classname="org.jgrapht.alg.matching.blossom.v5.KolmogorovWeightedPerfectMatchingTest" time="0"/>
  <testcase name="testGetMatching27[45]" classname="org.jgrapht.alg.matching.blossom.v5.KolmogorovWeightedPerfectMatchingTest" time="0"/>
  <testcase name="testGetMatching28[45]" classname="org.jgrapht.alg.matching.blossom.v5.KolmogorovWeightedPerfectMatchingTest" time="0"/>
  <testcase name="testGetMatching29[45]" classname="org.jgrapht.alg.matching.blossom.v5.KolmogorovWeightedPerfectMatchingTest" time="0.001"/>
  <testcase name="testGetMatching30[45]" classname="org.jgrapht.alg.matching.blossom.v5.KolmogorovWeightedPerfectMatchingTest" time="0"/>
  <testcase name="testGetMatching31[45]" classname="org.jgrapht.alg.matching.blossom.v5.KolmogorovWeightedPerfectMatchingTest" time="0.001"/>
  <testcase name="testGetMatching32[45]" classname="org.jgrapht.alg.matching.blossom.v5.KolmogorovWeightedPerfectMatchingTest" time="0.001"/>
  <testcase name="testGetMatching33[45]" classname="org.jgrapht.alg.matching.blossom.v5.KolmogorovWeightedPerfectMatchingTest" time="0.002"/>
  <testcase name="testGetMatching34[45]" classname="org.jgrapht.alg.matching.blossom.v5.KolmogorovWeightedPerfectMatchingTest" time="0.002"/>
  <testcase name="testGetMatching35[45]" classname="org.jgrapht.alg.matching.blossom.v5.KolmogorovWeightedPerfectMatchingTest" time="0.005"/>
  <testcase name="testGetMatching36[45]" classname="org.jgrapht.alg.matching.blossom.v5.KolmogorovWeightedPerfectMatchingTest" time="0.004"/>
  <testcase name="testGetMatching37[45]" classname="org.jgrapht.alg.matching.blossom.v5.KolmogorovWeightedPerfectMatchingTest" time="0"/>
  <testcase name="testGetMatching38[45]" classname="org.jgrapht.alg.matching.blossom.v5.KolmogorovWeightedPerfectMatchingTest" time="0.001"/>
  <testcase name="testGetMatching39[45]" classname="org.jgrapht.alg.matching.blossom.v5.KolmogorovWeightedPerfectMatchingTest" time="0"/>
  <testcase name="testGetMatching40[45]" classname="org.jgrapht.alg.matching.blossom.v5.KolmogorovWeightedPerfectMatchingTest" time="0"/>
  <testcase name="testGetMatching41[45]" classname="org.jgrapht.alg.matching.blossom.v5.KolmogorovWeightedPerfectMatchingTest" time="0"/>
  <testcase name="testGetMatching42[45]" classname="org.jgrapht.alg.matching.blossom.v5.KolmogorovWeightedPerfectMatchingTest" time="0"/>
  <testcase name="testGetMatching43[45]" classname="org.jgrapht.alg.matching.blossom.v5.KolmogorovWeightedPerfectMatchingTest" time="0"/>
  <testcase name="testGetMatching44[45]" classname="org.jgrapht.alg.matching.blossom.v5.KolmogorovWeightedPerfectMatchingTest" time="0"/>
  <testcase name="testGetMatching45[45]" classname="org.jgrapht.alg.matching.blossom.v5.KolmogorovWeightedPerfectMatchingTest" time="0"/>
  <testcase name="testGetMatching46[45]" classname="org.jgrapht.alg.matching.blossom.v5.KolmogorovWeightedPerfectMatchingTest" time="0.001"/>
  <testcase name="testGetMatching47[45]" classname="org.jgrapht.alg.matching.blossom.v5.KolmogorovWeightedPerfectMatchingTest" time="0"/>
  <testcase name="testGetMatching48[45]" classname="org.jgrapht.alg.matching.blossom.v5.KolmogorovWeightedPerfectMatchingTest" time="0"/>
  <testcase name="testGetMatching49[45]" classname="org.jgrapht.alg.matching.blossom.v5.KolmogorovWeightedPerfectMatchingTest" time="0"/>
  <testcase name="testGetMatching50[45]" classname="org.jgrapht.alg.matching.blossom.v5.KolmogorovWeightedPerfectMatchingTest" time="0.001"/>
  <testcase name="testInvalidDualSolution[45]" classname="org.jgrapht.alg.matching.blossom.v5.KolmogorovWeightedPerfectMatchingTest" time="0"/>
  <testcase name="testGetMatching0[45]" classname="org.jgrapht.alg.matching.blossom.v5.KolmogorovWeightedPerfectMatchingTest" time="0"/>
  <testcase name="testGetMatching1[45]" classname="org.jgrapht.alg.matching.blossom.v5.KolmogorovWeightedPerfectMatchingTest" time="0"/>
  <testcase name="testGetMatching2[45]" classname="org.jgrapht.alg.matching.blossom.v5.KolmogorovWeightedPerfectMatchingTest" time="0"/>
  <testcase name="testGetMatching3[45]" classname="org.jgrapht.alg.matching.blossom.v5.KolmogorovWeightedPerfectMatchingTest" time="0"/>
  <testcase name="testGetMatching4[45]" classname="org.jgrapht.alg.matching.blossom.v5.KolmogorovWeightedPerfectMatchingTest" time="0"/>
  <testcase name="testGetMatching5[45]" classname="org.jgrapht.alg.matching.blossom.v5.KolmogorovWeightedPerfectMatchingTest" time="0"/>
  <testcase name="testGetMatching6[45]" classname="org.jgrapht.alg.matching.blossom.v5.KolmogorovWeightedPerfectMatchingTest" time="0"/>
  <testcase name="testGetMatching7[45]" classname="org.jgrapht.alg.matching.blossom.v5.KolmogorovWeightedPerfectMatchingTest" time="0"/>
  <testcase name="testGetMatching8[45]" classname="org.jgrapht.alg.matching.blossom.v5.KolmogorovWeightedPerfectMatchingTest" time="0"/>
  <testcase name="testGetMatching9[45]" classname="org.jgrapht.alg.matching.blossom.v5.KolmogorovWeightedPerfectMatchingTest" time="0"/>
  <testcase name="testGetMatching10[46]" classname="org.jgrapht.alg.matching.blossom.v5.KolmogorovWeightedPerfectMatchingTest" time="0"/>
  <testcase name="testGetMatching11[46]" classname="org.jgrapht.alg.matching.blossom.v5.KolmogorovWeightedPerfectMatchingTest" time="0"/>
  <testcase name="testGetMatching12[46]" classname="org.jgrapht.alg.matching.blossom.v5.KolmogorovWeightedPerfectMatchingTest" time="0"/>
  <testcase name="testGetMatching13[46]" classname="org.jgrapht.alg.matching.blossom.v5.KolmogorovWeightedPerfectMatchingTest" time="0"/>
  <testcase name="testGetMatching14[46]" classname="org.jgrapht.alg.matching.blossom.v5.KolmogorovWeightedPerfectMatchingTest" time="0"/>
  <testcase name="testGetMatching15[46]" classname="org.jgrapht.alg.matching.blossom.v5.KolmogorovWeightedPerfectMatchingTest" time="0"/>
  <testcase name="testGetMatching16[46]" classname="org.jgrapht.alg.matching.blossom.v5.KolmogorovWeightedPerfectMatchingTest" time="0"/>
  <testcase name="testGetMatching17[46]" classname="org.jgrapht.alg.matching.blossom.v5.KolmogorovWeightedPerfectMatchingTest" time="0.001"/>
  <testcase name="testGetMatching18[46]" classname="org.jgrapht.alg.matching.blossom.v5.KolmogorovWeightedPerfectMatchingTest" time="0"/>
  <testcase name="testGetMatching19[46]" classname="org.jgrapht.alg.matching.blossom.v5.KolmogorovWeightedPerfectMatchingTest" time="0"/>
  <testcase name="testGetMatching20[46]" classname="org.jgrapht.alg.matching.blossom.v5.KolmogorovWeightedPerfectMatchingTest" time="0"/>
  <testcase name="testGetMatching21[46]" classname="org.jgrapht.alg.matching.blossom.v5.KolmogorovWeightedPerfectMatchingTest" time="0"/>
  <testcase name="testGetMatching22[46]" classname="org.jgrapht.alg.matching.blossom.v5.KolmogorovWeightedPerfectMatchingTest" time="0"/>
  <testcase name="testGetMatching23[46]" classname="org.jgrapht.alg.matching.blossom.v5.KolmogorovWeightedPerfectMatchingTest" time="0"/>
  <testcase name="testGetMatching24[46]" classname="org.jgrapht.alg.matching.blossom.v5.KolmogorovWeightedPerfectMatchingTest" time="0"/>
  <testcase name="testGetMatching25[46]" classname="org.jgrapht.alg.matching.blossom.v5.KolmogorovWeightedPerfectMatchingTest" time="0"/>
  <testcase name="testGetMatching26[46]" classname="org.jgrapht.alg.matching.blossom.v5.KolmogorovWeightedPerfectMatchingTest" time="0"/>
  <testcase name="testGetMatching27[46]" classname="org.jgrapht.alg.matching.blossom.v5.KolmogorovWeightedPerfectMatchingTest" time="0"/>
  <testcase name="testGetMatching28[46]" classname="org.jgrapht.alg.matching.blossom.v5.KolmogorovWeightedPerfectMatchingTest" time="0"/>
  <testcase name="testGetMatching29[46]" classname="org.jgrapht.alg.matching.blossom.v5.KolmogorovWeightedPerfectMatchingTest" time="0"/>
  <testcase name="testGetMatching30[46]" classname="org.jgrapht.alg.matching.blossom.v5.KolmogorovWeightedPerfectMatchingTest" time="0.001"/>
  <testcase name="testGetMatching31[46]" classname="org.jgrapht.alg.matching.blossom.v5.KolmogorovWeightedPerfectMatchingTest" time="0"/>
  <testcase name="testGetMatching32[46]" classname="org.jgrapht.alg.matching.blossom.v5.KolmogorovWeightedPerfectMatchingTest" time="0.001"/>
  <testcase name="testGetMatching33[46]" classname="org.jgrapht.alg.matching.blossom.v5.KolmogorovWeightedPerfectMatchingTest" time="0.002"/>
  <testcase name="testGetMatching34[46]" classname="org.jgrapht.alg.matching.blossom.v5.KolmogorovWeightedPerfectMatchingTest" time="0.001"/>
  <testcase name="testGetMatching35[46]" classname="org.jgrapht.alg.matching.blossom.v5.KolmogorovWeightedPerfectMatchingTest" time="0.003"/>
  <testcase name="testGetMatching36[46]" classname="org.jgrapht.alg.matching.blossom.v5.KolmogorovWeightedPerfectMatchingTest" time="0.002"/>
  <testcase name="testGetMatching37[46]" classname="org.jgrapht.alg.matching.blossom.v5.KolmogorovWeightedPerfectMatchingTest" time="0"/>
  <testcase name="testGetMatching38[46]" classname="org.jgrapht.alg.matching.blossom.v5.KolmogorovWeightedPerfectMatchingTest" time="0.002"/>
  <testcase name="testGetMatching39[46]" classname="org.jgrapht.alg.matching.blossom.v5.KolmogorovWeightedPerfectMatchingTest" time="0"/>
  <testcase name="testGetMatching40[46]" classname="org.jgrapht.alg.matching.blossom.v5.KolmogorovWeightedPerfectMatchingTest" time="0"/>
  <testcase name="testGetMatching41[46]" classname="org.jgrapht.alg.matching.blossom.v5.KolmogorovWeightedPerfectMatchingTest" time="0"/>
  <testcase name="testGetMatching42[46]" classname="org.jgrapht.alg.matching.blossom.v5.KolmogorovWeightedPerfectMatchingTest" time="0"/>
  <testcase name="testGetMatching43[46]" classname="org.jgrapht.alg.matching.blossom.v5.KolmogorovWeightedPerfectMatchingTest" time="0"/>
  <testcase name="testGetMatching44[46]" classname="org.jgrapht.alg.matching.blossom.v5.KolmogorovWeightedPerfectMatchingTest" time="0"/>
  <testcase name="testGetMatching45[46]" classname="org.jgrapht.alg.matching.blossom.v5.KolmogorovWeightedPerfectMatchingTest" time="0"/>
  <testcase name="testGetMatching46[46]" classname="org.jgrapht.alg.matching.blossom.v5.KolmogorovWeightedPerfectMatchingTest" time="0"/>
  <testcase name="testGetMatching47[46]" classname="org.jgrapht.alg.matching.blossom.v5.KolmogorovWeightedPerfectMatchingTest" time="0"/>
  <testcase name="testGetMatching48[46]" classname="org.jgrapht.alg.matching.blossom.v5.KolmogorovWeightedPerfectMatchingTest" time="0.001"/>
  <testcase name="testGetMatching49[46]" classname="org.jgrapht.alg.matching.blossom.v5.KolmogorovWeightedPerfectMatchingTest" time="0"/>
  <testcase name="testGetMatching50[46]" classname="org.jgrapht.alg.matching.blossom.v5.KolmogorovWeightedPerfectMatchingTest" time="0.001"/>
  <testcase name="testInvalidDualSolution[46]" classname="org.jgrapht.alg.matching.blossom.v5.KolmogorovWeightedPerfectMatchingTest" time="0"/>
  <testcase name="testGetMatching0[46]" classname="org.jgrapht.alg.matching.blossom.v5.KolmogorovWeightedPerfectMatchingTest" time="0"/>
  <testcase name="testGetMatching1[46]" classname="org.jgrapht.alg.matching.blossom.v5.KolmogorovWeightedPerfectMatchingTest" time="0"/>
  <testcase name="testGetMatching2[46]" classname="org.jgrapht.alg.matching.blossom.v5.KolmogorovWeightedPerfectMatchingTest" time="0"/>
  <testcase name="testGetMatching3[46]" classname="org.jgrapht.alg.matching.blossom.v5.KolmogorovWeightedPerfectMatchingTest" time="0"/>
  <testcase name="testGetMatching4[46]" classname="org.jgrapht.alg.matching.blossom.v5.KolmogorovWeightedPerfectMatchingTest" time="0"/>
  <testcase name="testGetMatching5[46]" classname="org.jgrapht.alg.matching.blossom.v5.KolmogorovWeightedPerfectMatchingTest" time="0"/>
  <testcase name="testGetMatching6[46]" classname="org.jgrapht.alg.matching.blossom.v5.KolmogorovWeightedPerfectMatchingTest" time="0"/>
  <testcase name="testGetMatching7[46]" classname="org.jgrapht.alg.matching.blossom.v5.KolmogorovWeightedPerfectMatchingTest" time="0"/>
  <testcase name="testGetMatching8[46]" classname="org.jgrapht.alg.matching.blossom.v5.KolmogorovWeightedPerfectMatchingTest" time="0"/>
  <testcase name="testGetMatching9[46]" classname="org.jgrapht.alg.matching.blossom.v5.KolmogorovWeightedPerfectMatchingTest" time="0"/>
  <testcase name="testGetMatching10[47]" classname="org.jgrapht.alg.matching.blossom.v5.KolmogorovWeightedPerfectMatchingTest" time="0"/>
  <testcase name="testGetMatching11[47]" classname="org.jgrapht.alg.matching.blossom.v5.KolmogorovWeightedPerfectMatchingTest" time="0"/>
  <testcase name="testGetMatching12[47]" classname="org.jgrapht.alg.matching.blossom.v5.KolmogorovWeightedPerfectMatchingTest" time="0"/>
  <testcase name="testGetMatching13[47]" classname="org.jgrapht.alg.matching.blossom.v5.KolmogorovWeightedPerfectMatchingTest" time="0"/>
  <testcase name="testGetMatching14[47]" classname="org.jgrapht.alg.matching.blossom.v5.KolmogorovWeightedPerfectMatchingTest" time="0"/>
  <testcase name="testGetMatching15[47]" classname="org.jgrapht.alg.matching.blossom.v5.KolmogorovWeightedPerfectMatchingTest" time="0.001"/>
  <testcase name="testGetMatching16[47]" classname="org.jgrapht.alg.matching.blossom.v5.KolmogorovWeightedPerfectMatchingTest" time="0"/>
  <testcase name="testGetMatching17[47]" classname="org.jgrapht.alg.matching.blossom.v5.KolmogorovWeightedPerfectMatchingTest" time="0"/>
  <testcase name="testGetMatching18[47]" classname="org.jgrapht.alg.matching.blossom.v5.KolmogorovWeightedPerfectMatchingTest" time="0"/>
  <testcase name="testGetMatching19[47]" classname="org.jgrapht.alg.matching.blossom.v5.KolmogorovWeightedPerfectMatchingTest" time="0"/>
  <testcase name="testGetMatching20[47]" classname="org.jgrapht.alg.matching.blossom.v5.KolmogorovWeightedPerfectMatchingTest" time="0"/>
  <testcase name="testGetMatching21[47]" classname="org.jgrapht.alg.matching.blossom.v5.KolmogorovWeightedPerfectMatchingTest" time="0"/>
  <testcase name="testGetMatching22[47]" classname="org.jgrapht.alg.matching.blossom.v5.KolmogorovWeightedPerfectMatchingTest" time="0"/>
  <testcase name="testGetMatching23[47]" classname="org.jgrapht.alg.matching.blossom.v5.KolmogorovWeightedPerfectMatchingTest" time="0"/>
  <testcase name="testGetMatching24[47]" classname="org.jgrapht.alg.matching.blossom.v5.KolmogorovWeightedPerfectMatchingTest" time="0"/>
  <testcase name="testGetMatching25[47]" classname="org.jgrapht.alg.matching.blossom.v5.KolmogorovWeightedPerfectMatchingTest" time="0"/>
  <testcase name="testGetMatching26[47]" classname="org.jgrapht.alg.matching.blossom.v5.KolmogorovWeightedPerfectMatchingTest" time="0"/>
  <testcase name="testGetMatching27[47]" classname="org.jgrapht.alg.matching.blossom.v5.KolmogorovWeightedPerfectMatchingTest" time="0"/>
  <testcase name="testGetMatching28[47]" classname="org.jgrapht.alg.matching.blossom.v5.KolmogorovWeightedPerfectMatchingTest" time="0"/>
  <testcase name="testGetMatching29[47]" classname="org.jgrapht.alg.matching.blossom.v5.KolmogorovWeightedPerfectMatchingTest" time="0.001"/>
  <testcase name="testGetMatching30[47]" classname="org.jgrapht.alg.matching.blossom.v5.KolmogorovWeightedPerfectMatchingTest" time="0"/>
  <testcase name="testGetMatching31[47]" classname="org.jgrapht.alg.matching.blossom.v5.KolmogorovWeightedPerfectMatchingTest" time="0.001"/>
  <testcase name="testGetMatching32[47]" classname="org.jgrapht.alg.matching.blossom.v5.KolmogorovWeightedPerfectMatchingTest" time="0"/>
  <testcase name="testGetMatching33[47]" classname="org.jgrapht.alg.matching.blossom.v5.KolmogorovWeightedPerfectMatchingTest" time="0.002"/>
  <testcase name="testGetMatching34[47]" classname="org.jgrapht.alg.matching.blossom.v5.KolmogorovWeightedPerfectMatchingTest" time="0.001"/>
  <testcase name="testGetMatching35[47]" classname="org.jgrapht.alg.matching.blossom.v5.KolmogorovWeightedPerfectMatchingTest" time="0.005"/>
  <testcase name="testGetMatching36[47]" classname="org.jgrapht.alg.matching.blossom.v5.KolmogorovWeightedPerfectMatchingTest" time="0.004"/>
  <testcase name="testGetMatching37[47]" classname="org.jgrapht.alg.matching.blossom.v5.KolmogorovWeightedPerfectMatchingTest" time="0"/>
  <testcase name="testGetMatching38[47]" classname="org.jgrapht.alg.matching.blossom.v5.KolmogorovWeightedPerfectMatchingTest" time="0.001"/>
  <testcase name="testGetMatching39[47]" classname="org.jgrapht.alg.matching.blossom.v5.KolmogorovWeightedPerfectMatchingTest" time="0"/>
  <testcase name="testGetMatching40[47]" classname="org.jgrapht.alg.matching.blossom.v5.KolmogorovWeightedPerfectMatchingTest" time="0"/>
  <testcase name="testGetMatching41[47]" classname="org.jgrapht.alg.matching.blossom.v5.KolmogorovWeightedPerfectMatchingTest" time="0"/>
  <testcase name="testGetMatching42[47]" classname="org.jgrapht.alg.matching.blossom.v5.KolmogorovWeightedPerfectMatchingTest" time="0"/>
  <testcase name="testGetMatching43[47]" classname="org.jgrapht.alg.matching.blossom.v5.KolmogorovWeightedPerfectMatchingTest" time="0"/>
  <testcase name="testGetMatching44[47]" classname="org.jgrapht.alg.matching.blossom.v5.KolmogorovWeightedPerfectMatchingTest" time="0.001"/>
  <testcase name="testGetMatching45[47]" classname="org.jgrapht.alg.matching.blossom.v5.KolmogorovWeightedPerfectMatchingTest" time="0"/>
  <testcase name="testGetMatching46[47]" classname="org.jgrapht.alg.matching.blossom.v5.KolmogorovWeightedPerfectMatchingTest" time="0"/>
  <testcase name="testGetMatching47[47]" classname="org.jgrapht.alg.matching.blossom.v5.KolmogorovWeightedPerfectMatchingTest" time="0"/>
  <testcase name="testGetMatching48[47]" classname="org.jgrapht.alg.matching.blossom.v5.KolmogorovWeightedPerfectMatchingTest" time="0"/>
  <testcase name="testGetMatching49[47]" classname="org.jgrapht.alg.matching.blossom.v5.KolmogorovWeightedPerfectMatchingTest" time="0"/>
  <testcase name="testGetMatching50[47]" classname="org.jgrapht.alg.matching.blossom.v5.KolmogorovWeightedPerfectMatchingTest" time="0.001"/>
  <testcase name="testInvalidDualSolution[47]" classname="org.jgrapht.alg.matching.blossom.v5.KolmogorovWeightedPerfectMatchingTest" time="0"/>
  <testcase name="testGetMatching0[47]" classname="org.jgrapht.alg.matching.blossom.v5.KolmogorovWeightedPerfectMatchingTest" time="0"/>
  <testcase name="testGetMatching1[47]" classname="org.jgrapht.alg.matching.blossom.v5.KolmogorovWeightedPerfectMatchingTest" time="0"/>
  <testcase name="testGetMatching2[47]" classname="org.jgrapht.alg.matching.blossom.v5.KolmogorovWeightedPerfectMatchingTest" time="0"/>
  <testcase name="testGetMatching3[47]" classname="org.jgrapht.alg.matching.blossom.v5.KolmogorovWeightedPerfectMatchingTest" time="0"/>
  <testcase name="testGetMatching4[47]" classname="org.jgrapht.alg.matching.blossom.v5.KolmogorovWeightedPerfectMatchingTest" time="0"/>
  <testcase name="testGetMatching5[47]" classname="org.jgrapht.alg.matching.blossom.v5.KolmogorovWeightedPerfectMatchingTest" time="0"/>
  <testcase name="testGetMatching6[47]" classname="org.jgrapht.alg.matching.blossom.v5.KolmogorovWeightedPerfectMatchingTest" time="0"/>
  <testcase name="testGetMatching7[47]" classname="org.jgrapht.alg.matching.blossom.v5.KolmogorovWeightedPerfectMatchingTest" time="0"/>
  <testcase name="testGetMatching8[47]" classname="org.jgrapht.alg.matching.blossom.v5.KolmogorovWeightedPerfectMatchingTest" time="0"/>
  <testcase name="testGetMatching9[47]" classname="org.jgrapht.alg.matching.blossom.v5.KolmogorovWeightedPerfectMatchingTest" time="0.001"/>
</testsuite>